  -98930.1047866379           107446          12
  -98834.5105604697           399671          13
  -98854.9815481133           650371          14
  -98947.1351782242            27071          15
  -98307.7424318463           650371          14
  -98308.5124605959           399671          13
  -4.77759481033860     
  -2.45040986034273     
 -0.592775899678453     
   1.52572635919363     
  -1.48680510649395     
  0.646347709881084     
  -2.21809543663565     
  0.530996763381481     
  -1.72963332380064     
  0.722033083575834     
 -0.700403038196420     
  0.837404885667678     
   1.04346316741240     
   1.88548365710797     
  -1.02742164293587     
 -0.407479784730302     
  -4.21489378820606     
  -1.58637627787352     
  -1.60524354249960     
  0.277872365535762     
  -1.88824070788749     
 -0.136245517794929     
  -2.46424693607183     
  0.580219675474710     
 -0.976208335205702     
  0.395812621040987     
  0.841754868727714     
   1.31993508879807     
  -3.65727169482805     
  -2.37805069318146     
 -0.202522971763872     
  0.441144477066927     
  -4.10612216032539     
  0.299018339023327     
  0.355939355638854     
  0.355940560617844     
  -3.10527270174619     
  0.776017420204326     
 -0.291054849092885     
  0.614103088975855     
   1.39907064676086     
   1.89015520031647     
  -3.22131233688118     
  0.451730663650259     
 -0.536513298355612     
   1.20845823311996     
  -1.89728628710409     
  0.851594878432993     
 -0.560292504763975     
   1.18151525109497     
  -2.21047511598860     
   1.29470599742617     
 -0.399747991054364     
   1.85073270664284     
  0.635557223989241     
   2.19381376569510     
   1.48352422485013     
   2.58264034621561     
  -1.66826481638207     
 -0.571091954885226     
  -1.78632675306806     
  0.311579185516428     
  0.259581230192973     
  0.752378315213460     
  -2.32438882091824     
  0.630824601873650     
  8.170286733570309E-002
   1.07147903826401     
  0.756375010049589     
   1.39753358694588     
  0.836594280699408     
   2.43794569214793     
  -2.35673739126707     
 -2.938079152642294E-002
 -0.330106152378923     
   1.15341953675876     
  -2.49376063596221     
  0.586597573678358     
  -1.19833839059861     
   1.06353172951550     
 -0.889065218704973     
   1.17310862092877     
  0.453217207394432     
   1.85585863768226     
  0.197681311241607     
 -0.255971007805812     
 -0.311061309986950     
  0.485910182264913     
  0.960301243519684     
         322
           0
           0
           0
