  -98991.2184626043           432148          30
  -98821.4015783206           153942          31
  -98751.3076848456           626891          32
  -98307.7347054106           153942          31
  -98331.3535871372           626891          32
  -3.43932071083923     
  0.432025754969439     
 -0.527536705159974     
   1.21424744963776     
  -1.90337991919309     
  0.849594260210180     
 -0.556933719764213     
   1.18186412977892     
  -2.21467954641278     
   1.29345237258147     
 -0.395931424385077     
   1.85182101922118     
  0.638232838323015     
   2.19186210518825     
  0.826439009498518     
   2.42956107142913     
  -2.34685287582498     
 -2.486171127993468E-002
 -0.337695362639173     
   1.15118042277149     
  -2.48591437558235     
  0.589650478278712     
  -1.20312096481011     
   1.06520619071668     
 -0.888475726538809     
   1.17626148929569     
  0.453380738678354     
   1.85902157646800     
   1.48056747105671     
   2.58498511416304     
  -1.66092694195026     
 -0.562374100989482     
  -1.78769833417795     
  0.315041636359209     
  0.263758964371004     
  0.755713679722066     
  -2.32224359684023     
  0.634490919164862     
  8.115748313894440E-002
   1.07633721327596     
  0.757323483158663     
   1.40220250227677     
  -4.89448597222585     
  -2.46488013837214     
 -0.605134437489959     
   1.49881353312503     
  -1.48696034183138     
  0.647237694001892     
  -2.24522466329649     
  0.530599703044210     
  -1.73014839065631     
  0.722084970641089     
 -0.702614614589932     
  0.837143732518234     
   1.04469147409109     
   1.88695981646689     
  -1.02130407351455     
 -0.403318593616926     
  -4.12834370733450     
  -1.57586983540337     
  -1.60705924527281     
  0.275040871352996     
  -1.88081350794266     
 -0.138707887360874     
  -2.46817288541266     
  0.578256507756615     
 -0.975413876485325     
  0.392706116344118     
  0.840693310246756     
   1.31689380661129     
  -3.69713834512071     
  -2.39780941220522     
 -0.199953367301577     
  0.448842056842913     
  -4.07584224703980     
  0.301780876604550     
  0.358703058738820     
  0.358712074576963     
  -3.09339226702375     
  0.777664171597931     
 -0.291332704626589     
  0.616807942681856     
   1.39861478800772     
   1.89252202412404     
 -0.195746737832340     
  0.228082877335080     
  0.648605146800087     
 -0.188536272631366     
 -0.332147750388128     
         265
           0
           0
           0
