  -99126.0506913141            76974          16
  -99030.9414414831            68985          17
  -99073.9294632100           851945          18
  -99264.7028616485           637345          19
  -98331.3969023931           851945          18
 -3.402823466385289E+038      637345          19
  -15.0000000000000     
  -1.46480684468694     
 -0.422375231948341     
  0.518671575642210     
  -9.32397033528529     
  0.460735364754042     
 -0.332093051487441     
  0.516007862078323     
  -3.06183604902850     
  0.815020741894767     
 -0.419438188498294     
  0.763680419840534     
   1.20395708412080     
   1.96253359283457     
  -1.49005099946887     
  0.339441037453463     
  -2.36660098982831     
  0.453962715691021     
  -1.17807989941749     
   1.05010999415439     
  -1.70759005947824     
   1.10868209088562     
  -1.97046041927112     
   1.25724181425307     
 -0.884620874200190     
   1.66950836296155     
  0.551314490437577     
   2.37901398791600     
  -1.79968186381228     
 -0.848448989125716     
  -2.64996504413247     
 -0.790277578670197     
  -1.64605596318153     
  0.189311100983479     
  -2.34514393902093     
 -0.398022169021650     
  -2.58346137687489     
  0.515034589836169     
  -1.04619638795577     
  0.189695896625278     
  0.917605813833419     
   1.20238612832862     
  -2.07094071743588     
 -0.590661429831223     
   2.41037797579317     
   8.21924159460183     
  -1.19828938393910     
  0.625498938468124     
 -0.198827237563782     
  0.875153225011330     
  -1.12479548639493     
  0.892203337125249     
 -8.922929882733799E-003
   1.41006937663828     
   1.06566534422277     
   1.88770858815375     
   1.17250071524037     
   1.48579151065624     
  -2.13745823436867     
 -0.919081037576426     
  -2.19769605297213     
  0.148112503703377     
  0.238005685186311     
  0.646937621983101     
  -2.87622154279251     
  0.526511246671462     
  3.830844067627875E-002
  0.868631251069229     
  0.844113753472008     
   1.43775959054085     
   1.42034148247044     
   1.70260730844216     
  -2.47308266115067     
 -0.414099781562077     
 -0.215638987213437     
   1.00243453447685     
  -1.95190748389514     
  0.408754423077205     
  -1.04956332420569     
  0.890962234970316     
 -0.718291914771490     
   1.01029302517855     
  0.514473373539948     
   1.53478228229621     
  0.529830509862540     
 -0.763723451724340     
 -0.200149883117791     
  0.730904698419642     
  0.185640166427108     
         341
           0
           0
           0
