  -99020.8438798369           352277          42
  -98910.4098816506           963053          43
  -99226.9489291509           407168          44
 -3.402823466385289E+038      963053          43
   3.27288631254703     
   3.28064049905111     
  -2.18329037404480     
  -1.08726135292205     
  -2.17657237283377     
  0.150762768730172     
 -9.951901810264080E-002
  0.471324119299250     
  -2.66228083732138     
  0.551554278692900     
 -0.102085948296631     
  0.775869552708900     
  0.818854350048465     
   1.39007096459670     
  -3.93809378841747     
  -2.18758989392442     
  -1.04672974307488     
 -0.438900752462769     
  -2.48390626837980     
  9.289661754337057E-002
  -1.08918033370848     
 -0.369230226595174     
  -2.66800137100919     
  0.444877263826250     
 -0.869889126117215     
  8.199738126065270E-002
  0.900798843133973     
   1.22716352004579     
  0.785933240701948     
  0.911269268421869     
  -1.85781658110323     
 -0.434991949443906     
 -0.153330664435334     
  0.874836266700642     
  -1.94792825680325     
  0.328010715871432     
  -1.03678849890485     
  0.703299498315538     
 -0.779945680973255     
  0.779892246209526     
  0.468062588592379     
   1.27802544230612     
  -3.13066194296988     
 -0.681872945385048     
 -0.151679205092067     
  0.911657660440779     
  -3.06234870996034     
  0.601449753629966     
   1.77504049238216     
   1.77512302807073     
  -2.70553080861904     
   1.06045769465541     
  2.705722778062629E-003
   1.50140401219185     
   1.22566190274031     
   2.20561054713580     
  0.265156636441849     
   7.54770480674377     
  -3.35201806019383     
  0.142889364925990     
 -0.942323328204091     
   1.16337498676620     
  -1.55968560829499     
  0.963721603262459     
  -1.92739712825668     
   1.30802028644509     
 -0.868824197843200     
   1.51938147725651     
  0.533920561124740     
   2.28423387788161     
  -15.0000000000000     
 -0.907163594903375     
  -1.17412621537341     
  0.640331023627093     
  -1.63303192462536     
  0.693086990200055     
  -3.16069326375202     
  0.465531600217046     
  -2.04416070323124     
  0.976346932204349     
 -0.661179484292600     
   1.19905213526443     
  0.977595162148552     
   2.15794020405396     
 -5.816774178950596E-002
 -0.785600283453779     
 -0.725327106187866     
  0.505331348956740     
  0.959474844844573     
         500
           0
           0
           0
