  -98922.3146505283           645664          39
  -99006.3421368747           915642          40
  -98903.7289965357           370466          41
 -3.402823466385289E+038      370466          41
  -4.53285744704705     
  -2.41053912498597     
 -0.604435170081664     
   1.49898714433506     
  -1.48827647249942     
  0.643623498557761     
  -2.18723288516565     
  0.527228462786114     
  -1.73344198538608     
  0.724003536903208     
 -0.703586269986823     
  0.837200317539814     
   1.03912045379954     
   1.88187511801755     
  -3.58652740097912     
  -2.35393180912400     
 -0.219182916265588     
  0.417879887428085     
  -4.14863111878581     
  0.292597820831148     
  0.344572257304290     
  0.344572284893876     
  -3.12412529116945     
  0.770801654134391     
 -0.294234163107230     
  0.604185359837892     
   1.39981735114950     
   1.88602715675727     
  -1.01643020520201     
 -0.395414016353609     
  -4.40947861501129     
  -1.62344616559045     
  -1.60119121876829     
  0.275861298833024     
  -1.89520129869906     
 -0.139170983235635     
  -2.46731518867204     
  0.576874837722891     
 -0.977789417761386     
  0.392991201063338     
  0.839150951153325     
   1.31392624556763     
  -4.07834138021422     
  0.395905052814794     
 -0.509760584511335     
   1.19772262455645     
  -1.92771750694482     
  0.835780242147823     
 -0.521932928165708     
   1.17583056770381     
  -2.23881882109395     
   1.27636952809346     
 -0.371507822659526     
   1.84528206771616     
  0.648352822852331     
   2.16920786205680     
  0.772986444244458     
   2.39627526253932     
  -2.33243531105188     
  3.679037673944595E-003
 -0.331902804688709     
   1.16760991145386     
  -2.62515637356500     
  0.599075702578699     
  -1.20021320861863     
   1.08087541388656     
 -0.908761510729743     
   1.18472689261255     
  0.448480021261546     
   1.88619153772386     
   1.59622343523687     
   2.72104817403622     
  -1.68402454603661     
 -0.542901313047744     
  -1.72062049144754     
  0.342234767016264     
  0.218835462173378     
  0.752588958540741     
  -2.25635021884931     
  0.653157335843984     
  5.042866139742006E-002
   1.08541963031207     
  0.743300011226058     
   1.41011420062122     
  0.199352813866421     
 -1.485268323630852E-002
  0.254395209909041     
 -0.368736469982487     
 -0.886654108786162     
         500
           0
           0
           0
