  -98782.2521509622           260601          36
  -98931.2392553855           966014          37
  -98826.6137290489           246261          38
  -98307.7563401537           260601          36
  -3.67756790518943     
  -2.39314224094031     
 -0.205563570190417     
  0.441931368760986     
  -4.08881374799930     
  0.299834430597987     
  0.355369643787055     
  0.355372405573812     
  -3.09856662763375     
  0.776021060357837     
 -0.292407562300235     
  0.613678387715621     
   1.39896845121946     
   1.89157558809980     
  -4.70851011425248     
  -2.43730166309081     
 -0.621520236649838     
   1.45986667359009     
  -1.48619988283133     
  0.645539378367351     
  -2.23877501442087     
  0.526267691265567     
  -1.73297482304521     
  0.722907884835522     
 -0.705712154381507     
  0.836031920263699     
   1.04179206472055     
   1.88371837785092     
  -1.01082378693285     
 -0.393006363813868     
  -4.20777117804593     
  -1.59758633599773     
  -1.60760207247636     
  0.271994214886814     
  -1.87971882296216     
 -0.142736933655231     
  -2.47470742527174     
  0.575647698797461     
 -0.976499450298748     
  0.388952272601778     
  0.839273750128728     
   1.31214819606873     
  0.803259634853019     
   2.41541476632636     
  -2.33869759356230     
 -1.383212347599208E-002
 -0.339313482197704     
   1.15551619534440     
  -2.52960561048024     
  0.593821255245581     
  -1.20458650976026     
   1.07125496840975     
 -0.895183790849319     
   1.18044440095011     
  0.451908118474536     
   1.86963492165091     
  -3.73642492079997     
  0.410450820243887     
 -0.516733012453112     
   1.21127472378965     
  -1.91502818278700     
  0.843715616068984     
 -0.542538195424571     
   1.17967697885940     
  -2.22471216473426     
   1.28671962891162     
 -0.385349404412810     
   1.84989645949227     
  0.643122036459534     
   2.18271374478558     
   1.52004351365103     
   2.63379691404590     
  -1.66656967927319     
 -0.552198922782766     
  -1.76425875000192     
  0.326174512878027     
  0.251248835582682     
  0.756910408558594     
  -2.29752989728292     
  0.642634465013951     
  7.060721583124507E-002
   1.08190547259939     
  0.752840030836443     
   1.40687195895602     
  0.195944039645694     
  0.299024536534532     
  1.566334934945245E-002
 -0.935326710744579     
 -0.407965967353524     
         367
           0
           0
           0
