  -98756.7718617430           749453          33
  -98764.5191040343           341041          34
  -99072.7540755443           830392          35
  -98308.5546138958           341041          34
 -3.402823466385289E+038      830392          35
  -15.0000000000000     
  -2.65492556360349     
  0.529949531996132     
   3.87435624027346     
  -2.21705362984181     
  0.513951655851655     
 -0.636930107272030     
  0.540373188050296     
  -2.05413855780049     
  0.730078655460498     
 -0.418344303600945     
  0.808868407869117     
   1.22338153799552     
   1.94085445528793     
  -1.52716300392782     
 -0.893783415767528     
  -2.41190292654247     
  -1.90134385245933     
  -3.39687404906125     
  0.139008825120417     
 -0.446076073708406     
 -0.446071772855534     
  -3.33104288082712     
  0.663887703279269     
 -0.686285743074183     
  0.348088400016869     
   1.10063350953606     
   1.51079924311825     
  -1.36047880339653     
 -0.694446061545070     
  -3.93174105402323     
 -0.702954278685856     
  -1.18673386679825     
  0.493935145102373     
  -2.72473586376488     
  0.374938722551165     
  -2.04453281862072     
  0.667249210219449     
 -0.951474665756753     
  0.631879794397001     
  0.862010905404724     
   1.50581812286098     
   1.42900369177049     
   2.51675310431626     
  -1.63433522779796     
 -0.561387736332510     
  -1.79061528156022     
  0.278374303807027     
  0.255888415272487     
  0.775185522653497     
  -2.36543048780412     
  0.590577891684581     
  0.128340719007601     
   1.07750309769771     
  0.736089707096241     
   1.35477285009227     
  -2.39827324361374     
  0.711927451603367     
 -0.642562653314539     
   1.23530592507243     
  -1.75811035108582     
  0.943536700465217     
 -0.657574222750190     
   1.25835041072916     
  -2.15370452646926     
   1.34848155048715     
 -0.446269193658123     
   1.89111697515253     
  0.569963171506653     
   2.24559064523508     
   1.03476281610178     
   2.65717935193111     
  -2.37662396176601     
 -0.127912630400608     
 -0.308428261682939     
   1.12810762313619     
  -2.43523472517616     
  0.495827744660066     
  -1.15819382040607     
   1.03556253642429     
 -0.884509129255079     
   1.11252401862319     
  0.439868604534444     
   1.77701763721868     
  0.299719684946121     
 -0.274779281670984     
 -0.161528374529521     
 -6.660733018096453E-002
 -0.325395736189227     
         458
           0
           0
           0
