  -98731.4824616545           967237          48
  -99079.3902286990           568859          49
  -99068.7543903433           761633          50
 -3.402823466385289E+038      967237          48
  -4.61286380102648     
  -2.42259049812758     
 -0.632241833853932     
   1.43822447102148     
  -1.48650608212455     
  0.644398212053388     
  -2.23390217410897     
  0.523856062960693     
  -1.73522833229795     
  0.723565441232630     
 -0.708092361366499     
  0.835381657034015     
   1.04004281043088     
   1.88232142754536     
  -1.00257458978425     
 -0.386339437294803     
  -4.26448363377273     
  -1.61395390711505     
  -1.60642848990221     
  0.269740144101875     
  -1.88077826529466     
 -0.145605706497612     
  -2.47786949223605     
  0.573049539250832     
 -0.977322331148149     
  0.385954109076014     
  0.837612105058892     
   1.30766466480820     
  -3.66128923598356     
  -2.39262153160088     
 -0.211887087589458     
  0.434992493661525     
  -4.10034084113984     
  0.298191411949641     
  0.351303793294216     
  0.351303796631142     
  -3.10182572424937     
  0.774848564850883     
 -0.294349070446049     
  0.610539105793664     
   1.39897075572548     
   1.89115708242327     
  0.777286009730826     
   2.39800523672403     
  -2.31385792647533     
  2.155479959064445E-003
 -0.351853072891526     
   1.15525032062017     
  -2.53873361423813     
  0.601416465372623     
  -1.21213930636506     
   1.07829383575985     
 -0.898451079517533     
   1.18809698428473     
  0.450880350726056     
   1.88100138927179     
   1.54256639714637     
   2.67028551506832     
  -1.65512971166447     
 -0.529509175591009     
  -1.75334190497753     
  0.338477699883030     
  0.246545488285667     
  0.762363692022610     
  -2.28106507481845     
  0.653801323915952     
  6.181138740365815E-002
   1.09286148276228     
  0.750208383761838     
   1.41702730230142     
  -5.75699920887013     
  0.363014716980747     
 -0.497411690193708     
   1.21652471061229     
  -1.92997886435014     
  0.837407383188642     
 -0.529600917446370     
   1.17941560732762     
  -2.23977384939975     
   1.28018585416425     
 -0.372186399555730     
   1.84933530218523     
  0.650592407227432     
   2.17289954133987     
  0.194998239495983     
  0.323446508500213     
  3.173775056410618E-002
 -7.054269390757827E-002
  0.595711852435660     
         500
           0
           0
           0
