  -98839.1073471119           364676          27
  -98910.7890086130           392418          28
  -98675.6164663932           366706          29
  -98331.4029621375           366706          29
  -98466.4036018726           364676          27
  -15.0000000000000     
  -1.46882957848925     
 -0.430701719308457     
  0.510074984366969     
  -10.6292497181727     
  0.458449764512651     
 -0.338728435918463     
  0.507804637858599     
  -3.06469290278075     
  0.813579344703544     
 -0.423496228566379     
  0.758781421022883     
   1.20225932259728     
   1.95847285707901     
  -1.49239902099273     
  0.339081184602544     
  -2.36598936877348     
  0.454412321948694     
  -1.18115650250330     
   1.04984288024371     
  -1.70514236890355     
   1.10869024952204     
  -1.97211751046368     
   1.25803107036643     
 -0.884593340542941     
   1.67159729340301     
  0.550520707141301     
   2.38077740075643     
  -1.79293150599250     
 -0.844269568876248     
  -2.65808531065108     
 -0.790750988971613     
  -1.63766922355509     
  0.190118060231415     
  -2.35555757743439     
 -0.396086135732023     
  -2.57987881494567     
  0.514195681985010     
  -1.04688981773106     
  0.189191343482813     
  0.916784764625055     
   1.20038128630305     
   1.17089419041982     
   1.48483765850019     
  -2.13473071025286     
 -0.917902094215615     
  -2.19442356687501     
  0.148797653258370     
  0.236469222728596     
  0.646759290770882     
  -2.87179848512122     
  0.526755157627165     
  3.781188734127956E-002
  0.868907784041404     
  0.844265026202801     
   1.43801318194383     
   1.41919993947542     
   1.70284229074929     
  -2.46686300922429     
 -0.411223343283291     
 -0.214340616202540     
   1.00375675502434     
  -1.95316924366399     
  0.409573686309288     
  -1.04798156209946     
  0.892072010642787     
 -0.718648889666479     
   1.01126900463861     
  0.514727182667857     
   1.53619744257820     
  -2.08817577223403     
 -0.594676754908638     
   2.41086660534294     
   12.2616965915244     
  -1.20308574976685     
  0.626569919913118     
 -0.194802103131921     
  0.879737774841891     
  -1.12902884649746     
  0.893230951425558     
 -6.894424240270956E-003
   1.41302878026112     
   1.07017165658238     
   1.89214749520203     
  0.527462703854395     
  0.563406091087102     
  0.760107338365863     
 -0.589350162043901     
 -0.771615739799492     
         394
           0
           0
           0
