  -98715.0462017878           573096          20
  -98854.6569693681           902278          21
  -98752.1903024830           887676          22
  -99133.2583281616           372176          23
  -98331.3792493958           887676          22
  -98331.3928791369           573096          20
   1.18346229375842     
   1.49382728075927     
  -2.15603475315711     
 -0.921645596582741     
  -2.18701380436386     
  0.150685412568130     
  0.225872949891574     
  0.643771941440842     
  -2.86491818997880     
  0.528303230240163     
  3.202292372261382E-002
  0.869106059827676     
  0.837593406898145     
   1.43566065785842     
  -1.98967237237861     
 -0.569919249867731     
   2.43010536510550     
   11.5005331507171     
  -1.17638339470086     
  0.621372297390991     
 -0.217273426480131     
  0.854846494480251     
  -1.10526296039796     
  0.888002250189794     
 -1.904526661868343E-002
   1.39655613802441     
   1.04306495035521     
   1.86658259174611     
   1.42319928199407     
   1.69928826946535     
  -2.50549415167891     
 -0.423425733573462     
 -0.207108967308158     
   1.00588360299629     
  -1.97353412997765     
  0.403866904711254     
  -1.04677592878065     
  0.889008062982760     
 -0.721280222578514     
   1.00634381392309     
  0.513029833679205     
   1.53033946844650     
  -1.47810815990109     
  0.338112805871426     
  -2.37464735631125     
  0.447981171371259     
  -1.16463325474211     
   1.04825376896985     
  -1.72261397414359     
   1.10352732684695     
  -1.96422691341535     
   1.25096550856986     
 -0.885170092155598     
   1.65426529831717     
  0.555864266124392     
   2.36630003583458     
  -15.0000000000000     
  -1.44542144856808     
 -0.381736324742322     
  0.561689481684885     
  -7.98461894954026     
  0.472103129565254     
 -0.299272543224260     
  0.556958485896964     
  -3.04729378962980     
  0.822364324523127     
 -0.398935836038239     
  0.788672577857609     
   1.21254026461789     
   1.98374879514444     
  -1.83595482499836     
 -0.872385360244039     
  -2.60066857958333     
 -0.788838292897756     
  -1.68952835438770     
  0.184166158931017     
  -2.28963651879371     
 -0.408897848308991     
  -2.60249534865680     
  0.517938317500870     
  -1.04270471062711     
  0.189643126525782     
  0.922768155558828     
   1.21046847264095     
 -0.541123854285475     
 -2.130830201776510E-002
 -6.518472117612535E-002
 -0.160311630517791     
 -0.701655055584845     
         217
           0
           0
           0
