  -98745.1214560837           120506          45
  -98893.6416927686           318230          46
  -99059.8094303347           848163          47
  -98307.7427268922           120506          45
   1.59922592111834     
   2.72482203410314     
  -1.68604147294925     
 -0.545059391939369     
  -1.72109074630608     
  0.341742345803209     
  0.220397134456333     
  0.752687501280733     
  -2.25580553203149     
  0.653049023749238     
  5.087085725605017E-002
   1.08518651366942     
  0.744389917644650     
   1.41050465897407     
  -3.97697337424461     
  0.398940786446848     
 -0.512290952346834     
   1.19495030055966     
  -1.92680904064667     
  0.835216106778944     
 -0.522890558562177     
   1.17444364263342     
  -2.23775924725810     
   1.27611810068361     
 -0.372639490937062     
   1.84514782417227     
  0.648057868341936     
   2.17001687902296     
  0.773487543819039     
   2.39302924783421     
  -2.33315928704415     
  3.471748074451900E-003
 -0.330361136172114     
   1.16813062576119     
  -2.63032022922709     
  0.598831937721169     
  -1.19934212134933     
   1.07993713515441     
 -0.908243372443774     
   1.18428242026842     
  0.448699794000308     
   1.88593766160238     
  -4.89758781546297     
  -2.46614708215647     
 -0.587861654705522     
   1.53934102278473     
  -1.49349105053033     
  0.646342319393902     
  -2.18669458561201     
  0.532969844562278     
  -1.73035923183330     
  0.724865357129658     
 -0.700622312086831     
  0.840304179549667     
   1.04455513231233     
   1.88881443299200     
  -3.63066311235799     
  -2.37143309715347     
 -0.214360532909403     
  0.421928356742232     
  -4.16063037957588     
  0.294713526427495     
  0.350038507260598     
  0.350038614000565     
  -3.12719986564402     
  0.772128756536929     
 -0.291503544904904     
  0.606042023402057     
   1.40229458496636     
   1.88951671071156     
  -1.02512491637760     
 -0.404695569919938     
  -4.16811087855861     
  -1.57867770678907     
  -1.59916008959859     
  0.278039336359450     
  -1.89195706903113     
 -0.134935663153927     
  -2.45867634083589     
  0.578155287074061     
 -0.975069327238026     
  0.396100940215758     
  0.838836939013618     
   1.31680582786515     
 -0.198772252892954     
 -0.423060037316583     
 -0.656338224845536     
  0.167861204123966     
  0.392134910204614     
         408
           0
           0
           0
