  -98706.7409607979           120506          45
  -98563.6990157213           318230          46
  -98997.7520528916           848163          47
 -3.402823466385289E+038      318230          46
  -2.76292697698232     
 -0.126565709240093     
   2.67811739121981     
   15.0000000000000     
  -1.60327290866913     
  0.692395912812862     
 -0.105795864428435     
   1.12650314776847     
  -1.32355203908424     
   1.05372721923899     
 -3.281465561788221E-002
   1.71549794470517     
  0.974030692428486     
   1.96065406767147     
   1.15927899354931     
   2.16144340895519     
  -2.21309859690614     
 -0.211401373591721     
  1.628705304423809E-002
   1.12065416576249     
  -2.39927137893450     
  0.453603959813731     
 -0.866307285541098     
  0.846770155479867     
 -0.760010407061354     
   1.00529402893724     
  0.524863484628765     
   1.61570096368292     
   1.16507269661702     
   2.20327620450155     
  -1.80372189960565     
 -0.753151790072789     
  -2.02212608624618     
  0.234651143535938     
  0.285276023753737     
  0.712486755186933     
  -2.48069191502860     
  0.583187664279047     
  0.119527142391603     
  0.992565102457160     
  0.821958583176410     
   1.40628763445673     
 -0.882227046419726     
   1.55895138401233     
  -2.85358765213092     
  0.540000878852879     
  -1.56601605376355     
   1.07122752162061     
  -1.09187128561209     
   1.15784795816841     
  -2.79344819832426     
   1.53836947611983     
 -0.724241153763157     
   1.82428057745051     
  0.430991305417090     
   2.43575526395126     
  -1.29746618505607     
 -0.502552158928171     
  -3.84591456053037     
  -1.05903415185075     
  -1.88796936456039     
  0.505594347373360     
  -2.10431217123111     
  4.839691168052157E-003
  -1.48625927777231     
  0.860172843884733     
  -2.98090300240390     
   1.29592487897707     
  0.928462247849474     
   1.97623728062092     
  -15.0000000000000     
  -2.68698683551005     
 -0.545881859256558     
   1.96351082272530     
  -1.53092885923108     
  0.633527086358171     
  -2.26240406240555     
  0.633027260813407     
  -1.88562191447926     
  0.696406860443849     
 -0.653068845171338     
  0.780575356096618     
   1.02202042734061     
   1.88195759727980     
  -1.08607978693221     
 -0.478940833762095     
  -3.27060533699042     
  -1.45081863490723     
  -1.55504685709311     
  0.207520926211561     
  -1.77535707375890     
 -0.120324200760150     
  -3.23101456535059     
  0.499130220488030     
 -0.523247773935335     
  0.151471681870272     
  0.777171128287150     
   1.11863925741536     
  -7.26268492619364     
  -2.85895643060132     
 -0.334576645219389     
  0.398539161943021     
  -15.0000000000000     
  0.350625818600817     
  0.257471882820376     
  0.257471954971836     
  -3.42262810562990     
  0.824659851396128     
 -0.367690326946425     
  0.604740059542363     
   1.40736207709565     
   2.01917256588593     
 -0.163237706717358     
 -0.271335927197256     
  0.121350809516711     
  0.473223410371778     
 -0.410558472795531     
 -9.114554467005742E-002
 -0.538940462755282     
         500
           0
           0
           0
