  -98596.3241104294           645664          39
  -98932.7339702115           915642          40
  -98706.5986362317           370466          41
 -3.402823466385289E+038      645664          39
  -1.53922047428285     
 -0.871528844224347     
  -2.59038490385351     
  -2.28073960093651     
  -3.99710737359106     
  0.107416650589924     
 -0.593070157466224     
 -0.593066105863806     
  -3.93730555528556     
  0.640655780809470     
 -0.737895747931831     
  0.319236458952421     
   1.06525078865165     
   1.45613815740703     
  -3.06752758431384     
  -1.59092634762909     
 -0.977811800715301     
  0.514201147600832     
  -1.89452701676888     
  0.618695690620898     
  -1.90618993997007     
  0.135292390238690     
 -0.973747978681813     
  0.997607807723441     
  -4.35418751873572     
  0.837543853185905     
  0.986494778330459     
   2.10574133251106     
  -1.17580189897934     
 -0.496036488031010     
  -4.77730937779241     
 -0.822113186256447     
  -1.03811272772836     
  0.438559335058087     
  -2.88726127000834     
  0.442511296953726     
  -2.55005164529884     
  0.557432080006307     
 -0.665794222147241     
  0.545398386055025     
  0.803862115024853     
   1.34645440188609     
  -15.0000000000000     
  -3.15292931869974     
  2.769710413343646E-002
   2.10170361443904     
  -2.53168286117751     
  0.478909700438675     
 -0.542010964459272     
  0.589570265579973     
  -3.19851577981045     
  0.678462337813685     
 -7.229586326427859E-002
  0.729053780181116     
   1.21865586934507     
   1.88006407842794     
  -2.84485338236257     
 -8.187150334379108E-002
   15.0000000000000     
   15.0000000000000     
  -1.59296581698081     
  0.687133080155164     
 -0.121349208005614     
   1.14842980313879     
  -1.30962218408091     
   1.08677091417857     
  1.472121321443950E-002
   1.69322306717344     
   1.00968659060055     
   1.99804764309792     
 -0.878537613066379     
   1.53816110868156     
  -2.89418677206114     
  0.569278178181109     
  -1.53321441337119     
   1.08196786318607     
  -1.03340587073581     
   1.16484047130710     
  -2.71454053317989     
   1.50449731097630     
 -0.692577911970211     
   1.87482078214396     
  0.416026029523817     
   2.38332116823693     
   1.25999512469907     
   2.21522718247098     
  -1.79927482027105     
 -0.734988310309486     
  -1.90232152876633     
  0.232920464948559     
  0.249419823765310     
  0.727990037008112     
  -2.49337053168343     
  0.551853986291259     
  0.154874212885257     
  0.982628102568092     
  0.794032863042323     
   1.35831813715347     
   1.22593111794903     
   2.20864309008958     
  -2.18940381508249     
 -0.253399452292044     
 -4.746141306542585E-002
   1.09408395751408     
  -2.40956295523536     
  0.382209579692727     
 -0.821808733527361     
  0.877352031684565     
 -0.836869052619534     
  0.989457708090932     
  0.515086202747497     
   1.61283627091259     
  0.194488326404675     
 -0.776369793258249     
  3.525166124519045E-002
 -8.917924421838554E-002
  0.630255138081073     
 -0.520921606390663     
  0.273189554971104     
         500
           0
           0
           0
