  -98556.8946541414           260601          36
  -98792.2379708844           966014          37
  -98563.3221291811           246261          38
  -98089.7614758953           260601          36
  -15.0000000000000     
  -3.14711698046092     
 -2.386355758114867E-002
   1.88857599235604     
  -2.54941416861483     
  0.476835701697994     
 -0.532854753205047     
  0.587453725400611     
  -3.26008873161589     
  0.680867584794950     
 -6.681707436568786E-002
  0.728053133625424     
   1.21878649419446     
   1.87629750579280     
  -1.50962731499236     
 -0.841807972258824     
  -2.60943322847741     
  -2.32432317985358     
  -4.09215928962166     
  9.745216512585954E-002
 -0.617704794617431     
 -0.617689688344758     
  -3.93073322290843     
  0.634700581058286     
 -0.764335428031567     
  0.309793633666204     
   1.05847173409978     
   1.44428881514674     
  -1.16135066565311     
 -0.483977533143612     
  -4.74484551774296     
 -0.809803760405792     
  -1.02748333532484     
  0.439424268153359     
  -2.87286274687477     
  0.437745022961390     
  -2.54529387843114     
  0.558448906911229     
 -0.679982075601007     
  0.544405950756129     
  0.801146071000319     
   1.34737157743708     
  -3.14706584552943     
  -1.62570613702793     
 -0.949762315142874     
  0.541939219139142     
  -1.89403970696157     
  0.621523865153561     
  -1.90264761772826     
  0.139721958967379     
 -0.973002509285520     
  0.993039931989811     
  -3.86596319367594     
  0.836382122038676     
  0.989073206640488     
   2.10570967033688     
 -0.854926624967545     
   1.58783001383453     
  -2.92236877266216     
  0.540979466434124     
  -1.53869287819518     
   1.08311501060824     
  -1.06433821860634     
   1.16055311927440     
  -2.75196824543113     
   1.52185941465398     
 -0.716351142683156     
   1.86796561208937     
  0.407196720259794     
   2.39990736672408     
   1.25315849629805     
   2.22111006341904     
  -1.79756112187093     
 -0.735603469975069     
  -1.90354771795969     
  0.236499997889384     
  0.247632176939602     
  0.730044126615365     
  -2.49530966990666     
  0.555944104471517     
  0.156884449735419     
  0.986554417947592     
  0.794938937136285     
   1.36151447548675     
  -2.86184096954258     
 -8.593657783699685E-002
   3.13024287755420     
   15.0000000000000     
  -1.58368951396642     
  0.697841979963350     
 -0.121119353724136     
   1.15060529606018     
  -1.33198517362436     
   1.07934327160164     
  1.700329727601855E-002
   1.70407995845528     
  0.999261546068968     
   1.98945535349183     
   1.22417222599063     
   2.20636316224912     
  -2.18140543149763     
 -0.248581891312926     
 -4.411250910527749E-002
   1.09562272289262     
  -2.39756056812959     
  0.385674839548605     
 -0.814826051881766     
  0.875073728176873     
 -0.832982701485481     
  0.992053847495059     
  0.517720541688453     
   1.61264825101400     
  0.193903817476506     
  1.333761261489995E-002
 -8.227045884574083E-002
 -0.728511708465014     
  0.484019403657791     
  0.390229813150457     
   1.38534580348571     
         299
           0
           0
           0
