  -98775.6323674850           967237          48
  -98834.8183358977           568859          49
  -98763.0791675381           761633          50
 -3.402823466385289E+038      761633          50
 -0.973186645164770     
 -0.340826142042621     
  -4.55383696935674     
  -1.70712493680544     
  -1.59548090718731     
  0.239760867189691     
  -1.93141165209969     
 -0.137432689370056     
  -3.04394037494274     
  0.519629332025376     
 -0.799995075286025     
  0.372002120452908     
  0.794501466549675     
   1.22595576206011     
  -2.65582369633941     
  -1.46840771515596     
  -1.11479390357974     
  0.296703855168852     
  -1.82106344474837     
  0.574164494427933     
  -2.02501440081557     
  0.105961463383387     
 -0.853627965203130     
  0.974519579716095     
  -15.0000000000000     
  0.720306933241954     
  0.981753679631533     
   2.00283413155139     
  -5.14566129990753     
  -2.83962888634604     
 -0.758577894051719     
   1.76601007496004     
  -1.46979399708031     
  0.628219694874072     
  -2.09881480823966     
  0.774625046982583     
  -2.67604147046081     
  0.613255857102666     
 -0.149167511321588     
  0.850214058397729     
   1.00337084504583     
   1.74859684318830     
  -4.22203442872546     
  -2.65656286952448     
 -0.411990133733208     
  0.279134746918251     
  -8.47319872510808     
  0.310319649449560     
  0.191945981279954     
  0.191946138156131     
  -3.82716963772755     
  0.781166498407228     
 -0.323544093023229     
  0.535851817717425     
   1.40194480646311     
   1.95091462682476     
   1.13393510501158     
   2.14791020087264     
  -2.19148439305837     
 -0.200927997579884     
 -1.810975522047548E-003
   1.11955573149859     
  -2.41074505425170     
  0.458911459715351     
 -0.849515451371765     
  0.860769750192397     
 -0.775230272128579     
   1.01984468351726     
  0.535079021965869     
   1.63182463975937     
 -0.890799194100165     
   1.45810807787495     
  -2.98890797351670     
  0.488641593234051     
  -1.60492434442828     
   1.04480296164725     
  -1.10202363203199     
   1.10023245469820     
  -2.82022251272753     
   1.51988768238239     
 -0.758646638076472     
   1.82823437684030     
  0.434570904496109     
   2.43164918583968     
   1.13947579032943     
   2.15317274570878     
  -1.76232008207730     
 -0.735946741001604     
  -1.98732808442559     
  0.237389197510588     
  0.289433260147666     
  0.715674966829790     
  -2.46987426196806     
  0.578046168238173     
  0.134366173821398     
  0.983438795833087     
  0.824127738527795     
   1.39371535885102     
  -3.02581350366254     
 -0.177193333080172     
   2.67883501886336     
   15.0000000000000     
  -1.61400997257018     
  0.690623588431196     
 -0.115119978702969     
   1.14442812845236     
  -1.36864127096319     
   1.06626634341293     
  2.139341588947704E-003
   1.73067897340083     
  0.984565144706160     
   1.99384280269255     
  0.116889236718637     
  0.717124495985181     
  0.718494253392056     
  0.612197620972830     
 -0.174023077382260     
  -1.09065885823056     
 -0.715161885931199     
         500
           0
           0
           0
