  -98555.1497348363           749453          33
  -98625.5263088076           341041          34
  -99023.5184256118           830392          35
  -98095.2042943959           749453          33
  -98095.2965258847           341041          34
 -0.862338502056644     
 -0.196603506690674     
  -4.51452952005223     
  -1.07837852526200     
  -1.00395401688217     
  0.451738609961955     
  -2.49853423520741     
  0.562676419565330     
  -2.29320897498600     
  0.561604376474535     
 -0.840080113537933     
  0.549624014823551     
  0.778388494077897     
   1.33975594354275     
  -1.43750582717116     
 -0.740748704659443     
  -2.45676131277839     
  -1.84053850212312     
  -3.54169311296648     
  6.821126991912765E-002
 -0.953550616739989     
 -0.891525463552319     
  -3.20629728610288     
  0.617447499783547     
 -0.991171484209227     
  0.242156932395122     
  0.991102077466748     
   1.37239935257188     
  -15.0000000000000     
  -3.33361299273139     
  5.001511873986279E-002
   1.05549438433431     
  -4.65014501745906     
  0.390596845136884     
  0.780498212592575     
   1.14400229465732     
  -4.21765057935059     
  0.813085070189070     
  5.801644956705403E-002
  0.815395869168873     
   1.49769756387493     
   2.09736725508236     
  -15.0000000000000     
  -2.49274972085063     
 -0.765741376436211     
   1.06825874028319     
  -1.75111449784623     
  0.595569908729053     
  -2.08702181565757     
  0.251999922094693     
  -1.81904219278920     
  0.754027534503971     
 -0.874689027086561     
  0.764706894761067     
   1.02368929802864     
   1.88219953284564     
  -2.61204491803630     
 -1.105848336932623E-002
   2.69758897947493     
   15.0000000000000     
  -1.60429753094925     
  0.690210465455747     
 -0.125124787707235     
   1.12950253554955     
  -1.33704828683469     
   1.06997535092704     
 -5.327281513911168E-002
   1.68634244835752     
  0.954392226244378     
   1.95932404843890     
 -0.851466098164668     
   1.57207064204081     
  -3.01775884738795     
  0.496495105574238     
  -1.55614729737725     
   1.07357003972800     
  -1.07612160947684     
   1.15000820601603     
  -2.71121371436714     
   1.52684289013002     
 -0.754239260529085     
   1.84216829020837     
  0.411069985122489     
   2.39619529667443     
   1.22155464101608     
   2.19425014692591     
  -1.83907987396311     
 -0.751147069285947     
  -1.92025427664679     
  0.235975111661942     
  0.246409273416061     
  0.744047346038944     
  -2.62242622085532     
  0.552677124112975     
  0.199538428701218     
   1.00239873592536     
  0.800432237105984     
   1.36022733304521     
   1.24404192476724     
   2.23374690361145     
  -2.17489304344907     
 -0.216862950080661     
 -4.872353330568851E-002
   1.09467273713797     
  -2.30997883274594     
  0.381956968804546     
 -0.809626386097136     
  0.880268715557647     
 -0.833488323103453     
  0.996375168591307     
  0.519080065753819     
   1.61772840791925     
  0.190265635532320     
 -0.710853514838180     
  1.674931149616274E-002
 -0.101350418109846     
  0.453319758619206     
 -0.411740305555618     
 -0.812506659580760     
         314
           0
           0
           0
