  -98864.2988690731           352277          42
  -98858.5720917391           963053          43
  -98737.4440504016           407168          44
  -98149.2998337962           407168          44
  -2.91338463950827     
 -0.556955815825168     
  0.743108689698809     
   1.75044589343808     
  -1.64398076106893     
  0.659964058786541     
  0.551978430645982     
   1.16299692907023     
  -15.0000000000000     
  0.759747320753458     
  0.745504191877514     
   1.64985955295200     
   1.40653497869042     
   2.07424699445680     
  -1.58686307454187     
 -0.277873638949608     
   2.62308639751112     
   2.62387335821564     
  -1.10782983473756     
  0.717964728529305     
 -0.753826482642723     
  0.947732035784128     
  0.175308805346553     
   1.28601668668286     
 -0.824405401707172     
   1.36128990092314     
  0.932669355093258     
   2.04308714330506     
   1.44539044582007     
   1.88677219109571     
  -2.76365502998262     
 -0.273744938340848     
 -2.037118015971862E-002
   1.23543367531220     
  -1.98469366785663     
  0.437470788039741     
 -0.969291874717870     
   1.02211779901486     
 -0.690970255794579     
   1.10906294128664     
  0.572124280264756     
   1.64155156274515     
   1.93307162317879     
   2.14891171616931     
  -2.01323624607262     
 -0.852024469844484     
  -2.07056182138374     
  0.130657069459335     
  5.741729664793321E-002
  0.666436305807996     
  -2.56172095076192     
  0.498315076518832     
 -3.821940382109522E-002
  0.845580894318638     
  0.763664959772795     
   1.39023633679718     
  -2.05595349180649     
 -0.921458619012768     
  -3.93931347196119     
  -3.01092945348333     
  -3.78931589028279     
  0.210095469278421     
 -0.869847110982761     
 -0.372961345318815     
  -3.28080750701035     
  0.738621682781356     
 -0.807805568686787     
  0.422067813709885     
   1.02591919996160     
   1.47648285935617     
  -1.51006246906745     
 -0.553362494917285     
  -3.01850471306927     
 -0.425257369115149     
 -0.814336298906202     
  0.432629246402416     
  -4.00384985937165     
  0.320526569378984     
  -2.06426093728536     
  0.511551416856530     
 -0.910659905951377     
  0.396839655210957     
  0.849625531093131     
   1.30190869558423     
  -15.0000000000000     
  -2.00828106356290     
  0.152357492701475     
   15.0000000000000     
  -3.31622554028008     
  0.430980461276989     
 -0.868045221557932     
  0.347864720498751     
  -2.67550475903105     
  0.693196634675845     
 -0.685139039836435     
  0.603291517873982     
   1.05631093898450     
   1.83744599927180     
  -1.46887833731103     
  0.654674478415431     
  -2.71362168222181     
  0.374184558482300     
  -1.53258010159182     
   1.08864615867344     
  -1.49358433463789     
   1.14015646631663     
  -2.14883839234573     
   1.44277601114464     
 -0.995022331540388     
   2.00963075644649     
  0.388662786065784     
   2.56433818399678     
 -0.491983777906923     
  0.149110313397186     
  7.269869266369140E-002
  1.738036218708944E-002
 -0.727211919265343     
  -1.23451103595008     
  4.010144995452109E-002
         269
           0
           0
           0
