  -98673.9129757006           645664          39
  -98667.8414249971           915642          40
  -98612.3346659509           370466          41
 -3.402823466385289E+038      370466          41
  -11.1495320141813     
  -1.63371171925270     
  -1.51363608308334     
  0.640477236803109     
  -1.86444394003384     
  0.618783567167834     
  -2.82156991181165     
  0.375453118016248     
  -2.11227736345063     
  0.995668099450291     
  -1.59838476774558     
   1.42592075493675     
  0.836368567508988     
   2.28345356679803     
  -2.80411007781003     
  -1.09973747734404     
  -2.00928610091456     
   1.20084425596414     
  -2.23188780356057     
  0.558829044004374     
  -2.24386499306428     
  0.608523139661114     
  -15.0000000000000     
  0.863290396675738     
  0.654400191417053     
  0.684259226339754     
  0.503502923160864     
   1.31046704245866     
  -15.0000000000000     
   8.22792298419035     
  -1.19763403150082     
 -0.829262727996303     
  -1.67871889062941     
  0.474687769486588     
  -1.41312431288213     
  0.170724591572355     
  -2.34842267146841     
  0.812854957440916     
 -0.615200112282583     
  0.631936399843513     
   1.19456846291492     
   1.90646749752828     
  -2.50981835144442     
 -6.923917318035881E-002
 -0.427202652182479     
   1.08341397365802     
  -15.0000000000000     
  0.916867153400495     
   1.45143365792992     
   2.58912189958495     
  -3.24308799632812     
   1.35720048101422     
 -0.152374317169003     
   2.16462604696703     
  0.780325089711729     
   2.15866520485437     
  0.184375770966742     
   5.20897883829885     
  -2.97494452910552     
  0.482839351753808     
 -0.954512160117589     
   1.20266435176356     
  -1.80569049590939     
  0.942293152006752     
  -1.91486555333671     
   1.32085502866424     
  -1.05613005785281     
   1.63849622063943     
  0.376333523869118     
   2.22637171424716     
  0.415309176930212     
  0.527674565329242     
  -2.30032577946652     
 -0.370771889412094     
   1.69955257143615     
   1.69955283214748     
  -2.14699443296084     
  0.369364704360308     
  -1.21796351931073     
  0.742817607767741     
 -0.341034167312326     
  0.731672335323547     
  0.725802744605656     
   1.39235321339159     
   8.03814793909962     
   8.03916106213867     
  -3.29384076894312     
  -1.45882099532463     
  -2.35160924997314     
  0.144062267851086     
 -0.361559370252518     
  0.579420918631926     
  -2.62195079833156     
  0.555599094438043     
 -0.190882887028395     
  0.906012940089426     
  0.656646657586314     
   1.35461199002201     
  -2.05547142537199     
  -1.27124959204193     
  0.970043702823088     
   2.05373746838032     
  -1.78940829332096     
  0.487970794713849     
  0.256428766264920     
   1.18648431219259     
  -2.35934630332328     
  0.640461961857071     
  0.395036149230621     
   1.09325665126952     
   1.52309947536281     
   2.13755870670054     
  -2.06701587708215     
  -1.68603187753895     
  -1.45326207757672     
 -0.724138267499465     
  -3.02284482969724     
  9.422538253266380E-002
  -1.04925884426331     
 -0.303213558935642     
  -15.0000000000000     
  0.532092097497790     
 -0.729602289647645     
  0.207064218415008     
   1.01142448472243     
   1.37656731241987     
 -0.653516738136438     
 -0.308980764014489     
 -0.576707906905125     
 -1.259576111518591E-002
  -2.09798838739776     
  0.380094652697681     
  -1.28491860565097     
  0.237875639685309     
  0.884704498634340     
  0.892637660530620     
  -2.02666076993988     
  0.660819966085217     
  0.812443545319145     
   1.42074577897675     
 -0.330907391788481     
  0.478673490014402     
  0.694843886243234     
  0.353504659287194     
   1.28344663257601     
 -0.400156406447095     
  -1.59531454200675     
  -1.23823886272189     
  -2.02092119922389     
         500
           0
           0
           0
