  -98753.1886351976           352277          42
  -98906.1894249959           963053          43
  -98935.2712196945           407168          44
 -3.402823466385289E+038      352277          42
  -4.40544491527135     
  0.236051461461473     
  0.379060951985511     
   1.93993111988987     
 -0.683855571080948     
   1.70090833729291     
  -2.27186474168805     
   1.46060024062020     
 -0.530710936734522     
   1.61589353051018     
 -0.947769967067288     
   2.04923264448611     
  0.900467131223660     
   2.66588417683496     
  -15.0000000000000     
   9.72612100231382     
  -1.85989350807132     
 -0.817538881611874     
  -1.98014793653689     
  0.287603957625282     
  -1.52657174273863     
  4.457382136890226E-002
  -2.91008748200037     
  0.710325215081315     
 -0.765662690999059     
  0.505735022999870     
   1.15682949938467     
   1.83362083249469     
  -15.0000000000000     
  -4.92972635549860     
  -1.89418986820782     
  0.668723413090697     
  -2.23854018833138     
  0.497959998115034     
  -2.84052920868010     
  0.311541565626092     
  -2.80069056081512     
  0.861421785437023     
 -0.882440988598552     
   1.08073540545284     
  0.801431064644831     
   1.93111919985091     
 -7.015239514928076E-002
   2.56509708577427     
  -3.71787105512417     
  0.415041530247548     
  -1.02726468858516     
   1.12994655094392     
  -1.83134984998480     
  0.948393471375176     
  -2.09452555543878     
   1.25620026492455     
 -0.956950203559955     
   1.55324985054513     
  0.385648419310168     
   2.15270195011385     
  -2.56553167991734     
 -0.149286721969257     
 -0.410076539976233     
   1.12216742293950     
  -15.0000000000000     
  0.890055999000524     
  0.744602189909985     
   1.63691810443015     
  -3.58876575168824     
   1.32365085845797     
 -3.554660926033737E-002
   2.03958368736674     
  0.791257074526987     
   2.10803084353788     
  0.664109939300661     
  0.784061439379368     
  -3.59145387614344     
  -1.52349976105531     
  -13.1401130200229     
 -2.580698498993730E-002
 -0.235388637123488     
  0.566010437457171     
  -3.00672437646292     
  0.538910106778406     
  3.101331391820374E-002
  0.882699980410284     
  0.724946155890177     
   1.34510302362689     
  0.107186793288980     
  0.285273799991715     
  -1.56279466045948     
 -0.606097640320285     
  -1.32215030968754     
  0.437848667022407     
  -1.74337497561223     
  5.665004708967267E-002
 -0.292964393522000     
  0.897295896602639     
  -2.99015404403786     
  0.654636520046596     
  0.631114024904855     
   1.45389075385496     
  0.503551157429952     
  0.598838747647346     
  -2.59216482961614     
 -0.462152194594152     
   1.88441084017820     
   1.88441086137345     
  -1.61092459958849     
  0.464452618888962     
  -1.57256672711842     
  0.697880539274628     
  5.139352033147230E-003
  0.810724533293985     
  0.749558766366220     
   1.37271669128539     
  -2.48489338075576     
  -2.08897557542766     
  -1.47354488782924     
 -0.694118485684799     
  -3.01804696830932     
  7.513408368277791E-002
  -1.25057097114314     
 -0.548109821344561     
  -4.36651269646891     
  0.502706845418594     
 -0.931032819975584     
 -9.025628085476234E-002
   1.22019315820758     
   1.38771581123015     
  -1.89652304959839     
  -1.17334021407137     
   2.23878828134450     
   11.5564420440757     
  -1.91868911046220     
  0.438633268940812     
  1.195471259461053E-002
  0.888943000487780     
  -1.72307289146996     
  0.601955576178318     
  7.754870486977554E-002
  0.978261479173716     
   1.35987612753270     
   1.92414712906304     
 -0.301478440315359     
  0.529632512124850     
  8.547729391180269E-003
  4.291156784354858E-002
  0.384517182641624     
  -1.50208255684182     
 -0.312294134568087     
  0.480800941442812     
  0.252276704080524     
         500
           0
           0
           0
