  -98932.3283692643           967237          48
  -98853.9746100857           568859          49
  -98946.6341860839           761633          50
 -3.402823466385289E+038      568859          49
  -15.0000000000000     
  -2.55077509090206     
 -0.439491269718956     
   2.29175127275360     
  -1.88242934377459     
  0.589579196109827     
  -1.90302124266442     
  0.482354556995564     
  -1.93041612993640     
  0.713650716021716     
 -0.829381928017849     
  0.792405110524125     
   1.00039457547081     
   1.91626841635653     
  -1.37894330520556     
 -0.536260954134340     
  -3.31455828375507     
  -1.67424478442008     
  -5.19428317618664     
  0.197339391901426     
  -1.66357256036891     
 -0.254223893467470     
  -2.38054241498225     
  0.604322007284594     
  -2.13843805887273     
  0.142619558103740     
  0.903825403082156     
   1.46697603383624     
 -0.937953837296021     
 -0.453867903126161     
  -3.40316928649942     
 -0.864745962907824     
  0.655228273724416     
  0.705218987189347     
  -2.39253805686388     
  0.361033509331677     
  -1.90315030927201     
  0.646323673852547     
  -1.20294144115235     
  0.161423236413153     
   1.05078736161206     
   1.43755499756617     
  -1.35248205354320     
 -0.930447443751089     
  -3.89850805779740     
  -1.12123896289162     
  -2.02016030206829     
  0.326275412009770     
  -1.39847173722304     
  7.054621298300933E-003
  -15.0000000000000     
  0.679029907892003     
   14.4223248440566     
   14.4223937323830     
  0.212056463981558     
  0.802058267072306     
  -5.05083296853769     
  -3.10963434634647     
 -9.178451103431549E-002
  0.512449882784696     
  -6.39606362749186     
  0.298776790317397     
  0.543838094976149     
  0.543839916691873     
  -3.86001069296950     
  0.777054639754137     
 -0.267356470314417     
  0.472799357018268     
   1.79658250347366     
   2.28220589836845     
   1.23196669442312     
   2.21200449482693     
  -2.72116867571777     
 -0.311666771154502     
  9.452951101043165E-002
   1.14509761645485     
  -2.91745612295289     
  0.343269829189417     
 -0.905158364262746     
  0.810893439046257     
 -0.728510303486439     
   1.01180193709019     
  0.524082312867150     
   1.60101543648521     
  -7.19757216078804     
 -0.247633558311299     
  0.287725541704138     
   1.19835465745351     
  -1.84099332911205     
  0.552057621762826     
  7.528853610857003E-002
  0.913249554905792     
  -15.0000000000000     
  0.777291759314678     
  0.385429511056890     
   1.68182007298355     
  0.999058586644068     
   1.82713148522276     
   2.49069571765068     
   8.30940936416149     
  -1.78229269491738     
 -0.689680416864484     
  -1.81527041673073     
  0.294800687490675     
  0.196588795538480     
  0.759875569076154     
  -2.37548617161263     
  0.625907993016068     
  8.909487046583191E-002
  0.963235581898874     
  0.796110981550301     
   1.41346825654262     
  -1.38522376910507     
 -6.437774677887967E-002
   2.16605024034136     
   2.46262486473826     
  -1.10887779533988     
  0.836373348878456     
 -0.589588354158669     
  0.990122758846304     
   1.48234565110792     
   1.48234567773440     
 -0.828512941834711     
   1.49365222637647     
  0.914876755198387     
   1.85428284245034     
 -0.757960123853363     
   1.69637210109114     
  -2.17503137252610     
  0.663378949846557     
  -1.47418393013366     
   1.12417802242993     
  -1.24269892391269     
   1.23351497646678     
  -2.31256300129044     
   1.64215462317350     
 -0.935606888406111     
   1.88193008609597     
  0.385477475855999     
   2.53610155130907     
  0.160203487754789     
 -0.124672551364869     
 -0.482667834763327     
 -9.489642938135892E-002
  -1.75051950254127     
  0.709885717785150     
   1.30930143449972     
 -0.115042135589227     
   1.29914210824738     
         500
           0
           0
           0
