  -98590.1387130564           120506          45
  -99008.9223113498           318230          46
  -98913.7831062899           848163          47
 -3.402823466385289E+038      120506          45
 -0.618509178609109     
  6.534100734967729E-002
  -6.35194123972086     
  -1.22586100575713     
 -0.905893018792063     
  0.487904175836259     
  -2.53406186617073     
  0.640931171091291     
  -2.36613645596418     
  0.539670649626475     
 -0.860874467053548     
  0.546917316094467     
  0.781722974874989     
   1.34849067442496     
  -1.43526004346051     
 -0.734810293100944     
  -2.58200600963418     
  -1.71514439678319     
  -3.08741726300308     
  6.445081909359096E-002
  -1.03778123492313     
 -0.812761467327235     
  -7.21056962339624     
  0.599852063780727     
 -0.920610207084321     
  0.240005249449581     
  0.982625018813043     
   1.36026910502429     
  -2.38640748351284     
  -1.50755903590786     
 -0.644318186249898     
  0.269057018368170     
  -1.69125504275317     
  0.494909731621757     
  -1.56167916192079     
  0.133411260977607     
  0.849757049573674     
  0.849757442443579     
  -3.93565815053624     
  0.494161088826490     
  0.866681049508473     
   1.56524275509947     
  -13.0778717061241     
  -2.57146525910240     
 -0.988952257939927     
  0.965174348244176     
  -1.70153478727147     
  0.591595469416009     
  -2.51165915680628     
  0.311045022466455     
  -2.79621595258410     
  0.717708598844019     
 -0.623708438025779     
  0.817215708322022     
  0.995870410435701     
   1.83563710388197     
  -15.0000000000000     
  -3.15287938697494     
  7.797533010574895E-002
   1.03196146354198     
  -4.36601908230306     
  0.419991878589908     
  0.846918033344944     
   1.04394261956035     
  -3.66445435976065     
  0.854705435549461     
 -0.121170690073708     
  0.789287460719908     
   1.52933456892214     
   2.17969610255027     
   1.28941882951155     
   2.18354946802323     
  -2.22286504527950     
 -0.192673869721503     
  0.290579738260761     
   1.22964547400298     
  -2.47824899131925     
  0.392364655571172     
 -0.767034323583781     
  0.832612157237180     
 -0.652127832386091     
  0.969955804464430     
  0.550695470934875     
   1.56066175447321     
 -0.633636695137327     
   1.44305297972609     
  -15.0000000000000     
  0.393079594862304     
  -1.21278027658142     
   1.03045350497613     
 -0.641986519382812     
   1.27342089283084     
  -14.9174977822331     
   1.18957799186867     
  0.416077485421884     
   1.94832095477942     
  0.503689835258712     
   1.98120889183038     
 -0.502734644185847     
   1.85416416427173     
  -2.33720517315634     
  0.376379231289350     
  -1.83989525637827     
   1.00032600023353     
  -1.51660831200509     
  0.868807490091230     
  -1.71287080889595     
   1.69730773589617     
  -3.14950833568866     
   1.61577655532543     
  0.352992149860276     
   2.60337423371383     
  -2.80542504877088     
 -3.694754896919527E-003
   2.49130743179924     
   15.0000000000000     
  -1.55047949599681     
  0.712230927216050     
 -0.156298113780170     
   1.12452290193750     
  -1.44083450638384     
   1.05234024733929     
  0.108610517087046     
   1.73358828067607     
  0.939297083598462     
   1.95130254109786     
   1.43236378151235     
   2.39568434250228     
  -1.68909200393370     
 -0.844246703996104     
  -2.11571441102560     
  0.178335959181873     
  0.135212791509824     
  0.661781853947024     
  -2.23364114373261     
  0.545313320282347     
  6.487434371209236E-002
  0.916817028790455     
  0.775183093563795     
   1.35456285356906     
  0.194866276353144     
 -8.762909055459214E-002
 -0.364188573117260     
 -0.317100282077111     
 -0.567434383654059     
  0.401431259331825     
  0.878442305265618     
 -0.518535103164097     
   1.31488644901727     
         500
           0
           0
           0
