  -98670.5754681911           260601          36
  -98568.5334092324           966014          37
  -98488.0880976539           246261          38
 -3.402823466385289E+038      246261          38
  -1.46541757564026     
 -0.782050892168917     
  -2.32417280745114     
  -1.78860566385064     
  -3.27953274035865     
  6.540497148254781E-002
 -0.907125324185780     
 -0.907114664081330     
  -4.45807184107263     
  0.586065990128852     
 -0.937855614501662     
  0.203932694690395     
   1.02085007719052     
   1.34784669724295     
 -0.643556369677629     
  4.745613483211635E-002
  -5.28529800701904     
  -1.17042829294278     
 -0.992636485063924     
  0.453362410888882     
  -2.41046533435882     
  0.591936501161473     
  -2.34300974819458     
  0.547292296068756     
 -0.885855410919374     
  0.546526143544577     
  0.780235312547193     
   1.35446409210767     
  -15.0000000000000     
  -3.13692394252576     
  0.148334851010397     
   1.11033370154603     
  -5.31346504171583     
  0.418253222823870     
   1.53256595725501     
   1.53661706378687     
  -4.18802327164969     
  0.876559365280717     
 -2.814420800323403E-002
  0.868663500220122     
   1.59515038618955     
   2.28581910013839     
  -15.0000000000000     
  -2.58755028151504     
 -0.947591616985326     
  0.856544691590260     
  -1.82228858007625     
  0.558650111625873     
  -2.20584109513002     
  0.219873390736417     
  -4.96948083173502     
  0.630602178393870     
 -0.610119617316395     
  0.773515782246764     
  0.984614094066202     
   1.78821403264818     
  -3.13822158747936     
  -1.89292971698227     
 -0.544394514540829     
  0.596392670639790     
  -1.56159443260226     
  0.577047151013551     
  -1.66145696053443     
  0.327330274029046     
   1.53180258554113     
   1.55962933712288     
  -1.94323903739333     
  0.677515412971296     
   1.07600235152430     
   1.85204410903591     
   1.14738940594065     
   2.16213372290704     
  -1.94507183583122     
 -0.733003695496887     
  -1.79521311023653     
  0.226620269269949     
  7.090555303194750E-002
  0.792325806686487     
  -3.10118152161943     
  0.482218129253731     
   1.02887310200651     
   1.22612413818572     
  0.726340899574864     
   1.28693555238154     
 -0.892474976658625     
   1.54268511684651     
  -2.84290230444630     
  0.612989929943438     
  -1.59965449668292     
   1.06197052918971     
  -1.07786851159630     
   1.23603748098280     
  -2.64183723614318     
   1.50442640784526     
 -0.755355023114112     
   1.87157515061895     
  0.391727948754643     
   2.36506569447041     
   1.20767422711256     
   2.41562076360282     
  -2.00906342548430     
 -0.674815747200561     
  -4.28175531087315     
  0.156257638738800     
  -1.00488191805129     
  0.160958523538621     
  -1.09708376106815     
  0.881204307805607     
  -3.57496753427701     
  0.637496505370419     
  0.600312538665079     
   1.75514318054595     
  -2.29806694361579     
  6.388036431347381E-002
   3.09842698753440     
   15.0000000000000     
  -1.57589515818579     
  0.675977103880200     
 -0.134424708346139     
   1.10909983421887     
  -1.34078027543656     
   1.04005953026865     
  2.640797709535462E-002
   1.68816681348148     
  0.943011115876676     
   1.92982225894943     
   1.20199711820297     
   2.19336948810053     
  -2.36891980744844     
 -0.109103833843423     
   1.33709391664337     
   2.10975483611909     
  -2.34694670791208     
  0.487986360049244     
 -0.803063619556958     
  0.929492659705817     
 -0.592722336476344     
   1.05949600315403     
  0.601661227910547     
   1.60224812282798     
  0.201038728366896     
  0.218550110908329     
  0.466995707967115     
 -0.129825265773604     
 -0.290129651269931     
  0.890456114521120     
  0.694756091593031     
  0.587650328840313     
   1.87081275666010     
         500
           0
           0
           0
