  -98518.5005128283           967237          48
  -98789.9418162065           568859          49
  -98640.3918433346           761633          50
 -3.402823466385289E+038      967237          48
  -15.0000000000000     
  -2.88821928452201     
 -0.851985186417314     
   1.39643807498359     
  -1.81525323133974     
  0.519502458283112     
  -1.59055841503267     
  0.437272015591891     
  -3.63174232050785     
  0.881175857675413     
 -7.613191268071315E-002
  0.643273823741810     
  0.925168774375618     
   1.65706632994648     
  -1.41336382822599     
 -0.742344008574000     
  -2.84665534244277     
  -2.02775562485435     
  -3.24957333373378     
  7.573335372900454E-002
  -1.05496767717231     
 -0.675599417191571     
  -4.17696910678286     
  0.620232226417815     
 -0.799212690830802     
  0.220611695463041     
  0.951695203374006     
   1.30617555969975     
  -9.77911177906189     
  -3.44571516264219     
  0.351374511707881     
  0.993376805735972     
  -15.0000000000000     
  0.427619582107746     
   1.04374270051231     
   1.04374270060511     
  -3.03083323181855     
  0.803006425360576     
 -0.185544003011671     
  0.701419537036231     
   1.81981008769119     
   2.50435610039754     
 -0.759100045473630     
 -0.118528313081244     
  -5.00946550697864     
  -1.03407775339159     
 -0.772836958171875     
  0.526070926535136     
  -2.59134434558880     
  0.610958709091191     
  -2.16762939022455     
  0.551188724474487     
 -0.809139659551083     
  0.497857639287611     
  0.790415282085012     
   1.35015336211998     
  -5.05113262407904     
  -1.94670570137965     
  8.768153410528118E-002
  0.791054087410813     
  -1.60258313677996     
  0.414372620648996     
  -15.0000000000000     
  4.217167891120962E-002
 -0.447932800133290     
 -0.446984970141743     
  -1.36463291666458     
 -0.550473146197912     
   1.36789491255961     
   1.69288364936624     
  -2.88396120620544     
  -1.55338234163742     
  -1.29113785159282     
  0.409197269747137     
  -2.13022295258656     
  0.648737582972547     
  -1.79259304577290     
  0.145592971294557     
  -1.27862434256389     
   1.04087657418386     
  -8.12577927802974     
   2.13138027198888     
  0.867040719017759     
   2.20707646903413     
  -5.21951427985284     
 -0.116533418349250     
  0.997771571055195     
   2.51740040837868     
  -1.86006633112267     
  0.660305509792694     
  0.123132348589418     
   1.06078549260402     
  -15.0000000000000     
  0.980320535809680     
  0.341392548267190     
   1.72913564771699     
  0.995432245585847     
   1.86921513264313     
   1.25588953560830     
   2.42553500460840     
  -2.55356649956648     
 -0.444255329097665     
 -0.411124466062096     
  0.923227705596474     
  -2.23785720543296     
  9.001506181471298E-002
 -0.577943513722423     
   1.01503356688861     
  -7.37904132451078     
  0.626689449245450     
  0.566141374932163     
   1.68614793866614     
   1.15960318166674     
   2.47494311703918     
  -1.85689589542369     
 -0.777709606893579     
  -13.4449823809544     
  7.599505072483666E-002
  3.845483287596094E-002
  0.703243032798262     
  -2.63564128606688     
  0.588683223339683     
  0.137581087760119     
   1.00587563215153     
  0.748977617562180     
   1.46072563155721     
   1.37226635580050     
   1.99741902496351     
  -2.23306105876128     
 -0.204779486023276     
   1.26545726203516     
   1.64033678432217     
  -1.20681493010648     
  0.642478823366595     
  -1.49577266933183     
  0.674760244195497     
  0.859364291631345     
   1.43634391554781     
  0.636190017181511     
   1.37343771187044     
  -1.36260345988750     
 -3.777898512794824E-002
   15.0000000000000     
   15.0000000000000     
  -1.06896119440992     
  0.782839599975429     
 -0.565594340864290     
   1.03050984588621     
   1.05320087417974     
   1.06028576421067     
 -0.633100209980046     
   1.49329609244152     
  0.892276322871492     
   1.85439396026245     
 -0.752240570294467     
   1.82709763736679     
  -2.28635920876881     
  0.663365962028898     
  -1.35716715030844     
   1.15127599570356     
  -1.31130012839130     
   1.30627253729174     
  -2.37498608462271     
   1.55822328906836     
 -0.825697100600133     
   1.88024135071378     
  0.374670745624424     
   2.48405108737307     
  0.204221803230634     
 -0.841156297262243     
 -0.540707861908074     
 -2.836374952087532E-002
 -0.708846247458371     
  -1.79864368024175     
   1.35162266344149     
   1.13295031914619     
 -0.224135600816285     
   1.14906835866329     
  0.656815383459106     
         500
           0
           0
           0
