Mplus VERSION 8.1
MUTHEN & MUTHEN
10/31/2018   1:58 PM

INPUT INSTRUCTIONS

  TITLE:    4-class at level 1 (CW), 4-class at level 2 (CB) in Men - non-parametric approac
            ordered polytomous variables for carb intake at each time slot over four
            days of NDNS survey 2008/09 - 2015/16
            variable 0 = not eating
                     1 = eating & carb provided < 50% calorie
                     2 = eating & carb provided >= 50% calorie
            code created date: 2018-10-30
            code updated date: 2018-10-30
            author: Chaochen Wang

  DATA:
  File is "../../Mplusdata/NDNS_Tslots_men.dat";


  VARIABLE:  NAMES = id DayNo Age H6_9 H9_12 H12_14 H14_17 H17_20 H20_22
                    H22_6 id_day;

            USEVAR = H6_9 H9_12 H12_14 H14_17 H17_20 H20_22 H22_6;

            auxiliary = DayNo Age;

            CATEGORICAL =  H6_9 H9_12 H12_14 H14_17 H17_20 H20_22 H22_6;

            IDVARIABLE = id_day;

            MISSING are .;

            CLASSES = CB(4) CW(4);
        BETWEEN = CB;
            WITHIN = H6_9 H9_12 H12_14 H14_17 H17_20 H20_22 H22_6;
            CLUSTER = id;


  ANALYSIS:  TYPE = TWOLEVEL MIXTURE;
           STARTS = 250 125;
          PROCESS = 15(starts);


  MODEL:
        %WITHIN%
        %OVERALL%

        %BETWEEN%
        %OVERALL%
        CW ON CB;

  SAVEDATA:
      FILE IS  "../../MplusOutput/MultilevelMen/CW4CB4m.txt";
    save is cprob;



*** WARNING
  Input line exceeded 90 characters. Some input may be truncated.
  TITLE:    4-class at level 1 (CW), 4-class at level 2 (CB) in Men - non-parametric approach
*** WARNING
  One or more individual-level variables have no variation within a
  cluster for the following clusters.

     Variable   Cluster IDs with no within-cluster variation

      H6_9        11205071 20106041 20116171 20615041 21011041 30404081 30417081 40116011 40710081
                  50105161 50506161 51002141 51102241 51208041 51209071 60808161 61013261 61109081
                  70113191 70311251 71101061 80301281 80312241 81004251 81005191 10302111 10303181
                  10305011 10307161 10310111 10310151 10311181 10315011 10315151 10403111 10403251
                  10403261 10405011 10406161 10407011 10408011 10409011 10410071 10410261 10413251
                  10503011 10503251 10504211 10509011 10509071 10509151 10512111 10514011 10515111
                  10601071 10601161 10607071 10608011 10611161 10612251 10613111 10613161 10613211
                  10615161 10701151 10703111 10704251 10705011 10707111 10712111 10712151 10713011
                  10713181 10714151 10806261 10807011 10807071 10808011 10810071 10810181 10812261
                  10813151 10902261 10903111 10903261 10906261 10907071 10908251 10910011 10101151
                  10910261 10915251 10915261 11004211 11006151 11008071 11008211 11009251 11011071
                  11011111 11012011 11013211 11014211 11014261 11103071 11103251 11106071 11107151
                  11107161 11107251 11110181 11110251 11111181 11113111 11114151 11114251 11201161
                  11204151 11204161 11206161 11207011 11209261 11212011 11213011 11214261 20101171
                  20103071 20104181 20105081 10102071 20107081 20109031 20109041 20109181 20110181
                  20113081 20113181 20114031 20116011 20201041 20202041 20203031 20203041 20203181
                  20204071 10105011 20206041 20208211 20209171 20211011 20211081 20211181 20212011
                  20212211 20215011 20216171 20301101 20302011 20302171 20306031 20306071 20307181
                  20308031 20309101 20311081 20313211 20315101 20401181 20401211 20402081 20403081
                  20404011 20404041 20404211 20405081 20406011 20406081 20406211 20408031 20410081
                  20411181 20413081 20501031 20501171 20502011 20506171 20507031 20507041 20507081
                  20508071 10105251 20511101 20511211 20512031 20512171 20512181 20513181 20514181
                  20516071 20601011 20601171 20601181 20602081 20603031 20603101 20604041 20604101
                  20605041 20605081 20606011 20607101 20608031 20608071 20609071 20609211 20610011
                  20610071 20612011 20612081 20613071 20613171 20614011 20614181 20701101 20703071
                  20705071 20705211 20709181 20709211 20710071 20710101 20712081 20801101 20802081
                  20804041 20805211 20807071 20807171 20808041 20808171 20808211 20810041 20814031
                  20815181 20816211 20817011 20817071 20817101 20818011 20818081 20819031 20819041
                  20901101 20903041 20903101 20903181 20905101 20905211 20906071 20907031 20907171
                  20911171 20913071 20914081 20914181 20916041 20916081 20916101 21002081 21003101
                  21004171 21007081 21008031 21009011 21009041 21010101 21011211 21012211 21014101
                  21015171 21016081 21016101 21016171 21101081 21102081 21104041 21104071 21108181
                  21110071 21110101 21112031 21112101 21113071 21115011 21201081 21201211 21202181
                  21205171 21207101 21207181 21210081 21212041 21213101 21214181 21215041 21215171
                  21215181 21216041 21217081 30101251 30103071 30104021 30104071 30104131 30105011
                  30106071 30106251 30107071 30110201 30114071 30114081 30115021 30202201 30202231
                  30205251 30206081 30207011 30208131 30209071 30212081 30212201 30212251 30215251
                  30301071 30302031 30303021 30305201 30308131 30310031 30310081 30315201 30316021
                  30402081 30403031 10106261 30405081 30405251 30406031 30407011 30408251 30409201
                  30409251 30410131 30412201 30413201 30413251 10107011 30502081 30502251 30508011
                  30508021 30510011 30511201 30512021 30513011 30514031 30515131 30516011 30516021
                  30601011 30603081 30604011 30605071 30605201 30607131 30607231 30610131 30611021
                  30613021 30701071 30701081 30702031 30712021 30716251 30801071 30802081 30802201
                  30803131 30803231 30805231 30810011 30811031 30812131 30813031 30814021 30815011
                  30815201 30902031 30903201 30904081 30905081 30910011 30910021 30910071 30910201
                  30911011 30911031 30911201 30911251 10110071 30913021 30914011 30914081 30915081
                  30917031 30917231 31006231 31008071 31009131 31009201 31009251 31011081 31015201
                  31016081 31016131 31016201 31103131 31103251 31104011 31104071 31104081 31105071
                  31105131 31106231 31107201 31109231 31112031 31112081 31113231 31115071 31202251
                  31205131 31213081 31214081 31214231 31217251 40102051 40102131 40103211 40103221
                  40106101 40107051 40107211 40107251 40108261 40110081 40112131 40113051 40113251
                  40113261 40114251 40117131 40119081 40120051 40120131 40120261 40121081 40121221
                  40122221 40123011 40124101 40202221 40203011 40203131 40210081 40210171 40211251
                  40213021 40215021 40215211 40217011 40218101 40219081 10113111 40223131 40223171
                  40224101 40225101 40225171 40301101 40303011 40305051 40306051 40307081 40307211
                  40307221 40310021 40310051 40311221 40311261 40312011 40312171 40312261 40316011
                  40316251 40318251 40320261 40321021 40323131 40323221 40325021 40325261 40401011
                  40401081 40402011 10113151 40403011 40403021 40403051 40403221 40405021 40405081
                  40405131 40408021 40408171 40409101 40411081 40413251 40414051 40415021 40415081
                  40417131 40501081 40501211 40502021 40502171 40506131 40507011 40507171 40508021
                  40508131 40508251 40508261 40509011 40511051 40512101 40512261 40515171 40516011
                  40602101 40603081 40603131 40603251 40605081 40607011 40608251 40611011 40613021
                  40613171 40615101 40704051 40704221 10201211 40714051 40714131 40716221 40716261
                  40802011 40802081 40803171 40804261 40806261 40809051 40810021 40810081 40810101
                  40811101 40812021 40812131 40816171 40902171 10202181 40904101 40906211 40907011
                  40909011 40909261 40911221 40914101 41002021 41005021 41010211 41011101 41011221
                  41012101 41014171 41014251 41016011 41016101 41016211 41101011 41103081 41103251
                  41104011 41105021 41105131 41107021 41107251 41108081 41109081 41109131 41110011
                  41112051 41114051 41203081 41203101 41204221 41205221 41207171 41208011 41210101
                  41211101 41212221 41216021 41216171 50102141 50103011 50103071 50103101 10202261
                  50106011 50108011 50110101 50201141 50201181 50202101 50202241 50204101 50205041
                  50205191 50207181 50208011 50208141 50208161 50208191 50209041 50210241 50301071
                  50302101 50302181 50306041 50307161 50307181 50309101 50310161 50311141 50312271
                  50406071 50406141 50407071 50409101 50409191 50409271 50411181 50501071 10203161
                  50503041 50503161 50504071 50504241 10205071 50506181 50507041 50507071 50508241
                  50508271 50601011 50603141 50603191 50607101 50609181 50701071 50702071 50702271
                  50704041 50705181 50706041 50712191 50801181 50802041 50804101 50804191 50807011
                  50808011 50808161 50811041 50811181 50901191 50904181 50905041 50905181 50907181
                  50910161 50911011 10205111 10205151 51003141 51003161 51004101 51005071 51006101
                  51008071 51008181 51011101 51011191 51101041 51102181 51103241 51104011 51104161
                  51104241 51105191 51105241 51106241 51110041 51111071 51111141 51202041 51203141
                  51203161 51206181 10205251 51208101 51208271 51209181 51211011 51211181 60107251
                  60109251 60110021 60112021 60113161 60201211 60203071 60205081 60206171 60207161
                  60208021 60209161 60210021 60211081 60212021 60213171 60303261 60304071 60304261
                  60307021 60307171 60308271 60309021 60311251 60402071 60402081 60405261 60406021
                  60407171 60409081 60409261 60411131 60411271 60412271 60413171 60502261 60503071
                  60503261 60504161 60506081 60507131 60507261 60509081 60510021 60510131 60510171
                  60511071 60512131 60513021 60601021 60602261 60603261 60607071 60608161 60610251
                  60611071 60611131 60611161 60611271 60612261 60703071 60703271 60708081 60710131
                  60713021 60802131 60803081 60804081 60804131 60805271 60806021 60806161 10209261
                  60809021 60809271 60810131 60810251 60810261 60811131 60811261 60813131 60814271
                  60903081 60903171 60910021 60910161 60911161 60911171 60912081 60913251 61002171
                  61004071 61005021 61006261 61012261 61015021 61015251 61016171 61103271 61106081
                  61107071 61107261 61108271 10210251 61110081 61110131 61113261 61202081 61206021
                  61208021 61208071 61210251 61211021 70101031 70103061 70106251 70108191 70109241
                  70110031 70111251 70112191 70113121 10210261 70201031 70201251 70202081 70202121
                  70202191 70204121 70204181 70205121 70208181 70210051 70210061 70212171 70213031
                  70302051 70302191 10211111 70305171 70306051 70307181 70307191 70307251 70309121
                  70310191 70312251 70402051 70402121 70402251 70405251 70406031 70406251 70407031
                  70407081 70410031 70410121 70410171 70410191 70411031 70411241 70412051 70412081
                  70413251 70414171 70501081 70501121 70501191 70506121 70507031 70511181 70511241
                  70601171 70602051 70602081 70604251 70605061 70605181 70605191 70606061 70606081
                  70606241 70607051 70609051 70609181 70609251 70612181 70612191 70612241 70701191
                  70702061 70702191 70703251 70705031 70706241 70708061 70708171 70710241 70711051
                  70714191 70801031 70802031 70802051 70802191 70802251 70804031 70805051 70806251
                  70807081 70809031 70809181 70812081 70812121 70813191 70815081 70901241 70902081
                  70902121 70902241 70903171 70904051 70904191 70905061 70907051 70907181 70910181
                  71001081 71001181 71003251 71007051 71008171 71009031 71009181 71010171 71011121
                  71013121 71013171 71014191 10211261 71101241 71102031 71102121 71105121 71106061
                  71106121 71107081 71107121 71107191 71109121 71110241 71111171 71113181 71113251
                  71204121 71204171 71205031 71206081 71207061 71209181 71211191 80101141 80102191
                  80106061 80106141 80106281 80107011 80107131 80111131 80111281 80112011 80114061
                  80116131 80201191 80202011 80205131 80206011 80206141 80211061 80211281 80213141
                  80216191 80301141 80303251 80305251 80306061 80307191 80309221 80311191 80312151
                  10213261 80313191 80315061 80401011 80401151 80403251 80404181 10214011 10214071
                  80409011 80413061 80413181 80501141 80507011 80507151 80508191 80511131 80603151
                  80605181 80605191 80607011 80607131 80610131 80610281 80611151 80611251 80613131
                  80613181 80702061 80702181 80702281 80708131 80709131 80710011 80713011 80713181
                  80802131 80802151 80803011 80803281 80804151 80804281 80805131 80805181 80808251
                  80812251 80813221 80901061 80902011 80905141 80905221 80906141 80906191 80908251
                  80909141 80909251 80910221 80911131 80912061 81002131 81002181 81004011 81006061
                  81006251 81008141 81009011 81009131 81012151 81013251 81103281 81105031 81105251
                  81108151 81110011 81201251 81202191 81202251 81204221 81206131 81206221 81207281
                  81208251 81209131 81211011 90201151 90202111 90202181 90202251 90205211 90303181
      H9_12       20106041 20116171 20301211 20615041 30417081 30609131 40116011 40516021 40710101
                  51002141 51102241 51208041 51209071 60310131 60808161 61013261 71101061 80301281
                  80312241 80405181 80410131 81004251 81005191 10305011 10307161 10311181 10410261
                  10411071 10413251 10503251 10509071 10512071 10512261 10513151 10513161 10514181
                  10515111 10611161 10612181 10613111 10615161 10615181 10701151 10702011 10703111
                  10707071 10707111 10707151 10712151 10713181 10714071 10715161 10806261 10808211
                  10810251 10813151 10901011 10908251 10909251 10909261 10910261 10912161 10915261
                  11003011 11008071 11008161 11015261 11106071 11107161 11109211 11109261 11111181
                  11113111 11114151 11202261 11204161 11206151 11209161 11214161 11214181 20101041
                  20101171 20103071 20104181 20105081 20110181 20111041 20116011 20201041 20202041
                  20203041 20203181 20206041 20207101 20209031 20210211 20212211 20214041 20301081
                  20301101 20302171 20305171 20306031 20308031 20310101 20311081 20312071 20402081
                  20402211 20404041 20405081 20405211 20406071 20410041 20411181 20413171 20414211
                  20501081 20501171 20507031 20508071 20511211 20512181 20513181 20516041 20601171
                  20602081 20606011 20609071 20609211 20610011 20612011 20613211 20614011 20614181
                  20616181 20701101 20703011 20709071 20709101 20711101 20801101 20803071 20807071
                  20808211 20810041 20810081 20814171 20818081 20819031 20903181 20904171 20905211
                  20907031 20907171 20911171 20911181 20914081 20914181 20916041 21009011 21010101
                  21012011 21014071 21103011 21115011 21202181 21205171 21207181 21210011 21210181
                  21212041 21213071 21213101 21215181 21216041 30103071 30104071 30107071 30109231
                  30114071 30202131 30206231 30207011 30208081 30209071 30209251 30212131 30212201
                  30213131 30216011 30302031 30303021 30305201 30307131 30310081 30312081 30316021
                  30402081 30403031 10106261 30405251 30406131 30409011 30409251 30412201 30417131
                  30508011 30508021 30509021 30510011 30511201 30512021 30515131 30516011 30516021
                  30603081 30605071 30609201 30611021 30611031 30612011 30612231 30613081 30701071
                  30701081 30702031 30703071 30708251 30709081 30710081 30712021 30712201 30715011
                  30715231 30716251 30801251 30803081 30804011 30811031 30814021 30815011 30902031
                  30903081 30910011 30910071 30911201 30914031 30915081 31002131 31006231 31009131
                  31010251 31012021 31015201 31016081 31016131 31016201 31103131 31104081 31105131
                  31106021 31109251 31110021 31112081 31112201 31113231 31201031 31201231 31203201
                  31206251 31213081 31214231 31217251 40102051 40102131 40102251 40103221 40107081
                  40107251 40108131 40110081 40113051 40113261 10112211 40117011 40117131 40119131
                  40120261 40121051 40202171 40204081 40208011 40211251 40213021 40214171 40214261
                  40215221 40218101 40220171 40220251 40223131 40224021 40224101 40225171 40301021
                  40306021 40306051 40307211 40310021 40310051 40311261 40312011 40316051 40320251
                  40320261 40323221 40401081 10113151 40403021 40403221 40405021 40405131 40408171
                  40409171 40411081 40414051 40415131 40416011 40501081 40505251 40507171 40508261
                  40512211 40512221 40515171 40516011 40602101 40603131 40603251 40604101 40608011
                  40608221 40609051 40613171 40701221 40704221 10201211 40713021 40714131 40716261
                  40802011 40802081 40804261 40806021 40811081 40811101 40811261 40812021 40812131
                  40813221 40813261 40816171 40902171 40903131 40904081 40904131 40907011 40908021
                  40914101 40915171 41002021 41002171 41007221 41011221 10202251 41014251 41014261
                  41016011 41101011 41103221 41105131 41107251 41108081 41108101 41109081 41109131
                  41115021 41201011 41201081 41203101 41203221 41204081 41205221 41205251 41210101
                  41211251 41212221 41213131 41215101 50103071 50103101 50110101 50202241 50205191
                  50206161 50207071 50207181 50208011 50208191 50209041 50210141 50301071 50303271
                  50304141 50304181 50306041 50307181 50309101 50310161 50407071 50408141 50409101
                  50411181 50503161 10204111 10205071 50507041 50507071 50508241 50508271 50510071
                  50511101 50601011 50601271 50607071 50702101 50702271 50705181 50706011 50712241
                  50802041 50806101 50808241 50809161 50901191 50902271 50904191 50905041 50906011
                  50907181 50909191 50911011 50911161 51003141 51003161 51004101 51005071 51010161
                  51011071 51011101 51101041 51102181 10205181 51103011 51104011 51104161 51202011
                  51202041 51203141 51203161 51204181 51206181 10205251 51208271 51209181 51211011
                  51211181 60107251 60109251 60110021 60112021 60113161 60201211 60208021 60210021
                  60213171 60301131 60302071 60304261 60307171 60308271 60313271 60405261 60406021
                  60409261 60413171 60503071 60503171 60507131 60509071 60510021 60510171 60601021
                  60601171 60602161 60602261 60604271 60607071 60607131 60611071 60611161 60611271
                  60703071 60704171 60705021 60706131 60713021 60803081 60804171 60805271 60806021
                  60810131 60810251 60810261 60813131 60910161 60911161 60912081 60913251 61002081
                  61002171 61004071 61004171 61005021 61007071 61007251 61011261 61012261 61015171
                  61101271 61102131 61106081 61106251 61107021 61107071 61108081 61110081 61110131
                  61208021 61208071 61209071 61211021 70106251 70112191 70112251 70113121 10210261
                  70201031 70202191 70204081 70207171 70208051 70209081 70213031 70302191 70304051
                  70307191 70309081 70310191 70401121 70404241 70405251 70407031 70410121 70411241
                  70412031 70412051 70414171 70505191 70507031 70509121 70510251 70511081 70511181
                  70601171 70602051 70606081 70606241 70607051 70608191 70609051 70609061 70611031
                  70612191 70612241 70612251 70614061 70703251 70704081 70706241 70708051 70708061
                  70708171 70710241 70713181 70714191 70801031 70802031 70802051 70802191 70807031
                  70812081 70812121 70901051 70901061 70901081 70901241 70902081 70902121 70902241
                  70903171 70903191 70904051 70904191 70904241 70905051 70907171 70910051 71008171
                  71010171 71013121 10211261 71101241 71102031 71103171 71107121 71107191 71109121
                  71109181 71110241 71112061 71201031 71204121 71206121 71209061 71209181 71210061
                  71212171 80101141 80101281 80103011 80106061 80106141 80107011 80107151 80107191
                  80109221 80114061 80115131 80205131 80207131 80304251 80306061 80307191 80309131
                  80309221 80312061 10213261 80315061 80401011 80401151 80403251 80404181 10214011
                  80407151 80409011 80413181 80501141 80508141 80603221 80605191 80607011 80608151
                  80608221 80610281 80611011 80611251 80613131 80702181 10215161 80702281 80709281
                  80711141 80712251 80713011 80713181 80714191 80802131 80802281 80803281 80804061
                  80804151 80804281 80805131 80808181 80808221 80810011 80811011 80813221 80904221
                  80906141 80909141 80910221 80912061 81002131 10301151 81006251 81012151 81013251
                  81103281 81105031 81203281 81206221 81207011 81208251 81209131 81211011 90302071
                  90303071 90303161
      H12_14      20116171 20301211 30404081 50506161 51002141 70113191 70305031 10302111 10305251
                  10307161 10310151 10315071 10403071 10403261 10405011 10407261 10413251 10503251
                  10504211 10509151 10509251 10513151 10514011 10603161 10610261 10612181 10612251
                  10615161 10704251 10705251 10707211 10712071 10713261 10714251 10803261 10806071
                  10808181 10810071 10811251 10813151 10903111 10909261 10910261 10912211 11008211
                  11009161 11011011 11101161 11102111 11106071 11109181 11110251 11111261 11114151
                  11201161 11204161 11212011 11213181 11214181 20109031 20109181 20110181 20115081
                  20201041 20202041 20203041 20204071 20205101 20212011 20212211 20216031 20216171
                  20305171 20306031 20307181 20309101 20311011 20316181 20401011 20401211 20405081
                  20406011 20406071 20406211 20501031 20508181 20512171 20516041 20604031 20605041
                  20605101 20608071 20608171 20610011 20613171 20613211 20614181 20701101 20706101
                  20709071 20709181 20709211 20710071 20711101 20712171 20801101 20808041 20808211
                  20814031 20818081 20819041 20903041 20903101 20907011 20914081 20916081 21007081
                  21011011 21013081 21014101 21016081 21104071 21201081 21201211 21202181 21205041
                  21209071 21215031 21215171 30101011 30106011 30107071 30109231 30110201 30110231
                  30114071 30205081 30207011 30209071 30212081 30212201 30212231 30303021 30305201
                  30307131 30310081 30315201 30402081 30403031 30404131 30405251 30408251 30412031
                  30412201 30413201 30415131 30508251 30512021 30515131 30603081 10107251 30616251
                  30702031 30702081 30702201 30702251 30709081 30712201 30716071 30716251 30802081
                  30803081 30805071 30810011 30810131 30814021 30816201 30901011 30902011 30902031
                  30902131 30904081 30910011 30910201 30911011 30915081 30917231 31003251 31008231
                  31009081 31009131 31010231 31016081 31016131 31016201 31103131 31104081 31105131
                  31106231 31112081 31115071 31201031 31205011 31214231 31217251 40102051 40102251
                  40106101 40106131 40107251 40113261 40117131 40119171 40202221 40204081 40204211
                  40208011 40212171 40217011 40225171 40302211 40303011 40306051 40307221 40311261
                  40316051 40320251 40321021 40325021 40403221 40413101 40414051 40415081 40417131
                  40507021 40508131 40509011 40606221 40608011 40608251 40704221 40707171 40715171
                  40716261 40802011 40802081 40811081 40811101 40812131 40816171 40904011 40904101
                  40904131 40913051 41002021 41002081 41002171 41005021 41007221 41014171 41015011
                  41016011 41102101 41103081 41103221 41105131 41107251 41108081 41109051 41109081
                  41109131 41114051 41115101 41201081 41201131 41203081 41204221 41205221 41210251
                  41212261 50205041 50208191 50210241 50301071 50304181 50309101 50310161 50403011
                  50409101 50411181 50504241 50506181 50507071 50508241 50510071 50603241 50605191
                  50606071 50607071 50704041 50712161 50802041 50806101 50807011 50808241 50901191
                  50902271 50907181 50910181 51003161 51005101 51009181 51011071 51011191 51103071
                  51105241 51106161 51111071 51202041 51208271 60106261 60112021 60206171 60208021
                  60212021 60307021 60313271 60402081 60405261 60407251 60409261 60410271 60411131
                  60413171 60501171 60503071 60507271 60607021 60607071 60611161 60611251 60702071
                  60705021 60708081 60709171 60713071 60803081 60805271 60810261 60905251 60910071
                  60911161 60913251 61001171 61002211 61007071 61107071 61110131 61203271 61205081
                  61206021 61208071 61209161 61209251 61210251 70101241 70104251 70106251 70108191
                  70110031 70112191 70202121 70204031 70207171 70209081 70213031 70307191 70309081
                  70309121 70312081 70402051 70403051 70406051 70406171 70406251 70408171 70410031
                  70410051 70502241 70504241 70510251 70511241 70601171 70601241 70606081 70606121
                  70606241 70609061 70611031 70614251 70703251 70704171 70706121 70708061 70711051
                  70804031 70807031 70807081 70812081 70812121 70901061 70904051 70905061 70907061
                  71002251 71003251 71006061 71008171 71101241 71102121 71107081 71107121 71107191
                  71112061 71113251 71204081 71204121 71206081 71208061 71209181 80103191 80106141
                  80107151 80107181 80110191 80111221 80115131 80206141 80206251 80303191 80303251
                  80309131 80311221 10213261 80315251 80401011 80401141 80404031 80404181 80410061
                  80412181 80413181 80505011 80505191 80507281 80508191 80603151 80611151 80702281
                  80703251 80709191 80712251 80804061 80804151 80805131 80805181 80811011 80813221
                  80906141 80910221 81002131 81006191 81009131 81012151 81013251 81103281 81105251
                  81106151 81202191 90302011 90304261
      H14_17      20116171 30609131 40221221 40710101 51208041 60310131 60808161 61109081 70113191
                  80405281 80702191 10305011 10309211 10403071 10403261 10408111 10410111 10502151
                  10504211 10509011 10601071 10603161 10605251 10605261 10703111 10705011 10705181
                  10708111 10711261 10712261 10714071 10806071 10810071 10810181 10810251 10901011
                  10903111 10904111 10907071 10915261 11008211 11011011 11014151 11106011 11107161
                  11111181 11112111 11114151 11206151 11206181 11207011 11207251 11210251 11211161
                  20101041 20103071 20109031 20109181 20110181 20116011 20116101 20201041 20201211
                  20203181 20207101 20308041 20309101 20403081 20406011 20406071 20406181 20406211
                  20411031 20413081 20413171 20501031 20506171 20507081 20508071 20509071 20511211
                  20512031 20601011 20603101 20604101 20610011 20613211 20614181 20706101 20708081
                  20711101 20711171 20805081 20808041 20812011 20814031 20818011 20818081 20818181
                  20903101 20911181 21002081 21007081 21008031 21012011 21014071 21016101 21104101
                  21112101 21113071 21115011 21202181 21207181 21210011 21210181 21215031 21216041
                  21216171 30105201 30106011 30109231 30114071 30115021 30202131 30202231 30207011
                  30207031 30209071 30302011 30302031 30302231 30303021 30303071 30304201 30308031
                  30308131 30312081 30315201 30402081 30407231 30409021 30412201 30413201 30415131
                  30505081 30507081 30507231 30510011 30512021 30513071 30515131 30604011 30604231
                  30612231 30613021 30702201 30708131 30708251 30709081 30715011 30715081 30716251
                  30801071 30802081 30803071 30810201 30815071 30816201 30904081 30907131 30911251
                  30914081 30915081 30916071 30917231 31001251 31002231 31009131 31010231 31016201
                  31104081 31109131 31110021 31112081 31113231 31204071 31205131 31211081 40107251
                  40108051 40112131 40113261 40119171 40202221 40204011 40211251 40215021 40216171
                  40220171 40223101 40224131 40225171 40301021 40304251 40306051 40307081 40309131
                  40310051 40312171 40321021 40323221 40325221 40403021 40403221 40405021 40405131
                  40411081 40415011 40416011 40417131 40506131 40507021 40508251 40512101 40512211
                  40512261 40603081 40604101 40608251 40614021 40713251 40714051 40714131 40716221
                  40802011 40802081 40806021 40809251 40810251 40813261 10202181 40904081 40905021
                  40906211 40913051 41002081 41012101 41013051 41014131 41014261 41016021 41016211
                  41103221 41109081 41109131 41110011 41112051 41114051 41115021 41115101 41201081
                  41204221 41205251 41207171 41210251 41212221 50101011 50103071 50110101 50110191
                  50201181 50207071 50208181 50301071 50305011 50309101 50405071 50406071 50406141
                  50411181 50501071 10203161 50503161 50504141 50506071 10205071 50507071 50508241
                  50511101 50602011 50603141 50604101 50605191 50705101 50709241 50712161 50712191
                  50802041 50806101 50806141 50807011 50807191 50901191 50904191 50910161 50911011
                  51004101 51005101 51008181 51011071 51104241 51105241 51111071 51111141 51207011
                  51207071 51211011 60109131 60110021 60201211 60205081 60206171 60211081 60307021
                  60402081 60406171 60409081 60410171 60411271 60413171 60415161 60501171 60507271
                  60510021 60510171 60512161 60604261 60607131 60608161 60702021 60703071 60703271
                  60704171 60705021 60705171 60706071 60710261 60803081 60805081 60806161 60905251
                  60910021 60911161 61107021 61108081 61110131 61112271 70101031 70112191 70113061
                  70113121 70113251 70201031 70202121 70202191 70202241 70204031 70204121 70204241
                  70205051 70210051 70302191 70305251 70309121 70312081 70402051 70402121 70402181
                  70404031 70404081 70406051 70406171 70407031 70410121 70410191 70412081 70501121
                  70507121 70509121 70511181 70511241 70602051 70604251 70606081 70606241 70611031
                  70612191 70612241 70613251 70614061 70702061 70708061 70712241 70806251 70807081
                  70809181 70812081 70902241 70907051 70907181 70909081 71007051 71008171 71009061
                  71009181 71010171 71013121 71103051 71105121 71106121 71112061 71113251 71204121
                  71207181 71210061 71212081 71212171 80101141 80101281 80102191 80107131 80107181
                  80111131 80206011 80206141 80206191 80303251 80304251 80306061 80307181 80307191
                  80309131 80315061 80401141 80401151 80403251 80404031 80404181 10214071 80407151
                  80413181 80605191 80607011 80613191 80702061 80702281 80703251 80710251 80711151
                  80712251 80802061 80804151 80805181 80808251 80812251 80813281 80910221 80912061
                  81002131 81006191 81006251 81007011 81008151 81009131 81013251 81103281 81105251
                  81207011 81207281 90302011
      H17_20      10910111 20116171 20301211 20602011 20615041 30404081 30906201 40116011 40710101
                  40904021 50501271 50506161 51002141 51208041 51209071 60310131 61013261 80301281
                  10303181 10305151 10305251 10307161 10315151 10315261 10401111 10403111 10403251
                  10406161 10409011 10409181 10501161 10502151 10503011 10507181 10509011 10509251
                  10512111 10513211 10514011 10601071 10601161 10602261 10605181 10607251 10610261
                  10612161 10613211 10703071 10704251 10705251 10707151 10707211 10708071 10712151
                  10713011 10713261 10715151 10802251 10806111 10806261 10808011 10814181 10901011
                  10903261 10904071 10908251 10909251 10909261 10910011 10101151 10910251 10911261
                  10915251 11002111 11006151 11008211 11011111 11014151 11014261 11101011 11101161
                  11102111 11103071 11107151 11107161 11110071 11113111 11114151 11114251 11201161
                  11206161 11209151 11210251 11212011 11212071 11214161 11214261 20101041 20104181
                  10102071 20106211 20107081 20109031 20109041 20111031 20111041 20111101 20114031
                  20115081 20116011 20201211 20205101 20208211 20210211 20214181 20216031 20301101
                  20305171 20307181 20308031 20310101 20311011 20311081 20312071 20312081 20313211
                  20315101 20316181 20401011 20401211 20403081 20406071 20501031 20502181 20503181
                  20508011 20508071 20509071 20516071 20601011 20604101 20606011 20607071 20609071
                  20610011 20612081 20612181 20613171 20614181 20615071 20704101 20706101 20712081
                  20712171 20801031 20801101 20802081 20810081 20812181 20814101 20818011 20819031
                  20819041 20901101 20904011 20904171 20906031 20906081 20906211 20907011 20914081
                  20916041 20916081 21007081 21009011 21010081 10106251 21012011 21014071 21015081
                  21016081 21016101 21104041 21104071 21108041 21108181 21110071 21112101 21115031
                  21201211 21207031 21207101 21208211 21210011 21215031 21215041 21215171 21215181
                  21216171 30101011 30101251 30104071 30105011 30106071 30109231 30114081 30115021
                  30203081 30205081 30206231 30207011 30208011 30212201 30302011 30303021 30310081
                  30311071 30312021 30312081 30403031 30404231 30407231 30408011 30411021 30412031
                  30412201 30413251 30414071 30415071 30415131 10107011 30502251 30508251 30510011
                  30511201 30513011 30515131 30516021 30602011 30604011 30604231 30605201 30607231
                  30609201 30613021 30702031 30708251 30801071 30801131 30803081 30803231 30804201
                  30805251 30807021 30808071 30812031 30812071 30815011 30815201 30902011 30903081
                  30903201 30907131 30908031 30910011 30910071 30911011 30911201 30911251 31001251
                  31002231 31009131 31010231 31010251 31015201 31016201 31103131 31104071 31104081
                  31105131 31109131 31115071 31201031 31203031 31203201 31204071 31217251 40106101
                  40107101 40108261 40110021 40113051 40117261 40119131 40120051 40121021 40121081
                  40203011 40204011 40204081 40211251 40212221 40214171 40215251 40221261 40224101
                  40225171 40305051 40307081 40307221 40310051 40311261 40312011 40312251 40314101
                  40323221 40401051 10113151 40403021 40403051 40405131 40414051 40415131 40416011
                  40501081 40501211 40502021 40506101 40508011 40511051 40512081 40512101 40512261
                  40515171 40603011 40603131 40604101 40606221 40607011 40608221 40608251 40612021
                  40615101 40701251 40704261 40707171 10201211 40713021 40713081 40714081 40802011
                  40807081 40809251 40810021 40811011 40813221 40817251 40902101 40902171 40904101
                  40906211 40909011 40911221 40913021 40914101 41008081 41011101 41011221 41014011
                  41014171 41016011 41105051 41105131 41109081 41109131 41112051 41201011 41201081
                  41201131 41204221 41207081 41210101 41211211 41211251 41212221 41215101 50102141
                  50102241 50103011 50108011 50110101 50201041 50201141 50201181 50202101 50205041
                  50205191 50207271 50208161 50209041 50210141 50210241 50302101 50302181 50307181
                  50309241 50403181 50405071 50407071 50409241 50409271 50501071 50503161 50504071
                  50506181 50507071 50508241 50510191 50603191 50605071 50609191 50610011 50702011
                  50703241 50705161 50706011 50707101 50708241 50709241 50712161 50803191 50806101
                  50806141 50806191 50807011 50807181 50808161 50811041 50901191 50906011 50911161
                  51003161 51004101 51009181 51104041 51105241 51110041 51111071 51202011 51206011
                  51207071 51208071 60106261 60109131 60109271 60203071 60206171 60209161 60211081
                  60303261 60304021 60304071 60304271 60305081 60309021 60401261 60402081 60406171
                  60407251 60410271 60412271 60501171 60503261 60507271 60509081 60510021 60510171
                  60610251 60611161 60611251 60702021 60702071 60703071 60713071 60803131 60804261
                  60810261 60811131 60905251 60912081 60913251 61002211 61007071 61011261 61012261
                  10210161 61015171 61104271 61107071 61108271 61110131 61209071 70103061 70103181
                  70112191 70202121 70205051 70207171 70209081 70212171 70213031 10211111 70308181
                  70402051 70402081 70404031 70406051 70406171 70407031 70408061 70409181 70410031
                  70412051 70502241 70509051 70511081 70601061 70604251 70605171 70605191 70606081
                  70606121 70606241 70609051 70609181 70610031 70611031 70612251 70614251 70702061
                  70702191 70705031 70706241 70710181 70710241 70801031 70802051 70806171 70806251
                  70807081 70809081 70812081 70814081 70815081 70901081 70901241 70902081 70902241
                  70907051 70907171 71002031 71002251 71006061 71007051 71007241 71008171 71009251
                  71011121 71014191 10211261 71102031 71102191 71105051 71107191 71109031 71109181
                  71201061 71204081 71206051 71207051 71209061 71210061 80102191 80106061 80106141
                  80107181 80111281 80115131 80202011 80206011 80215061 10212151 80303241 80306061
                  80309151 80311221 10213261 80404181 80409011 80413061 80505191 80511131 80601251
                  80603151 80605191 80608151 80611151 80702061 80706221 80709191 80709221 80710241
                  80711141 80713191 80714191 80803011 80805181 80808151 80808181 80811011 80905011
                  80905221 80909141 80909251 80912131 81002141 81002181 81006061 81006141 81009131
                  81009181 81012191 81101011 81103281 81105251 81107251 81207011 81209191 90201151
                  90302151 90302251 90303071 90303181 90304151
      H20_22      11205071 20301211 20615041 40504211 40710081 40904021 50501271 50506161 51002141
                  51102241 51208041 60310131 70305031 70802241 80702191 10305181 10315261 10403071
                  10403251 10403261 10406161 10406181 10408261 10409181 10410261 10503181 10503251
                  10504211 10507181 10512111 10602261 10607071 10607111 10608011 10611161 10612181
                  10613211 10615161 10615181 10703071 10705011 10707111 10713071 10714151 10715151
                  10808181 10811251 10906261 10907071 10908251 10909251 10909261 10910151 10910251
                  10910261 11002111 11006151 11009161 11009181 11009251 11014181 11101251 11103071
                  11112111 11114251 11207251 11211111 11212071 11215161 20105041 20105081 10102071
                  20110181 20111031 20111041 20115081 20201211 20207101 20208211 20215011 20306031
                  20308041 20310101 20311031 20311081 20313211 20402211 20403081 20403211 20405031
                  20405081 20406011 20406081 20417011 20501031 20507081 20508011 20508071 20510211
                  20512031 20512171 20512181 20513011 20516071 20602081 20604041 20604101 20606011
                  20608071 20609071 20609211 20610011 20613171 20613211 20614181 10106181 20615071
                  20615081 20701101 20703071 20704171 20706101 20709211 20711171 20712081 20801031
                  20801101 20801171 20804041 20808041 20810041 20812181 20814071 20814101 20816211
                  20903101 20906211 20916011 20916041 20916081 20916101 21003101 21008011 21009011
                  21014101 21015171 21016101 21102081 21112031 21209071 21210081 21213071 21215041
                  21216041 30103071 30104021 30106071 30109231 30110201 30110231 30115231 30203081
                  30205081 30205251 30208011 30209071 30209251 30212081 30212131 30212201 30212231
                  30212251 30216011 30301071 30303021 30305201 30310081 30311071 30312251 30407011
                  30408011 30408251 30413201 30501021 30505081 30508251 30509021 30510011 30511201
                  30513251 30515131 30602031 30604011 30604201 30604231 30611021 30612231 30613021
                  30702031 30702131 30702251 30708131 30712021 30712201 30716021 30716071 30716251
                  30801071 30814021 30815201 30816201 30901011 30907131 30910021 30910201 30911011
                  30911231 30913021 30914031 30915081 31001251 31002231 31003251 31004231 31006071
                  31008071 31009131 31010231 31014251 31016081 31016201 31103131 31104071 31104081
                  31112081 31203201 31205131 40102051 40103081 40106101 40107081 40107131 40107251
                  40108051 40110081 40117011 40117131 40120051 40120261 40124101 40202221 40204211
                  40211251 40214251 40215021 40215221 40218101 40219081 40220101 40220251 40223101
                  40223131 40225171 40303011 40304251 40306021 40307081 40307101 40310021 40314101
                  40321021 40325021 40405021 40408021 40411081 40415021 40417131 40502021 40505251
                  40507021 40508021 40603131 40603251 40606221 40607011 40612021 40612051 40613101
                  40704261 40707171 40708101 40713081 40802011 40802171 40806021 40809051 40810081
                  40813221 40816171 40816221 40817131 40817261 40904101 40907011 40914101 41002171
                  41003051 41008081 41010261 41011101 41012101 41013211 41014171 41015011 41015131
                  41016011 41104011 41105131 41110011 41112021 41112051 41113021 41201081 41203081
                  41203221 41204051 41204221 41205221 41205251 41207171 41213131 41215021 41215101
                  50202241 50207271 50208071 50304141 50306041 50311141 50403011 50403181 50411181
                  50503041 50503161 50504141 10204111 50505161 50605191 50609011 50701071 50702011
                  50702101 50704041 50705181 50708241 50712161 50712241 50802041 50805191 50806101
                  50807191 50811011 50904181 50905181 50910161 51003141 51003161 51007041 51007271
                  51010161 51011071 51103241 51105241 51111071 51111141 51202041 10205251 10208071
                  51209271 51211181 60109131 60109251 60109271 60205081 60206171 60208021 60209071
                  60209081 60209161 60210021 60307021 60401081 60402081 60403271 60405261 60406171
                  60407251 60410171 60412081 60413171 60503071 60506171 60507271 60509071 60510021
                  60510131 60511071 60602161 60606251 60607021 60607071 60610251 60704261 60713021
                  60713071 60802131 60803131 60804081 60804131 10209261 60809171 60811261 60903081
                  60905251 60905261 60909081 60910161 60913251 60913271 61012131 61015021 61104271
                  61110131 61209161 70106251 70112191 70112251 70113121 70201251 70202171 70205051
                  70205121 70208181 70210051 70212251 70302051 70303241 70305251 70405171 70405251
                  70406241 70410051 70410171 70411241 70412051 70501191 70502241 70505081 70508181
                  70509051 70606121 70612181 70614061 70704081 70708061 70708171 70711051 70712061
                  70712241 70801031 70802031 10211251 70804031 70806251 70807031 70812081 70901061
                  70901081 70902081 70903171 70903191 70907061 71007051 71009181 71010171 71010191
                  71012081 71013121 71013171 71014191 71103051 71105121 71107191 71109181 71112061
                  71204081 71207051 71207181 71212171 80101281 80103191 80106061 80107011 80110191
                  80111141 80113141 80116131 80205131 80206141 80307141 10213261 80313061 80505191
                  80507281 80510221 80603011 80608221 80613131 80709191 80713181 80804061 80804151
                  80805181 80808151 80809221 80813061 80813281 80905011 80909141 80910221 80912131
                  81001011 81002131 81002141 81002181 10215211 81006061 81006131 81006141 81006191
                  81007011 81009011 81012191 81013251 81101011 81105031 81105251 81107251 81201141
                  81203281 81206221 81212251 90302011 90302071 90305261
      H22_6       10910111 20116171 20205081 20602011 20615041 30417081 30912021 40116011 40221221
                  40504211 40516021 40710081 40710101 50501271 50506161 51002141 51002191 51208041
                  60310131 60808161 70113191 70305031 70802241 80301281 80312241 80405181 80405281
                  80702191 10302111 10303181 10303211 10305011 10305181 10307161 10308181 10310151
                  10315071 10315151 10402151 10403071 10403261 10405071 10406161 10407011 10407261
                  10409011 10409181 10410111 10410261 10411071 10413251 10502251 10504211 10507181
                  10513161 10514011 10607111 10607211 10607251 10611161 10612161 10613111 10615181
                  10703071 10703111 10707151 10708071 10710261 10711261 10712111 10712181 10713261
                  10714071 10714151 10715151 10802251 10803261 10804181 10806111 10808011 10808181
                  10808211 10810161 10810181 10810251 10902261 10903111 10904111 10908251 10909251
                  10910071 10910151 10910251 11003011 11006151 11008161 11008211 11009181 11014151
                  11014261 11015261 11103251 11106071 11107161 11109211 11112111 11113151 11201161
                  11202111 11204161 11207011 11207251 11208211 11209151 11209261 11210251 11214161
                  11215161 20103071 10102071 20106211 20109031 20109181 20110011 20110181 20111031
                  20111041 20112181 20113181 20114031 20114041 20115081 20116011 20201211 20203031
                  10105011 20205101 20207101 20208211 20211171 20211181 20212011 20213171 20215011
                  20216171 10105071 20302011 20304101 20305171 20306031 20306071 20308041 20309171
                  20310041 20310101 20310181 20311081 20312171 20313211 20401011 20401071 20401211
                  20402211 20403211 20404011 20404041 20405081 20406011 20406211 20408031 20501071
                  20502031 20502181 20506011 20507211 20508011 20508071 10105251 20510211 20512031
                  20512171 20513011 20513181 20516041 20516071 10106161 20602081 20603031 20603101
                  20604031 20604041 20604101 20605041 20605101 20606011 20607071 20607101 20608171
                  20609071 20610071 20612011 20613211 20614011 20614181 10106181 20615081 20701101
                  20703011 20704101 20705211 20706101 20710071 20711101 20711171 20801101 20802081
                  20804041 20805081 20807171 20808171 20809211 20810041 20812011 20814101 20814171
                  20815181 20819031 20819041 20903101 20903181 20904171 20905101 20906081 20906211
                  20907011 20907031 20907101 20907171 20907181 20911171 20913071 20914081 20914181
                  20916041 20916081 20916101 21004171 21007081 21009011 21009041 21010101 21011071
                  21014071 21014101 21015081 21016081 21101081 21102081 21104071 21104211 21105171
                  21112031 21201211 21202181 21204081 21205171 21208211 21210181 21213071 21215181
                  21216171 30103071 30104021 30105011 30106011 30109131 30110201 30110231 30202131
                  30202231 30205251 30208081 30209071 30209251 30211201 30212131 30212231 30213231
                  30216011 30301071 30302011 30302021 30303021 30305131 30306021 30307131 30308031
                  30310031 30310081 30311071 30402081 30403031 30404131 30404231 30405251 30406131
                  30407011 30408201 30408251 30409021 30409071 30409201 30411021 30411131 30413201
                  30414071 30415251 30417131 30502081 30505081 30507081 30508011 30508131 30508231
                  30508251 30509201 30513011 30513251 30515131 30516011 30601011 30602251 30603251
                  30604011 30604201 30609201 30611021 30612231 30613021 30614031 30614231 30616251
                  30701231 30702031 30702131 30702251 30703071 30708131 30708251 30710081 30712021
                  30715081 30716071 30716251 30801011 30801071 30802081 30802201 30803081 30803231
                  30804231 30805251 30810131 30811031 30812071 30812131 30816201 30901011 30903081
                  30903201 30905071 30907131 30908031 30910011 30910021 30910071 30910201 30911011
                  30911231 30912251 30913021 30914011 30915081 31002231 31003251 31005071 31006231
                  31008231 31009131 31009201 31011081 31016081 31016201 31103251 31104011 31104071
                  31104081 31106021 31106231 31107201 31109231 31109251 31111031 31112031 31112081
                  31113231 31115071 31201031 31201231 31203031 31204071 31205131 31213081 31213251
                  31217251 40102131 40102251 40103211 40106101 40106131 40107101 40107131 40107251
                  40108051 40110021 40113011 40114251 40116251 40117131 40119171 40120261 40121221
                  40123011 40202171 40202221 40203011 40203131 40203171 40204011 40204081 40204211
                  40209171 40211251 40213021 40215211 40215221 40215251 40217011 40218101 40219081
                  40220101 40220171 40220261 40221261 40224101 40224131 40224171 40225081 40225171
                  40301021 40303011 40307081 40310021 40311261 40312011 40312171 40312251 40313051
                  40314101 40315261 40316251 40316261 40318021 40320251 40321021 40325021 40401051
                  40401081 40401171 40402011 10113151 40403011 40405081 40405131 40407211 40408021
                  40409101 40409261 40411081 40413101 40414051 40416011 40416171 40501081 40502021
                  40502171 10114011 40506101 40507011 40507021 40507171 40508011 40508021 40508261
                  40509011 40511051 40512081 40512101 40512221 40514131 40515081 40515171 40516011
                  40603081 40603131 40603251 40606021 40607011 40608251 40609221 40611171 40612021
                  40612051 40613021 40613101 40704051 40704261 40707081 40707171 40708101 40711021
                  40713021 40713251 40714051 40715051 40715171 40802011 40802081 40802171 40803171
                  40804211 40804261 40806021 40807081 40809051 40809251 40810021 40810081 40816171
                  40816221 40817251 40817261 40903131 40904101 40904131 40904221 40905021 40906261
                  40907011 40912251 40913021 40913051 40914081 40916011 41002021 41002081 41005021
                  41007261 41008081 41010211 41011101 41011221 41013051 41013211 41013261 41014011
                  41014131 41014261 41016011 41016021 41016211 41101011 41102101 41103081 41105021
                  41105131 41107021 41107251 41108081 41108101 41110011 41112051 41115021 41201081
                  41201261 41203081 41203101 41204051 41204081 41204221 41205221 41205251 41207171
                  41208011 41210101 41213131 41216011 50102141 50103071 50106011 50110101 50201181
                  50202101 50202241 50205041 50205191 50207071 50208011 50208071 50208141 50208161
                  50208181 50208191 50210241 50211011 50301071 50302181 50303271 50304141 50304181
                  50306041 50309101 50310161 50402041 50405071 50405271 50406071 50406141 50408141
                  50409241 50411181 50501071 50503041 50503161 50504071 50504141 10204111 10205071
                  50506181 50507071 50508241 50510191 50511101 50601271 50605071 50606241 50607071
                  50609181 50611071 50702071 50703241 50705181 50707101 50708241 50710071 50712241
                  50802041 50804101 50804191 50806101 50806141 50807181 50807191 50808011 50808161
                  50808271 50811041 50811181 50901101 50902271 50904181 50904191 50905041 50905181
                  50907181 50908161 50908191 50909191 50910161 51001041 51001071 10205111 51003141
                  51003161 51004101 51005071 51005101 51007041 51011071 51011191 51102071 51102181
                  51103011 51103071 51104161 51104241 51105141 51106241 51110041 51111141 51202041
                  51202141 51203141 51204181 51207011 51207071 10205251 51208101 51208271 51209041
                  51209161 51209181 51211011 51211181 60106161 60106261 60107071 60107261 60109131
                  60109251 60109271 60110021 60203071 60208021 60209161 60211081 60212021 60213171
                  60302071 60303171 60304271 60305271 60307021 60307171 60309021 60313261 60313271
                  60401081 60401251 60401261 60402081 60402271 60403271 60405261 60406171 60407171
                  60409081 60409261 60410271 60411131 60413171 60502261 60503071 60503171 60503261
                  60506081 60507131 60508171 60509071 60510131 60510171 60511071 60512131 60512161
                  60513081 60601021 60602261 60603261 60604271 60605251 60607071 60607131 60608161
                  60611071 60611161 60612261 60702081 60703071 60704261 60705251 60706071 60706131
                  60707081 60708081 60708131 60710131 60713071 60802131 60803081 60803131 60804081
                  60804131 60804171 60805081 60806021 60806161 10209261 60809271 60810131 60810161
                  60810251 60814071 60814251 60903171 60904071 60908071 60909081 60911161 60911171
                  60912081 60913251 60913271 61001171 61002171 61002211 61006261 61010261 61011261
                  61012081 61012131 61015021 61016171 61102131 61107021 61107261 61108081 61108271
                  61110081 61110131 61110261 61112071 61112261 61208021 61208071 61208131 61209071
                  61210251 61211021 70101181 70101241 70102031 70103061 70104251 70106181 70106251
                  70107061 70108191 70109241 70110031 70111251 70112191 70113121 70201031 70201251
                  70202081 70202121 70202191 70204181 70205051 70205121 70205171 70207171 70209081
                  70210051 70210061 70211251 70212251 70213051 70304051 70305251 70307191 70308181
                  70309121 70310191 70312081 70401031 70402081 70402251 70403051 70404081 70404241
                  70405171 70405251 70406031 70406051 70406171 70406241 70406251 70407031 70407081
                  70408061 70408171 70410031 70410121 70411241 70412051 70413031 70414171 70501051
                  70501081 70501191 70503191 70504241 70505081 70506121 70506191 70507031 70507121
                  70511081 70511181 70512241 70601171 70603171 70606061 70606121 70606241 70607241
                  70608191 70609051 70609061 70609251 70611031 70612241 70612251 70702061 70705031
                  70706121 70706241 70707171 70708051 70708061 70708171 70710181 70712061 70712241
                  70801031 70801191 70802031 70802051 70802191 70802251 70806251 70808171 70809031
                  70809181 70812081 70813191 70901061 70901241 70902081 70903191 70904051 70904061
                  70904181 70905061 70906251 70907081 70907181 70907251 70908251 70909081 70910051
                  70911251 71001081 71001181 71002031 71002251 71003251 71007241 71008171 71009181
                  71009251 71010031 71013121 71013171 71014191 71101241 71104081 71105031 71105051
                  71105061 71106061 71106121 71106171 71107081 71109031 71110251 71111171 71201031
                  71201061 71204171 71205031 71206031 71206051 71206081 71206121 71207051 71207061
                  71207181 71208241 71211061 71212081 71212171 80106141 80109151 80109221 80110191
                  80111141 80111221 80111281 80112011 80113141 80116131 80201191 80202151 80203191
                  80206011 80206141 80213141 80215061 80216181 80216191 80301131 80301141 80303191
                  80304251 80305251 80306251 80307141 80307191 80311221 10213261 80315251 80401011
                  80401141 80401191 80402131 80404031 80409011 80410061 80410141 80412251 80413181
                  80505011 80505191 80507151 80508191 80601251 80603151 80605191 80607131 80608151
                  80610131 80610281 80611251 80702061 80702281 80708131 80709181 80710241 80711061
                  80714131 80802281 80804061 80804151 80804281 80805181 80808221 80809221 80810011
                  80811011 80812251 80813191 80901061 80902181 80902281 80905141 80908251 80909141
                  80910221 80911131 80913191 81002131 81002141 81002181 81004031 81006131 81006141
                  81007011 81007191 81008151 81009011 81009181 81013251 81101011 81102141 81103281
                  81105031 81105251 81107251 81108151 81113061 81201141 81201251 81203281 81204221
                  81205131 81206131 81206221 81208251 81211011 81212251 90202181 90204151 90205211
                  90301111 90302151 90302251 90303071 90304151 90304261 90305261

   2 WARNING(S) FOUND IN THE INPUT INSTRUCTIONS



4-class at level 1 (CW), 4-class at level 2 (CB) in Men - non-parametric approach
ordered polytomous variables for carb intake at each time slot over four
days of NDNS survey 2008/09 - 2015/16
variable 0 = not eating
1 = eating & carb provided < 50% calorie
2 = eating & carb provided >= 50% calorie
code created date: 2018-10-30
code updated date: 2018-10-30
author: Chaochen Wang

SUMMARY OF ANALYSIS

Number of groups                                                 1
Number of observations                                       10098

Number of dependent variables                                    7
Number of independent variables                                  0
Number of continuous latent variables                            0
Number of categorical latent variables                           2

Observed dependent variables

  Binary and ordered categorical (ordinal)
   H6_9        H9_12       H12_14      H14_17      H17_20      H20_22
   H22_6

Observed auxiliary variables
   DAYNO       AGE

Categorical latent variables
   CB          CW

Variables with special functions

  Cluster variable      ID
  ID variable           ID_DAY

  Within variables
   H6_9        H9_12       H12_14      H14_17      H17_20      H20_22
   H22_6


Estimator                                                      MLR
Information matrix                                        OBSERVED
Optimization Specifications for the Quasi-Newton Algorithm for
Continuous Outcomes
  Maximum number of iterations                                 100
  Convergence criterion                                  0.100D-05
Optimization Specifications for the EM Algorithm
  Maximum number of iterations                                 500
  Convergence criteria
    Loglikelihood change                                 0.100D-02
    Relative loglikelihood change                        0.100D-05
    Derivative                                           0.100D-02
Optimization Specifications for the M step of the EM Algorithm for
Categorical Latent variables
  Number of M step iterations                                    1
  M step convergence criterion                           0.100D-02
  Basis for M step termination                           ITERATION
Optimization Specifications for the M step of the EM Algorithm for
Censored, Binary or Ordered Categorical (Ordinal), Unordered
Categorical (Nominal) and Count Outcomes
  Number of M step iterations                                    1
  M step convergence criterion                           0.100D-02
  Basis for M step termination                           ITERATION
  Maximum value for logit thresholds                            15
  Minimum value for logit thresholds                           -15
  Minimum expected cell size for chi-square              0.100D-01
Maximum number of iterations for H1                           2000
Convergence criterion for H1                             0.100D-03
Optimization algorithm                                         EMA
Integration Specifications
  Type                                                    STANDARD
  Number of integration points                                  15
  Dimensions of numerical integration                            0
  Adaptive quadrature                                           ON
Random Starts Specifications
  Number of initial stage random starts                        250
  Number of final stage optimizations                          125
  Number of initial stage iterations                            10
  Initial stage convergence criterion                    0.100D+01
  Random starts scale                                    0.500D+01
  Random seed for generating random starts                       0
Parameterization                                             LOGIT
Link                                                         LOGIT
Cholesky                                                       OFF

Input data file(s)
  ../../Mplusdata/NDNS_Tslots_men.dat
Input data format  FREE


SUMMARY OF DATA

     Number of missing data patterns             1
     Number of y missing data patterns           0
     Number of u missing data patterns           1
     Number of clusters                       2537



COVARIANCE COVERAGE OF DATA

Minimum covariance coverage value   0.100


UNIVARIATE PROPORTIONS AND COUNTS FOR CATEGORICAL VARIABLES

    H6_9
      Category 1    0.318         3210.000
      Category 2    0.177         1789.000
      Category 3    0.505         5099.000
    H9_12
      Category 1    0.241         2431.000
      Category 2    0.299         3018.000
      Category 3    0.460         4649.000
    H12_14
      Category 1    0.207         2093.000
      Category 2    0.458         4626.000
      Category 3    0.335         3379.000
    H14_17
      Category 1    0.308         3108.000
      Category 2    0.328         3311.000
      Category 3    0.364         3679.000
    H17_20
      Category 1    0.134         1353.000
      Category 2    0.592         5975.000
      Category 3    0.274         2770.000
    H20_22
      Category 1    0.355         3587.000
      Category 2    0.382         3859.000
      Category 3    0.263         2652.000
    H22_6
      Category 1    0.624         6300.000
      Category 2    0.199         2007.000
      Category 3    0.177         1791.000


RANDOM STARTS RESULTS RANKED FROM THE BEST TO THE WORST LOGLIKELIHOOD VALUES

Final stage loglikelihood values at local maxima, seeds, and initial stage start numbers:

          -68187.307  152496           123
          -68187.457  618000           190
          -68187.960  686482           215
          -68203.836  573096           20
          -68205.847  165853           105
          -68213.886  648555           113
          -68215.046  569131           26
          -68215.185  17359            227
          -68218.086  59674            240
          -68219.846  973369           202
          -68244.924  793035           187

114 perturbed starting value run(s) did not converge.



THE BEST LOGLIKELIHOOD VALUE HAS BEEN REPLICATED.  RERUN WITH AT LEAST TWICE THE
RANDOM STARTS TO CHECK THAT THE BEST LOGLIKELIHOOD IS STILL OBTAINED AND REPLICATED.


THE MODEL ESTIMATION TERMINATED NORMALLY



MODEL FIT INFORMATION

Number of Free Parameters                      239

Loglikelihood

          H0 Value                      -68187.307
          H0 Scaling Correction Factor      1.7036
            for MLR

Information Criteria

          Akaike (AIC)                  136852.615
          Bayesian (BIC)                138578.217
          Sample-Size Adjusted BIC      137818.709
            (n* = (n + 2) / 24)



MODEL RESULTS USE THE LATENT CLASS VARIABLE ORDER

   CB  CW

  Latent Class Variable Patterns

         CB        CW
      Class     Class

         1         1
         1         2
         1         3
         1         4
         2         1
         2         2
         2         3
         2         4
         3         1
         3         2
         3         3
         3         4
         4         1
         4         2
         4         3
         4         4


FINAL CLASS COUNTS AND PROPORTIONS FOR THE LATENT CLASS PATTERNS
BASED ON ESTIMATED POSTERIOR PROBABILITIES

  Latent Class
    Pattern

    1  1        507.22644          0.05023
    1  2        333.79315          0.03306
    1  3        501.16102          0.04963
    1  4        873.47456          0.08650
    2  1        670.33192          0.06638
    2  2        472.84538          0.04683
    2  3        660.06185          0.06537
    2  4        582.00954          0.05764
    3  1        766.50257          0.07591
    3  2        566.22189          0.05607
    3  3        488.27536          0.04835
    3  4        355.43991          0.03520
    4  1        366.72204          0.03632
    4  2        683.18902          0.06766
    4  3       1350.33708          0.13372
    4  4        920.40826          0.09115


FINAL CLASS COUNTS AND PROPORTIONS FOR EACH LATENT CLASS VARIABLE
BASED ON ESTIMATED POSTERIOR PROBABILITIES

  Latent Class
    Variable    Class

    CB             1      2215.65527          0.21942
                   2      2385.24878          0.23621
                   3      2176.43970          0.21553
                   4      3320.65625          0.32884
    CW             1      2310.78296          0.22884
                   2      2056.04956          0.20361
                   3      2999.83545          0.29707
                   4      2731.33228          0.27048


FINAL CLASS COUNTS AND PROPORTIONS FOR THE LATENT CLASS PATTERNS
BASED ON THEIR MOST LIKELY LATENT CLASS PATTERN

Class Counts and Proportions

  Latent Class
    Pattern

    1  1              463          0.04585
    1  2              320          0.03169
    1  3              558          0.05526
    1  4              855          0.08467
    2  1              595          0.05892
    2  2              585          0.05793
    2  3              643          0.06368
    2  4              555          0.05496
    3  1              792          0.07843
    3  2              581          0.05754
    3  3              487          0.04823
    3  4              300          0.02971
    4  1              304          0.03010
    4  2              477          0.04724
    4  3             1713          0.16964
    4  4              870          0.08616


FINAL CLASS COUNTS AND PROPORTIONS FOR EACH LATENT CLASS VARIABLE
BASED ON THEIR MOST LIKELY LATENT CLASS PATTERN

  Latent Class
    Variable    Class

    CB             1            2196          0.21747
                   2            2378          0.23549
                   3            2160          0.21390
                   4            3364          0.33314
    CW             1            2154          0.21331
                   2            1963          0.19439
                   3            3401          0.33680
                   4            2580          0.25550


CLASSIFICATION QUALITY

     Entropy                         0.673


Average Latent Class Probabilities for Most Likely Latent Class Pattern (Row)
by Latent Class Pattern (Column)

  Latent Class Variable Patterns

  Latent Class         CB        CW
   Pattern No.      Class     Class

         1             1         1
         2             1         2
         3             1         3
         4             1         4
         5             2         1
         6             2         2
         7             2         3
         8             2         4
         9             3         1
        10             3         2
        11             3         3
        12             3         4
        13             4         1
        14             4         2
        15             4         3
        16             4         4

           1        2        3        4        5        6        7        8        9

    1   0.598    0.025    0.094    0.186    0.009    0.001    0.014    0.000    0.007
    2   0.026    0.605    0.063    0.202    0.033    0.025    0.004    0.002    0.001
    3   0.098    0.052    0.588    0.162    0.005    0.003    0.007    0.001    0.009
    4   0.132    0.072    0.081    0.615    0.004    0.002    0.009    0.008    0.003
    5   0.001    0.025    0.006    0.009    0.735    0.028    0.065    0.076    0.004
    6   0.001    0.010    0.005    0.005    0.120    0.644    0.047    0.092    0.017
    7   0.008    0.000    0.003    0.009    0.070    0.057    0.731    0.062    0.005
    8   0.000    0.006    0.006    0.021    0.104    0.001    0.083    0.726    0.004
    9   0.003    0.000    0.004    0.004    0.006    0.009    0.006    0.004    0.672
   10   0.002    0.001    0.003    0.013    0.006    0.005    0.011    0.018    0.099
   11   0.010    0.008    0.007    0.022    0.011    0.010    0.012    0.000    0.068
   12   0.007    0.003    0.004    0.017    0.018    0.010    0.017    0.002    0.131
   13   0.020    0.008    0.010    0.012    0.037    0.002    0.016    0.003    0.026
   14   0.027    0.001    0.004    0.007    0.001    0.004    0.027    0.000    0.009
   15   0.008    0.003    0.004    0.018    0.005    0.005    0.002    0.006    0.032
   16   0.007    0.000    0.008    0.020    0.000    0.001    0.016    0.008    0.009

          10       11       12       13       14       15       16

    1   0.001    0.005    0.003    0.011    0.030    0.010    0.008
    2   0.003    0.012    0.002    0.005    0.003    0.011    0.000
    3   0.009    0.013    0.004    0.007    0.009    0.023    0.012
    4   0.008    0.009    0.002    0.005    0.007    0.025    0.017
    5   0.002    0.008    0.008    0.018    0.000    0.012    0.001
    6   0.008    0.012    0.011    0.002    0.002    0.021    0.001
    7   0.006    0.005    0.006    0.008    0.013    0.006    0.011
    8   0.014    0.002    0.001    0.001    0.000    0.022    0.007
    9   0.070    0.044    0.098    0.005    0.014    0.043    0.016
   10   0.674    0.086    0.041    0.002    0.007    0.012    0.021
   11   0.095    0.630    0.081    0.006    0.012    0.026    0.001
   12   0.096    0.117    0.545    0.012    0.009    0.012    0.002
   13   0.002    0.005    0.021    0.588    0.066    0.141    0.043
   14   0.008    0.008    0.012    0.056    0.683    0.059    0.094
   15   0.002    0.011    0.009    0.058    0.097    0.632    0.109
   16   0.005    0.001    0.002    0.020    0.128    0.071    0.704


MODEL RESULTS

                                                    Two-Tailed
                    Estimate       S.E.  Est./S.E.    P-Value

Within Level

Latent Class Pattern 1 1

 Thresholds
    H6_9$1            -3.332      1.493     -2.232      0.026
    H6_9$2             0.524      1.124      0.467      0.641
    H9_12$1           -0.259      0.545     -0.474      0.635
    H9_12$2            1.802      0.940      1.918      0.055
    H12_14$1          -2.432      1.020     -2.384      0.017
    H12_14$2           0.817      0.326      2.506      0.012
    H14_17$1          -0.603      0.477     -1.264      0.206
    H14_17$2           1.286      0.702      1.832      0.067
    H17_20$1          -0.952      0.380     -2.505      0.012
    H17_20$2           1.495      0.797      1.876      0.061
    H20_22$1          -2.423      1.557     -1.557      0.120
    H20_22$2           1.879      0.946      1.987      0.047
    H22_6$1            0.924      0.732      1.263      0.207
    H22_6$2            2.952      0.633      4.666      0.000

Latent Class Pattern 1 2

 Thresholds
    H6_9$1             1.317      0.688      1.915      0.055
    H6_9$2             7.292      5.779      1.262      0.207
    H9_12$1          -15.000      0.000    999.000    999.000
    H9_12$2            0.591      0.370      1.597      0.110
    H12_14$1          -0.029      0.333     -0.087      0.931
    H12_14$2           2.372      0.602      3.937      0.000
    H14_17$1          -1.270      0.429     -2.958      0.003
    H14_17$2           1.509      0.293      5.155      0.000
    H17_20$1          -1.282      0.361     -3.555      0.000
    H17_20$2           2.343      0.517      4.532      0.000
    H20_22$1          -1.601      0.684     -2.342      0.019
    H20_22$2           2.563      0.746      3.433      0.001
    H22_6$1           -0.149      0.334     -0.446      0.656
    H22_6$2            3.310      0.874      3.789      0.000

Latent Class Pattern 1 3

 Thresholds
    H6_9$1            -1.834      0.783     -2.342      0.019
    H6_9$2             9.940      2.140      4.644      0.000
    H9_12$1           -2.836      4.812     -0.589      0.556
    H9_12$2           -0.639      0.943     -0.677      0.498
    H12_14$1          -1.865      0.590     -3.161      0.002
    H12_14$2           1.001      0.203      4.935      0.000
    H14_17$1          -1.474      0.758     -1.944      0.052
    H14_17$2           0.523      0.233      2.244      0.025
    H17_20$1          -2.335      0.973     -2.399      0.016
    H17_20$2           0.955      0.212      4.497      0.000
    H20_22$1          -0.556      0.346     -1.608      0.108
    H20_22$2           1.074      0.253      4.253      0.000
    H22_6$1            0.639      0.476      1.342      0.180
    H22_6$2            1.689      0.335      5.038      0.000

Latent Class Pattern 1 4

 Thresholds
    H6_9$1            -1.214      0.456     -2.664      0.008
    H6_9$2             0.525      0.318      1.654      0.098
    H9_12$1           -1.380      0.571     -2.416      0.016
    H9_12$2            1.571      0.642      2.445      0.014
    H12_14$1          -1.222      0.289     -4.225      0.000
    H12_14$2           1.510      0.291      5.188      0.000
    H14_17$1          -0.915      0.240     -3.808      0.000
    H14_17$2           1.811      0.368      4.927      0.000
    H17_20$1          -3.860      4.396     -0.878      0.380
    H17_20$2           2.147      0.416      5.157      0.000
    H20_22$1          -0.310      0.586     -0.528      0.597
    H20_22$2           2.253      0.423      5.324      0.000
    H22_6$1           -0.009      0.309     -0.029      0.977
    H22_6$2            2.080      0.366      5.689      0.000

Latent Class Pattern 2 1

 Thresholds
    H6_9$1             1.948      0.377      5.163      0.000
    H6_9$2             2.491      0.483      5.157      0.000
    H9_12$1           -2.730      2.057     -1.327      0.184
    H9_12$2           -0.462      0.357     -1.297      0.195
    H12_14$1           0.751      0.344      2.186      0.029
    H12_14$2           1.202      0.340      3.531      0.000
    H14_17$1          -2.037      0.402     -5.069      0.000
    H14_17$2           0.364      0.154      2.367      0.018
    H17_20$1          -0.647      0.208     -3.110      0.002
    H17_20$2           1.015      0.196      5.186      0.000
    H20_22$1          -0.504      0.182     -2.775      0.006
    H20_22$2           1.054      0.200      5.276      0.000
    H22_6$1            0.114      0.195      0.585      0.559
    H22_6$2            1.146      0.221      5.183      0.000

Latent Class Pattern 2 2

 Thresholds
    H6_9$1             2.588      0.656      3.945      0.000
    H6_9$2             2.782      0.685      4.062      0.000
    H9_12$1           -2.615      1.137     -2.301      0.021
    H9_12$2           -1.201      0.407     -2.949      0.003
    H12_14$1         -15.000      0.000    999.000    999.000
    H12_14$2           0.243      0.201      1.208      0.227
    H14_17$1          -0.323      0.271     -1.193      0.233
    H14_17$2           0.324      0.194      1.674      0.094
    H17_20$1          -1.600      0.332     -4.819      0.000
    H17_20$2           0.815      0.205      3.971      0.000
    H20_22$1         -15.000      0.000    999.000    999.000
    H20_22$2           0.047      0.315      0.150      0.881
    H22_6$1            0.537      0.331      1.620      0.105
    H22_6$2            1.481      0.399      3.716      0.000

Latent Class Pattern 2 3

 Thresholds
    H6_9$1             0.116      0.367      0.315      0.753
    H6_9$2             0.540      0.372      1.450      0.147
    H9_12$1            1.563      0.826      1.894      0.058
    H9_12$2            2.022      0.763      2.650      0.008
    H12_14$1          -0.609      0.324     -1.880      0.060
    H12_14$2           0.649      0.154      4.206      0.000
    H14_17$1          -0.335      0.307     -1.089      0.276
    H14_17$2           0.736      0.209      3.525      0.000
    H17_20$1          -0.729      0.191     -3.810      0.000
    H17_20$2           0.799      0.144      5.530      0.000
    H20_22$1          -0.649      0.213     -3.040      0.002
    H20_22$2           1.068      0.194      5.509      0.000
    H22_6$1           -0.216      0.171     -1.265      0.206
    H22_6$2            0.911      0.177      5.149      0.000

Latent Class Pattern 2 4

 Thresholds
    H6_9$1             2.294      0.513      4.476      0.000
    H6_9$2             2.299      0.457      5.028      0.000
    H9_12$1           -1.640      0.289     -5.681      0.000
    H9_12$2           -0.495      0.209     -2.368      0.018
    H12_14$1          -1.510      0.352     -4.289      0.000
    H12_14$2           0.691      0.184      3.757      0.000
    H14_17$1           0.352      0.211      1.664      0.096
    H14_17$2           1.198      0.253      4.734      0.000
    H17_20$1          -4.616      1.460     -3.162      0.002
    H17_20$2           0.738      0.194      3.809      0.000
    H20_22$1           1.699      0.736      2.310      0.021
    H20_22$2           1.699      0.736      2.310      0.021
    H22_6$1            0.315      0.265      1.188      0.235
    H22_6$2            1.099      0.250      4.402      0.000

Latent Class Pattern 3 1

 Thresholds
    H6_9$1            -2.017      0.316     -6.377      0.000
    H6_9$2            -1.491      0.279     -5.337      0.000
    H9_12$1           -2.466      0.477     -5.173      0.000
    H9_12$2           -1.179      0.367     -3.215      0.001
    H12_14$1          -2.440      0.388     -6.280      0.000
    H12_14$2           0.213      0.178      1.200      0.230
    H14_17$1          -1.684      0.464     -3.631      0.000
    H14_17$2          -0.853      0.328     -2.601      0.009
    H17_20$1          -4.750      9.669     -0.491      0.623
    H17_20$2           0.785      0.437      1.795      0.073
    H20_22$1          -1.964      0.782     -2.511      0.012
    H20_22$2          -0.784      0.297     -2.637      0.008
    H22_6$1            0.921      0.600      1.533      0.125
    H22_6$2            1.092      0.472      2.315      0.021

Latent Class Pattern 3 2

 Thresholds
    H6_9$1            -1.689      0.522     -3.238      0.001
    H6_9$2            -1.162      0.322     -3.608      0.000
    H9_12$1           -1.710      0.398     -4.299      0.000
    H9_12$2           -0.549      0.295     -1.860      0.063
    H12_14$1          -2.149      0.492     -4.367      0.000
    H12_14$2           0.368      0.210      1.749      0.080
    H14_17$1          -1.024      0.306     -3.343      0.001
    H14_17$2          -0.247      0.244     -1.013      0.311
    H17_20$1          -3.874      1.616     -2.396      0.017
    H17_20$2           0.578      0.229      2.529      0.011
    H20_22$1           0.612      1.149      0.533      0.594
    H20_22$2           1.257      0.692      1.815      0.069
    H22_6$1          -15.000      0.000    999.000    999.000
    H22_6$2           -0.765      0.393     -1.945      0.052

Latent Class Pattern 3 3

 Thresholds
    H6_9$1            -1.271      0.326     -3.903      0.000
    H6_9$2            -0.724      0.333     -2.173      0.030
    H9_12$1           -3.247      0.633     -5.131      0.000
    H9_12$2           -0.407      0.318     -1.280      0.200
    H12_14$1          -1.543      0.377     -4.095      0.000
    H12_14$2           0.752      0.239      3.143      0.002
    H14_17$1          -2.162      0.494     -4.375      0.000
    H14_17$2          -0.084      0.226     -0.370      0.711
    H17_20$1          -2.198      0.428     -5.133      0.000
    H17_20$2           1.196      0.315      3.793      0.000
    H20_22$1          -2.261      1.269     -1.782      0.075
    H20_22$2           2.759      1.175      2.348      0.019
    H22_6$1           -1.685      1.002     -1.681      0.093
    H22_6$2            1.346      1.084      1.241      0.214

Latent Class Pattern 3 4

 Thresholds
    H6_9$1            -1.076      1.462     -0.736      0.462
    H6_9$2            -0.864      1.210     -0.714      0.475
    H9_12$1           -1.841      0.506     -3.638      0.000
    H9_12$2           -0.249      0.357     -0.698      0.485
    H12_14$1          -1.251      1.013     -1.235      0.217
    H12_14$2          -0.014      0.527     -0.026      0.979
    H14_17$1          -2.770      4.545     -0.609      0.542
    H14_17$2           0.005      0.440      0.011      0.991
    H17_20$1          -1.099      0.490     -2.241      0.025
    H17_20$2          -0.072      0.923     -0.078      0.938
    H20_22$1          -3.456      5.210     -0.663      0.507
    H20_22$2          -0.025      0.968     -0.026      0.979
    H22_6$1           -0.280      1.529     -0.183      0.855
    H22_6$2            0.141      1.108      0.127      0.899

Latent Class Pattern 4 1

 Thresholds
    H6_9$1            -1.374      0.491     -2.799      0.005
    H6_9$2            -0.542      0.325     -1.669      0.095
    H9_12$1           -0.989      0.509     -1.942      0.052
    H9_12$2            0.301      0.311      0.971      0.332
    H12_14$1           0.677      0.578      1.171      0.241
    H12_14$2           1.541      0.493      3.126      0.002
    H14_17$1          -4.198      2.864     -1.466      0.143
    H14_17$2           0.562      0.250      2.251      0.024
    H17_20$1          -0.230      0.332     -0.691      0.489
    H17_20$2           1.156      0.346      3.339      0.001
    H20_22$1          -0.594      0.309     -1.924      0.054
    H20_22$2           0.856      0.287      2.980      0.003
    H22_6$1            1.922      0.494      3.886      0.000
    H22_6$2            2.617      0.458      5.712      0.000

Latent Class Pattern 4 2

 Thresholds
    H6_9$1           -15.000      0.000    999.000    999.000
    H6_9$2            -2.103      0.517     -4.067      0.000
    H9_12$1            0.299      0.389      0.770      0.441
    H9_12$2            0.885      0.309      2.863      0.004
    H12_14$1          -3.586      1.239     -2.893      0.004
    H12_14$2           0.546      0.230      2.373      0.018
    H14_17$1          -0.363      0.274     -1.322      0.186
    H14_17$2           0.384      0.230      1.672      0.095
    H17_20$1          -1.087      0.429     -2.533      0.011
    H17_20$2           1.167      0.319      3.665      0.000
    H20_22$1          -1.667      0.434     -3.845      0.000
    H20_22$2           1.161      0.387      3.000      0.003
    H22_6$1            1.898      0.435      4.366      0.000
    H22_6$2            3.643      0.653      5.583      0.000

Latent Class Pattern 4 3

 Thresholds
    H6_9$1            -1.346      0.203     -6.622      0.000
    H6_9$2            -1.179      0.216     -5.463      0.000
    H9_12$1          -15.000      0.000    999.000    999.000
    H9_12$2           -0.175      0.245     -0.714      0.475
    H12_14$1          -1.688      0.261     -6.455      0.000
    H12_14$2           0.444      0.104      4.281      0.000
    H14_17$1          -0.766      0.288     -2.661      0.008
    H14_17$2           0.749      0.203      3.692      0.000
    H17_20$1          -3.134      0.756     -4.146      0.000
    H17_20$2           0.935      0.121      7.703      0.000
    H20_22$1          -0.323      0.333     -0.970      0.332
    H20_22$2           1.146      0.229      5.007      0.000
    H22_6$1            2.605      0.395      6.588      0.000
    H22_6$2            3.642      0.625      5.831      0.000

Latent Class Pattern 4 4

 Thresholds
    H6_9$1            -3.482      0.416     -8.365      0.000
    H6_9$2            -1.164      0.179     -6.511      0.000
    H9_12$1            0.568      0.543      1.046      0.295
    H9_12$2            1.048      0.538      1.947      0.052
    H12_14$1          -2.494      0.344     -7.245      0.000
    H12_14$2           0.414      0.140      2.946      0.003
    H14_17$1           0.460      0.252      1.825      0.068
    H14_17$2           1.002      0.239      4.186      0.000
    H17_20$1         -15.000      0.000    999.000    999.000
    H17_20$2           0.586      0.151      3.885      0.000
    H20_22$1           0.835      0.512      1.631      0.103
    H20_22$2           1.108      0.266      4.170      0.000
    H22_6$1            1.773      0.316      5.616      0.000
    H22_6$2            2.452      0.302      8.123      0.000

Between Level

Categorical Latent Variables

Within Level

 Intercepts
    CW#1              -0.920      0.443     -2.075      0.038
    CW#2              -0.298      0.404     -0.739      0.460
    CW#3               0.383      0.299      1.282      0.200

Between Level

 CW#1       ON
    CB#1               0.377      0.716      0.526      0.599
    CB#2               1.061      0.570      1.861      0.063
    CB#3               1.689      0.828      2.039      0.041

 CW#2       ON
    CB#1              -0.664      0.707     -0.939      0.348
    CB#2               0.090      0.511      0.177      0.860
    CB#3               0.763      0.913      0.836      0.403

 CW#3       ON
    CB#1              -0.939      0.686     -1.368      0.171
    CB#2              -0.257      0.411     -0.626      0.531
    CB#3              -0.066      0.744     -0.089      0.929

 Means
    CB#1              -0.402      0.139     -2.895      0.004
    CB#2              -0.325      0.141     -2.296      0.022
    CB#3              -0.422      0.142     -2.965      0.003


QUALITY OF NUMERICAL RESULTS

     Condition Number for the Information Matrix              0.595E-09
       (ratio of smallest to largest eigenvalue)


SAVEDATA INFORMATION


  Save file
    ../../MplusOutput/MultilevelMen/CW4CB4m.txt

  Order and format of variables

    H6_9           F10.3
    H9_12          F10.3
    H12_14         F10.3
    H14_17         F10.3
    H17_20         F10.3
    H20_22         F10.3
    H22_6          F10.3
    DAYNO          F10.3
    AGE            F10.3
    CPROB1         F10.3
    CPROB2         F10.3
    CPROB3         F10.3
    CPROB4         F10.3
    CPROB5         F10.3
    CPROB6         F10.3
    CPROB7         F10.3
    CPROB8         F10.3
    CPROB9         F10.3
    CPROB10        F10.3
    CPROB11        F10.3
    CPROB12        F10.3
    CPROB13        F10.3
    CPROB14        F10.3
    CPROB15        F10.3
    CPROB16        F10.3
    CB             F10.3
    CW             F10.3
    MLCJOINT       F10.3
    ID_DAY         F12.0
    ID             I9

  Save file format
    28F10.3 F12.0 I9

  Save file record length    10000


DIAGRAM INFORMATION

  Mplus diagrams are currently not available for Mixture analysis.
  No diagram output was produced.


     Beginning Time:  13:58:38
        Ending Time:  14:18:51
       Elapsed Time:  00:20:13



MUTHEN & MUTHEN
3463 Stoner Ave.
Los Angeles, CA  90066

Tel: (310) 391-9971
Fax: (310) 391-8971
Web: www.StatModel.com
Support: Support@StatModel.com

Copyright (c) 1998-2018 Muthen & Muthen
