Mplus VERSION 8.3 (Linux)
MUTHEN & MUTHEN
05/06/2019   4:16 PM

INPUT INSTRUCTIONS

  TITLE:    2-class at level 1 (CW), 4-class at level 2 (CB) in Year 5-8 - non-parametric ap
            ordered polytomous variables for carb intake at each time slot over four
            days of NDNS survey 2008/09 - 2015/16
            variable 0 = not eating
                     1 = eating & carb provided < 50% calorie
                     2 = eating & carb provided >= 50% calorie
            code created date: 2018-10-30
            code updated date: 2019-05-06
            author: Chaochen Wang

  DATA:
  File is "../../../Mplusdata/NDNS_Tslots_Y58.dat";


  VARIABLE:  NAMES = id DayNo Age Sex H6_9 H9_12 H12_14 H14_17 H17_20 H20_22
                    H22_6 id_day;

            USEVAR = H6_9 H9_12 H12_14 H14_17 H17_20 H20_22 H22_6;

            auxiliary = DayNo Age Sex;

            CATEGORICAL =  H6_9 H9_12 H12_14 H14_17 H17_20 H20_22 H22_6;

            IDVARIABLE = id_day;

            MISSING are .;

            CLASSES = CB(4) CW(2);
        BETWEEN = CB;
            WITHIN = H6_9 H9_12 H12_14 H14_17 H17_20 H20_22 H22_6;
            CLUSTER = id;


  ANALYSIS:  TYPE = TWOLEVEL MIXTURE;
           STARTS = 100 50;
          PROCESS = 15(starts);


  MODEL:
        %WITHIN%
        %OVERALL%

        %BETWEEN%
        %OVERALL%
        CW ON CB;

  SAVEDATA:
      FILE IS  "../../../MplusOutput/Year58/CW2CB4.txt";
    save is cprob;
   format is free;



*** WARNING
  Input line exceeded 90 characters. Some input may be truncated.
  TITLE:    2-class at level 1 (CW), 4-class at level 2 (CB) in Year 5-8 - non-parametric app
*** WARNING
  One or more individual-level variables have no variation within a
  cluster for the following clusters.

     Variable   Cluster IDs with no within-cluster variation

      H6_9        50104191 50105161 50306241 50310271 50506161 50710161 51002141 51102241 51203191
                  51205141 51208041 51209071 60202081 60202261 60405161 60508071 60808161 61013261
                  61102251 61109081 70113191 70302241 70311251 70407251 70703181 70812251 70815241
                  70908241 71101061 71206191 80108061 80301061 80301281 80308251 80312241 80611131
                  81002251 81004251 81005191 81110061 81110131 81203221 81210131 50207181 50208011
                  50208101 50208141 50208161 50208191 50209041 50209101 50209241 50209271 50210241
                  50210271 50211191 50301071 50301141 50302101 50302181 50302191 50304011 50306041
                  50307071 50307161 50307181 50308041 50308071 50308181 50308271 50309071 50309101
                  50310071 50310161 50310191 50310241 50102141 50311141 50311161 50312011 50312071
                  50312271 50401161 50402161 50402191 50403101 50403141 50403191 50406071 50406101
                  50406141 50406181 50406191 50407041 50407071 50407161 50407241 50407271 50409011
                  50409101 50409191 50409271 50410041 50411181 50501071 50501191 50503041 50503161
                  50504011 50504071 50504241 50103011 50505191 50103071 50506181 50506241 50507041
                  50507071 50508101 50508241 50508271 50509101 50510041 50511011 50512011 50512141
                  50512181 50512191 50512271 50601011 50602181 50603011 50603141 50603161 50603191
                  50604041 50604181 50605241 50607101 50607141 50608141 50609181 50701041 50701071
                  50701161 50701271 50702041 50702071 50702141 50702271 50704011 50704041 50704181
                  50704191 50704241 50705141 50705181 50706041 50706071 50706181 50708041 50708181
                  50709101 50709191 50103101 50712011 50712071 50712191 50801181 50801241 50802041
                  50802191 50803041 50803071 50804041 50804101 50804191 50806241 50807011 50807241
                  50808011 50808101 50808161 50808191 50809241 50810041 50810181 50811041 50811181
                  50811191 50811241 50901191 50902011 50902041 50902101 50902181 50904181 50905041
                  50905181 50905191 50907181 50907191 50908141 50909271 50910071 50910141 50910161
                  50911011 50911181 50912011 51001101 51002071 50103241 50104011 51003101 51003141
                  51003161 51003241 50104161 51004101 51004241 51004271 51005071 51006101 51007101
                  51008071 51008181 51009011 51010041 51011101 51011161 51011181 51011191 51101041
                  51102181 51103041 51103101 51103161 51103191 51103241 51104011 51104161 51104241
                  51105161 51105181 51105191 51105241 51105271 51106011 51106141 51106241 51107181
                  51108041 51108071 51108101 51109011 51109141 51109191 51110041 51111071 51111141
                  51111181 51111271 51201241 51202041 51202241 51202271 51203141 51203161 51203271
                  51204041 51204071 51205011 51205101 51205161 51205191 51206181 51208101 51208271
                  50106011 51209101 51209181 51210241 51211011 51211181 60101171 60101261 60103081
                  60104161 60105251 60105261 60106271 60107251 60108261 60109021 60109081 60109251
                  60110021 60110081 60110131 60111171 60111211 60112021 60113071 60113161 60113171
                  60201131 60201161 60201211 50106181 60202161 60203071 60203161 60204131 60204171
                  60205081 60205161 60206021 60206071 60206171 60207071 60207161 60207261 60208021
                  60208171 60209131 60209161 60209171 60210021 60211081 60212021 60212161 60213171
                  60213261 60302261 60303161 60303261 60303271 60304071 60304261 60306171 60307021
                  60307071 60307171 60308131 60308271 60309021 60309131 50107041 60310161 60311251
                  60311261 60402071 60402081 60402171 60403261 60404271 60405021 60405131 50107141
                  60405251 60405261 60406021 60407021 60407161 60407171 60408131 60408271 60409081
                  60409211 60409251 60409261 60409271 60410071 60411131 60411261 60411271 60412161
                  60412271 60413161 60413171 60414131 60502261 60502271 60503071 60503261 60504081
                  60504161 60504171 60504251 60506021 60506081 60506161 60507131 60507261 50108011
                  60509081 60509171 60510021 60510131 60510171 60510271 60511071 60512131 60513021
                  60601021 60601131 60602261 60603261 60604171 60605021 60607071 60608071 60608161
                  60608171 60608211 60609021 60609271 60610131 60610251 60611071 60611131 60611161
                  60611271 60612261 60701171 60702161 60703071 60703271 60704131 60704161 60706021
                  60706171 60706251 60706261 60708021 60708081 60709021 60709071 60710131 60711261
                  60712021 60712131 60713021 60801171 60802081 60802131 60802261 60803081 60803251
                  60803261 60804081 60804131 60804161 60805131 60805271 60806021 60806161 60806171
                  60806261 60808131 60808251 60808271 60809021 60809131 60809271 60810131 60810251
                  60810261 60811131 60811261 60812131 60813071 60813131 60813261 60814131 60814271
                  60901081 60901131 60901251 60901261 60902071 60902261 60903081 60903171 60904161
                  60904171 60904261 60906071 60906131 60907021 60909161 60909211 60910021 60910131
                  60910161 60911131 60911161 60911171 60912071 60912081 60913021 60913251 61001131
                  61001261 61002171 61003081 61003161 61004071 61005021 61006261 61009081 61009171
                  61009211 61010161 61012021 61012171 61012261 61013071 61013271 61014161 61015021
                  61015131 61015251 61015261 61016161 61016171 61102021 50109041 61103271 61104021
                  61104251 61104261 61105021 61105271 61106081 61106271 61107071 61107081 61107171
                  61107261 61108271 61109161 61110081 61110131 61110161 61111131 61111171 61111251
                  61112021 61112251 61113131 61113261 61201021 61201261 61202081 61204161 61206021
                  61206161 61206171 61206261 61207131 61208021 61208071 61208171 61209021 61209081
                  61209131 61210081 61210131 61210251 61211021 70101031 70102061 70102121 70102191
                  70103061 70103191 70103241 70104031 70105121 70106241 70106251 70108191 70109031
                  70109081 70109171 70109191 70109241 70110031 70110081 70110191 70111251 70112191
                  70113121 70201031 70201181 70201251 70202081 70202121 70202191 70204121 70204181
                  70204251 70205121 70206031 70206121 70206181 70207191 70207241 70208181 70209121
                  70210051 70210061 70210081 70212051 70212061 70212171 70213031 70213191 70213241
                  70301181 70302051 70302121 70302191 70303051 70303121 70303171 70303251 50110071
                  70305171 70306051 70306181 70307081 70307121 70307171 70307181 70307191 70307251
                  70308171 70309121 50110101 70310191 70312241 70312251 70401171 70402051 70402121
                  70402251 70404121 70404171 70405191 70405251 70406031 70406251 70407031 70407051
                  70407081 70407121 50111011 70408031 70408181 70408251 70410031 70410121 70410171
                  70410191 70411031 70411241 70412051 70412081 70413241 70413251 70414171 70501031
                  70501061 70501081 70501121 70501191 70502181 70503051 70503061 70504181 70505181
                  70506121 70507031 70511181 70511241 70511251 70512191 70601171 70602031 70602051
                  70602081 70602121 70603241 70604171 70604181 70604251 70605051 70605061 70605181
                  70605191 70606061 70606081 70606181 70606241 70607051 70607121 70608171 70609051
                  70609171 70609181 70609191 70609251 70611061 70611081 70612061 70612171 70612181
                  70612191 70612241 70614181 70701081 70701191 70702061 70702191 70703061 70703191
                  70703251 70704191 70705031 70705051 70705251 70706031 70706241 70707031 70707241
                  70708061 70708171 70709051 70709181 70709251 70710031 70710051 70710061 70710191
                  70710241 70710251 70711051 70711121 70712181 70712251 70714031 70714121 50201071
                  70714191 70801031 70801051 70801121 70802031 70802051 70802191 50201141 70802251
                  70803191 70804031 70804191 70804251 70805051 70805061 70806031 70806051 70806251
                  70807081 70807121 70808251 70809031 70809181 70810241 70812031 70812081 70812121
                  50201181 70813191 70815081 70901191 70901241 70902031 70902081 70902121 70902171
                  70902241 70903171 70904031 70904051 70904191 70905061 70906121 70906181 70907031
                  70907051 70907181 50202101 70910081 70910181 70910251 70911061 70911081 71001051
                  71001081 71001181 71002051 71002061 71003061 71003081 71003191 71003251 71004171
                  71005031 71005121 71005191 71007051 71008031 71008171 71009031 71009081 71009181
                  71010171 71011051 71011061 71011121 71011241 71013121 71013171 71014051 71014121
                  71014191 71014251 71101241 71102031 71102051 71102121 71104241 71105121 71105171
                  71106061 71106121 71106181 71107081 71107121 71107191 71108031 71108081 71108171
                  71108241 71109121 71110181 71110241 71111171 71112181 71113181 71113191 71113241
                  71113251 71202121 71203081 71204061 71204121 71204171 71204241 71205031 71205061
                  71206081 71206171 50202161 71207061 71207251 71208051 71208121 71209031 71209181
                  71211191 80101141 80101241 80102011 80102141 80102191 80103141 80104011 80106061
                  80106141 80106281 80107011 80107131 80107141 50202241 80108141 80108181 80108281
                  80111131 80111281 80112011 80112061 80112251 80113151 80114061 80116131 80201191
                  80202011 80203031 80203061 80204251 80205131 80205181 80206011 80206031 80206141
                  80206151 80209031 80211031 80211061 80211141 80211181 80211281 80213141 80213251
                  80213281 80214061 80215221 80216141 80216151 80216191 80301141 50203241 80302131
                  50203271 80302251 80303251 80304031 80304141 80304241 80305141 80305251 80306061
                  80306151 80306181 80307191 80308011 80309221 80310181 80310221 80311131 80311191
                  80311251 80312011 80312151 50204101 80313191 80315061 80315131 80401011 80401151
                  80401221 80402251 80403221 80403251 80404181 80404191 80407141 80407281 80408221
                  80409011 80409031 80409131 80409151 80410151 80410181 80410191 80411251 80413061
                  80413141 80413151 80413181 80501061 80501141 80502061 80502141 80503011 80504181
                  80504281 80505131 80506221 80507011 80507151 80507191 80507221 80508131 80508191
                  80511131 80511191 80513031 80513151 80513281 80601011 80601131 80603151 80604191
                  80604221 80604251 80605181 80605191 80605281 80606011 80606221 80607011 80607131
                  80607181 80607221 80607251 80608191 80609031 80609151 80609181 80610131 80610141
                  80610281 50205041 80611141 80611151 80611251 80612061 80612131 80612181 80612241
                  80612281 80613131 80613181 80701221 80702061 80702181 80702281 80703061 80703141
                  80704281 80705131 80707031 80707281 80708031 80708131 80709131 80710011 80711191
                  80711281 80712191 80713011 80713181 50205141 80801131 80801181 80802131 80802151
                  80803011 80803281 80804011 80804151 80804281 80805131 80805181 80805281 80807131
                  80807191 80808251 80809031 80809181 80809281 80810181 80810191 80810221 80812191
                  80812251 80813181 80813221 80901061 80902011 80903191 80904011 80904141 80904281
                  80905141 80905221 80906131 80906141 80906191 80906221 80907131 80907151 80908191
                  80908251 80909141 80909151 80909251 80910221 80911131 80911251 80912011 80912061
                  80913061 80913131 81002131 81002151 81002181 81002191 50205191 81004011 50205241
                  81006011 81006061 81006251 50206071 81007251 81007281 81008011 81008061 81008131
                  81008141 81008281 81009011 81009131 81011011 81011281 81012151 81013181 81013251
                  81103281 81104251 81105031 81105241 81105251 81106141 81108151 81109011 81110011
                  81110221 81111191 81112011 81112061 81201251 81202181 81202191 81202251 81204221
                  81205281 81206131 81206221 81207281 81208251 81209061 81209131 81210221 81211011
                  81212061 81212221
      H9_12       50306241 51002141 51004011 51102241 51208041 51209071 60206161 60310131 60405161
                  60606271 60808161 61013261 70302241 70407251 70815241 71101061 71206191 80108061
                  80301061 80301281 80302191 80312241 80405181 80410131 80611131 80805191 81002251
                  81004251 81005191 81110061 81110131 81203221 50207181 50208011 50208101 50208191
                  50209041 50209271 50210141 50210271 50211191 50301071 50301141 50303271 50304011
                  50304101 50304141 50304161 50304181 50305271 50306041 50102011 50307181 50308071
                  50309101 50310071 50310161 50310191 50310241 50312101 50402161 50402241 50403101
                  50403191 50406101 50406181 50406191 50407071 50408141 50409011 50409101 50409141
                  50411181 50412181 50501191 50502041 50503161 50504011 50506101 50103071 50506241
                  50507041 50507071 50508101 50508241 50508271 50509041 50510071 50511011 50511101
                  50511241 50512191 50512271 50601011 50601271 50602181 50603161 50604271 50605241
                  50607071 50607141 50609161 50702101 50702161 50702271 50704241 50705181 50706011
                  50706141 50706181 50707241 50708041 50709101 50103101 50710271 50712011 50712241
                  50712271 50801011 50801141 50802041 50802191 50806101 50808241 50809161 50809241
                  50811191 50811241 50901191 50901241 50902011 50902041 50902271 50904101 50904191
                  50905041 50906011 50906071 50907181 50909191 50911011 50911161 51001101 50104011
                  51003141 51003161 51004101 51005071 51006041 51009161 51010041 51010161 51011011
                  51011071 51011101 51011161 51011181 51101041 51102181 51103011 51103161 51104011
                  51104161 51105101 51105271 51106141 51107181 51107191 51109071 51109141 51109191
                  51111181 51111271 51202011 51202041 51202241 51203011 51203141 51203161 50105011
                  51203271 51204071 51204181 51205161 51205191 51206181 51208271 51209101 51209181
                  51210141 51211011 51211181 60101261 60103161 60104131 60106021 60107251 60108261
                  60109251 60110021 60110081 60111171 60112021 60113161 60201131 60201211 60202161
                  60203161 60206021 60208021 60209131 60209171 60210021 60212161 60213171 60213261
                  60301131 60301251 60302071 60302081 60303271 60304131 60304261 60307171 60307261
                  60308271 60313271 60403261 60405251 60405261 60406021 60406271 60407161 60408081
                  60409261 60409271 60410131 60413161 60413171 60501021 60502271 60503071 60503171
                  60503251 60504081 60504171 60505171 60506021 60506161 60507131 60508021 60509071
                  60510021 60510171 60510251 60510271 60511251 60601021 60601171 60602161 60602261
                  60603131 60604161 60604171 60604271 60605211 60607071 60607131 60607211 60609071
                  60609271 60610131 60611071 60611081 60611161 60611271 60703071 60704161 60704171
                  60705021 60706021 60706081 60706131 60706171 60708021 60709021 60709131 60711261
                  60712071 60712131 60713021 60801171 60802081 60803081 60804161 60804171 60805131
                  60805271 60806021 60808131 50108071 60808251 60808261 60809131 60810131 60810251
                  60810261 60812171 60813131 60813171 60901131 60902071 60902261 60904161 60905021
                  60906071 60906171 60907021 60910161 60911161 60912071 60912081 60913251 61001021
                  61001261 61002081 61002171 61004071 61004171 61005021 61007071 61007251 61010161
                  61011171 61011261 61012261 50108161 61014161 61015171 61101271 61102131 61104021
                  61105271 61106081 61106251 61107021 61107071 61108081 61109161 61110081 61110131
                  61110251 61112021 61112251 61206261 61208021 61208071 61209021 61209071 61210131
                  61211021 70102121 70103251 70104121 70106251 70108051 70109081 70109191 70110081
                  70111081 70112191 70112251 70113121 70201031 70202051 70202181 70202191 70204081
                  70204191 70205081 70206031 70206181 70207171 70208051 70209081 70210191 70211061
                  70212031 70212051 70213031 70301181 70302121 70302191 70304051 70307081 70307121
                  70307171 70307191 70308081 70308171 70308251 70309081 50110101 70310031 70310121
                  70310191 50110271 70312191 70401121 70401191 70403061 70404241 70405251 70406181
                  70407031 70407051 70407171 70409121 70410121 70411241 70412031 70412051 70413241
                  70414171 70501031 70501061 70501251 70505121 70505191 70507031 70509081 70509121
                  70510251 70511031 70511081 70511181 70601171 70602051 70604031 70604171 70604181
                  70605051 70606081 70606241 70607051 70608191 70609051 70609061 70609171 70611031
                  70611061 70611081 70612191 70612241 70612251 70614061 70703061 70703251 70704031
                  70704081 70705121 70706241 70707081 70707181 70707241 70708051 70708061 70708171
                  70709241 70709251 70710031 70710241 70710251 70712081 70712251 70713031 70713181
                  70714031 50201071 70714191 70801031 70801061 70802031 70802051 70802191 70804251
                  70805061 70806051 70807031 70809051 70810241 70810251 70812081 70812121 70813031
                  70814191 70901051 70901061 70901081 70901241 70902031 70902081 70902121 70902241
                  70903171 70903191 70904051 70904191 70904241 70905051 70907171 70907191 70910051
                  70910121 70910191 71001051 71002171 71005191 71006051 71008031 71008171 71008191
                  71009241 71010171 71011031 71013121 71014121 71101241 71102031 71102051 71103171
                  71107121 71107191 71108241 71109121 71109181 71110241 71112061 71201031 71202121
                  71203051 71204121 71204241 71205191 71206121 71206181 50202161 71209061 71209181
                  71210061 71211031 71212171 80101141 80101281 80103011 80103241 80106061 80106141
                  80106191 80107011 80107151 80107191 50202241 80109011 80109221 80112061 80113011
                  80114061 80115131 80203031 80203151 80204251 80205131 80205141 80205151 80206151
                  80206241 80207131 80208131 80209031 80212151 80213011 80213131 80213251 80216151
                  80301151 80304031 80304251 80305141 80305221 80305241 80306061 80306151 80306181
                  80307191 80309131 80309221 80310061 80310141 80311131 80312061 80312221 80315061
                  80315221 80401011 80401151 80403251 80404181 80404191 50204271 80407151 80409011
                  80409031 80409151 80410181 80411221 80413151 80413181 80501061 80501141 80502061
                  80503011 80505131 80506221 80508131 80508141 80509131 80512141 80512181 80513141
                  80513151 80513281 80603221 80605191 80605281 80606011 80607011 80607251 80608151
                  80608191 80608221 80609151 80609191 80610281 80611011 80611251 80612031 80612241
                  80612281 80613131 80702181 80702281 80703141 80705131 80706181 80709281 80711011
                  80711141 80711191 80712251 80713011 80713181 80714141 80714191 80714251 80801011
                  80802131 80802281 80803281 80804061 80804151 80804281 80805131 80807191 80807241
                  80808181 80808221 80810011 80810181 80811011 80811061 80811181 80813181 80813221
                  80901011 80904141 80904221 80906131 80906141 80907151 80909141 80909151 80910141
                  80910221 80911221 80912011 80912061 80912181 80913131 81002131 50205191 50205241
                  81004281 81006011 81006151 81006251 81007281 81008061 81008281 81011011 81011281
                  81012151 81013251 81014131 81101061 50206161 81103281 81104251 81105031 81108181
                  81109191 50207071 81111141 81111241 81112061 81202131 81202181 81203281 81206061
                  81206221 81207011 81208251 81209061 81209131 81210221 81211011
      H12_14      50104191 50306241 50310271 50506161 51002141 51203191 60202261 60606271 70113191
                  70305031 70407251 70908241 80611131 80713281 80805191 50208101 50208191 50209141
                  50210241 50211191 50301071 50304181 50305181 50305271 50306101 50102011 50308071
                  50309101 50310161 50402161 50402191 50403011 50406101 50406181 50409101 50411181
                  50412271 50501191 50504011 50504241 50506181 50507071 50508241 50510071 50511181
                  50602071 50603241 50605191 50606071 50607071 50608041 50611271 50701271 50702141
                  50702161 50704041 50704101 50704181 50706141 50706181 50710271 50712071 50712161
                  50801141 50801241 50802041 50806101 50806241 50807011 50808241 50811241 50901191
                  50902271 50906181 50907181 50908041 50909271 50910181 50912191 51001101 51003161
                  51005101 51005241 51006041 51009011 51009141 51009161 51009181 51011071 51011181
                  51011191 51103071 51104181 51105241 51106011 51106161 51107181 51111071 51111181
                  51112141 51201241 51202041 51205191 51206271 51207191 51208271 60101261 60103131
                  60103161 60104171 60106071 60106261 60111131 60111211 60112021 60113071 60113171
                  50106241 60204171 60206021 60206171 60207261 60208021 60212021 60302271 60307021
                  60308131 60313271 60402081 60402251 60403161 60405261 60406271 60407251 60408271
                  60409211 60409261 60409271 60410271 60411131 60411261 60412161 60413161 60413171
                  60501071 60501171 60502271 60503071 60503161 60503251 60506021 60506161 60507271
                  60509131 60510271 60512021 60605211 60607021 60607071 60609071 60610161 60611161
                  60611251 60612271 60701071 60702071 60703171 60705021 60706251 60707021 60708021
                  60708081 60709131 60709171 60711131 60712071 60713071 60801271 60803081 60805131
                  60805271 60808251 60810261 60812171 60813171 60901251 60905081 60905251 60907131
                  60908171 60909211 50108141 60910071 60910261 60911161 60911251 60913251 61001171
                  61002211 61005131 61006171 61007071 61012171 61013071 61013271 61103171 61105021
                  61106261 61106271 61107071 50109241 61109161 61109271 61110131 61112081 61112211
                  61201021 61201211 61201261 61203271 61205081 61206021 61207131 61208071 61209021
                  61209131 61209161 61209251 61210251 70101241 70103241 70104251 70106251 70108191
                  70109081 70109191 70110031 70110081 70112191 70202121 70202181 70204031 70205081
                  70206181 70207171 70207241 70209081 70212051 70213031 70302121 70307191 70309081
                  70309121 70309171 70309181 70311121 70311191 70312081 70402051 70403051 70403061
                  70406051 70406171 70406251 70407171 70408031 70408171 70410031 70410051 70410181
                  70410241 70413241 70502241 70504241 70507241 70510251 70511241 70601171 70601241
                  70602121 70605051 70606081 70606121 70606241 70609061 70611031 70611081 70611241
                  50111181 70614251 70702171 70703081 70703251 70704171 70706121 70708061 70710061
                  70711051 70801051 70804031 70806031 70806051 70807031 70807081 70807121 70808031
                  70812031 70812081 70812121 70901061 70904051 70905061 70907061 70907191 70911081
                  71001051 71002061 71002251 71003061 71003081 71003251 71005181 71006061 71006241
                  71008051 71008171 71010241 71014051 71101241 71102121 71104051 71106181 71107081
                  71107121 71107191 71112061 71113251 71202121 71204051 71204081 71204121 71206081
                  71207121 71208061 71208191 71209181 80101131 80101241 80102011 80103131 80103191
                  80106141 80107061 80107141 80107151 80107181 80110191 80111221 80112221 80112251
                  80115131 80201241 80203151 80206141 80206151 80206221 80206251 80208281 80213251
                  80301221 50203271 80302251 80303191 80303251 80309131 80310221 80311221 80315251
                  80401011 80401141 80404031 80404181 80405061 80407141 80407281 80410061 80410151
                  80412181 80412281 80413141 80413181 80503191 80504181 80505011 80505191 80507221
                  80507281 80508191 80509131 80512141 80513141 80601011 80603151 80605281 80607181
                  80607251 80610011 50205041 80611151 80612281 80613221 80702281 80703061 80703181
                  80703251 80705011 80707031 80709011 80709191 80711191 80711281 80712191 80712251
                  50205141 80801011 80804061 80804151 80805131 80805181 50205161 80805281 80811011
                  80811191 80811221 80812191 80812221 80813221 80904011 80906141 80910151 80910221
                  80912181 81002131 81006191 81007281 81008281 81009131 81012151 81013251 81014191
                  81103281 81104251 81105251 81106141 81106151 81107131 81109181 50206191 81110221
                  81110241 81111241 81112061 81202191
      H14_17      50710161 51208041 60202081 60202261 60310131 60808161 61109081 70113191 70302241
                  70407251 70613181 70703181 71206191 80301061 80405281 80702191 80713281 81101221
                  81203221 50208101 50208181 50301071 50301181 50304011 50305011 50102011 50308271
                  50309101 50312011 50312071 50402161 50402241 50405071 50406071 50406141 50411181
                  50501071 50503161 50504141 50506071 50103071 50507071 50508161 50508241 50511011
                  50511101 50511241 50512271 50602011 50602271 50603141 50604101 50604141 50604271
                  50605191 50605241 50607141 50611041 50611271 50701271 50702161 50704011 50705101
                  50709191 50709241 50710241 50710271 50711071 50712011 50712161 50712191 50801141
                  50801271 50802041 50806101 50806141 50807011 50807191 50809241 50811241 50901191
                  50902041 50902101 50904191 50909181 50909271 50910161 50911011 50912011 51001011
                  51001101 51003101 51003241 51004101 51005101 51008181 51011071 50101011 51104241
                  51105241 51106181 51111071 51111141 51111181 51205191 51207011 51207071 51210181
                  51211011 60101261 60103131 60103161 60104171 60105251 60105261 60106021 60108021
                  60108261 60109131 60110021 60111171 60112131 60113071 60201211 60204171 60205081
                  60206171 60207261 60211081 60212161 60301251 60303161 60307021 60308131 60309131
                  60402081 60404271 60405131 50107141 60406171 60409081 60409271 60410171 60411271
                  60413161 60413171 60415161 60501171 60503161 60506021 60507271 60510021 60510171
                  60511251 60512161 60602081 60604171 60604261 60607131 60608161 60609071 60609081
                  60611081 60701261 60702021 60703071 60703171 60703271 60704171 60705021 60705161
                  60705171 60706021 60706071 60706081 60706171 60710251 60710261 60711161 60711261
                  60712021 60712071 60802261 60803081 60804251 60805081 60805131 60805161 60806161
                  60806261 60808081 60811271 60813171 60901131 60901261 60905251 60906131 60908081
                  60908171 60909161 60910021 60910131 60910251 60911161 60912071 61001131 61001261
                  61008271 61015131 61106261 61107021 61108081 61110131 61111171 61111251 61112271
                  61113251 61201021 61206261 70101031 70101081 70102191 70103251 70104031 70108051
                  70109081 70109171 70110121 70110191 70112191 70113061 70113121 70113251 70201031
                  70202121 70202191 70202241 70204031 70204121 70204241 70204251 70205051 70207241
                  70210051 70211191 70302191 70303081 70303171 70305121 70305241 70305251 70308171
                  70308251 70309121 70309171 50110101 70310031 70310121 50110191 70311191 50110271
                  70312081 70401171 70402051 70402121 70402181 70404031 70404081 70406051 70406061
                  70406171 70407031 70407171 70408251 70409121 70410121 70410191 70410241 70412081
                  70413241 70501031 70501121 70507121 70509121 70511181 70511241 70511251 70602031
                  70602051 70604051 70604171 70604251 70606081 70606241 70609191 70611031 70612191
                  70612241 70613251 70614061 70702061 70708061 70709181 70712241 70803191 70804251
                  70805171 70806051 70806251 70807081 70807241 70809051 70809181 70810241 70811251
                  70812081 50201181 70902181 70902241 70907051 70907181 70909081 71002171 71002191
                  71006031 71007051 71007181 71008031 71008171 71008191 71009061 71009181 71010171
                  71011241 71013121 71014251 71101121 71101181 71102251 71103051 71104241 71105121
                  71106121 71108121 71108241 71112061 71113251 71201191 71204051 71204121 71204241
                  71206251 71207121 71207181 71210061 71212081 71212171 80101141 80101281 80102191
                  80107131 80107141 80107181 80111131 80112061 80113281 80203031 80203221 80204251
                  80205151 80205181 80206011 80206141 80206151 80206191 80208281 80211251 80215011
                  80215151 80301151 80302251 80303251 80304251 80305141 80306061 80307181 80307191
                  80308011 80309131 80309281 80310141 80312221 80315061 80315131 80401141 80401151
                  80401221 80403251 80404031 80404181 80407141 80407151 80408141 80411221 80412281
                  80413151 80413181 80502221 80503191 80504181 80506221 80509011 80509221 80510131
                  80513031 80513151 80604061 80605191 80606011 80607011 80607191 80613191 80702061
                  50205101 80702281 80703061 80703251 80708191 80709151 80710251 80711131 80711151
                  80711191 80712251 80714141 80801011 80802061 80804151 80805181 50205161 80808061
                  80808251 80809011 80811191 80811221 80812251 80813281 80902061 80904141 80906011
                  80906151 80907251 80908241 80909011 80910221 80912061 81002131 81004281 81006011
                  81006191 81006251 81007011 50206071 81007281 81008061 81008131 81008151 81009131
                  81013191 81013251 81102011 81103281 81104251 81105251 50207071 81111241 81112011
                  81112061 81202131 81202181 81205251 81205281 81206061 81207011 81207281 50207141
      H17_20      50501271 50506161 51002141 51208041 51209071 60206161 60310131 60508071 61013261
                  70407251 70613181 70703181 70815241 80301281 80611131 81110131 50207271 50208161
                  50209041 50210141 50210241 50301181 50302041 50302101 50302181 50303181 50304241
                  50305271 50102011 50307041 50307181 50308181 50309241 50310241 50102141 50401241
                  50402161 50402191 50403141 50403181 50403191 50405071 50405241 50407071 50407101
                  50409141 50409241 50409271 50410141 50411191 50412241 50501071 50102241 50502041
                  50503161 50504071 50504191 50103011 50506181 50507071 50508101 50508241 50509041
                  50510191 50511181 50512191 50512271 50602141 50603191 50604011 50604271 50605071
                  50609191 50610011 50702011 50703241 50703271 50704191 50705161 50706011 50707101
                  50707241 50708181 50708241 50709041 50709101 50709191 50709241 50710271 50712161
                  50801271 50803191 50806101 50806141 50806161 50806191 50807011 50807181 50807241
                  50808161 50809241 50810071 50810181 50811041 50811241 50901191 50902011 50902241
                  50904071 50905191 50906011 50909181 50909271 50911161 50911181 51001101 50103241
                  50104011 51003101 51003161 51004101 51004271 51005241 51006041 51009181 51010191
                  51011161 51104041 51105161 51105241 51107191 51108041 51109011 51110041 51111041
                  51111071 51111181 51202011 51205161 51206011 51206071 51206241 51207041 51207071
                  51208071 51209101 51210141 51210241 60101261 60103131 60103171 60105251 60106021
                  60106261 60107131 60109131 60109271 60111171 60112131 60113071 60113171 60201161
                  50106181 50106241 60203021 60203071 60203271 60204171 60204251 60204271 60205071
                  60206171 60207071 60208171 60209161 60211081 60212161 60212211 60213251 60213261
                  60302081 60302271 60303261 60304021 60304071 60304171 60304271 60305081 60305131
                  60307261 60309021 60310071 60311131 60312251 60401261 60402081 60404271 60406171
                  60406211 60407251 60407261 60408081 60408271 60409211 60410271 60412271 60413161
                  60415271 60501171 60502271 60503261 60506161 60507271 50108011 60509081 60509171
                  60510021 60510171 60602081 60605021 60609071 60609081 60609271 60610251 60611081
                  60611161 60611251 60702021 60702071 60702161 60703071 60703171 60704161 60704251
                  60706161 60706261 60709131 60711171 60713071 60802261 60803131 60804261 60810261
                  60811131 60811271 60812171 60814171 60902071 60902131 60905171 60905251 60907131
                  60908081 60908171 60911251 60912071 60912081 60913251 61001271 61002211 61007071
                  61007131 61008271 61009071 61009171 61010021 61011261 61012161 61012171 61012261
                  61015161 61015171 61016161 61103021 61104271 61105021 61105271 61107071 61108131
                  61108271 61109171 61110131 61111131 61113271 61205261 61206071 61206161 61209071
                  61209271 70101081 70102061 70102191 70103061 70103181 70103241 70103251 70106241
                  70108051 70109191 70110081 70110191 70112051 70112191 70202121 70202181 70205051
                  70207171 70209081 70211061 70212061 70212171 70213031 70213191 70213241 70301121
                  70303251 70305241 70306181 70307081 70308081 70308181 50110101 70310031 70310121
                  70402051 70402081 70404031 70405191 70406051 70406171 70407031 70407051 70408031
                  70408061 70409181 70410031 70410181 70412051 70502181 70502241 70507061 70507241
                  70509051 70509191 70511081 70601061 70602031 70604251 70605171 70605191 70606081
                  70606121 70606241 70608171 70609051 70609171 70609181 70610031 70611031 70611081
                  70612031 70612081 70612251 70614251 70701031 70701081 70702061 70702171 70702191
                  70702241 70703061 50201041 70704031 70705031 70706241 70707051 70707241 70710061
                  70710181 70710241 70801031 70801061 70801121 70802051 50201141 70804051 70806171
                  70806251 70807081 70807121 70809081 70810241 70811251 70812031 70812081 50201181
                  70813121 70814081 70814181 70814251 70815081 70901081 70901241 70902081 70902171
                  70902241 70904031 70905251 70907051 70907171 50202101 70910121 70911081 70911241
                  71002031 71002191 71002251 71006031 71006061 71007051 71007241 71008171 71009251
                  71011031 71011121 71014191 71101121 71101181 71102031 71102191 71105051 71107191
                  71108051 71108081 71108171 71109031 71109181 71110051 71201061 71204081 71206051
                  71207051 71208191 71209061 71210061 71210241 80102141 80102191 80105131 80106061
                  80106141 80106191 80107181 80109061 80111031 80111281 80112251 80112281 80113011
                  80114141 80115031 80115131 80202011 80204251 80205191 80205251 80206011 80206241
                  80208131 80208281 80211221 80212241 80213131 80214011 80215061 80216151 80302131
                  50203271 80303241 80304191 80304281 80305141 80306061 80308011 80309151 80310061
                  80310221 80311131 80311221 80312011 80402191 80404181 80405151 80407281 80408131
                  80409011 80409131 80410191 80412281 80413061 80413141 80501061 80503011 80505191
                  80509221 80510131 80510141 80511131 80601061 80601251 80603151 80604061 80604191
                  80605191 80607221 80607251 80608151 80610181 50205041 80611151 80612281 80613221
                  80701151 80701241 80702061 80702251 80703011 80706141 80706221 80707031 80708221
                  80709191 80709221 80710151 80710241 80711141 80711241 80711281 80713191 50205141
                  80714191 80803011 80805181 80808151 80808181 80809011 80809031 80809191 80809281
                  80810141 80811011 80811061 80811191 80812191 80905011 80905221 80907151 80907191
                  80909141 80909251 80910141 80911221 80911251 80912131 80912251 80913061 80913131
                  81002141 81002181 50205191 81003131 50206011 81006061 81006141 81006151 81007031
                  81007251 81007281 81008011 81008281 81009131 81009181 81012191 81013191 81014011
                  81101011 81101191 81102011 81103281 81104131 81104251 81105251 81106141 81107251
                  81109011 81110221 81112061 81205281 81207011 81207141 81209191 81210221
      H20_22      50306241 50501271 50506161 51002141 51102241 51208041 60202261 60310131 60508071
                  70305031 70407251 70613181 70802241 70815241 71206191 80702191 80713281 81110131
                  81210131 50207271 50208071 50211101 50211191 50301141 50302191 50303181 50304141
                  50306041 50308071 50308271 50309071 50310191 50311141 50312011 50312071 50402161
                  50402191 50403011 50403181 50403191 50406181 50406241 50407101 50407241 50409011
                  50411181 50412241 50501191 50502041 50503041 50503161 50504141 50505161 50506101
                  50506241 50508161 50509041 50510141 50511011 50511241 50512141 50512181 50512191
                  50602181 50603011 50603161 50604041 50605191 50605241 50608041 50609011 50611141
                  50701011 50701041 50701071 50701271 50702011 50702101 50704011 50704041 50704101
                  50704181 50705141 50705181 50708041 50708241 50709141 50709191 50710011 50710271
                  50712071 50712161 50712241 50801101 50802041 50802101 50802161 50803041 50803071
                  50805191 50806101 50807101 50807191 50807241 50808101 50810041 50810141 50811011
                  50904101 50904181 50905181 50906141 50908041 50908141 50909181 50910161 50912191
                  51002071 50103241 51003141 51003161 51003241 51004271 51006041 51007041 51007271
                  51010161 51010191 51011011 51011071 51103241 51105241 51106041 51107161 51108191
                  51109011 51109071 51109101 51109141 51111071 51111141 51111191 51202041 51202161
                  51202241 51203271 51204071 50105141 51206241 51209271 51210181 51211181 60101261
                  60105251 60106071 60109081 60109131 60109171 60109251 60109271 60111271 60112131
                  60113071 60113171 60202211 60202271 60203021 60203261 60204171 60205081 60206021
                  60206171 60208021 60209071 60209081 60209161 60210021 60211271 60306171 60307021
                  50107101 60401081 60402081 60402251 60403271 60404021 60404271 60405021 50107141
                  60405251 60405261 60406171 60407251 60407261 60409271 60410131 60410171 60412081
                  60412161 60413171 60414131 60503071 60504081 60505171 60506171 60507271 60509021
                  60509071 60509171 60510021 60510131 60510271 60511021 60511071 60602161 60604171
                  60605021 60606251 60607021 60607071 60607211 60608211 60609071 60609081 60610251
                  60611081 60612271 60704161 60704261 60705071 60706021 60708171 60711171 60711261
                  60713021 60713071 60802131 60803131 60804081 60804131 60805131 60808071 60808081
                  60808261 60809131 60809171 60811261 60814131 60814211 60814261 60901081 60901131
                  60901261 60903081 60905251 60905261 60907021 60909081 50108141 60910161 60910171
                  60910251 60912071 60913021 60913251 60913271 61001261 61005131 61006171 61008251
                  61010161 61011131 61012021 61012131 61014161 61015021 61016161 61104271 61109161
                  61109171 61110131 61111171 61111251 61112021 61112081 61113271 61201021 61201261
                  61206071 61206171 61209161 70101081 70102061 70102191 70103031 70103191 70104031
                  70106251 70108051 70112191 70112251 70113121 70114051 70201251 70202051 70202171
                  70205051 70205121 70206031 70206121 70206181 70206191 70208181 70209121 70210051
                  70210191 70212031 70212251 70213191 70301181 70301241 70302051 50110041 70303081
                  70303241 70305241 70305251 70306181 70306251 70307031 70307171 70308051 70308251
                  70310031 70311121 70405171 70405251 70406061 70406181 70406241 70410051 70410171
                  70411241 70412051 70501191 70502181 70502241 70503051 70505081 70505181 70505241
                  70507241 70508181 70509051 70601031 70602031 70604051 70605051 70606121 70609191
                  70611061 70612051 70612181 70614061 70704081 70706031 70706171 70706251 70707081
                  70707121 70708061 70708171 70710051 70711051 70712061 70712081 70712241 70713031
                  70801031 70802031 70803191 70804031 70804051 70806051 70806251 70807031 70808251
                  70810241 70812081 70813181 70814171 70814251 70901061 70901081 70902081 70902181
                  70903171 70903191 70905121 70907061 70910081 70910251 70911241 71002061 71002191
                  71003061 71004171 71007051 71008031 71009181 71009241 71010171 71010191 71012081
                  71013121 71013171 71013191 71014191 71102051 71102251 71103051 71105121 71107191
                  71108171 71109181 71112061 71203061 71204081 50202161 71207051 71207121 71207181
                  71208121 71208191 71212171 80101251 80101281 80103131 80103191 80103241 80104151
                  80105011 80105151 80106061 80107011 50202241 80109011 80110191 80111141 80112061
                  80113011 80113141 80113281 80114141 80116131 80205131 80205151 80206141 80206151
                  80206221 80206241 80207251 80210061 80211141 80211221 80213251 80213281 80215221
                  80216141 50203271 80305241 80306151 80307141 80310131 80312221 80313061 80315131
                  80315181 80406251 80409031 80409151 80411251 80412191 80413151 80501061 80502221
                  80503011 80505191 80507281 80509131 80510221 80513151 80513281 80601131 80601191
                  80603011 80604221 80604251 80606011 80607221 80608011 80608191 80608221 80612061
                  80613131 80613221 80703061 80703141 80705131 80709191 80710181 80711131 80713181
                  80804061 80804151 80805181 50205161 80808151 80809011 80809181 80809221 80809281
                  80812191 80812221 80813061 80813281 80901011 80905011 80905191 80906011 80907151
                  80907251 80908151 80909141 80910011 80910221 80911221 80911251 80912011 80912131
                  81001011 81002131 81002141 81002181 81004281 81006061 81006131 81006141 81006191
                  81007011 50206071 81008281 81009011 81009221 81011011 81011141 81012191 81013251
                  81014131 81014191 81101011 81104151 81105031 81105251 81106141 81107251 81109011
                  81109181 81110181 81111241 81112061 81113281 81201141 81203191 81203281 81206141
                  81206221 81207141 81212251
      H22_6       50104191 50306241 50501271 50506161 50710161 51002141 51002191 51205141 51208041
                  60206161 60310131 60313021 60405161 60508071 60606271 60808161 61102251 70113191
                  70302241 70305031 70309241 70311181 70407251 70613181 70802241 70812251 70815241
                  70908241 71206191 80108061 80301061 80301281 80312241 80405181 80405281 80611131
                  80702191 80713281 81002251 81110131 50208011 50208071 50208101 50208141 50208161
                  50208181 50208191 50210241 50210271 50211011 50211101 50211191 50301071 50301141
                  50302041 50302181 50303071 50303181 50303271 50304011 50304101 50304141 50304181
                  50304191 50305041 50305181 50306041 50307041 50307071 50308041 50308071 50308141
                  50309071 50309101 50309271 50310071 50310161 50310191 50102141 50311071 50312011
                  50312071 50312101 50401241 50402011 50402041 50402161 50402181 50402191 50402241
                  50403101 50403141 50403191 50404181 50405071 50405241 50405271 50406071 50406141
                  50406191 50406241 50407011 50407041 50407101 50407161 50407271 50408071 50408141
                  50409011 50409141 50409241 50410041 50410101 50410141 50410161 50411181 50411191
                  50412181 50501071 50501191 50502041 50503041 50503161 50504011 50504071 50504141
                  50505191 50506101 50103071 50506181 50506241 50507071 50508101 50508161 50508241
                  50510041 50510141 50510191 50511011 50511101 50511141 50511241 50512011 50512141
                  50512181 50601271 50602071 50602141 50602181 50602271 50603161 50604141 50604181
                  50604271 50605071 50605241 50606181 50606241 50607071 50607141 50609181 50611041
                  50611071 50611271 50701011 50701041 50701161 50701271 50702041 50702071 50703181
                  50703241 50703271 50704011 50704101 50704181 50704191 50704241 50705181 50706071
                  50706141 50706161 50707101 50707271 50708041 50708141 50708241 50709041 50709191
                  50710011 50710071 50710241 50710271 50712071 50712241 50712271 50801101 50801141
                  50801161 50802041 50802191 50804011 50804101 50804191 50806101 50806141 50807181
                  50807191 50807241 50807271 50808011 50808101 50808161 50808271 50809241 50810041
                  50810141 50810181 50811041 50811181 50811241 50901101 50901241 50902071 50902101
                  50902161 50902181 50902271 50904101 50904181 50904191 50905041 50905181 50905191
                  50906071 50906101 50906141 50907071 50907141 50907181 50907191 50908141 50908161
                  50908191 50909161 50909191 50909271 50910011 50910071 50910141 50910161 50910271
                  50911191 50912191 50912241 51001011 51001041 51001071 51001181 51002071 51003101
                  51003141 51003161 51003241 51004101 51004241 51004271 51005071 51005101 51007041
                  51007101 51008101 51009141 51010041 51010191 51011011 51011071 51011191 51102071
                  51102181 51103011 51103071 51103271 51104161 51104241 51105101 51105141 51105161
                  51105181 51105271 51106011 51106041 51106241 51107141 51108041 51108101 51109101
                  51109141 51110041 51111041 51111141 51111181 51111191 51111271 51112101 51112141
                  51201271 51202041 51202141 51202241 51203071 51203141 51204071 51204181 51205011
                  50105141 51205191 51206071 51207011 51207071 51207141 51207271 51208011 50101041
                  51208101 51208271 51209041 50106011 51209101 51209161 51209181 51210141 51210181
                  51210241 51211011 51211181 60101021 60101261 60103081 60103161 60103171 60104171
                  60105251 60106021 60106071 60106161 60106261 60106271 60107071 60107131 60107261
                  60108261 60109021 60109081 60109131 60109251 60109271 60110021 60110081 60111131
                  60112131 60113071 60113131 60113171 60113211 60113251 60201131 60202161 50106241
                  60202271 60203021 60203071 60203261 60203271 60204171 60205161 60205251 60206021
                  60207071 60208021 60209131 60209161 60211081 60212021 60212131 60213161 60213171
                  60301171 60301251 60302071 60302261 60302271 60303171 60303271 60304131 60304171
                  60304271 60305131 60305271 60306171 60307021 60307161 60307171 60308131 60309021
                  60310071 50107041 60311021 60311131 60313261 60313271 60401081 60401211 60401251
                  60401261 60402081 60402251 60402271 60403161 60403261 60403271 60404271 60405021
                  60405131 60405261 60405271 60406171 60406211 60406271 60407161 60407171 60407261
                  60408131 60409081 60409211 60409261 60409271 60410131 60410271 60411081 60411131
                  60411261 60412161 60413161 60413171 60415271 60501071 60501131 60502081 60502171
                  60502261 60503021 60503071 60503171 60503261 60504081 60504251 60505171 60506021
                  60506081 60507131 60508021 60508171 60509021 60509071 60510131 60510171 60510251
                  60510271 60511021 60511071 60511251 60512131 60512161 60513081 60601021 60602081
                  60602261 60603261 60604161 60604171 60604271 60605021 60605251 60607071 60607131
                  60608161 60608171 60609071 60609081 60609271 60610131 60610161 60611071 60611081
                  60611161 60612261 60701081 60701161 60701171 60701261 60702081 60703071 60703171
                  60704131 60704161 60704261 60705161 60705251 60706021 60706071 60706081 60706131
                  60706171 60707081 60708021 60708081 60708131 60708171 60709021 60710131 60711171
                  60712071 60712131 60713071 60713261 60801271 60802081 60802131 60803081 60803131
                  60803171 60803251 60804081 60804131 60804171 60804271 60805081 60805131 60806021
                  60806081 60806161 60808081 60808131 60808271 60809131 60809271 60810081 60810131
                  60810161 60810251 60812131 60813071 60814071 60814171 60814211 60814251 60814261
                  60901081 60901131 60902131 60902261 60903171 60904071 60904171 60905021 60905171
                  60906071 60906131 60906171 60907021 60907131 60908071 60908161 60908171 60909081
                  60909161 60909211 50108141 60910171 60910251 60911161 60911171 60911261 60912071
                  60912081 60912171 60913021 60913251 60913271 61001131 61001171 61001261 61001271
                  61002171 61002211 61003161 61004271 61005131 61006171 61006261 61008251 61008271
                  61009071 61009081 61009211 61010071 61010261 61011171 61011261 61012021 61012081
                  61012131 61012161 61013071 50108161 61013271 61014161 61015021 61016131 61016161
                  61016171 61016261 61102131 61103021 61103161 61103171 61104021 61104081 61104261
                  61106131 61106271 61107021 61107171 61107261 61108081 61108131 61108171 61108271
                  50109241 61109171 61110081 61110131 61110161 61110251 61110261 61111131 61111171
                  61111251 61112021 61112071 61112081 61112261 61113251 61113271 61201021 61203131
                  61205261 61206071 61206171 61207131 61207251 61208021 61208071 61208131 61209021
                  61209071 61210131 61210251 61211021 70101081 70101181 70101241 70102031 70102061
                  70103061 70103251 70104031 70104251 70105031 70106181 70106241 70106251 70107061
                  70108121 70108191 70109051 70109081 70109171 70109191 70109241 70110031 70110081
                  70110121 70111181 70111251 70112051 70112191 70112241 70113121 70201031 70201251
                  70202051 70202081 70202121 70202181 70202191 70204061 70204181 70205051 70205081
                  70205121 70205171 70206121 70207171 70209081 70209121 70210051 70210061 70210081
                  70210191 70211251 70212031 70212251 70213051 70301121 70301181 70301251 70303051
                  70303061 70303081 70303121 70303251 70304051 50110071 70305241 70305251 70306061
                  70306181 70306251 70307031 70307171 70307191 70308171 70308181 70308251 70309121
                  70309171 50110101 70310121 70310191 70311121 70311191 70312081 70312191 70401031
                  70401171 70401191 70402031 70402081 70402251 70403051 70403061 70403171 70404081
                  70404121 70404191 70404241 70405171 70405191 70405251 70406031 70406051 70406061
                  70406171 70406181 70406241 70406251 70407031 70407061 70407081 70407171 70408031
                  70408061 70408121 70408171 70408251 70410031 70410121 70411241 70412051 70412191
                  70413031 70414171 70414181 70501051 70501081 70501191 70502181 70503051 70503081
                  70503191 70504241 70505081 70505121 70505181 70505241 70506121 70506191 70507031
                  70507061 70507121 70507241 70509081 70511081 70511181 70511251 70512241 70601031
                  70601171 70602031 70603171 70604051 70604181 70605121 70606061 70606121 70606181
                  70606241 70607241 70608191 70609051 70609061 70609171 70609251 70610241 70611031
                  70611241 70612031 70612051 70612061 70612241 70612251 50111181 70614181 70701031
                  70702061 70702171 70703061 70703191 70704191 70705031 70705181 70705251 70706121
                  70706171 70706241 70707031 70707051 70707171 70708051 70708061 70708171 70709181
                  70710051 70710061 70710181 70710191 70710251 70711121 70712061 70712081 70712181
                  70712241 70712251 70714031 50201071 70801031 70801191 70801241 70802031 70802051
                  70802191 70802251 70803061 70803191 70804191 70805061 70805171 70806031 70806051
                  70806081 70806251 70807061 70807121 70808031 70808171 70808251 70809031 70809181
                  70810241 70810251 70812081 50201181 70813181 70813191 70814251 70901061 70901191
                  70901241 70902081 70902171 70902181 70903031 70903191 70904031 70904051 70904061
                  70904181 70904251 70905061 70905181 70905251 70906051 70906121 70906171 70906251
                  70907031 70907081 70907181 70907191 70907251 70908051 50202101 70908251 70909081
                  70910051 70910081 70910121 70910251 70911061 70911081 70911241 70911251 71001081
                  71001181 71002031 71002051 71002061 71002251 71003061 71003081 71003191 71003251
                  71005121 71005191 71006031 71006051 71006241 71007181 71007241 71008171 71008191
                  71009081 71009181 71009251 71010031 71010061 71011051 71011191 71013121 71013171
                  71014051 71014191 50202141 71101121 71101241 71102051 71104051 71104081 71104241
                  71105031 71105051 71105061 71106061 71106121 71106171 71106181 71107081 71108031
                  71108051 71108121 71109031 71109251 71110181 71110251 71111171 71113191 71201031
                  71201061 71201191 71202121 71204061 71204171 71205031 71206031 71206051 71206081
                  71206121 71206181 50202161 71206251 71207051 71207061 71207181 71208051 71208191
                  71208241 71211061 71211081 71212081 71212171 80101221 80101241 80102011 80102141
                  80103251 80104011 80105131 80106141 80106191 80107061 80107141 50202241 80108181
                  80108221 80108281 80109151 80109221 80110191 80110281 80111031 80111141 80111191
                  80111221 80111281 80112011 80112061 80112251 80112281 80113011 80113141 80113281
                  80116131 80116151 80201191 80201221 80202151 80203031 80203061 80203141 80203191
                  80204191 80204251 80205251 80206011 80206141 80206151 80207251 80208131 80210061
                  80211031 80211181 80211241 80211251 80213141 80213251 80213281 80214061 80215011
                  80215061 80215221 80216181 80216191 80301131 80301141 80301221 80302131 50203271
                  80303191 80304031 80304181 80304251 80305141 80305251 80306151 80306181 80306251
                  80307141 80307191 80309281 80310061 80310131 80310181 80310221 80311131 80311221
                  80312221 80314241 80315131 80315181 80315251 80401011 80401131 80401141 80401191
                  80401241 80401251 80402131 80402191 80403221 80404031 80405151 80406251 80407281
                  80408011 80408131 80408141 80408181 80408281 80409011 80410061 80410141 80410151
                  80410181 80411221 80412251 80412281 80413151 80413181 80501061 80502061 80502141
                  80502221 80503011 80505011 80505191 80506221 80507151 80507191 80507221 80508151
                  80508191 80509011 80509131 80509221 80510131 80511061 80512141 80512181 80512251
                  80512281 80513151 80513281 80601251 80602191 80603151 80604181 80604191 80604221
                  80605191 80605281 80606221 80607131 80607181 80607221 80607251 80608011 80608151
                  80608191 80609011 80609151 80609251 80610011 80610131 80610191 80610281 50205041
                  80611141 80611251 80612061 80612181 80612241 80612281 80613221 80701221 80702011
                  80702061 80702251 80702281 80703061 80703181 80706181 80707281 80708131 80708191
                  80708221 80709011 80709151 80709181 80710181 80710241 80711061 80711131 80711281
                  80712191 80713061 50205141 80714011 80714131 80714141 80714251 80801131 80801281
                  80802141 80802251 80802281 80804011 80804061 80804151 80804281 80805181 50205161
                  80806011 80806221 80807191 80807241 80808221 80809011 80809031 80809191 80809221
                  80810011 80810141 80810181 80810191 80810221 80811011 80811061 80811181 80811191
                  80811221 80812141 80812191 80812221 80812251 80813181 80813191 80901061 80902061
                  80902181 80902281 80904011 80905141 80905191 80906151 80906221 80907131 80907191
                  80908151 80908251 80909141 80909151 80909181 80909281 80910061 80910141 80910151
                  80910221 80911011 80911131 80911251 80912011 80913061 80913191 81001221 81002131
                  81002141 81002151 81002181 81002191 50205191 81004031 81004221 81004241 50205241
                  81004281 50206011 81006011 81006131 81006141 81007011 50206071 81007191 81007281
                  81008011 81008061 81008131 81008151 81008281 81009011 81009181 81011011 81011281
                  81012011 81013191 81013251 81014281 81101011 81101191 81102011 81102141 81103281
                  81104251 81105031 81105241 81105251 81107131 81107251 81108061 81108151 81108191
                  81109011 81109181 50206191 50207071 81110241 81111031 81111151 81111191 81111241
                  81112011 81112061 81113061 81113281 81201141 81201251 81202131 81202181 81203281
                  81204221 81205131 81205251 81205281 81206131 81206141 81206221 81207141 81207181
                  81207251 81208181 81208221 81208251 50207141 81210221 81211011 81212061 81212251

   2 WARNING(S) FOUND IN THE INPUT INSTRUCTIONS



2-class at level 1 (CW), 4-class at level 2 (CB) in Year 5-8 - non-parametric app
ordered polytomous variables for carb intake at each time slot over four
days of NDNS survey 2008/09 - 2015/16
variable 0 = not eating
1 = eating & carb provided < 50% calorie
2 = eating & carb provided >= 50% calorie
code created date: 2018-10-30
code updated date: 2019-05-06
author: Chaochen Wang

SUMMARY OF ANALYSIS

Number of groups                                                 1
Number of observations                                       10753

Number of dependent variables                                    7
Number of independent variables                                  0
Number of continuous latent variables                            0
Number of categorical latent variables                           2

Observed dependent variables

  Binary and ordered categorical (ordinal)
   H6_9        H9_12       H12_14      H14_17      H17_20      H20_22
   H22_6

Observed auxiliary variables
   DAYNO       AGE         SEX

Categorical latent variables
   CB          CW

Variables with special functions

  Cluster variable      ID
  ID variable           ID_DAY

  Within variables
   H6_9        H9_12       H12_14      H14_17      H17_20      H20_22
   H22_6


Estimator                                                      MLR
Information matrix                                        OBSERVED
Optimization Specifications for the Quasi-Newton Algorithm for
Continuous Outcomes
  Maximum number of iterations                                 100
  Convergence criterion                                  0.100D-05
Optimization Specifications for the EM Algorithm
  Maximum number of iterations                                 500
  Convergence criteria
    Loglikelihood change                                 0.100D-02
    Relative loglikelihood change                        0.100D-05
    Derivative                                           0.100D-02
Optimization Specifications for the M step of the EM Algorithm for
Categorical Latent variables
  Number of M step iterations                                    1
  M step convergence criterion                           0.100D-02
  Basis for M step termination                           ITERATION
Optimization Specifications for the M step of the EM Algorithm for
Censored, Binary or Ordered Categorical (Ordinal), Unordered
Categorical (Nominal) and Count Outcomes
  Number of M step iterations                                    1
  M step convergence criterion                           0.100D-02
  Basis for M step termination                           ITERATION
  Maximum value for logit thresholds                            15
  Minimum value for logit thresholds                           -15
  Minimum expected cell size for chi-square              0.100D-01
Maximum number of iterations for H1                           2000
Convergence criterion for H1                             0.100D-03
Optimization algorithm                                         EMA
Integration Specifications
  Type                                                    STANDARD
  Number of integration points                                  15
  Dimensions of numerical integration                            0
  Adaptive quadrature                                           ON
Random Starts Specifications
  Number of initial stage random starts                        100
  Number of final stage optimizations                           50
  Number of initial stage iterations                            10
  Initial stage convergence criterion                    0.100D+01
  Random starts scale                                    0.500D+01
  Random seed for generating random starts                       0
Parameterization                                             LOGIT
Link                                                         LOGIT
Cholesky                                                       OFF

Input data file(s)
  ../../../Mplusdata/NDNS_Tslots_Y58.dat
Input data format  FREE


SUMMARY OF DATA

     Number of missing data patterns             1
     Number of y missing data patterns           0
     Number of u missing data patterns           1
     Number of clusters                       2705



COVARIANCE COVERAGE OF DATA

Minimum covariance coverage value   0.100


UNIVARIATE PROPORTIONS AND COUNTS FOR CATEGORICAL VARIABLES

    H6_9
      Category 1    0.310         3336.000
      Category 2    0.190         2044.000
      Category 3    0.500         5373.000
    H9_12
      Category 1    0.225         2422.000
      Category 2    0.297         3190.000
      Category 3    0.478         5141.000
    H12_14
      Category 1    0.184         1974.000
      Category 2    0.461         4956.000
      Category 3    0.356         3823.000
    H14_17
      Category 1    0.276         2965.000
      Category 2    0.346         3721.000
      Category 3    0.378         4067.000
    H17_20
      Category 1    0.130         1399.000
      Category 2    0.566         6085.000
      Category 3    0.304         3269.000
    H20_22
      Category 1    0.390         4196.000
      Category 2    0.343         3691.000
      Category 3    0.267         2866.000
    H22_6
      Category 1    0.688         7403.000
      Category 2    0.154         1655.000
      Category 3    0.158         1695.000


RANDOM STARTS RESULTS RANKED FROM THE BEST TO THE WORST LOGLIKELIHOOD VALUES

Final stage loglikelihood values at local maxima, seeds, and initial stage start numbers:

          -72191.791  259507           53
          -72191.791  637345           19
          -72191.797  432148           30
          -72191.797  685657           69
          -72191.798  415931           10
          -72191.798  366706           29
          -72191.825  392418           28
          -72191.827  846194           93
          -72191.827  575700           100
          -72191.828  576596           99
          -72191.835  966014           37
          -72191.836  967902           52
          -72191.837  608496           4
          -72191.838  268217           83
          -72191.838  887676           22
          -72191.839  370466           41
          -72191.839  399671           13
          -72191.840  347515           24
          -72191.840  422103           62
          -72191.840  246261           38
          -72191.841  318230           46
          -72191.841  195873           6
          -72191.842  784664           75
          -72191.842  391179           78
          -72191.844  902278           21
          -72191.844  314084           81
          -72191.845  227563           63
          -72226.917  804561           59
          -72226.931  650371           14
          -72226.955  544048           87
          -72232.675  247224           94
          -72232.785  170954           86
          -72234.188  127215           9
          -72234.230  107446           12
          -72235.228  551639           55
          -72241.405  352277           42
          -72241.903  573096           20
          -72244.937  789985           67
          -72245.946  124999           96
          -72251.401  207896           25
          -72251.404  120506           45
          -72251.452  475420           71
          -72255.289  851945           18
          -72255.297  696773           80
          -72257.655  153942           31
          -72261.128  783110           72
          -72271.366  603842           61
          -72284.772  285380           1

2 perturbed starting value run(s) did not converge.



THE BEST LOGLIKELIHOOD VALUE HAS BEEN REPLICATED.  RERUN WITH AT LEAST TWICE THE
RANDOM STARTS TO CHECK THAT THE BEST LOGLIKELIHOOD IS STILL OBTAINED AND REPLICATED.


THE MODEL ESTIMATION TERMINATED NORMALLY



MODEL FIT INFORMATION

Number of Free Parameters                      119

Loglikelihood

          H0 Value                      -72191.791
          H0 Scaling Correction Factor      1.8286
            for MLR

Information Criteria

          Akaike (AIC)                  144621.582
          Bayesian (BIC)                145488.252
          Sample-Size Adjusted BIC      145110.086
            (n* = (n + 2) / 24)



MODEL RESULTS USE THE LATENT CLASS VARIABLE ORDER

   CB  CW

  Latent Class Variable Patterns

         CB        CW
      Class     Class

         1         1
         1         2
         2         1
         2         2
         3         1
         3         2
         4         1
         4         2


FINAL CLASS COUNTS AND PROPORTIONS FOR THE LATENT CLASS PATTERNS
BASED ON ESTIMATED POSTERIOR PROBABILITIES

  Latent Class
    Pattern

    1  1       1257.83122          0.11697
    1  2       2078.99780          0.19334
    2  1        910.34208          0.08466
    2  2       1156.15298          0.10752
    3  1       1360.73346          0.12654
    3  2       1459.67402          0.13575
    4  1       1261.84030          0.11735
    4  2       1267.42813          0.11787


FINAL CLASS COUNTS AND PROPORTIONS FOR EACH LATENT CLASS VARIABLE
BASED ON ESTIMATED POSTERIOR PROBABILITIES

  Latent Class
    Variable    Class

    CB             1      3336.82886          0.31032
                   2      2066.49512          0.19218
                   3      2820.40747          0.26229
                   4      2529.26855          0.23522
    CW             1      4790.74707          0.44553
                   2      5962.25293          0.55447


FINAL CLASS COUNTS AND PROPORTIONS FOR THE LATENT CLASS PATTERNS
BASED ON THEIR MOST LIKELY LATENT CLASS PATTERN

Class Counts and Proportions

  Latent Class
    Pattern

    1  1             1376          0.12796
    1  2             1984          0.18451
    2  1              780          0.07254
    2  2             1234          0.11476
    3  1             1534          0.14266
    3  2             1281          0.11913
    4  1             1118          0.10397
    4  2             1446          0.13447


FINAL CLASS COUNTS AND PROPORTIONS FOR EACH LATENT CLASS VARIABLE
BASED ON THEIR MOST LIKELY LATENT CLASS PATTERN

  Latent Class
    Variable    Class

    CB             1            3360          0.31247
                   2            2014          0.18730
                   3            2815          0.26179
                   4            2564          0.23845
    CW             1            4808          0.44713
                   2            5945          0.55287


CLASSIFICATION QUALITY

     Entropy                         0.679


Average Latent Class Probabilities for Most Likely Latent Class Pattern (Row)
by Latent Class Pattern (Column)

  Latent Class Variable Patterns

  Latent Class         CB        CW
   Pattern No.      Class     Class

         1             1         1
         2             1         2
         3             2         1
         4             2         2
         5             3         1
         6             3         2
         7             4         1
         8             4         2

           1        2        3        4        5        6        7        8

    1   0.698    0.178    0.030    0.028    0.029    0.023    0.010    0.004
    2   0.085    0.812    0.017    0.021    0.017    0.016    0.013    0.017
    3   0.041    0.026    0.735    0.095    0.027    0.024    0.041    0.011
    4   0.027    0.037    0.132    0.754    0.020    0.007    0.005    0.017
    5   0.023    0.024    0.022    0.023    0.669    0.225    0.008    0.004
    6   0.008    0.029    0.014    0.007    0.155    0.743    0.026    0.017
    7   0.010    0.013    0.033    0.003    0.009    0.026    0.727    0.179
    8   0.003    0.047    0.008    0.015    0.004    0.029    0.223    0.671


MODEL RESULTS

                                                    Two-Tailed
                    Estimate       S.E.  Est./S.E.    P-Value

Within Level

Latent Class Pattern 1 1

 Thresholds
    H6_9$1           -27.823      0.000    999.000    999.000
    H6_9$2            -3.327      0.398     -8.363      0.000
    H9_12$1           -1.077      0.427     -2.524      0.012
    H9_12$2            1.817      1.777      1.022      0.307
    H12_14$1          -2.100      0.216     -9.736      0.000
    H12_14$2           0.505      0.099      5.085      0.000
    H14_17$1          -1.792      0.181     -9.914      0.000
    H14_17$2           0.436      0.127      3.424      0.001
    H17_20$1          -2.455      0.332     -7.396      0.000
    H17_20$2           0.723      0.106      6.847      0.000
    H20_22$1          -0.846      0.143     -5.898      0.000
    H20_22$2           0.848      0.171      4.947      0.000
    H22_6$1            0.706      0.174      4.070      0.000
    H22_6$2            1.632      0.175      9.326      0.000

Latent Class Pattern 1 2

 Thresholds
    H6_9$1            -1.674      0.186     -9.018      0.000
    H6_9$2            -1.051      0.170     -6.184      0.000
    H9_12$1           -3.648      0.877     -4.161      0.000
    H9_12$2           -1.664      0.341     -4.884      0.000
    H12_14$1          -2.177      0.153    -14.254      0.000
    H12_14$2           0.278      0.085      3.282      0.001
    H14_17$1          -1.843      0.147    -12.542      0.000
    H14_17$2          -0.349      0.141     -2.480      0.013
    H17_20$1          -3.307      0.542     -6.101      0.000
    H17_20$2           0.562      0.079      7.151      0.000
    H20_22$1          -0.811      0.100     -8.131      0.000
    H20_22$2           0.355      0.174      2.045      0.041
    H22_6$1            0.731      0.138      5.290      0.000
    H22_6$2            1.198      0.125      9.596      0.000

Latent Class Pattern 2 1

 Thresholds
    H6_9$1            -1.258      0.329     -3.819      0.000
    H6_9$2            -0.699      0.358     -1.951      0.051
    H9_12$1           -0.337      0.214     -1.575      0.115
    H9_12$2            0.559      0.210      2.662      0.008
    H12_14$1          -0.623      0.218     -2.852      0.004
    H12_14$2           0.678      0.167      4.061      0.000
    H14_17$1          -1.096      0.216     -5.080      0.000
    H14_17$2           0.713      0.147      4.842      0.000
    H17_20$1          -0.160      0.302     -0.530      0.596
    H17_20$2           1.337      0.297      4.502      0.000
    H20_22$1          -0.282      0.228     -1.236      0.216
    H20_22$2           1.004      0.206      4.880      0.000
    H22_6$1            2.095      0.439      4.771      0.000
    H22_6$2            2.987      0.640      4.665      0.000

Latent Class Pattern 2 2

 Thresholds
    H6_9$1            -2.510      0.260     -9.670      0.000
    H6_9$2            -1.421      0.292     -4.873      0.000
    H9_12$1            0.454      0.183      2.483      0.013
    H9_12$2            1.071      0.206      5.208      0.000
    H12_14$1          -2.676      0.483     -5.538      0.000
    H12_14$2           0.447      0.098      4.569      0.000
    H14_17$1           0.837      0.221      3.792      0.000
    H14_17$2           1.170      0.189      6.199      0.000
    H17_20$1         -33.052      0.000    999.000    999.000
    H17_20$2           0.549      0.109      5.025      0.000
    H20_22$1           0.684      0.152      4.499      0.000
    H20_22$2           1.253      0.167      7.484      0.000
    H22_6$1            1.996      0.232      8.601      0.000
    H22_6$2            2.484      0.254      9.772      0.000

Latent Class Pattern 3 1

 Thresholds
    H6_9$1           -15.000      0.000    999.000    999.000
    H6_9$2             0.900      0.270      3.333      0.001
    H9_12$1           -0.822      0.256     -3.211      0.001
    H9_12$2            0.483      0.200      2.420      0.016
    H12_14$1          -2.184      0.328     -6.659      0.000
    H12_14$2           0.838      0.110      7.621      0.000
    H14_17$1          -0.885      0.183     -4.836      0.000
    H14_17$2           0.804      0.134      5.987      0.000
    H17_20$1          -2.254      0.230     -9.782      0.000
    H17_20$2           1.091      0.130      8.403      0.000
    H20_22$1          -0.466      0.163     -2.865      0.004
    H20_22$2           1.685      0.198      8.500      0.000
    H22_6$1            0.918      0.165      5.555      0.000
    H22_6$2            2.230      0.196     11.364      0.000

Latent Class Pattern 3 2

 Thresholds
    H6_9$1            -0.086      0.252     -0.341      0.733
    H6_9$2             1.531      0.334      4.586      0.000
    H9_12$1           -2.999      0.348     -8.626      0.000
    H9_12$2            0.710      0.181      3.925      0.000
    H12_14$1          -0.897      0.126     -7.115      0.000
    H12_14$2           1.318      0.127     10.340      0.000
    H14_17$1          -1.492      0.135    -11.043      0.000
    H14_17$2           1.200      0.126      9.534      0.000
    H17_20$1          -2.031      0.173    -11.727      0.000
    H17_20$2           1.516      0.134     11.343      0.000
    H20_22$1          -0.695      0.121     -5.766      0.000
    H20_22$2           1.921      0.159     12.081      0.000
    H22_6$1            0.483      0.156      3.098      0.002
    H22_6$2            2.517      0.206     12.220      0.000

Latent Class Pattern 4 1

 Thresholds
    H6_9$1             1.171      0.309      3.787      0.000
    H6_9$2             1.426      0.295      4.834      0.000
    H9_12$1           -1.371      0.254     -5.401      0.000
    H9_12$2           -0.219      0.203     -1.078      0.281
    H12_14$1          -0.314      0.325     -0.968      0.333
    H12_14$2           0.767      0.173      4.427      0.000
    H14_17$1          -1.398      0.231     -6.044      0.000
    H14_17$2           0.233      0.131      1.785      0.074
    H17_20$1          -0.528      0.293     -1.799      0.072
    H17_20$2           0.982      0.176      5.591      0.000
    H20_22$1          -0.804      0.200     -4.012      0.000
    H20_22$2           1.055      0.143      7.400      0.000
    H22_6$1            0.045      0.188      0.241      0.809
    H22_6$2            0.929      0.200      4.655      0.000

Latent Class Pattern 4 2

 Thresholds
    H6_9$1             1.619      0.250      6.468      0.000
    H6_9$2             1.784      0.249      7.177      0.000
    H9_12$1           -1.543      0.208     -7.414      0.000
    H9_12$2           -0.861      0.190     -4.527      0.000
    H12_14$1          -2.088      0.337     -6.201      0.000
    H12_14$2           0.179      0.118      1.516      0.130
    H14_17$1          -0.263      0.221     -1.189      0.235
    H14_17$2           0.548      0.162      3.390      0.001
    H17_20$1          -3.414      1.163     -2.935      0.003
    H17_20$2           0.293      0.147      1.998      0.046
    H20_22$1          -0.050      0.238     -0.210      0.834
    H20_22$2           0.753      0.142      5.294      0.000
    H22_6$1            0.567      0.171      3.318      0.001
    H22_6$2            1.278      0.141      9.069      0.000

Between Level

Categorical Latent Variables

Within Level

 Intercepts
    CW#1              -0.004      0.429     -0.010      0.992

Between Level

 CW#1       ON
    CB#1              -0.498      0.592     -0.841      0.400
    CB#2              -0.235      0.446     -0.526      0.599
    CB#3              -0.066      0.485     -0.136      0.892

 Means
    CB#1               0.273      0.097      2.810      0.005
    CB#2              -0.201      0.110     -1.836      0.066
    CB#3               0.107      0.095      1.125      0.261


QUALITY OF NUMERICAL RESULTS

     Condition Number for the Information Matrix              0.354E-03
       (ratio of smallest to largest eigenvalue)


SAVEDATA INFORMATION


  Save file
    ../../../MplusOutput/Year58/CW2CB4.txt

  Order of variables

    H6_9
    H9_12
    H12_14
    H14_17
    H17_20
    H20_22
    H22_6
    DAYNO
    AGE
    SEX
    CPROB1
    CPROB2
    CPROB3
    CPROB4
    CPROB5
    CPROB6
    CPROB7
    CPROB8
    CB
    CW
    MLCJOINT
    ID_DAY
    ID

  Save file format           Free

  Save file record length    10000


     Beginning Time:  16:16:44
        Ending Time:  16:29:12
       Elapsed Time:  00:12:28



MUTHEN & MUTHEN
3463 Stoner Ave.
Los Angeles, CA  90066

Tel: (310) 391-9971
Fax: (310) 391-8971
Web: www.StatModel.com
Support: Support@StatModel.com

Copyright (c) 1998-2019 Muthen & Muthen
