Mplus VERSION 8.3 (Linux)
MUTHEN & MUTHEN
05/07/2019   8:08 AM

INPUT INSTRUCTIONS

  TITLE:    4-class at level 1 (CW), 2-class at level 2 (CB) in  Year 1-4 - non-parametric a
            ordered polytomous variables for carb intake at each time slot over four
            days of NDNS survey 2008/09 - 2015/16
            variable 0 = not eating
                     1 = eating & carb provided < 50% calorie
                     2 = eating & carb provided >= 50% calorie
            code created date: 2018-10-30
            code updated date: 2019-05-06
            author: Chaochen Wang

  DATA:
  File is "../../../Mplusdata/NDNS_Tslots_Y14.dat";


  VARIABLE:  NAMES = id DayNo Age Sex H6_9 H9_12 H12_14 H14_17 H17_20 H20_22
                    H22_6 id_day;

            USEVAR = H6_9 H9_12 H12_14 H14_17 H17_20 H20_22 H22_6;

            auxiliary = DayNo Age Sex;

            CATEGORICAL =  H6_9 H9_12 H12_14 H14_17 H17_20 H20_22 H22_6;

            IDVARIABLE = id_day;

            MISSING are .;

            CLASSES = CB(2) CW(4);
        BETWEEN = CB;
            WITHIN = H6_9 H9_12 H12_14 H14_17 H17_20 H20_22 H22_6;
            CLUSTER = id;


  ANALYSIS:  TYPE = TWOLEVEL MIXTURE;
           STARTS = 100 50;
          PROCESS = 15(starts);


  MODEL:
        %WITHIN%
        %OVERALL%

        %BETWEEN%
        %OVERALL%
        CW ON CB;

  SAVEDATA:
      FILE IS  "../../../MplusOutput/Year14/CW4CB2.txt";
    save is cprob;
   format is free;



*** WARNING
  Input line exceeded 90 characters. Some input may be truncated.
  TITLE:    4-class at level 1 (CW), 2-class at level 2 (CB) in  Year 1-4 - non-parametric ap
*** WARNING
  One or more individual-level variables have no variation within a
  cluster for the following clusters.

     Variable   Cluster IDs with no within-cluster variation

      H6_9        10914251 40714261 10707261 11205071 20106041 20116171 20202081 20615041 21002101
                  21011041 21113041 21211101 30205131 30402131 30404081 30417081 30603071 30708201
                  30709031 30906071 30907251 31012251 40104021 40109221 40116011 40315101 40410251
                  40710081 40714251 10701161 40803081 40803221 40814131 40816011 10202261 10203161
                  10204161 10204261 10205071 10205111 10205151 10205161 10205251 10206261 10207071
                  10209011 10209071 10209251 10209261 10210181 10210251 10210261 10211011 10211111
                  10211211 10211261 10212261 10213211 10213261 10214011 10214071 10214161 10214261
                  10215071 10215111 10215151 10301071 10301111 10301161 10302011 10302111 10302211
                  10302261 10303071 10303181 10304181 10305011 10306011 10306071 10307161 10308111
                  10308161 10310111 10310151 10311011 10311161 10311181 10312151 10314251 10315011
                  10315151 10403111 10403251 10403261 10404071 10405011 10406161 10407011 10407211
                  10407251 10408011 10408161 10409011 10410071 10410261 10411181 10413251 10501071
                  10502261 10503011 10503251 10504011 10504161 10504211 10505151 10506161 10507011
                  10507211 10508111 10508211 10508261 10509011 10509071 10509151 10510111 10510261
                  10512111 10512161 10513071 10514011 10514161 10514211 10515111 10601071 10601161
                  10601261 10602071 10605211 10606071 10607071 10608011 10608161 10609251 10611161
                  10612251 10613111 10613161 10613211 10614071 10615161 10701151 10101151 10701181
                  10703111 10704111 10704251 10705011 10706151 10706161 10707111 10707251 10101261
                  10709151 10709161 10712111 10712151 10713011 10713151 10713181 10714151 10715111
                  10802151 10806011 10806161 10806181 10806251 10806261 10807011 10807071 10808011
                  10809151 10809161 10810071 10810181 10812261 10813151 10813161 10814211 10814251
                  10901111 10901211 10902111 10902261 10903111 10903261 10905211 10906261 10907071
                  10908251 10909211 10910011 10102071 10910161 10910261 10911011 10911151 10911161
                  10911181 10912011 10913251 10915011 10915251 10915261 11003161 11003251 11004071
                  11004111 11004211 11005181 11006151 11007011 11007161 11008071 11008211 11009011
                  11009151 11009251 11010111 11011071 11011111 11011161 11011211 11011251 11012011
                  11013211 11014111 11014211 11014261 11101181 11103071 11103251 11104151 11104161
                  11105111 11106071 11106261 11107071 11107111 11107151 11107161 11107211 11107251
                  11109011 11109151 11109251 11110181 11110251 11111181 11112261 11113111 11114071
                  11114151 11114161 11114251 11201161 11201251 11202011 11202211 11203071 11203211
                  11203261 11204151 11204161 11204211 10102251 11206161 11207011 11207161 11208161
                  11209261 11210151 11211071 11211151 11212011 11212151 11212181 11213011 11214261
                  20101171 20102171 20103071 20103171 20104041 20104081 20104101 20104181 20105081
                  20105211 20106031 20106081 20107081 20109031 20109041 20109071 20109101 20109181
                  20109211 20110031 20110181 20111081 20111171 20112011 20112171 20113081 20113181
                  20114031 20114211 20116011 10103071 20201041 20201181 20202041 10103111 20202171
                  20203031 20203041 20203081 20203181 20204041 20204071 20204081 20204181 20205181
                  20206041 20208101 20208211 20209011 20209171 20210081 20211011 20211071 20211081
                  20211181 20212011 20212081 20212101 20212211 20213041 20213071 20213081 20215011
                  20216011 20216101 20216171 20301011 20301101 20302011 20302171 20303031 20303101
                  20304081 20305081 20305101 20306011 20306031 20306071 20306081 20306171 20306181
                  20307181 20308031 20308071 20308171 20308181 20308211 20309011 20309101 20310081
                  20310171 20311071 20311081 20313041 20313211 20314101 20315071 20315101 20315171
                  20401181 20401211 20402041 20402081 20402101 20403071 20403081 20403171 20403181
                  20404011 20404041 20404211 20405071 20405081 20406011 20406081 20406211 20408031
                  20409011 20409181 20409211 20410011 20410081 20411181 20412011 20413071 20413081
                  20414031 20415041 20416031 20416211 20417181 20501011 20501031 20501171 20502011
                  20502171 20503171 20503211 20504031 20504041 20504171 20504181 20506171 20507031
                  20507041 20507081 20508071 20508211 20509081 20509101 20510011 20510041 20511101
                  20511211 20512031 20512041 20512071 20512101 20512171 20512181 20513041 20513181
                  20514101 20514181 20515011 20515071 20515081 20515211 20516071 20516101 20601011
                  20601081 20601171 20601181 20601211 20602081 20603011 20603031 20603101 20603171
                  20604041 20604101 20604181 20605041 20605081 20606011 20606101 20607011 20607101
                  20607211 20608031 20608071 20608101 20608181 20609071 20609081 20609101 20609211
                  20610011 20610071 20610101 20610181 20611211 20612011 20612081 20612101 20613071
                  20613171 20614011 20614181 10105011 20616011 20616031 20616101 20701101 20702081
                  20702101 20702211 20703071 20703101 20705011 20705071 20705211 20708011 20708181
                  20709031 20709181 20709211 20710071 20710101 20712041 20712081 20712101 20714071
                  20714081 20714211 20715211 20801011 20801101 20801211 20802081 20804041 20805031
                  20805101 20805211 20806071 20806181 20807071 20807081 20807171 20807181 20808011
                  20808041 20808071 20808101 20808171 20808211 20809031 20809081 20810031 20810041
                  20810101 20811071 20813031 20813171 20813211 20814031 20814211 20815031 20815181
                  20816171 20816181 20816211 20817011 20817071 20817081 20817101 20818011 20818081
                  20819011 20819031 20819041 20819171 20901071 20901101 20901211 20903041 20903071
                  20903101 20903181 20904071 20905101 20905211 20906071 20907031 20907081 20907171
                  20908211 20910041 20911071 20911171 20912181 20913041 20913071 20913081 20913171
                  20914011 20914081 20914101 20914181 20915011 20915041 20915101 20916041 20916081
                  20916101 20916171 21002081 21002181 21003101 21003211 21004011 21004041 21004081
                  21004171 21005081 21005101 21005181 21006071 21007011 21007081 21007211 21008031
                  21009011 21009041 21010101 21011211 21012041 21012171 21012211 21013101 21013211
                  21014101 21014211 21015171 21015211 21016011 21016031 21016081 21016101 21016171
                  21101071 21101081 21101181 21102081 21103081 21104041 21104071 21105031 21105041
                  21105181 21108171 21108181 21110071 21110081 21110101 21110171 21110211 21112011
                  21112031 21112101 21112171 21112181 10105251 21113071 21114011 21114031 21114081
                  21114101 21114171 21114211 21115011 21115081 21116081 21201081 21201211 21202071
                  21202181 21203181 21205171 21206071 21207081 21207101 21207171 21207181 21208101
                  21208181 21209181 21209211 21210031 21210041 21210081 21211031 21211071 21211181
                  21212041 21213101 21214101 21214181 21215041 21215171 21215181 21216031 21216041
                  21216081 21217081 30101031 30101231 30101251 30103011 30103071 30103081 30103231
                  30104021 30104031 30104071 30104131 30105011 30105021 30106071 30106201 30106251
                  30107071 30107131 30108011 30108021 30108131 30109021 30110071 30110201 30111201
                  30112231 30114071 30114081 30115021 30115081 30115131 30116011 30202201 30202231
                  30204081 30205031 10106261 30205251 30206011 30206081 30207011 30207081 30208131
                  30209071 30210081 30211081 30211251 30212031 30212081 30212201 30212251 30213011
                  30214251 30215251 30216031 30216081 30301071 30301251 30302031 30302131 30303021
                  30303201 30303231 30303251 30304081 30305011 30305201 30306011 30306231 30307021
                  30307231 30308071 30308131 30309251 30310011 30310031 30310081 30310231 30311201
                  30311251 30315201 30316021 30402031 30402081 10107011 30402201 30403031 10107071
                  30405011 30405071 30405081 30405231 30405251 30406031 30407011 30407201 30408081
                  30408231 30408251 30409031 30409201 30409231 30409251 30410131 30410201 30411031
                  30412201 30413201 30413251 30414131 30414251 30415011 30415081 30416131 30502071
                  30502081 30502251 30503031 30503071 30504071 30504251 30506071 30507021 30507131
                  30508011 30508021 30509011 30510011 30510231 30511131 30511201 30512021 30513011
                  30513131 30514031 30515131 30515201 30516011 30516021 30516071 30601011 30602131
                  30602231 30603081 30604011 30605011 30605071 10108071 30605201 30606011 30607131
                  30607231 30609071 30610031 30610071 30610131 30611021 30612031 30612251 30613021
                  30613201 30613231 30615011 30616081 30701031 30701071 30701081 30702011 30702031
                  30703201 30704201 30706031 30706231 30707011 30707131 30707201 30708031 10109011
                  30710031 30710131 30711071 30711201 30712021 30712131 30713201 30714011 30715031
                  30716011 30716131 30716251 30801021 30801071 30801231 30802081 30802201 30803011
                  30803021 30803131 30803231 30805081 30805231 30806021 30808081 30809071 30810011
                  30811021 30811031 30811131 30811231 30812021 30812131 30813031 30813201 30814021
                  30814231 30815011 30815021 30815031 30815201 30815231 30816011 30816071 30816081
                  30816131 30816231 30816251 30901231 30902021 30902031 30903201 30904081 30904231
                  30904251 30905021 30905081 30905251 30906011 30906131 30906231 10110011 30909071
                  30910011 30910021 30910071 30910201 30910251 30911011 30911031 30911201 30911251
                  30912011 10110071 30912071 30912081 30913011 30913021 30914011 30914081 30914251
                  30915081 30916081 30917031 30917231 31003131 31004021 31006031 31006231 31007131
                  31008071 31009021 31009131 31009201 31009251 31010011 31010201 31011021 31011081
                  31012201 31013011 31013021 31013071 31013081 31013131 31015201 31016031 31016081
                  31016131 31016201 31101251 31102011 31103011 31103131 31103251 31104011 31104071
                  31104081 31104251 31105021 31105071 31105131 31106231 31106251 31107201 31109011
                  31109231 31110031 31111231 31112011 31112031 31112081 31113231 31114021 31115071
                  31116071 31201011 31201021 31202081 31202251 31205131 31205251 31206071 31207011
                  31207201 31207251 31209071 31210031 31212201 31213071 31213081 31214011 31214071
                  31214081 31214231 31215011 31215021 31217251 40101021 40101101 40101131 40101211
                  40102021 40102051 40102081 40102131 40103051 40103211 40103221 40104051 40105131
                  40106101 40107051 40107171 40107211 40107251 40108261 40109051 40109101 40109171
                  40110081 40111051 40111081 40111101 40111171 40112131 40112221 40113051 40113251
                  40113261 40114171 40114221 40114251 40115081 40115261 40116211 40117021 40117131
                  40119081 40120051 40120131 40120261 40121081 40121101 40121131 40121221 40122171
                  40122221 40123011 40123051 40123221 40124021 40124101 40201021 40202021 40202221
                  40203011 40203131 40203251 40204221 40206081 40207051 40208211 40208221 40210081
                  40210101 40210171 40211011 40211251 40212021 40213021 40213251 40214101 40215021
                  40215101 40215211 40216051 40216101 40217011 40218101 40218171 40219081 40219171
                  40219221 40222011 40223131 40223171 40224101 40225051 40225101 40225171 40301101
                  40302251 40303011 40303171 40304081 40304171 40305051 40306011 40306051 40306261
                  40307081 40307211 40307221 40308081 40309081 40310021 40310051 40311021 40311221
                  40311251 40311261 40312011 40312171 40312261 40313021 40313171 40314081 40316011
                  40316081 40316221 40316251 40317051 40317081 40317211 40317261 40318251 40319251
                  40320101 40320171 40320261 40321011 40321021 40321101 40321261 40322051 40322131
                  40323131 40323221 40324051 40324081 40324171 40325021 40325051 40325131 40325251
                  40325261 40401011 40401081 40401261 40402011 10113111 40403011 40403021 40403051
                  40403221 40403261 40404251 40405021 40405051 40405081 40405131 40405251 40405261
                  40407021 40408021 40408051 40408101 40408171 40409051 40409081 40409101 40409221
                  40409251 40410011 10113151 40411081 40411221 40411261 40412261 40413171 40413251
                  40414021 40414051 40414131 40415021 40415081 40416101 40416131 40416251 40416261
                  40417051 40417131 40501011 40501081 40501211 40502021 40502081 40502171 40502211
                  40503171 40504101 10113261 40506131 40507011 40507171 40507251 40507261 40508021
                  40508051 40508131 40508251 40508261 40509011 40510011 40511051 40512101 40512251
                  40512261 40513081 40514051 40515171 40516011 10114071 40602101 40602171 40602261
                  40603081 40603131 40603251 40605081 40607011 40608021 40608251 40608261 40609011
                  40610011 40610051 40611011 40612101 40613021 40613171 40615021 40615101 40616011
                  40616021 40701021 40701101 40701131 40702081 40704011 40704051 40704131 40704221
                  40705131 40707251 40710021 40710051 10114151 40711221 40711261 40712221 40713261
                  40714051 40714131 10114211 40715221 40716221 40716261 40801251 40801261 40802011
                  40802051 40802081 40802131 40803011 10114251 40803171 40804171 40804261 40805011
                  40806221 40806261 40807101 40807261 40808221 40809051 40809211 40810011 40810021
                  40810081 40810101 40811101 40812021 40812051 40812131 40813051 40815021 40815051
                  40815211 40815221 10201111 40816171 40901021 40902171 40902261 40903221 40903251
                  10201211 40904101 40905081 40906211 40907011 40907261 40908081 40908251 40909011
                  40909021 40909261 40910051 40911221 40912221 40912261 40913101 40914011 40914101
                  40914171 40915051 40916051 40916221 41001051 41001261 41002021 41002131 41002221
                  41004131 41004221 41005021 41005101 41005261 41006081 41007101 41010211 41011101
                  41011131 41011171 41011221 41012021 41012101 41012251 41013171 41014171 41014251
                  41015051 41015221 41015251 41016011 41016101 41016211 41101011 41102171 41103051
                  41103081 41103251 41104011 41104051 41104081 41105021 41105101 41105131 41106171
                  41106261 41107021 41107251 41108021 41108081 41109081 41109131 41109251 41110011
                  41110171 41110221 41111011 41111101 41112051 41112081 41112171 41113051 41113261
                  41114051 41114101 41115011 41115051 41115131 41116021 41116131 41116221 41202021
                  10202181 41202221 41203011 41203021 41203081 41203101 41203131 41204131 41204221
                  41204261 41205221 41207021 41207051 41207171 41208011 41208221 41210101 41210131
                  41211101 41212221 41213101 41213261 41214081 41214171 41215081 41216021 41216171
                  41217131 41217221 90201151 90202111 90202181 90202211 90202251 90202261 90205011
                  90205181 90205211 90301071 90302111 90303181 90303251 90304111 90305251
      H9_12       10914251 40714261 20106041 20116171 20301211 20615041 21002101 21113041 30205131
                  30205201 30417081 30603071 30609131 30709031 30907251 40101011 40109221 40116011
                  40516021 40710101 40714251 40803081 40803221 40814131 10202251 10204111 10204161
                  10204261 10205071 10205181 10205251 10206011 10206261 10207071 10209071 10209251
                  10210071 10210111 10210181 10210261 10211261 10213261 10214011 10214161 10215071
                  10215161 10301111 10301151 10302011 10302071 10303071 10303151 10305011 10306011
                  10307151 10307161 10308251 10310161 10311011 10311161 10311181 10314071 10314151
                  10314211 10401181 10404181 10407211 10407251 10408151 10410261 10411071 10411251
                  10413251 10503251 10505151 10508111 10509071 10511111 10512011 10512071 10512261
                  10513151 10513161 10513181 10514161 10514181 10514211 10515111 10515151 10603251
                  10605071 10607011 10607161 10610151 10611161 10611181 10612111 10612181 10613111
                  10613261 10615161 10615181 10615261 10701151 10702011 10703111 10706251 10707071
                  10707111 10707151 10101261 10708011 10712151 10712211 10713151 10713181 10713251
                  10714071 10715161 10802071 10802111 10802151 10802261 10803011 10806261 10808151
                  10808211 10809161 10809211 10809251 10810251 10813151 10901011 10901211 10902111
                  10903071 10904181 10905211 10905251 10906011 10907211 10908251 10909251 10909261
                  10910261 10911151 10912161 10913211 10914071 10914181 10915261 11003011 11008071
                  11008161 11008181 11009011 11009151 11010161 11010251 11011161 11011211 11014111
                  11015261 11104111 11104151 11106071 11107111 11107161 11107211 11109011 11109151
                  11109211 11109251 11109261 11110111 11110151 11111181 11113111 11113211 11114151
                  11202261 11204161 11204211 11206151 11207161 11209161 11211071 11211151 11212211
                  11214161 11214181 11215071 20101041 20101171 20102171 20102211 20103071 20103171
                  20103181 20104081 20104181 20105031 20105081 20106031 10102261 20106081 20107211
                  20110171 20110181 20111041 20114011 20116011 10103071 20201041 20201181 20202041
                  20203041 20203171 20203181 20204041 20206041 20207101 20209011 20209031 20210041
                  20210211 20212081 20212181 20212211 20213101 20214041 20215031 20216011 20301011
                  20301081 20301101 20302081 20302171 20303031 20303101 20303171 20305171 20306031
                  20308031 20308071 20308171 20309011 20310101 20311081 20312071 20313041 20314081
                  20315011 20402081 20402181 20402211 20403011 20403181 20404041 20405071 20405081
                  20405211 20406071 20410041 20411071 20411181 20412011 20413171 20414171 20414211
                  20415031 20417181 20501011 20501081 20501171 20502071 20502171 20503211 20504041
                  20505211 20507031 20508071 20508081 20510011 20511211 20512101 20512181 20513181
                  20514171 20515011 20515081 20516041 20516101 20601081 20601171 20602081 20603011
                  20604181 20606011 20608101 20609071 20609101 20609211 20610011 20610181 20610211
                  20612011 20613011 20613211 20614011 20614181 20616011 20616031 20616101 20616181
                  20701011 20701101 20702081 20703011 20703101 20707171 20708181 20709071 20709101
                  20711101 20712031 20712041 20714081 20715211 20801011 20801101 20803071 20805031
                  20807031 20807071 20807181 20808011 20808071 20808211 20809081 20810011 20810031
                  20810041 20810081 20811071 20812081 20813171 20813181 20814171 20817081 20818081
                  20819011 20819031 20819171 20901211 20903181 20904071 20904171 20905211 20907031
                  20907171 20908181 20908211 20910041 20910211 20911171 20911181 20912181 20913011
                  20913081 20914081 20914181 20915011 20916041 21002011 21005071 21006071 21007011
                  21009011 21010101 21010171 10105111 21012011 21013211 21014071 21103011 21103081
                  21105181 10105151 21110031 21110171 21110211 21111071 21114011 21115011 21115211
                  21201181 21202181 21203181 21205101 21205171 21206071 21207181 21208181 21209181
                  21209211 21210011 21210031 21210181 21212041 21213071 21213101 21214041 21215181
                  21216031 21216041 30103071 30103081 30104071 30104251 30107071 30107131 30107251
                  30108011 30109011 30109231 30110071 30114071 30116011 30116081 30201071 30202131
                  30203251 30204231 30205011 10106261 30206011 30206231 30207011 30208081 30208231
                  30209071 30209251 30211021 30212131 30212201 30213131 30213251 30214071 30216011
                  30216031 30301251 30302031 30303021 30305011 30305201 30307021 30307131 30307201
                  30309011 30309251 30310011 30310021 30310081 30310201 30311021 30312011 30312081
                  30316021 30402081 30403031 30405251 30406131 30409011 30409231 30409251 30412201
                  30414131 30416131 30417131 30417251 30501031 30502031 30502231 30503031 30503071
                  30504251 30505131 30507021 30508011 30508021 30508071 30509021 30510011 30511201
                  30512021 30514231 30515131 30515201 30516011 30516021 10107261 30603081 30605071
                  30609201 30610071 30611021 30611031 30612011 30612231 30612251 30613081 30613201
                  30613231 30614021 30616011 30701071 30701081 30702011 30702031 30703071 30706031
                  30706251 30707011 30707081 30708251 30709081 30710081 30711081 30712021 30712131
                  30712201 30713071 30713201 30714011 30714131 30715011 30715031 30715231 30716131
                  30716251 30801081 30801251 30803011 30803081 30804011 30804021 30810021 30811031
                  30814021 30815011 30816071 30816081 30816131 30816231 30816251 30901231 30902021
                  30902031 30903081 30904011 30904231 30905251 30908251 30910011 30910071 30911201
                  30912011 30914031 30914071 30914201 30915081 31001231 31002131 31003131 31005201
                  31006031 31006231 31007131 31009131 31010071 31010251 31012021 31012201 10110181
                  31013011 31013021 31014231 31015201 31016081 31016131 31016201 31101251 31102131
                  31102251 31103031 31103131 31104081 31105131 31106021 31109201 31109251 31110021
                  10110261 31110231 31112011 31112081 31112201 31113131 31113231 31114131 31201011
                  31201031 31201231 31203201 31205251 31206021 31206251 31207011 31209071 31211071
                  31212201 31213071 31213081 31214231 31215021 31217081 31217251 40101021 40101101
                  40101211 40102051 40102131 40102251 40103101 40103221 40107081 40107251 40108011
                  40108081 40108131 40109171 40110081 40111101 40112101 40113051 40113261 40114171
                  40115171 40116221 40117011 40117131 40118131 40118211 40119131 40120211 40120261
                  40121051 40121101 40121131 40123251 40201261 40202171 40203251 40204081 40208011
                  40208211 40208221 40210221 40211011 40211251 40212011 40213021 40213251 40213261
                  40214171 40214261 40215221 40217101 40217251 40218101 40219021 40219221 40220171
                  40220251 10112211 40223131 40224021 40224101 40225051 40225171 40301021 40302251
                  40303051 40306011 40306021 40306051 40306261 40307211 40308081 40309081 40310021
                  40310051 40311251 40311261 40312011 40312021 40312131 40313101 40313251 40314081
                  40316051 40317051 40317211 40317261 40318221 40320251 40320261 40321011 40323221
                  40324051 40324081 40324171 40325171 40401081 40403021 40403101 40403221 40403261
                  40404251 40405021 40405131 40405251 40405261 40406051 40407021 40407051 40408171
                  40409011 40409171 10113151 40411081 40413021 40413221 40414051 40415131 40416011
                  40416101 40416131 40416211 40416261 40417051 40501081 40501221 40504051 40504171
                  10113261 40505251 40507171 40507251 40508261 40510011 40510251 40511081 40511251
                  40512211 40512221 40513081 40514081 40514171 40514261 40515171 40516011 40602101
                  40602131 40602221 40603131 40603211 40603251 40604101 40606101 40608011 40608021
                  40608221 40609011 40609051 40609261 40610011 40610101 40613171 40701021 40701221
                  40702261 40704221 40704251 40707101 40708171 40709251 40710051 10114151 40712051
                  40712081 40712101 40712221 40713021 40713051 40713131 40713261 40714131 40714221
                  40715251 40716261 40801251 40802011 40802081 10114251 40804171 40804261 40805011
                  40806021 40808051 40809211 40810051 40811081 40811101 40811261 40812021 40812131
                  40813221 40813261 40815211 10201111 40816171 40817221 40901021 40902171 40902251
                  40902261 40903131 10201211 40904081 40904131 40907011 40907261 40908021 40908081
                  40908251 40909021 40910131 40910221 40912051 40912221 40913101 40914011 40914021
                  40914101 40914171 40915051 40915171 40916221 41002021 41002171 41004131 41004221
                  41006081 41007221 41010011 41011171 41011221 10202011 41013171 41014251 41014261
                  41015051 41015211 41015251 41016011 41101011 41102051 41103221 41104051 41105131
                  41106261 41107251 41108081 41108101 41109081 41109131 41109251 41110221 41111011
                  41111101 41111171 41112171 41115021 41115051 41201011 41201081 41202221 41202261
                  41203011 41203101 41203221 41204081 41204131 41205081 41205221 41205251 41207021
                  41209051 41209131 41209251 41210101 41211021 41211251 41212221 41213101 41213131
                  41213251 41215101 41216101 41217081 41217261 90205011 90205151 90302071 90302111
                  90302211 90303071 90303161 90304111 90305071
      H12_14      10914251 10707261 20116171 20301211 20405101 21002101 21113041 30205201 30404081
                  30709031 40101011 40506221 41202051 10206011 10206261 10209071 10212111 10213261
                  10215151 10302111 10305251 10307151 10307161 10310151 10311011 10314071 10315071
                  10402071 10403071 10403261 10405011 10407251 10407261 10411211 10413251 10503251
                  10504181 10504211 10506161 10509151 10509251 10513151 10513251 10514011 10515151
                  10515251 10602161 10603161 10608161 10610261 10611181 10612181 10612251 10615161
                  10615261 10701181 10704251 10705111 10705251 10706251 10707211 10709151 10710011
                  10712071 10713261 10714251 10802161 10802211 10803261 10805161 10806011 10806071
                  10808181 10809151 10810071 10810111 10811251 10813151 10814211 10902161 10903111
                  10904151 10909261 10910261 10911181 10912211 10914211 11008211 11009151 11009161
                  11011011 11101161 11102111 11102261 11106071 11107211 11108181 11109181 11110251
                  11111261 11114071 11114151 11201161 11204161 11204211 11206251 11207161 11208161
                  11210151 11211261 11212011 11213181 11214181 20101211 20102171 20103181 20105211
                  20106081 20109031 20109181 20110181 20111011 20112171 20115081 10103071 20201041
                  20202041 20202171 20203041 20203101 20203171 20204071 20205101 20208101 20209101
                  20212011 20212211 20215041 20216031 20216171 20301181 20303041 20305101 20305171
                  20306031 20306181 20307171 20307181 20309101 20311011 20313041 20314081 20316181
                  20401011 20401211 20403171 20405081 20406011 20406071 20406101 20406211 20409011
                  20409181 20417031 20501031 20502071 20504041 20504171 20505171 20508181 20508211
                  20510011 20512101 20512171 20513041 20515081 20516041 20604031 20605041 20605101
                  20607181 20608071 20608171 20610011 20612171 20613171 20613211 20614181 20616031
                  20701101 20702081 20702211 20705081 20705181 20706101 20709071 20709181 20709211
                  20710071 20711101 20712041 20712171 20714211 20801081 20801101 20806181 20807081
                  20807181 20808041 20808101 20808211 20809081 20810031 20810101 20811071 20812171
                  20813181 20814031 20818081 20819011 20819041 20901071 20903041 20903101 20904101
                  20906011 20907011 20910181 20910211 20913081 20914081 20916081 21003071 21004211
                  21005081 21005211 21007011 21007081 21011011 21011181 21013081 21014101 21016081
                  21102031 21103081 21104071 21109011 21110031 21201081 21201181 21201211 21202181
                  21205041 21206071 21207171 21208041 21209071 21209211 21214101 21215031 21215171
                  30101011 30105131 30106011 30106201 30107071 30107131 30108011 30109231 30110201
                  30110231 30111011 30111201 30113031 30113131 30114071 30115081 30115131 30202251
                  30203071 30204081 30205011 30205081 30206011 30207011 30209071 30212081 30212201
                  30212231 30213011 30213201 30301081 30301131 30303021 30305201 30307131 30310081
                  30310201 30313031 30313081 30315201 30402081 30403031 30404131 30405251 30408251
                  30409231 30410201 30411031 30412031 30412201 30413201 30415131 10107251 30502031
                  30503071 30505131 30508251 30512021 30513131 30515131 30603081 30609071 30610021
                  30612131 30616251 30702031 30702081 30702201 30702251 30707131 30709081 30712201
                  30715251 30716071 30716131 30716201 30716251 30802081 30803021 30803081 30805071
                  30805081 30806021 30808081 30810011 30810131 30814021 30815031 30816011 30816201
                  30901011 30901231 30902011 30902031 30902131 30904081 30904231 30905021 30906231
                  30908251 30910011 30910201 30911011 30915081 30917231 31003131 31003251 31008231
                  31009081 31009131 31010231 31013021 31016081 31016131 31016201 31102011 31103131
                  31104081 31105031 31105131 31106231 31110031 31110071 31112081 31114021 31115071
                  31201031 31205011 31206071 31209021 31211071 31214031 31214231 31217251 40102051
                  40102251 40103101 40106101 40106131 40107251 40108011 40111101 40113261 40114221
                  40116051 40117131 40118051 40118171 40119171 40124261 40202221 40203021 40204081
                  40204211 40208011 40208211 40208221 40210101 40212011 40212171 40213251 40216051
                  40217011 40218171 40221011 40222011 40224261 40225051 40225171 40302211 40302251
                  40303011 40306051 40307221 40308081 40311261 40312021 40315131 40316051 40317081
                  40320171 40320251 40321021 40325021 40325131 40403221 40404011 40405261 40408011
                  40409051 40410011 40413101 40413221 40414051 40415081 40416101 40416211 40417011
                  40417131 40507021 40508131 40509011 40512251 40513081 40514081 40601051 40601081
                  40602131 40603171 40603211 40604011 40606221 40608011 40608251 40608261 40609011
                  40609261 40610011 40615221 40704011 40704221 40704251 40705131 40707101 40707171
                  40710051 10114111 40715171 40715251 40716261 40801251 40802011 40802081 40803021
                  40807101 10115211 40811081 40811101 40812131 40816171 40901021 40902261 40903081
                  40904011 40904101 40904131 40907261 40913051 40913101 41002021 41002081 41002171
                  41003171 41004131 41005021 41005261 41006081 41007101 41007221 41010171 41012221
                  41012251 41013171 41014171 41015011 41015221 41016011 41102101 41102261 41103011
                  41103081 41103221 41104051 41105131 41106171 41106261 41107251 41108081 41109051
                  41109081 41109131 41109251 41110261 41113051 41114051 41114171 41114221 41115101
                  41201081 41201131 41203021 41203081 41203131 41204221 41205221 41207051 41210251
                  41211011 41212261 41213261 90201161 90301251 90302011 90304261
      H14_17      10914251 10906181 10112011 20116171 21002101 30205131 30609131 30906071 30907251
                  40104021 40221221 40315101 40710101 10701161 40808081 40816011 41202051 10203161
                  10205071 10206261 10209011 10210181 10214071 10302071 10305011 10305111 10307151
                  10309211 10312011 10314071 10314181 10314251 10403071 10403261 10404011 10404181
                  10406011 10407211 10408111 10408251 10410111 10411211 10502151 10504011 10504211
                  10507011 10508011 10508111 10509011 10514161 10514251 10515071 10601071 10603111
                  10603161 10605251 10605261 10606111 10606211 10607011 10609071 10703111 10705011
                  10705181 10706251 10708111 10711151 10711261 10712261 10714071 10806071 10808151
                  10810071 10810181 10810251 10812071 10901011 10902161 10903111 10904111 10906011
                  10907071 10908161 10909211 10914071 10915261 11003251 11008011 11008211 11009011
                  11009151 11010071 11010161 11011011 11014151 11106011 11107071 11107161 11109011
                  11109251 11110151 11111181 11112111 11114111 11114151 10102251 11206151 11206181
                  11207011 11207251 11208261 11210251 11211161 11211261 20101041 20103071 20105031
                  20106031 20109031 20109101 20109181 20110181 20116011 20116101 20201041 20201211
                  20203101 20203171 20203181 10103161 20207101 20210081 20211071 20212081 20215041
                  20216211 20303101 20308041 20308211 20309101 20401031 20403081 20406011 20406071
                  20406101 20406181 20406211 20410011 20411031 20413081 20413171 20414171 20501031
                  20503031 20503171 20505171 20506171 20507011 20507081 20508071 20508211 20509071
                  20511211 20512031 20516031 20601011 10104261 20603101 20604101 20610011 20613211
                  20614181 20702081 20706101 20708081 20708171 20711101 20711171 20801211 20805081
                  20808041 20809081 20810011 20810101 20812011 20813031 20814031 20814181 20815031
                  20816071 20818011 20818081 20818181 20901211 20903031 20903081 20903101 20906171
                  20908211 20910011 20911181 20914011 20915011 20915041 21002081 21003071 21005101
                  21007081 21007211 21008031 21012011 21013211 21014031 21014071 21016101 21104101
                  21104171 21109011 21112101 21113071 21114011 21115011 21116171 21202071 21202181
                  21205101 21207171 21207181 21208181 21210011 21210031 21210181 10105261 21212171
                  21215031 21216041 21216171 30103011 30103081 30105131 30105201 30106011 30107131
                  30108021 30108131 30109231 30114071 30114131 30115021 30116131 30201131 30202131
                  30202231 30203131 30205011 30207011 30207031 30209071 30211081 30213201 30215131
                  30301131 30302011 30302031 30302231 30303021 30303071 30304201 30308031 30308131
                  30309011 30310201 30312011 30312081 30315201 30402081 30402201 30407231 30407251
                  30409021 30409231 30412201 30413201 30414131 30415031 30415081 30415131 30417201
                  30417251 30505081 30506131 30507081 30507231 30508071 30508201 30510011 30511131
                  30512021 30513071 30515131 30601081 30602201 10107261 30604011 30604231 30612231
                  30613021 30614021 30615011 30701031 30702071 30702201 30708131 30708251 30709081
                  30710031 30710131 30711201 30715011 30715031 30715081 30715251 30716011 30716251
                  30801071 30802081 30803071 30806021 30810201 30811131 30815021 30815031 30815071
                  30815231 30816201 30904081 30905011 30905021 30907131 30910031 30911251 30914081
                  30915081 30916071 30917231 31001251 31002231 31004021 31005251 31009131 31010231
                  31011021 31016201 31102251 31104081 31105021 31106251 31109011 31109131 31110021
                  31112011 31112081 31113231 31116011 31201011 31204071 31205131 31206021 31206071
                  31207011 31209071 31211081 31211231 40103101 40107251 40108051 10111251 40111051
                  40112131 40112221 40113261 40119171 40120211 40120221 40121011 40122131 40122171
                  40202221 40203021 40204011 40207051 40211251 40215021 40215101 40216171 40217101
                  40217251 40220171 40221081 40223101 40224081 40224131 40224261 40225171 40301021
                  40301261 40303051 40304171 40304251 40306051 40307051 40307081 40309081 40309131
                  40310051 40310171 40311211 40312171 40314081 40316221 40321021 40321261 40322051
                  40323221 40325221 40401261 40403021 40403081 40403221 40405021 40405131 40405261
                  40408011 40410211 40411081 40414021 40415011 40416011 40416101 40416131 40416251
                  40417131 40502081 40506131 40507021 40508251 40509171 40512101 40512211 40512261
                  40513171 40514171 40602261 40603081 40604101 40606101 40608251 40609101 40610011
                  40610101 40612221 40614021 40702101 40702131 40705131 40706051 10114111 40713251
                  40713261 40714051 40714131 40715251 40716221 40802011 40802081 40802221 40803021
                  40805131 40806021 40807101 40809251 40810251 40813261 40814011 40815021 40815261
                  40817221 40901021 40904081 40905021 40905081 40906211 40908081 40912221 40913051
                  41002081 41005101 41012101 41012221 41013051 41013171 41014131 41014261 41016021
                  41016211 41102051 41102171 41103221 41104081 41105221 41106171 41108051 41108171
                  41109081 41109131 41109251 41110011 41110051 41110131 41112051 41114051 41114101
                  41115021 41115101 41116131 41201081 10202181 41202221 41202251 41203021 41203131
                  41204221 41204261 41205251 41207171 41207221 41209051 41210251 41211011 41212221
                  41213011 41213101 41213261 41216261 41217211 90205011 90302011 90303111 90304111
                  90305251
      H17_20      10910111 20116171 20202081 20301211 20405101 20602011 20615041 21211101 30205201
                  30404081 30709031 30906201 40101011 40109221 40116011 40710101 40714251 10701161
                  40904021 41016131 41202051 10206011 10206181 10209071 10209111 10210111 10210161
                  10211111 10211261 10212151 10213161 10213261 10214161 10214211 10215111 10215151
                  10303071 10303181 10305111 10305151 10305251 10306011 10306151 10307151 10307161
                  10307261 10308111 10312181 10314071 10314151 10315151 10315261 10401111 10403111
                  10403251 10404181 10406151 10406161 10408151 10408211 10408251 10409011 10409181
                  10410181 10412211 10414011 10501161 10502151 10503011 10504181 10507011 10507181
                  10508161 10509011 10509251 10512111 10513071 10513211 10513251 10514011 10514111
                  10514211 10601071 10601161 10602071 10602261 10605181 10607251 10609161 10610161
                  10610261 10612161 10613151 10613211 10613261 10101151 10101161 10703071 10704251
                  10704261 10705251 10706111 10706251 10707151 10707211 10708011 10708071 10709161
                  10709211 10712011 10712151 10713011 10713161 10713261 10715151 10802111 10802251
                  10805151 10806111 10806151 10806251 10806261 10808011 10812071 10813161 10814181
                  10901011 10903261 10904071 10904151 10905181 10907011 10908161 10908251 10909251
                  10909261 10910011 10102071 10910251 10911261 10915251 11002111 11004071 11006151
                  11008211 11009011 11010071 11011111 11011251 11014151 11014261 11101011 11101161
                  11101181 11102111 11102211 11103071 11104111 11104161 11107151 11107161 11107261
                  11110071 11110111 11111151 11113111 11114071 11114151 11114251 11201161 11201251
                  11202211 11203071 11206161 11208071 11208111 11208161 11208261 11209151 11210211
                  11210251 11212011 11212071 11212111 11212151 11213111 11213261 11214161 11214261
                  20101041 20103171 20103181 20104041 20104181 20105011 20106211 20107081 20109031
                  20109041 20109071 20111031 20111041 20111081 20111101 20111181 20114011 20114031
                  20115081 20116011 20116031 20116081 20201211 20203081 20203171 20204181 20205101
                  20205181 20208081 20208101 20208211 20209011 20210211 20213011 20214181 20216031
                  20216101 20216211 20301101 20302041 20303171 20305031 20305171 20307181 20308031
                  20310101 20311011 20311081 20312071 20312081 20313211 20315101 20316171 20316181
                  20401011 20401211 20402181 20403081 20403181 20406071 20406101 20409181 20409211
                  20410181 20412011 20413071 20416031 20416211 20501011 20501031 20502181 20503181
                  20508011 20508071 20509071 20510041 20512041 20513211 20514101 20515011 20515071
                  20516031 20516071 20601011 20601081 20603011 20604101 20605071 20606011 20606101
                  20607011 20607071 20609031 20609071 20610011 20610101 20610211 20612081 20612171
                  20612181 20613081 20613171 20614071 20614181 20615071 20616011 20616101 20616171
                  20701081 20701181 20702041 20704101 20706101 20709031 20709041 20712081 20712101
                  20712171 20715031 20715081 20801031 20801101 20802081 20803031 20805031 20810031
                  20810081 20810101 20812081 20812181 20813101 20813171 20814101 20816041 20818011
                  20819031 20819041 20901101 20904011 20904171 20905171 20906031 20906081 20906211
                  20907011 20910011 20913011 20913031 20914011 20914081 20914101 20915011 20916041
                  20916081 21002011 21004041 21004211 21007081 21007211 21008181 21009011 21010081
                  10105111 21011181 21012011 21012101 21013041 21014071 21015081 21016081 21016101
                  21104041 21104071 21105031 21108041 21108181 21110071 21112011 21112101 21115031
                  21116031 21201181 21201211 21203071 21207031 21207101 21208101 21208211 21210011
                  21210041 21211031 21211081 21212071 21215031 21215041 21215171 21215181 21216171
                  30101011 30101251 30103011 30104071 30105011 30106071 30108021 30109231 30111011
                  30114081 30114131 30115021 30116011 30203081 30203131 30205081 10106251 30206231
                  30207011 30207231 30208011 30208021 30211011 30212201 30214071 30216231 30301251
                  30302011 30303021 30307021 30309081 30309251 30310071 30310081 30311021 30311031
                  30311071 30311201 30312021 30312081 30313031 10107011 30403011 30403031 30404231
                  30405231 30406231 30407231 30407251 30408011 30408081 30411021 30412031 30412201
                  30413251 30414071 30415071 30415131 30416131 30417231 30502031 30502131 30502251
                  30503031 30504251 30508201 30508251 30509251 30510011 30511201 30513011 30513081
                  30513131 30514131 30515131 30515231 30516021 30602011 10107261 30604011 30604231
                  30605201 30607231 30608031 10108211 30609201 30610011 30610071 30611231 30612031
                  30613021 30616081 30701201 30702031 30704201 30706031 30707201 10109011 30708251
                  30711251 30712031 30712131 30713071 30714011 30714031 30715031 30715251 30716131
                  30801021 30801071 30801131 30803021 30803081 30803231 30804201 30805081 30805251
                  30807021 30808071 30810021 30811021 30811231 30812031 30812071 30813201 30815011
                  30815201 30816131 30902011 30902021 30903081 30903201 30906011 30907131 30908031
                  30910011 30910071 30911011 30911201 30911251 30912081 30913031 30914071 30915131
                  30916021 30916081 31001251 31002081 31002231 31003131 31009131 31010011 31010231
                  31010251 31012231 31013011 31013071 31015201 31016201 31101251 31103011 31103021
                  31103131 31104071 31104081 31105131 31106251 31109131 31109201 10110261 31112251
                  31114031 31115071 31116011 31116021 31116201 31201031 31202011 31202081 31203031
                  31203201 31204071 31205201 31207081 31209021 31212081 31212201 31215021 31217251
                  40101101 40102021 40102081 40104051 40106101 40107101 40108011 40108261 40109011
                  40109051 40109171 40110021 40111081 40111101 40113051 40115051 40115081 40117021
                  40117251 40117261 40118131 40119131 40120051 40120221 40121021 40121081 40122021
                  40122171 40123211 40123251 40124021 40125221 40203011 40204011 40204081 40204101
                  40206131 40207101 40208211 40211011 40211251 40212011 40212221 40213251 40214171
                  40215251 40216051 40219221 40221131 40221261 40224101 40225171 40301261 40302221
                  40305051 40305131 40306101 40307021 40307081 40307131 40307221 40309021 40310051
                  40311261 40312011 40312251 40314081 40314101 40316081 40317081 40320101 40320171
                  40322051 40322131 40323011 40323221 40325251 40401051 40401261 40403021 40403051
                  40403101 40404011 40405131 40408051 40408081 40408101 40409011 40409251 40410011
                  10113151 40412261 40414051 40415131 40416011 40417051 40501011 40501081 40501211
                  40502021 40502081 40503051 40504051 40504081 40506101 40508011 40510081 40511051
                  40512051 40512081 40512101 40512261 40513171 40515171 10114071 40601051 40602131
                  40603011 40603131 40604101 40606221 40607011 40608221 40608251 40612021 40615021
                  40615101 40616021 40701251 40702081 40702261 40704261 40705131 40707171 40707261
                  40710021 10114111 40711261 40712051 40712101 40713021 40713081 40714081 10114181
                  40715221 40716021 40716251 40801261 40802011 40802131 10115111 40804171 40807081
                  40807101 40808051 40809081 40809251 40810021 40810051 40810131 40811011 40812051
                  40813221 40815101 40815261 40817221 40817251 40902101 40902171 40903081 10201211
                  40904101 40905081 40905101 40906211 40908081 40909011 40911221 40912221 40913021
                  40914101 40914171 40914211 40916221 41008081 41010171 41010221 41011081 41011101
                  41011221 41012021 41013171 41014011 41014171 41015051 41016011 41016171 41102171
                  41105051 41105131 41108171 41109081 41109131 41109251 41110261 41111171 41111221
                  41112051 41112171 41113051 41114101 41114171 41115011 41116051 41201011 41201081
                  41201131 41202021 41202261 41204221 41207081 41208171 41208221 41209251 41210101
                  41210131 41211011 41211211 41211251 41212221 41215101 41217081 41217261 90201151
                  90201161 90201251 90205011 90302111 90302151 90302251 90303071 90303111 90303151
                  90303181 90304111 90304151 90305011
      H20_22      11205071 20202081 20301211 20615041 21002101 21211101 30205201 30603071 30605131
                  30907251 40101011 40109221 40504211 40710081 10701161 40904021 10204111 10204161
                  10205251 10206211 10208071 10209011 10209261 10210111 10211251 10213211 10213261
                  10215151 10215211 10301071 10302011 10305071 10305111 10305181 10308161 10310211
                  10311011 10312181 10314071 10314211 10315261 10403071 10403251 10403261 10406161
                  10406181 10407251 10408261 10409181 10410261 10411211 10501261 10502261 10503181
                  10503251 10504211 10506161 10507181 10509211 10512111 10514211 10515151 10602071
                  10602261 10603251 10606111 10606211 10607071 10607111 10607161 10608011 10608161
                  10609071 10609161 10611161 10612181 10613211 10615161 10615181 10703071 10704011
                  10704161 10705011 10706251 10707111 10101261 10711071 10713071 10714151 10715151
                  10802151 10805161 10808181 10811251 10813211 10902111 10902161 10904151 10905181
                  10905251 10906261 10907071 10908161 10908251 10908261 10909251 10909261 10102071
                  10910151 10910251 10910261 10915211 11002111 11003111 11003161 11003251 11003261
                  11006151 11008011 11009011 11009151 11009161 11009181 11009251 11010111 11011211
                  11014111 11014181 11101181 11101251 11103071 11104111 11104151 11104161 11108181
                  11109011 11110111 11112111 11114161 11114251 11202181 11202211 10102251 11205151
                  11207251 11208111 11210151 11211111 11212071 11215161 20102211 20105041 20105081
                  20106031 20109071 20109101 20109171 20109211 20110181 20111031 20111041 20115081
                  10103071 20201211 20203171 20204081 20206171 20207101 20208081 20208211 20215011
                  20301011 20302041 20303081 20305041 20305101 20306031 20308041 20310101 20310171
                  20311031 20311081 20312101 20313211 20402211 20403011 20403081 20403171 20403211
                  20405031 20405071 20405081 20406011 20406081 20406101 20407101 20409101 20409181
                  20415041 20417011 20417081 20501011 20501031 20502071 20503171 20504181 20507081
                  20508011 20508071 20508211 20510211 20512031 20512171 20512181 20513011 20513041
                  20514101 20515011 20516071 20602081 20604041 20604081 20604101 20606011 20608071
                  20609071 20609211 20610011 20610181 20611211 20612171 20613171 20613211 20614181
                  20615071 20615081 20616101 20616171 20701011 20701071 20701081 20701101 20703071
                  20704171 20704181 20706041 20706101 20708011 20708171 20709031 20709211 20711171
                  20712081 20714081 20801031 20801101 20801171 20801211 20804041 20808041 20808071
                  20809031 20810041 20812181 20813101 20813171 20814071 20814101 20814211 20816211
                  20819171 20901071 20903081 20903101 20906171 20906211 20908041 20908211 20912181
                  20913031 20915011 20915041 20915071 20916011 20916041 20916081 20916101 21002011
                  21002031 21003081 21003101 21003211 21007011 21008011 21009011 10105111 21014101
                  21015031 21015171 21016101 21102081 21103081 21105181 21109011 21110081 21112031
                  21114011 21114081 21115081 21116081 21207171 21209071 21210081 21211031 10105261
                  21212011 21212171 21213011 21213071 21213171 21215041 21216031 21216041 21216081
                  30103071 30104021 30106071 30108011 30108021 30108251 30109011 30109231 30110201
                  30110231 30112231 30113031 10106181 30114031 30114131 30115231 30116011 30116131
                  30202251 30203081 30203131 30205011 30205081 30205251 30206131 30208011 30208231
                  30209071 30209251 30212081 30212131 30212201 30212231 30212251 30216011 30301071
                  30303021 30304081 30305201 30306251 30309011 30310081 30311071 30312251 30313031
                  30405231 30407011 30408011 30408251 30409031 30409231 30413201 30414021 30414251
                  30415081 30501021 30502131 30502231 30504251 30505081 30506071 30506131 30507021
                  30508071 30508251 30509021 30510011 30510231 30511201 30513081 30513251 30514131
                  30515131 30601081 30602031 30602131 30602201 30604011 30604201 30604231 10108071
                  30610031 30611021 30612231 30613021 30613201 30613231 30615251 30616011 30701201
                  30702031 30702131 30702251 30708071 30708131 10109011 30708231 30712021 30712201
                  30714031 30714131 30716021 30716071 30716131 30716231 30716251 30801021 30801071
                  30810021 30811021 30811131 30814021 30814231 30815031 30815201 30816201 30901011
                  30904251 30905011 30905021 30906011 10109111 30906131 30907131 30908251 30910021
                  30910031 30910201 30911011 30911231 30912071 30913021 30913081 30914031 30915081
                  31001251 31002231 31003251 31004231 31006071 31007011 31008071 31009131 31010011
                  31010231 31013011 31014231 31014251 31016081 31016201 31102011 31102131 31103011
                  31103131 31104071 31104081 31105031 31108251 31112081 31114011 31114031 31114131
                  31116011 31116081 31116201 31201011 31201021 31202011 31203201 31205131 31207011
                  31207131 31207201 31207251 31211231 31217081 40102021 40102051 40103051 40103081
                  40103101 10111211 40105211 40106101 40107081 40107131 40107251 40108051 40109051
                  10111251 40110081 40111101 40116211 40117011 40117131 40118051 40120051 40120221
                  40120261 40121101 40122051 40123051 40123211 40124051 40124101 40201021 40201261
                  40202221 40204211 40210101 40211251 40213251 40214251 40215021 40215221 40216051
                  40216081 40216101 40218101 40218171 40219081 40220101 40220251 40221131 40223101
                  40223131 40225171 40302251 40302261 40303011 40304171 40304251 40306021 40307081
                  40307101 40309081 40310021 40312021 40314101 40315131 40316221 40317081 40319011
                  40321021 40321261 40322051 40324081 40325021 40325131 40401131 40403081 40405021
                  40405051 40406051 40406101 40408021 40408051 40408251 40410011 40411081 40412251
                  40413131 40415021 40416211 40416261 40417051 40417131 40502021 40503051 40504171
                  40505251 40507021 40507251 40508021 40509261 40511251 40512051 40513131 40513171
                  40514171 40601051 40602221 40602261 40603131 40603251 40606221 40607011 40608261
                  40612021 40612051 40612221 40613051 40613101 40616011 40701101 40702131 40704021
                  40704131 40704261 40707171 40708101 40710011 10114151 40712081 40712221 40713081
                  40713261 40716081 40802011 40802021 40802171 40803021 40805131 40806021 40807261
                  40809051 40809081 40810081 40812051 40812211 40813221 40814101 40815021 40816171
                  40816221 40817131 40817221 40817261 40901021 40902251 40903251 40904101 40905081
                  40905101 40905131 40907011 40907131 40909021 40912051 40914101 40914171 41002171
                  41003051 41003171 41004011 41008011 41008081 41010171 41010261 41011101 10202011
                  41012101 41013171 41013211 41014171 41015011 41015131 41015211 41016011 41103011
                  41103021 41103051 41104011 41105131 41108051 41109251 41110011 41110131 41112021
                  41112051 41113021 41115131 41201081 41203081 41203131 41203221 41204051 41204221
                  41205221 41205251 41206081 41207021 41207171 41212081 41213131 41213251 41215021
                  41215101 41216101 41216261 90205071 90205151 90302011 90302071 90302111 90305011
                  90305071 90305251 90305261
      H22_6       10914251 40714261 10702161 10707261 10906181 10910111 20116171 20202081 20205081
                  20307041 20405101 20602011 20615041 21002101 21107031 21211041 21211101 30205131
                  30411081 30417081 30603071 30708201 30709031 30906071 30907251 30912021 31012251
                  40101011 40109221 40116011 40214081 40221221 40315101 40410251 40504211 40516021
                  40710081 40710101 40714251 10701161 40803081 40808081 40814131 40816011 41016131
                  10204111 10204151 10204161 10205071 10205111 10205161 10205251 10206211 10206261
                  10207071 10208011 10209011 10209261 10210181 10211011 10211181 10212111 10212261
                  10213151 10213161 10213211 10213261 10214261 10215151 10302071 10302111 10302211
                  10303151 10303181 10303211 10304071 10305011 10305111 10305181 10307161 10308161
                  10308181 10308251 10309151 10310151 10310161 10311071 10311161 10312011 10312181
                  10314071 10314251 10315071 10315151 10315161 10401181 10402151 10403071 10403161
                  10403261 10404071 10404181 10405071 10405261 10406161 10407011 10407251 10407261
                  10409011 10409181 10410111 10410181 10410261 10411071 10411211 10411251 10412111
                  10413251 10502251 10503261 10504161 10504211 10506161 10507181 10507261 10508011
                  10508161 10508261 10509211 10510261 10512161 10513071 10513161 10513181 10514011
                  10514111 10514251 10515071 10515151 10601261 10602161 10603111 10603211 10605071
                  10605211 10606071 10606111 10606251 10607111 10607161 10607211 10607251 10608161
                  10609151 10611161 10612111 10612161 10613111 10613261 10614261 10615181 10701181
                  10703011 10703071 10703111 10704011 10704151 10704261 10706111 10706161 10707151
                  10707181 10708071 10709151 10709161 10709261 10710071 10710261 10711151 10711261
                  10712111 10712181 10713151 10713261 10714071 10714151 10715071 10715111 10715151
                  10802151 10802211 10802251 10802261 10803261 10804181 10805161 10806111 10806151
                  10806181 10806251 10807151 10808011 10808151 10808181 10808211 10809151 10809161
                  10810161 10810181 10810251 10813011 10813111 10814071 10814211 10901111 10901151
                  10901211 10902161 10902261 10903111 10904111 10904151 10904181 10905181 10905211
                  10905261 10906011 10907011 10907211 10908251 10909211 10909251 10910071 10102071
                  10910151 10910251 10911011 10911151 10911161 10911181 10913071 10913251 10914211
                  10102161 10915211 11002151 11002211 11003011 11003161 11003251 11004111 11005251
                  11006151 11007161 11007211 11008011 11008161 11008181 11008211 11009011 11009151
                  11009181 11010011 11010071 11010161 11011161 11013011 11014151 11014261 11015261
                  11102211 11102251 11102261 11103251 11104111 11104151 11104161 11106071 11107071
                  11107111 11107161 11107261 11108011 11109011 11109151 11109211 11109251 11110111
                  11112011 11112111 11113151 11113181 11114111 11201161 11202111 11202151 11202181
                  11204161 11204211 10102251 11207011 11207161 11207251 11208071 11208111 11208211
                  11209011 11209151 11209261 11210151 11210161 11210251 11211151 11212181 11213111
                  11213161 11213261 11214161 11215161 20102041 20102171 20103071 20104041 20104101
                  20105031 20105211 20106031 20106211 20109031 20109071 20109101 20109181 20109211
                  20110011 20110181 20111031 20111041 20111081 20111171 20112181 20113181 20114011
                  20114031 20114041 20114211 20115081 20116011 20201211 20203031 20203081 20203101
                  20203171 20204041 20204181 20205101 20205181 20207101 20208211 20211071 20211171
                  20211181 20212011 20212071 20212101 20212181 20213011 20213081 20213171 20215011
                  20216171 20216211 20301011 20301181 20302011 20302041 20302081 20303041 20303081
                  20303101 20304081 20304101 20305041 20305081 20305171 20306011 20306031 20306071
                  20308041 20308071 20308171 20308211 20309171 20310041 20310101 20310171 20310181
                  20311071 20311081 20312101 20312171 20313211 20314081 20315171 20316171 20401011
                  20401031 20401071 20401211 20402101 20402211 20403011 20403171 20403181 20403211
                  20404011 20404041 20405071 20405081 20405171 20406011 20406211 20407101 20408031
                  20408181 20409011 20409181 20409211 20410011 20410181 20411071 20412011 20412211
                  20413101 20414031 20415041 20416031 20417181 20501011 20501071 20502031 20502181
                  20503171 20505171 20506011 20507211 20508011 20508071 20508081 20509081 20510211
                  20512031 20512041 20512171 20513011 20513181 20513211 20515011 20516041 20516071
                  10104261 20602081 20603011 20603031 20603101 20604031 20604041 20604081 20604101
                  20605041 20605101 20606011 20606101 20607011 20607041 20607071 20607101 20607211
                  20608171 20608181 20609071 20609181 20610071 20611171 20611211 20612011 20612101
                  20612171 20612211 20613011 20613211 20614011 20614181 10105011 20615081 20616011
                  20616101 20616171 20701081 20701101 20701181 20702041 20702081 20702101 20703011
                  20703101 20704101 20705081 20705211 20706041 20706101 20707211 20708011 20710071
                  20711101 20711171 20712031 20713211 20714071 20714211 20715031 20715181 20715211
                  20801011 20801081 20801101 20802081 20803011 20804041 20805031 20805081 20806071
                  20807081 20807171 20807181 20808011 20808071 20808101 20808171 20809031 20809071
                  20809081 20809101 20809211 20810031 20810041 20810101 20811071 20812011 20812171
                  20813031 20813101 20813181 20813211 20814101 20814171 20814181 20814211 20815031
                  20815181 20816181 20817081 20818211 20819011 20819031 20819041 20819171 20901071
                  20901211 20903031 20903101 20903181 20904171 20905101 20906011 20906081 20906171
                  20906211 20907011 20907031 20907081 20907101 20907171 20907181 20908041 20908211
                  20910011 20910041 20910211 20911171 20912181 20913071 20913171 20914081 20914101
                  20914181 20915041 20915211 20916041 20916081 20916101 21001041 21002011 21002031
                  10105071 21002181 21003071 21003181 21003211 21004081 21004171 21005071 21005081
                  21007081 21007211 21009011 21009041 21010101 21011071 21012171 21013101 21014071
                  21014101 21015081 21016031 21016081 21101081 21101181 21102081 21103081 21104071
                  21104211 21105031 21105041 21105171 21108171 21109011 21109181 21110171 21110211
                  21112011 21112031 10105251 21114011 21114081 21114101 21114171 21115081 21116031
                  21116081 21201181 21201211 21202171 21202181 21204081 21204101 21205101 21205171
                  21206071 21206181 21207081 21208181 21208211 21209211 21210181 21211031 21211071
                  10106161 21211181 21212011 21212071 21213011 21213071 21215181 21216031 21216081
                  21216171 30101031 30101231 30102131 30103071 30104021 30104031 30105011 30105021
                  30105081 30105131 30106011 30106201 30107251 30108011 30108131 30108201 30109011
                  30109131 30110021 30110071 30110201 30110231 30111011 30111201 30112231 30113031
                  10106181 30114031 30114131 30115131 30116011 30116131 30201131 30201201 30202131
                  30202231 30202251 30203071 30203131 30203251 30205011 30205251 30206011 30207081
                  30207231 30208081 30209071 30209251 30210081 30211201 30212131 30212231 30213011
                  30213231 30214071 30214251 30216011 30216031 30216231 30301071 30302011 30302021
                  30302071 30302131 30303021 30304081 30305131 30306021 30306031 30306251 30307131
                  30307201 30307231 30308031 30309011 30309071 30309081 30310031 30310081 30310231
                  30311071 30311251 30313031 30313081 30315251 30402031 30402081 30402201 30403031
                  30404131 30404231 30405011 30405071 30405251 30406131 30406231 30407011 30408081
                  30408201 30408251 30409021 30409031 30409071 30409201 30409231 30411011 30411021
                  30411131 30413201 30414071 30414131 30415011 30415081 30415251 30417131 30417201
                  30417231 30417251 30501031 30501071 30502081 30502131 30503021 30504251 30505081
                  30505131 30506131 30507021 30507081 30507131 30508011 30508071 30508131 30508231
                  30508251 30509201 30509231 30509251 30511031 30511081 30511131 30513011 30513251
                  30514081 30514131 30515131 30516011 30601011 30602201 30602251 10107261 30603251
                  30604011 30604071 30604201 10108071 30606231 30606251 30608031 30609071 30609201
                  30610011 30610031 30611021 30612231 30613021 30613231 30614021 30614031 30614231
                  30615251 30616011 30616081 30616251 30701201 30701231 30702011 30702031 30702071
                  30702131 30702251 30703071 30703251 30704201 30706251 30707081 30708071 30708131
                  10109011 30708231 30708251 30709021 30710081 30711081 30711201 30711251 30712021
                  30712031 30712131 30715081 30716011 30716071 30716131 30716201 30716231 30716251
                  30801011 30801021 30801071 30801231 30802081 30802201 30803011 30803021 30803081
                  30803231 30804021 30804231 30805081 30805251 30806021 30808081 30809071 30810021
                  30810031 30810131 30811021 30811031 30811131 30811231 30812021 30812071 30812131
                  30814131 30814231 30815021 30815031 30815231 30816071 30816081 30816201 30816251
                  30901011 30901231 30902021 30903081 30903201 30905011 30905021 30905071 30905251
                  30906011 10109251 30907131 10110011 30908031 30908251 30910011 30910021 30910031
                  30910071 30910201 30911011 30911231 30912031 30912071 30912251 30913021 30913081
                  30913201 30914011 30914201 30915081 30915131 30916081 30916231 31001231 31002021
                  31002231 31003251 31004201 31005071 31005201 31006081 31006231 31007131 31008231
                  31009131 31009201 31010011 31011021 31011081 31012131 10110181 31013011 31014131
                  31014231 31016081 31016201 31102021 31102131 31102251 31103021 31103251 31104011
                  31104071 31104081 31104251 31105021 31106021 31106231 31107201 31108251 31109011
                  31109231 31109251 31110071 31111031 31111231 31112031 31112081 31113131 31113231
                  31114131 31115071 31116071 31201011 31201021 31201031 31201231 31202081 31203031
                  31204071 31204231 31205131 31205231 31206071 31207131 31207201 31208011 31209071
                  31212021 31212081 31212201 31213071 31213081 31213251 31214011 31214031 31215021
                  31216251 31217081 31217251 10111071 40101021 40101211 40102081 40102131 40102251
                  40102261 40103021 40103101 40103211 40105211 40106101 40106131 40107101 40107131
                  40107251 40108011 40108051 40108081 40109051 40109101 40109251 40110021 40110101
                  40110131 40110221 40111011 40111081 40111101 40111261 40113011 40113081 40114251
                  40115211 40116211 40116251 40117131 40117251 40118171 40119021 40119051 40119101
                  40119171 40120211 40120261 40121011 40121101 40121221 40122021 40122171 40123011
                  40123021 40124021 40124261 40201021 40201051 40202171 40202221 40203011 40203131
                  40203171 40203251 40204011 40204081 40204171 40204211 40204221 40205221 40206081
                  40207051 40207101 40207131 40209171 40210101 40211251 40212021 40213021 40213251
                  40213261 40214101 40215211 40215221 40215251 40216051 40216081 40216101 40217011
                  40217101 40217251 40218101 40219081 40220101 40220171 40220261 40221011 40221131
                  40221251 40221261 40222011 40224101 40224131 40224171 40224261 40225081 40225171
                  40301021 40302011 40302221 40303011 40303131 40304081 40304171 40305131 40306101
                  40307081 40307131 40309021 40309081 40310021 40310261 40311261 40312011 40312021
                  40312171 40312251 40313021 40313051 40313171 40313251 40314081 40314101 40315131
                  40315261 40316221 40316251 40316261 40317051 40317101 40318021 40318221 40319011
                  40319251 40319261 40320251 40321021 40321261 40322051 40322131 40323101 40324051
                  40324081 40325021 40325131 40401051 40401081 40401171 40401261 40402011 40402251
                  40403011 40403081 40403101 40403261 40404011 40404251 40405051 40405081 40405131
                  40405251 40405261 40406011 40407211 40408011 40408021 40408051 40408081 40409011
                  40409101 40409221 40409251 40409261 40410101 40410211 10113151 40411081 40411221
                  40412251 40413101 40413131 40413171 40413221 40414021 40414051 40416011 40416131
                  40416171 40416211 40416251 40416261 40417011 40417051 40417171 40501081 40501251
                  40502021 40502081 40502101 40502171 40503251 40504051 40504171 10113261 40506101
                  10114011 40506251 40507011 40507021 40507171 40507261 40508011 40508021 40508261
                  40509011 40509131 40509171 40510251 40510261 40511051 40511251 40512051 40512081
                  40512101 40512171 40512221 40513051 40513081 40513171 40514051 40514081 40514131
                  40514261 40515081 40515171 40516011 40516221 40601051 40602051 40602251 40602261
                  40603081 40603131 40603171 40603211 40603251 40605101 40606021 40607011 40608251
                  40609221 40610011 40611171 40612021 40612051 40612101 40612211 40612221 40613021
                  40613051 40613101 40615021 40615221 40616011 40616021 40616081 40701101 40701131
                  40702261 40703081 40703261 40704051 40704131 40704251 40704261 40705131 40706081
                  40707081 40707171 40707251 40708021 40708101 40708171 40710011 40710051 40711021
                  40712051 40712081 40712101 40712221 40713021 40713051 40713131 40713251 40713261
                  40714051 40714221 40715051 40715101 40715171 40715221 40716021 40801051 40801081
                  40802011 40802021 40802051 40802081 40802131 40802171 40802221 40803021 10114251
                  40803171 10115111 40804211 40804261 40805011 40805131 40806021 40806051 40806221
                  40807081 40807171 40807261 40808221 40809051 40809211 40809251 40810011 40810021
                  40810081 40810131 40811171 40812051 40812101 40812211 40814101 40815101 40815171
                  40816171 40816221 40817101 40817221 40817251 40817261 40902081 40902251 40902261
                  40903081 40903131 40903221 40903251 40904101 40904131 40904221 40905021 40905081
                  40905131 40906051 40906261 40907011 40907261 40910051 40912221 40912251 40912261
                  40913021 40913051 40914011 40914051 40914081 40914171 40915051 40916011 40916251
                  41001261 41002021 41002081 41002221 41004131 41004221 41005021 41006211 41007101
                  41007261 41008011 41008081 41009101 41010101 41010171 41010211 41011081 41011101
                  41011171 41011221 41012221 41013051 41013211 41013261 41014011 41014131 41014261
                  41015221 41015251 41016011 41016021 41016211 41101011 41102051 41102101 41102171
                  41103011 41103021 41103051 41103081 41103261 41104081 41104171 41105021 41105131
                  41106171 41107021 41107251 41108051 41108081 41108101 41108261 41109211 41109261
                  41110011 41110131 41110171 41110261 41111051 41111101 41112051 41113171 41114011
                  41114101 41114221 41115011 41115021 41116131 41116211 41201081 41201261 41202021
                  41202171 41202221 41203011 41203081 41203101 41203131 41204051 41204081 41204221
                  41205021 41205081 41205101 41205221 41205251 41206081 41207021 41207171 41207221
                  41208011 41209251 41210021 41210101 41210131 41210261 41211011 41211051 41213011
                  41213101 41213131 41213251 41213261 41214081 41214171 41216011 41216051 41216261
                  41217051 41217131 41217211 41217221 90201161 90202071 90202181 90202211 90202261
                  90204011 90204151 90205151 90205211 90301111 90301251 90302111 90302151 90302211
                  90302251 90303071 90303151 90303251 90304151 90304261 90305261

   2 WARNING(S) FOUND IN THE INPUT INSTRUCTIONS



4-class at level 1 (CW), 2-class at level 2 (CB) in  Year 1-4 - non-parametric ap
ordered polytomous variables for carb intake at each time slot over four
days of NDNS survey 2008/09 - 2015/16
variable 0 = not eating
1 = eating & carb provided < 50% calorie
2 = eating & carb provided >= 50% calorie
code created date: 2018-10-30
code updated date: 2019-05-06
author: Chaochen Wang

SUMMARY OF ANALYSIS

Number of groups                                                 1
Number of observations                                       13730

Number of dependent variables                                    7
Number of independent variables                                  0
Number of continuous latent variables                            0
Number of categorical latent variables                           2

Observed dependent variables

  Binary and ordered categorical (ordinal)
   H6_9        H9_12       H12_14      H14_17      H17_20      H20_22
   H22_6

Observed auxiliary variables
   DAYNO       AGE         SEX

Categorical latent variables
   CB          CW

Variables with special functions

  Cluster variable      ID
  ID variable           ID_DAY

  Within variables
   H6_9        H9_12       H12_14      H14_17      H17_20      H20_22
   H22_6


Estimator                                                      MLR
Information matrix                                        OBSERVED
Optimization Specifications for the Quasi-Newton Algorithm for
Continuous Outcomes
  Maximum number of iterations                                 100
  Convergence criterion                                  0.100D-05
Optimization Specifications for the EM Algorithm
  Maximum number of iterations                                 500
  Convergence criteria
    Loglikelihood change                                 0.100D-02
    Relative loglikelihood change                        0.100D-05
    Derivative                                           0.100D-02
Optimization Specifications for the M step of the EM Algorithm for
Categorical Latent variables
  Number of M step iterations                                    1
  M step convergence criterion                           0.100D-02
  Basis for M step termination                           ITERATION
Optimization Specifications for the M step of the EM Algorithm for
Censored, Binary or Ordered Categorical (Ordinal), Unordered
Categorical (Nominal) and Count Outcomes
  Number of M step iterations                                    1
  M step convergence criterion                           0.100D-02
  Basis for M step termination                           ITERATION
  Maximum value for logit thresholds                            15
  Minimum value for logit thresholds                           -15
  Minimum expected cell size for chi-square              0.100D-01
Maximum number of iterations for H1                           2000
Convergence criterion for H1                             0.100D-03
Optimization algorithm                                         EMA
Integration Specifications
  Type                                                    STANDARD
  Number of integration points                                  15
  Dimensions of numerical integration                            0
  Adaptive quadrature                                           ON
Random Starts Specifications
  Number of initial stage random starts                        100
  Number of final stage optimizations                           50
  Number of initial stage iterations                            10
  Initial stage convergence criterion                    0.100D+01
  Random starts scale                                    0.500D+01
  Random seed for generating random starts                       0
Parameterization                                             LOGIT
Link                                                         LOGIT
Cholesky                                                       OFF

Input data file(s)
  ../../../Mplusdata/NDNS_Tslots_Y14.dat
Input data format  FREE


SUMMARY OF DATA

     Number of missing data patterns             1
     Number of y missing data patterns           0
     Number of u missing data patterns           1
     Number of clusters                       3450



COVARIANCE COVERAGE OF DATA

Minimum covariance coverage value   0.100


UNIVARIATE PROPORTIONS AND COUNTS FOR CATEGORICAL VARIABLES

    H6_9
      Category 1    0.315         4319.000
      Category 2    0.179         2456.000
      Category 3    0.507         6955.000
    H9_12
      Category 1    0.220         3025.000
      Category 2    0.294         4037.000
      Category 3    0.486         6668.000
    H12_14
      Category 1    0.205         2809.000
      Category 2    0.448         6156.000
      Category 3    0.347         4765.000
    H14_17
      Category 1    0.288         3961.000
      Category 2    0.332         4556.000
      Category 3    0.380         5213.000
    H17_20
      Category 1    0.120         1644.000
      Category 2    0.594         8155.000
      Category 3    0.286         3931.000
    H20_22
      Category 1    0.330         4526.000
      Category 2    0.379         5207.000
      Category 3    0.291         3997.000
    H22_6
      Category 1    0.648         8892.000
      Category 2    0.181         2489.000
      Category 3    0.171         2349.000


RANDOM STARTS RESULTS RANKED FROM THE BEST TO THE WORST LOGLIKELIHOOD VALUES

Final stage loglikelihood values at local maxima, seeds, and initial stage start numbers:

          -94560.001  247224           94
          -94560.068  471398           74
          -94560.075  789985           67
          -94560.088  481835           57
          -94560.100  782200           84
          -94560.100  260601           36
          -94560.106  851945           18
          -94560.108  749453           33
          -94560.108  354559           73
          -94560.187  603842           61
          -94560.736  246261           38
          -94561.116  195873           6
          -94561.128  784664           75
          -94561.145  939021           8
          -94574.789  761633           50
          -94579.983  568859           49
          -94587.047  341041           34
          -94598.732  364676           27
          -94599.365  645664           39
          -94599.382  347515           24
          -94599.463  576596           99
          -94599.466  366706           29
          -94603.529  131856           90
          -94606.616  285380           1
          -94606.859  608496           4
          -94607.053  887676           22
          -94607.472  391179           78
          -94607.545  575700           100
          -94612.461  227563           63
          -94613.079  268217           83
          -94614.221  399671           13
          -94614.223  402224           91
          -94617.857  311214           64
          -94620.038  533738           11
          -94622.611  170954           86

15 perturbed starting value run(s) did not converge.



THE BEST LOGLIKELIHOOD VALUE HAS BEEN REPLICATED.  RERUN WITH AT LEAST TWICE THE
RANDOM STARTS TO CHECK THAT THE BEST LOGLIKELIHOOD IS STILL OBTAINED AND REPLICATED.


THE MODEL ESTIMATION TERMINATED NORMALLY



MODEL FIT INFORMATION

Number of Free Parameters                      119

Loglikelihood

          H0 Value                      -94560.001
          H0 Scaling Correction Factor      1.7616
            for MLR

Information Criteria

          Akaike (AIC)                  189358.003
          Bayesian (BIC)                190253.756
          Sample-Size Adjusted BIC      189875.585
            (n* = (n + 2) / 24)



MODEL RESULTS USE THE LATENT CLASS VARIABLE ORDER

   CB  CW

  Latent Class Variable Patterns

         CB        CW
      Class     Class

         1         1
         1         2
         1         3
         1         4
         2         1
         2         2
         2         3
         2         4


FINAL CLASS COUNTS AND PROPORTIONS FOR THE LATENT CLASS PATTERNS
BASED ON ESTIMATED POSTERIOR PROBABILITIES

  Latent Class
    Pattern

    1  1        946.66296          0.06895
    1  2       1389.44280          0.10120
    1  3       1989.36517          0.14489
    1  4       1692.51596          0.12327
    2  1       1939.46978          0.14126
    2  2       1565.81263          0.11404
    2  3       1587.41583          0.11562
    2  4       2619.31486          0.19077


FINAL CLASS COUNTS AND PROPORTIONS FOR EACH LATENT CLASS VARIABLE
BASED ON ESTIMATED POSTERIOR PROBABILITIES

  Latent Class
    Variable    Class

    CB             1      6017.98682          0.43831
                   2      7712.01318          0.56169
    CW             1      2886.13281          0.21021
                   2      2955.25537          0.21524
                   3      3576.78101          0.26051
                   4      4311.83105          0.31404


FINAL CLASS COUNTS AND PROPORTIONS FOR THE LATENT CLASS PATTERNS
BASED ON THEIR MOST LIKELY LATENT CLASS PATTERN

Class Counts and Proportions

  Latent Class
    Pattern

    1  1             1022          0.07444
    1  2             1364          0.09934
    1  3             1913          0.13933
    1  4             1695          0.12345
    2  1             2438          0.17757
    2  2             1518          0.11056
    2  3             1364          0.09934
    2  4             2416          0.17597


FINAL CLASS COUNTS AND PROPORTIONS FOR EACH LATENT CLASS VARIABLE
BASED ON THEIR MOST LIKELY LATENT CLASS PATTERN

  Latent Class
    Variable    Class

    CB             1            5994          0.43656
                   2            7736          0.56344
    CW             1            3460          0.25200
                   2            2882          0.20991
                   3            3277          0.23867
                   4            4111          0.29942


CLASSIFICATION QUALITY

     Entropy                         0.576


Average Latent Class Probabilities for Most Likely Latent Class Pattern (Row)
by Latent Class Pattern (Column)

  Latent Class Variable Patterns

  Latent Class         CB        CW
   Pattern No.      Class     Class

         1             1         1
         2             1         2
         3             1         3
         4             1         4
         5             2         1
         6             2         2
         7             2         3
         8             2         4

           1        2        3        4        5        6        7        8

    1   0.668    0.045    0.126    0.068    0.006    0.011    0.008    0.068
    2   0.020    0.647    0.144    0.125    0.007    0.034    0.021    0.001
    3   0.034    0.108    0.675    0.104    0.012    0.025    0.023    0.019
    4   0.035    0.098    0.126    0.661    0.045    0.005    0.016    0.014
    5   0.003    0.005    0.009    0.026    0.590    0.101    0.120    0.147
    6   0.004    0.024    0.037    0.008    0.085    0.631    0.058    0.153
    7   0.004    0.028    0.029    0.020    0.109    0.070    0.615    0.125
    8   0.039    0.001    0.017    0.012    0.045    0.062    0.108    0.715


MODEL RESULTS

                                                    Two-Tailed
                    Estimate       S.E.  Est./S.E.    P-Value

Within Level

Latent Class Pattern 1 1

 Thresholds
    H6_9$1            -1.357      0.653     -2.079      0.038
    H6_9$2             0.075      0.393      0.190      0.849
    H9_12$1            3.601      5.005      0.719      0.472
    H9_12$2           15.000      0.000    999.000    999.000
    H12_14$1          -1.403      0.414     -3.388      0.001
    H12_14$2           0.844      0.198      4.269      0.000
    H14_17$1           0.012      0.311      0.039      0.969
    H14_17$2           1.066      0.223      4.789      0.000
    H17_20$1          -0.914      0.369     -2.477      0.013
    H17_20$2           0.971      0.178      5.453      0.000
    H20_22$1          -0.426      0.237     -1.795      0.073
    H20_22$2           1.351      0.243      5.568      0.000
    H22_6$1            0.573      0.325      1.765      0.078
    H22_6$2            1.643      0.297      5.529      0.000

Latent Class Pattern 1 2

 Thresholds
    H6_9$1             1.593      0.314      5.071      0.000
    H6_9$2             2.826      0.492      5.739      0.000
    H9_12$1           -2.230      0.674     -3.309      0.001
    H9_12$2           -0.311      0.200     -1.557      0.119
    H12_14$1           0.410      0.281      1.456      0.145
    H12_14$2           1.199      0.228      5.264      0.000
    H14_17$1          -2.716      0.897     -3.028      0.002
    H14_17$2           0.461      0.129      3.574      0.000
    H17_20$1          -0.925      0.144     -6.417      0.000
    H17_20$2           0.813      0.151      5.369      0.000
    H20_22$1          -0.771      0.147     -5.257      0.000
    H20_22$2           1.037      0.138      7.511      0.000
    H22_6$1            0.277      0.113      2.458      0.014
    H22_6$2            1.506      0.182      8.271      0.000

Latent Class Pattern 1 3

 Thresholds
    H6_9$1            -0.768      0.219     -3.508      0.000
    H6_9$2             1.528      0.262      5.830      0.000
    H9_12$1           -1.879      0.392     -4.796      0.000
    H9_12$2            0.790      0.206      3.842      0.000
    H12_14$1          -1.281      0.182     -7.030      0.000
    H12_14$2           1.267      0.131      9.663      0.000
    H14_17$1          -1.035      0.186     -5.570      0.000
    H14_17$2           1.334      0.133      9.997      0.000
    H17_20$1          -2.100      0.243     -8.651      0.000
    H17_20$2           1.785      0.180      9.901      0.000
    H20_22$1          -0.930      0.148     -6.283      0.000
    H20_22$2           1.874      0.162     11.552      0.000
    H22_6$1            0.169      0.112      1.507      0.132
    H22_6$2            2.381      0.230     10.369      0.000

Latent Class Pattern 1 4

 Thresholds
    H6_9$1             1.156      0.297      3.895      0.000
    H6_9$2             2.218      0.306      7.236      0.000
    H9_12$1           -2.197      0.404     -5.434      0.000
    H9_12$2           -0.679      0.181     -3.745      0.000
    H12_14$1          -1.760      0.274     -6.416      0.000
    H12_14$2           0.422      0.102      4.120      0.000
    H14_17$1           0.302      0.245      1.234      0.217
    H14_17$2           0.808      0.167      4.843      0.000
    H17_20$1          -2.831      0.328     -8.620      0.000
    H17_20$2           0.771      0.100      7.739      0.000
    H20_22$1           0.018      0.153      0.115      0.908
    H20_22$2           0.860      0.124      6.923      0.000
    H22_6$1            0.566      0.124      4.570      0.000
    H22_6$2            1.199      0.130      9.249      0.000

Latent Class Pattern 2 1

 Thresholds
    H6_9$1            -1.386      0.261     -5.304      0.000
    H6_9$2            -0.725      0.254     -2.851      0.004
    H9_12$1           -3.450      1.408     -2.451      0.014
    H9_12$2           -2.582      1.179     -2.190      0.028
    H12_14$1         -80.280      0.000    999.000    999.000
    H12_14$2           0.080      0.135      0.591      0.555
    H14_17$1          -0.887      0.361     -2.456      0.014
    H14_17$2          -0.353      0.187     -1.886      0.059
    H17_20$1          -3.552      0.513     -6.919      0.000
    H17_20$2           0.764      0.145      5.251      0.000
    H20_22$1          -0.798      0.160     -4.980      0.000
    H20_22$2           0.391      0.146      2.689      0.007
    H22_6$1            0.688      0.161      4.257      0.000
    H22_6$2            1.191      0.222      5.371      0.000

Latent Class Pattern 2 2

 Thresholds
    H6_9$1            -1.427      0.329     -4.341      0.000
    H6_9$2            -0.868      0.229     -3.784      0.000
    H9_12$1           -2.325      0.510     -4.559      0.000
    H9_12$2           -0.208      0.265     -0.782      0.434
    H12_14$1          -1.319      0.333     -3.959      0.000
    H12_14$2           0.694      0.186      3.739      0.000
    H14_17$1          -2.169      0.341     -6.366      0.000
    H14_17$2           0.262      0.123      2.128      0.033
    H17_20$1          -1.305      0.323     -4.039      0.000
    H17_20$2           0.987      0.318      3.105      0.002
    H20_22$1         -15.000      0.000    999.000    999.000
    H20_22$2           1.714      0.753      2.278      0.023
    H22_6$1            0.658      0.152      4.331      0.000
    H22_6$2            1.987      0.541      3.670      0.000

Latent Class Pattern 2 3

 Thresholds
    H6_9$1            -1.223      0.332     -3.681      0.000
    H6_9$2            -0.735      0.190     -3.865      0.000
    H9_12$1           -2.312      0.391     -5.906      0.000
    H9_12$2           -0.338      0.215     -1.569      0.117
    H12_14$1          -0.426      0.559     -0.762      0.446
    H12_14$2           0.599      0.202      2.962      0.003
    H14_17$1          -2.495      0.447     -5.578      0.000
    H14_17$2           0.124      0.140      0.886      0.376
    H17_20$1          -2.478      0.439     -5.648      0.000
    H17_20$2           0.514      0.150      3.431      0.001
    H20_22$1          -0.209      0.644     -0.325      0.745
    H20_22$2           0.061      0.475      0.128      0.898
    H22_6$1            0.703      0.150      4.683      0.000
    H22_6$2            1.092      0.168      6.519      0.000

Latent Class Pattern 2 4

 Thresholds
    H6_9$1           -15.000      0.000    999.000    999.000
    H6_9$2            -2.490      0.405     -6.145      0.000
    H9_12$1           -0.178      0.369     -0.483      0.629
    H9_12$2            1.376      0.652      2.111      0.035
    H12_14$1          -2.809      0.353     -7.968      0.000
    H12_14$2           0.425      0.107      3.980      0.000
    H14_17$1          -0.391      0.220     -1.783      0.075
    H14_17$2           0.594      0.136      4.358      0.000
    H17_20$1          -2.759      0.321     -8.598      0.000
    H17_20$2           0.844      0.090      9.339      0.000
    H20_22$1          -0.510      0.139     -3.664      0.000
    H20_22$2           0.681      0.158      4.316      0.000
    H22_6$1            1.078      0.124      8.714      0.000
    H22_6$2            1.892      0.178     10.617      0.000

Between Level

Categorical Latent Variables

Within Level

 Intercepts
    CW#1              -0.300      0.208     -1.441      0.150
    CW#2              -0.514      0.511     -1.007      0.314
    CW#3              -0.501      0.326     -1.537      0.124

Between Level

 CW#1       ON
    CB#1              -0.280      0.433     -0.647      0.517

 CW#2       ON
    CB#1               0.317      0.656      0.483      0.629

 CW#3       ON
    CB#1               0.662      0.389      1.702      0.089

 Means
    CB#1              -0.245      0.125     -1.950      0.051


QUALITY OF NUMERICAL RESULTS

     Condition Number for the Information Matrix              0.855E-04
       (ratio of smallest to largest eigenvalue)


SAVEDATA INFORMATION


  Save file
    ../../../MplusOutput/Year14/CW4CB2.txt

  Order of variables

    H6_9
    H9_12
    H12_14
    H14_17
    H17_20
    H20_22
    H22_6
    DAYNO
    AGE
    SEX
    CPROB1
    CPROB2
    CPROB3
    CPROB4
    CPROB5
    CPROB6
    CPROB7
    CPROB8
    CB
    CW
    MLCJOINT
    ID_DAY
    ID

  Save file format           Free

  Save file record length    10000


     Beginning Time:  08:08:59
        Ending Time:  08:28:08
       Elapsed Time:  00:19:09



MUTHEN & MUTHEN
3463 Stoner Ave.
Los Angeles, CA  90066

Tel: (310) 391-9971
Fax: (310) 391-8971
Web: www.StatModel.com
Support: Support@StatModel.com

Copyright (c) 1998-2019 Muthen & Muthen
