Mplus VERSION 7.4
MUTHEN & MUTHEN
07/15/2018  10:21 PM

INPUT INSTRUCTIONS

  TITLE:
  3-class at level 1, 4-classes at level 2 random effects model - non-parametric approach


  DATA:
  File is H:\summer_project\SAS\sasdata\ndns_3cat.dat;

  VARIABLE:
     Names are     id          id_day      Age         Sex         H0          H1
       H2          H3          H4          H5          H6          H7
       H8          H9          H10         H11         H12         H13
       H14         H15         H16         H17         H18         H19
       H20         H21         H22         H23  ;

  USEVARIABLES =   H0          H1
       H2          H3          H4          H5          H6          H7
       H8          H9          H10         H11         H12         H13
       H14         H15         H16         H17         H18         H19
       H20         H21         H22         H23  ;

  auxiliary = id_day Age Sex;

  CATEGORICAL are H0-H23;

  CLUSTER = id;

  BETWEEN = CB;

  WITHIN = H0-H23;

  CLASSES = CB(4) CW(3);

  ANALYSIS:
  type = mixture twolevel;
  starts = 1000 500;
  process = 20(starts);


  MODEL:
  %within%
  %overall%
  %between%
  %overall%
  CW ON CB;


  Savedata:
    file is 50NDNS_CW3CB4.txt ;
    save is cprob;
    format is free;



INPUT READING TERMINATED NORMALLY




3-class at level 1, 4-classes at level 2 random effects model - non-parametric approach

SUMMARY OF ANALYSIS

Number of groups                                                 1
Number of observations                                       24483

Number of dependent variables                                   24
Number of independent variables                                  0
Number of continuous latent variables                            0
Number of categorical latent variables                           2

Observed dependent variables

  Binary and ordered categorical (ordinal)
   H0          H1          H2          H3          H4          H5
   H6          H7          H8          H9          H10         H11
   H12         H13         H14         H15         H16         H17
   H18         H19         H20         H21         H22         H23

Observed auxiliary variables
   ID_DAY      AGE         SEX

Categorical latent variables
   CB          CW

Variables with special functions

  Cluster variable      ID

  Within variables
   H0          H1          H2          H3          H4          H5
   H6          H7          H8          H9          H10         H11
   H12         H13         H14         H15         H16         H17
   H18         H19         H20         H21         H22         H23


Estimator                                                      MLR
Information matrix                                        OBSERVED
Optimization Specifications for the Quasi-Newton Algorithm for
Continuous Outcomes
  Maximum number of iterations                                 100
  Convergence criterion                                  0.100D-05
Optimization Specifications for the EM Algorithm
  Maximum number of iterations                                 500
  Convergence criteria
    Loglikelihood change                                 0.100D-02
    Relative loglikelihood change                        0.100D-05
    Derivative                                           0.100D-02
Optimization Specifications for the M step of the EM Algorithm for
Categorical Latent variables
  Number of M step iterations                                    1
  M step convergence criterion                           0.100D-02
  Basis for M step termination                           ITERATION
Optimization Specifications for the M step of the EM Algorithm for
Censored, Binary or Ordered Categorical (Ordinal), Unordered
Categorical (Nominal) and Count Outcomes
  Number of M step iterations                                    1
  M step convergence criterion                           0.100D-02
  Basis for M step termination                           ITERATION
  Maximum value for logit thresholds                            15
  Minimum value for logit thresholds                           -15
  Minimum expected cell size for chi-square              0.100D-01
Optimization algorithm                                         EMA
Integration Specifications
  Type                                                    STANDARD
  Number of integration points                                  15
  Dimensions of numerical integration                            0
  Adaptive quadrature                                           ON
Random Starts Specifications
  Number of initial stage random starts                       1000
  Number of final stage optimizations                          500
  Number of initial stage iterations                            10
  Initial stage convergence criterion                    0.100D+01
  Random starts scale                                    0.500D+01
  Random seed for generating random starts                       0
Parameterization                                             LOGIT
Link                                                         LOGIT
Cholesky                                                       OFF

Input data file(s)
  H:\summer_project\SAS\sasdata\ndns_3cat.dat
Input data format  FREE


SUMMARY OF DATA

     Number of clusters                       6155



UNIVARIATE PROPORTIONS AND COUNTS FOR CATEGORICAL VARIABLES

    H0
      Category 1    0.974        23838.000
      Category 2    0.015          364.000
      Category 3    0.011          281.000
    H1
      Category 1    0.988        24190.000
      Category 2    0.006          150.000
      Category 3    0.006          143.000
    H2
      Category 1    0.992        24295.000
      Category 2    0.004           89.000
      Category 3    0.004           99.000
    H3
      Category 1    0.993        24315.000
      Category 2    0.003           77.000
      Category 3    0.004           91.000
    H4
      Category 1    0.992        24284.000
      Category 2    0.003           73.000
      Category 3    0.005          126.000
    H5
      Category 1    0.986        24143.000
      Category 2    0.005          125.000
      Category 3    0.009          215.000
    H6
      Category 1    0.869        21265.000
      Category 2    0.051         1253.000
      Category 3    0.080         1965.000
    H7
      Category 1    0.678        16599.000
      Category 2    0.095         2315.000
      Category 3    0.227         5569.000
    H8
      Category 1    0.623        15248.000
      Category 2    0.118         2881.000
      Category 3    0.260         6354.000
    H9
      Category 1    0.660        16149.000
      Category 2    0.117         2872.000
      Category 3    0.223         5462.000
    H10
      Category 1    0.630        15428.000
      Category 2    0.154         3769.000
      Category 3    0.216         5286.000
    H11
      Category 1    0.723        17706.000
      Category 2    0.121         2952.000
      Category 3    0.156         3825.000
    H12
      Category 1    0.600        14683.000
      Category 2    0.222         5431.000
      Category 3    0.178         4369.000
    H13
      Category 1    0.501        12262.000
      Category 2    0.277         6778.000
      Category 3    0.222         5443.000
    H14
      Category 1    0.738        18061.000
      Category 2    0.129         3163.000
      Category 3    0.133         3259.000
    H15
      Category 1    0.676        16548.000
      Category 2    0.144         3527.000
      Category 3    0.180         4408.000
    H16
      Category 1    0.696        17045.000
      Category 2    0.146         3581.000
      Category 3    0.158         3857.000
    H17
      Category 1    0.685        16779.000
      Category 2    0.189         4638.000
      Category 3    0.125         3066.000
    H18
      Category 1    0.577        14134.000
      Category 2    0.276         6750.000
      Category 3    0.147         3599.000
    H19
      Category 1    0.621        15207.000
      Category 2    0.242         5913.000
      Category 3    0.137         3363.000
    H20
      Category 1    0.619        15144.000
      Category 2    0.227         5546.000
      Category 3    0.155         3793.000
    H21
      Category 1    0.641        15690.000
      Category 2    0.199         4871.000
      Category 3    0.160         3922.000
    H22
      Category 1    0.752        18403.000
      Category 2    0.132         3242.000
      Category 3    0.116         2838.000
    H23
      Category 1    0.921        22548.000
      Category 2    0.043         1062.000
      Category 3    0.036          873.000


RANDOM STARTS RESULTS RANKED FROM THE BEST TO THE WORST LOGLIKELIHOOD VALUES

Final stage loglikelihood values at local maxima, seeds, and initial stage start numbers:

         -356668.354  802779           122
         -356690.121  247224           94
         -356695.732  190339           102
         -356696.648  106561           686
         -356720.509  843555           952
         -356724.797  852283           616
         -356747.334  195763           358
         -356753.720  118438           601
         -356758.040  494209           904
         -356760.849  109946           771
         -356761.739  640833           434
         -356765.204  920593           611
         -356773.197  399848           220
         -356775.312  887676           22
         -356796.121  366533           484
         -356798.459  804660           260
         -356802.668  562716           300
         -356823.806  317868           740
         -356830.322  359578           458
         -356835.226  123985           248
         -356836.732  608460           244
         -356844.727  879338           309
         -356852.439  461866           722
         -356852.702  915642           40
         -356853.083  690596           858
         -356855.905  715255           523
         -356864.315  208620           965
         -356868.310  850840           232
         -356868.874  59674            240
         -356869.039  17359            227
         -356869.220  188640           451
         -356870.217  85734            411
         -356872.846  260953           589
         -356873.637  408713           450
         -356874.749  607072           717
         -356876.232  251680           794
         -356876.249  294811           637
         -356880.213  263268           165
         -356881.502  742688           594
         -356892.335  502157           799
         -356892.485  207896           25
         -356902.666  50887            389
         -356903.797  792993           859
         -356906.149  202790           198
         -356910.819  495366           964
         -356911.564  341960           685
         -356918.548  609185           181
         -356925.564  798839           312
         -356932.879  79212            517
         -356933.833  807534           850
         -356937.462  596257           405
         -356943.707  804616           868
         -356946.823  355254           796
         -356947.225  177936           726
         -356954.185  887580           493
         -356955.465  587946           120
         -356957.124  152496           123
         -356957.850  374219           353
         -356961.392  858804           534
         -356964.262  462228           298
         -356966.502  595619           779
         -356969.939  354624           448
         -356972.680  884242           957
         -356975.021  131856           90
         -356977.418  328661           813
         -356982.729  299700           932
         -356984.150  7886             804
         -356984.379  728038           177
         -356985.382  696830           668
         -356986.880  97300            640
         -356988.328  700270           855
         -356989.143  704798           530
         -356994.541  570782           193
         -356996.017  224151           973
         -356997.151  691041           590
         -356998.454  534864           307
         -357001.233  947714           573
         -357002.549  848890           95
         -357006.727  622290           880
         -357007.091  966014           37
         -357010.006  413564           535
         -357011.719  440395           917
         -357012.860  281462           285
         -357013.506  238317           812
         -357017.338  349360           464
         -357019.140  790452           303
         -357019.650  424223           900
         -357020.144  933578           506
         -357020.219  891531           206
         -357020.257  937885           426
         -357020.480  296162           856
         -357028.470  881886           608
         -357042.508  49910            829
         -357043.093  714997           399
         -357046.139  485256           371
         -357047.810  306768           978
         -357049.075  232559           136
         -357049.399  377584           630
         -357049.661  147440           514
         -357057.096  507154           387
         -357060.176  752476           614
         -357062.117  475420           71
         -357062.415  253358           2
         -357066.294  917702           693
         -357069.288  988761           475
         -357069.382  177175           851
         -357073.774  580405           286
         -357077.418  507218           613
         -357082.967  804104           566
         -357089.193  643311           888
         -357090.913  995648           936
         -357093.422  850112           922
         -357093.722  876056           1000
         -357096.935  323588           826
         -357100.538  736574           414
         -357101.842  298553           773
         -357102.532  961454           665
         -357104.196  662983           666
         -357106.787  156536           245
         -357109.716  505244           582
         -357110.177  462662           872
         -357111.148  155622           507
         -357111.392  545140           278
         -357114.674  689529           516
         -357116.545  529496           343
         -357117.214  98068            998
         -357117.634  427006           839
         -357122.149  931558           898
         -357122.930  960438           116
         -357124.903  939870           655
         -357126.214  783102           433
         -357127.845  195873           6
         -357132.341  576220           115
         -357134.378  134830           780
         -357137.280  650354           577
         -357138.449  68850            462
         -357138.935  723775           97
         -357139.456  440841           118
         -357144.498  30098            209
         -357144.530  694303           282
         -357150.158  907810           795
         -357150.716  347515           24
         -357152.185  97158            205
         -357155.386  629320           222
         -357155.964  291112           645
         -357159.533  722748           346
         -357160.025  7195             697
         -357160.410  383986           159
         -357160.832  42523            730
         -357161.637  595153           230
         -357172.144  49293            707
         -357172.353  455410           999
         -357172.936  395754           388
         -357174.125  39136            226
         -357174.796  77210            712
         -357177.011  416250           390
         -357183.165  737601           891
         -357186.405  977800           853
         -357188.113  765392           382
         -357189.063  922042           492
         -357189.680  673496           218
         -357190.063  669634           335
         -357190.977  538872           949
         -357193.207  476393           705
         -357195.953  484687           306
         -357198.989  521770           945
         -357199.400  318177           748
         -357203.382  568405           233
         -357205.123  425929           508
         -357208.299  930872           277
         -357209.820  163110           584
         -357211.880  763285           620
         -357212.821  475419           987
         -357214.370  667250           318
         -357216.112  313407           132
         -357218.855  499150           216
         -357219.448  860102           495
         -357220.378  765586           709
         -357221.751  793487           595
         -357224.015  963967           941
         -357225.953  405371           569
         -357229.853  331681           549
         -357231.805  263221           447
         -357235.145  1548             384
         -357235.350  910224           580
         -357236.398  484116           915
         -357236.797  674171           195
         -357238.798  851945           18
         -357243.022  995249           525
         -357243.266  566687           597
         -357245.550  752769           253
         -357246.743  36714            201
         -357248.537  345974           622
         -357249.682  527050           948
         -357251.187  496762           870
         -357256.087  251641           784
         -357256.435  286735           175
         -357256.510  603842           61
         -357257.432  288738           940
         -357258.761  66276            217
         -357259.142  745972           521
         -357259.318  252949           487
         -357265.405  415931           10
         -357268.811  72662            729
         -357269.416  404510           442
         -357269.485  140442           500
         -357271.257  794236           127
         -357275.688  438144           271
         -357277.543  800454           751
         -357278.234  76974            16
         -357278.532  512836           289
         -357278.658  396614           918
         -357283.384  882750           646
         -357285.238  857122           889
         -357287.073  403801           762
         -357287.705  246794           801
         -357289.040  366706           29
         -357289.743  393232           152
         -357290.600  371246           101
         -357290.613  124999           96
         -357293.500  569131           26
         -357296.630  940533           764
         -357298.628  266038           672
         -357300.340  21132            351
         -357304.947  972430           491
         -357308.486  185071           370
         -357311.307  928287           197
         -357311.458  705224           953
         -357312.675  739214           807
         -357315.511  292884           103
         -357317.331  965994           396
         -357319.216  712531           631
         -357320.216  692169           308
         -357321.048  213532           503
         -357321.421  836066           372
         -357325.236  862607           468
         -357331.321  178475           231
         -357332.781  392418           28
         -357332.854  76451            211
         -357332.909  94573            983
         -357333.845  863691           481
         -357335.190  178031           720
         -357342.524  898745           466
         -357343.129  964570           701
         -357343.562  878749           728
         -357347.195  197223           332
         -357347.624  484406           421
         -357348.208  824956           607
         -357350.602  545108           667
         -357351.182  565819           65
         -357351.826  754100           56
         -357352.384  965639           463
         -357356.664  576726           280
         -357360.546  220454           288
         -357360.876  354559           73
         -357369.039  539389           544
         -357369.332  506113           895
         -357378.527  432513           803
         -357384.163  608849           224
         -357385.231  343926           624
         -357387.301  418686           338
         -357392.018  391949           295
         -357392.461  645664           39
         -357392.992  573367           986
         -357394.923  954914           911
         -357395.905  599729           658
         -357396.127  125727           899
         -357397.843  766903           505
         -357398.365  94610            884
         -357398.622  642909           251
         -357403.518  679615           942
         -357403.532  608496           4
         -357404.987  848356           602
         -357405.842  816435           914
         -357412.740  273992           349
         -357412.824  467339           66
         -357418.322  954354           840
         -357419.157  51375            148
         -357419.828  520865           763
         -357423.303  616917           261
         -357426.183  926762           704
         -357428.919  299977           956
         -357430.821  91231            727
         -357433.183  326091           759
         -357439.990  137888           901
         -357446.875  105435           265
         -357451.070  581196           921
         -357452.685  399508           415
         -357456.862  855760           593
         -357459.609  117587           572
         -357460.657  995875           547
         -357465.128  131063           843
         -357469.606  646573           741
         -357472.365  238906           430
         -357473.769  314757           345
         -357473.769  783110           72
         -357476.275  821011           161
         -357477.874  414284           158
         -357478.136  22362            365
         -357478.613  968846           970
         -357489.654  259507           53
         -357490.620  264521           929
         -357494.057  50983            834
         -357495.868  780698           337
         -357497.221  260601           36
         -357497.248  741484           441
         -357498.122  464179           106
         -357498.573  312754           562
         -357502.554  391368           802
         -357504.401  699834           723
         -357507.488  865906           641
         -357507.683  436892           565
         -357510.211  153053           378
         -357516.122  791678           974
         -357516.315  160326           546
         -357522.793  436806           883
         -357524.081  730868           977
         -357525.141  82200            830
         -357526.105  526324           178
         -357526.199  85462            51
         -357527.401  915107           54
         -357528.203  399380           436
         -357537.452  473942           574
         -357539.039  319144           176
         -357539.238  173191           422
         -357540.521  27071            15
         -357545.120  888905           444
         -357556.674  496710           386
         -357560.691  474357           789
         -357562.152  685268           596
         -357562.947  193569           440
         -357563.823  714455           476
         -357566.755  411615           171
         -357566.915  995913           787
         -357570.183  779820           877
         -357575.672  761633           50
         -357592.001  68985            17
         -357592.164  602032           648
         -357593.250  580181           691
         -357594.985  599136           811
         -357598.820  760850           739
         -357599.951  46437            153
         -357605.291  303634           169
         -357605.837  350608           334
         -357609.222  966499           963
         -357615.892  772131           407
         -357616.395  499347           881
         -357617.816  92564            583
         -357619.335  312587           775
         -357625.316  59963            670
         -357625.862  789528           837
         -357627.735  414828           322
         -357628.847  268896           124
         -357630.504  782179           835
         -357630.977  165853           105
         -357632.030  81233            825
         -357634.404  314084           81
         -357636.472  715561           125
         -357657.589  582296           452
         -357663.539  436460           89
         -357669.496  373702           669
         -357670.778  284109           82
         -357676.095  817298           967
         -357678.842  677720           681
         -357684.430  579995           183
         -357694.717  335485           496
         -357695.069  203508           806
         -357696.690  14262            781
         -357697.625  889774           954
         -357698.380  721392           768
         -357707.121  702492           718
         -357710.719  605161           409
         -357711.787  333082           578
         -357712.622  926797           406
         -357715.402  291149           536
         -357733.963  561664           392
         -357734.121  871851           257
         -357740.044  109357           765
         -357744.938  569338           755
         -357745.116  741888           138
         -357748.642  127215           9
         -357761.930  355674           540
         -357764.510  871722           355
         -357768.614  76337            76
         -357770.085  856536           144
         -357772.911  316165           299
         -357785.304  138695           783
         -357793.346  216565           474
         -357795.367  173440           328
         -357802.245  804561           59
         -357808.518  192071           142
         -357822.395  950604           172
         -357824.646  15270            610
         -357832.008  420910           928
         -357852.720  232226           235
         -357854.417  231281           542
         -357858.930  276696           676
         -357892.843  784664           75
         -357903.801  958107           790
         -357911.680  913639           162
         -357916.213  241197           747
         -357927.316  302046           863
         -357957.509  342019           301
         -357963.188  466971           109
         -357967.685  548245           818
         -357970.074  248742           556
         -357970.083  443917           60
         -358001.040  576596           99
         -358001.309  318230           46
         -358008.999  508482           446
         -358020.864  265218           924
         -358041.866  644297           340
         -358042.188  7959             256
         -358043.641  78862            529
         -358043.829  792389           746
         -358049.298  364676           27
         -358050.260  853781           716
         -358059.714  626208           698
         -358066.279  17896            592
         -358092.914  638977           643
         -358093.140  604861           800
         -358098.305  783165           170
         -358118.825  387701           275
         -358121.536  830392           35
         -358165.457  86698            893
         -358176.340  81117            305
         -358212.030  416463           467
         -358213.768  456213           160
         -358333.990  65952            933
         -358449.201  266008           656
         -358458.630  547702           767
         -358468.865  777492           972
         -358482.293  92091            649
         -358502.358  320494           465
         -358518.194  944186           541
         -358554.157  69413            472
         -358621.923  645052           910
         -358713.051  618000           190
         -358886.735  264935           281
         -359319.880  193847           354

60 perturbed starting value run(s) did not converge.



     WARNING:  THE BEST LOGLIKELIHOOD VALUE WAS NOT REPLICATED.  THE
     SOLUTION MAY NOT BE TRUSTWORTHY DUE TO LOCAL MAXIMA.  INCREASE THE
     NUMBER OF RANDOM STARTS.


THE MODEL ESTIMATION TERMINATED NORMALLY



MODEL FIT INFORMATION

Number of Free Parameters                      587

Loglikelihood

          H0 Value                     -356668.354
          H0 Scaling Correction Factor      1.5333
            for MLR

Information Criteria

          Akaike (AIC)                  714510.708
          Bayesian (BIC)                719268.774
          Sample-Size Adjusted BIC      717403.305
            (n* = (n + 2) / 24)



MODEL RESULTS USE THE LATENT CLASS VARIABLE ORDER

   CB  CW

  Latent Class Variable Patterns

         CB        CW
      Class     Class

         1         1
         1         2
         1         3
         2         1
         2         2
         2         3
         3         1
         3         2
         3         3
         4         1
         4         2
         4         3


FINAL CLASS COUNTS AND PROPORTIONS FOR THE LATENT CLASS PATTERNS
BASED ON ESTIMATED POSTERIOR PROBABILITIES

  Latent Class
    Pattern

    1  1       1328.89584          0.05428
    1  2       1943.17729          0.07937
    1  3       2013.29959          0.08223
    2  1       2526.54738          0.10320
    2  2       3399.10952          0.13884
    2  3        294.49059          0.01203
    3  1       1764.96517          0.07209
    3  2       1684.06129          0.06878
    3  3       2337.00138          0.09545
    4  1       2165.72638          0.08846
    4  2       2060.00759          0.08414
    4  3       2965.71798          0.12113


FINAL CLASS COUNTS AND PROPORTIONS FOR EACH LATENT CLASS VARIABLE
BASED ON ESTIMATED POSTERIOR PROBABILITIES

  Latent Class
    Variable    Class

    CB             1      5285.37305          0.21588
                   2      6220.14746          0.25406
                   3      5786.02783          0.23633
                   4      7191.45166          0.29373
    CW             1      7786.13525          0.31802
                   2      9086.35547          0.37113
                   3      7610.50928          0.31085


FINAL CLASS COUNTS AND PROPORTIONS FOR THE LATENT CLASS PATTERNS
BASED ON THEIR MOST LIKELY LATENT CLASS PATTERN

Class Counts and Proportions

  Latent Class
    Pattern

    1  1             1089          0.04448
    1  2             2075          0.08475
    1  3             1891          0.07724
    2  1             2581          0.10542
    2  2             3448          0.14083
    2  3              258          0.01054
    3  1             1857          0.07585
    3  2             1693          0.06915
    3  3             2294          0.09370
    4  1             2355          0.09619
    4  2             2032          0.08300
    4  3             2910          0.11886


FINAL CLASS COUNTS AND PROPORTIONS FOR EACH LATENT CLASS VARIABLE
BASED ON THEIR MOST LIKELY LATENT CLASS PATTERN

  Latent Class
    Variable    Class

    CB             1            5055          0.20647
                   2            6287          0.25679
                   3            5844          0.23870
                   4            7297          0.29804
    CW             1            7882          0.32194
                   2            9248          0.37773
                   3            7353          0.30033


CLASSIFICATION QUALITY

     Entropy                         0.817


Average Latent Class Probabilities for Most Likely Latent Class Pattern (Row)
by Latent Class Pattern (Column)

  Latent Class Variable Patterns

  Latent Class         CB        CW
   Pattern No.      Class     Class

         1             1         1
         2             1         2
         3             1         3
         4             2         1
         5             2         2
         6             2         3
         7             3         1
         8             3         2
         9             3         3
        10             4         1
        11             4         2
        12             4         3

           1        2        3        4        5        6        7        8        9

    1   0.730    0.057    0.121    0.009    0.023    0.009    0.010    0.003    0.012
    2   0.071    0.740    0.074    0.004    0.016    0.000    0.015    0.022    0.002
    3   0.103    0.025    0.756    0.014    0.005    0.000    0.012    0.001    0.027
    4   0.006    0.005    0.010    0.889    0.000    0.010    0.009    0.003    0.023
    5   0.010    0.009    0.004    0.000    0.886    0.011    0.011    0.015    0.009
    6   0.030    0.000    0.000    0.055    0.067    0.842    0.000    0.001    0.001
    7   0.011    0.019    0.015    0.007    0.018    0.000    0.836    0.020    0.030
    8   0.006    0.031    0.002    0.002    0.024    0.000    0.007    0.844    0.039
    9   0.011    0.001    0.029    0.023    0.010    0.000    0.009    0.012    0.860
   10   0.006    0.000    0.038    0.035    0.000    0.000    0.005    0.000    0.016
   11   0.009    0.034    0.014    0.004    0.030    0.000    0.008    0.017    0.007
   12   0.016    0.033    0.014    0.005    0.035    0.000    0.009    0.015    0.011

          10       11       12

    1   0.003    0.005    0.018
    2   0.001    0.021    0.034
    3   0.033    0.010    0.013
    4   0.032    0.005    0.008
    5   0.000    0.018    0.028
    6   0.001    0.000    0.000
    7   0.011    0.013    0.021
    8   0.000    0.020    0.024
    9   0.023    0.009    0.014
   10   0.807    0.045    0.048
   11   0.006    0.854    0.014
   12   0.010    0.000    0.853


MODEL RESULTS

                                                    Two-Tailed
                    Estimate       S.E.  Est./S.E.    P-Value

Within Level

Latent Class Pattern 1 1

 Thresholds
    H0$1               1.566      0.233      6.711      0.000
    H0$2               2.396      0.249      9.637      0.000
    H1$1               2.256      0.277      8.146      0.000
    H1$2               2.770      0.279      9.920      0.000
    H2$1               2.799      0.268     10.449      0.000
    H2$2               3.432      0.314     10.925      0.000
    H3$1               2.807      0.278     10.080      0.000
    H3$2               3.396      0.318     10.694      0.000
    H4$1               3.233      0.321     10.059      0.000
    H4$2               3.684      0.420      8.763      0.000
    H5$1               4.100      0.396     10.354      0.000
    H5$2               4.100      0.396     10.354      0.000
    H6$1               2.211      0.235      9.407      0.000
    H6$2               2.368      0.243      9.757      0.000
    H7$1               2.176      0.239      9.110      0.000
    H7$2               2.373      0.261      9.096      0.000
    H8$1               1.573      0.275      5.716      0.000
    H8$2               1.931      0.329      5.875      0.000
    H9$1               0.997      0.219      4.559      0.000
    H9$2               1.422      0.225      6.326      0.000
    H10$1              0.545      0.142      3.845      0.000
    H10$2              0.958      0.136      7.030      0.000
    H11$1              0.699      0.205      3.412      0.001
    H11$2              1.285      0.194      6.616      0.000
    H12$1              1.064      0.186      5.719      0.000
    H12$2              1.655      0.167      9.883      0.000
    H13$1              0.577      0.288      2.001      0.045
    H13$2              1.369      0.214      6.404      0.000
    H14$1              0.426      0.275      1.551      0.121
    H14$2              1.359      0.230      5.920      0.000
    H15$1              0.899      0.155      5.815      0.000
    H15$2              1.805      0.178     10.162      0.000
    H16$1              0.562      0.132      4.242      0.000
    H16$2              1.309      0.164      7.979      0.000
    H17$1              0.809      0.145      5.586      0.000
    H17$2              1.738      0.178      9.741      0.000
    H18$1              0.752      0.145      5.193      0.000
    H18$2              1.799      0.186      9.654      0.000
    H19$1              0.356      0.145      2.452      0.014
    H19$2              1.811      0.191      9.464      0.000
    H20$1              0.358      0.158      2.260      0.024
    H20$2              1.906      0.275      6.923      0.000
    H21$1              0.087      0.172      0.506      0.613
    H21$2              1.714      0.222      7.705      0.000
    H22$1              0.324      0.154      2.100      0.036
    H22$2              1.719      0.233      7.365      0.000
    H23$1              0.692      0.222      3.121      0.002
    H23$2              1.835      0.172     10.695      0.000

Latent Class Pattern 1 2

 Thresholds
    H0$1               3.267      0.243     13.435      0.000
    H0$2               3.682      0.276     13.361      0.000
    H1$1               4.911      0.451     10.890      0.000
    H1$2               4.911      0.451     10.890      0.000
    H2$1               5.589      0.972      5.750      0.000
    H2$2               5.589      0.972      5.750      0.000
    H3$1               5.310      0.581      9.137      0.000
    H3$2               5.782      0.667      8.673      0.000
    H4$1               5.192      0.639      8.130      0.000
    H4$2               5.203      0.631      8.250      0.000
    H5$1               3.758      0.295     12.745      0.000
    H5$2               3.871      0.307     12.622      0.000
    H6$1               1.884      0.224      8.420      0.000
    H6$2               2.113      0.207     10.207      0.000
    H7$1               0.747      0.165      4.537      0.000
    H7$2               0.891      0.151      5.884      0.000
    H8$1               0.355      0.118      3.004      0.003
    H8$2               0.619      0.111      5.560      0.000
    H9$1               0.165      0.097      1.708      0.088
    H9$2               0.400      0.093      4.317      0.000
    H10$1              0.335      0.091      3.686      0.000
    H10$2              0.658      0.092      7.166      0.000
    H11$1              0.467      0.095      4.942      0.000
    H11$2              0.715      0.096      7.432      0.000
    H12$1              1.414      0.312      4.527      0.000
    H12$2              1.873      0.255      7.343      0.000
    H13$1            -15.000      0.000    999.000    999.000
    H13$2             -0.062      0.099     -0.632      0.528
    H14$1              1.611      0.270      5.975      0.000
    H14$2              1.812      0.245      7.399      0.000
    H15$1              0.358      0.095      3.770      0.000
    H15$2              0.641      0.093      6.900      0.000
    H16$1              0.352      0.100      3.518      0.000
    H16$2              0.757      0.100      7.576      0.000
    H17$1              0.730      0.154      4.742      0.000
    H17$2              1.479      0.125     11.849      0.000
    H18$1              0.258      0.109      2.359      0.018
    H18$2              1.296      0.117     11.096      0.000
    H19$1             -0.016      0.109     -0.148      0.882
    H19$2              1.091      0.103     10.554      0.000
    H20$1              0.065      0.124      0.527      0.598
    H20$2              0.955      0.139      6.856      0.000
    H21$1              0.424      0.095      4.486      0.000
    H21$2              1.024      0.094     10.903      0.000
    H22$1              0.535      0.128      4.178      0.000
    H22$2              0.987      0.129      7.660      0.000
    H23$1              1.984      0.191     10.405      0.000
    H23$2              2.202      0.162     13.580      0.000

Latent Class Pattern 1 3

 Thresholds
    H0$1               3.436      0.396      8.670      0.000
    H0$2               3.568      0.380      9.390      0.000
    H1$1               5.024      0.586      8.570      0.000
    H1$2               5.024      0.586      8.570      0.000
    H2$1               4.556      0.427     10.665      0.000
    H2$2               4.556      0.427     10.665      0.000
    H3$1               4.751      0.451     10.533      0.000
    H3$2               4.790      0.451     10.614      0.000
    H4$1               4.298      0.361     11.897      0.000
    H4$2               4.298      0.361     11.897      0.000
    H5$1               3.173      0.415      7.651      0.000
    H5$2               3.372      0.474      7.120      0.000
    H6$1               1.426      0.241      5.920      0.000
    H6$2               1.598      0.226      7.064      0.000
    H7$1               0.856      0.227      3.765      0.000
    H7$2               0.957      0.229      4.169      0.000
    H8$1               0.412      0.169      2.440      0.015
    H8$2               0.612      0.158      3.880      0.000
    H9$1               0.375      0.166      2.255      0.024
    H9$2               0.622      0.145      4.296      0.000
    H10$1              0.536      0.154      3.468      0.001
    H10$2              0.798      0.162      4.929      0.000
    H11$1              0.556      0.158      3.517      0.000
    H11$2              0.919      0.127      7.247      0.000
    H12$1             -0.578      0.293     -1.970      0.049
    H12$2              0.535      0.164      3.260      0.001
    H13$1              1.706      0.694      2.459      0.014
    H13$2              1.816      0.473      3.836      0.000
    H14$1             -0.055      0.157     -0.352      0.725
    H14$2              0.555      0.113      4.902      0.000
    H15$1              0.567      0.151      3.761      0.000
    H15$2              0.892      0.159      5.608      0.000
    H16$1              0.692      0.102      6.818      0.000
    H16$2              1.058      0.107      9.887      0.000
    H17$1              0.490      0.169      2.899      0.004
    H17$2              1.307      0.123     10.584      0.000
    H18$1              0.079      0.125      0.630      0.529
    H18$2              1.170      0.110     10.653      0.000
    H19$1              0.467      0.100      4.685      0.000
    H19$2              1.310      0.127     10.286      0.000
    H20$1             -0.065      0.123     -0.527      0.598
    H20$2              0.776      0.123      6.298      0.000
    H21$1              0.730      0.114      6.389      0.000
    H21$2              1.205      0.129      9.356      0.000
    H22$1              0.662      0.176      3.759      0.000
    H22$2              1.014      0.153      6.622      0.000
    H23$1              2.393      0.274      8.720      0.000
    H23$2              2.614      0.250     10.439      0.000

Latent Class Pattern 2 1

 Thresholds
    H0$1               4.077      0.252     16.208      0.000
    H0$2               4.843      0.319     15.173      0.000
    H1$1               5.301      0.403     13.153      0.000
    H1$2               5.954      0.512     11.620      0.000
    H2$1               5.328      0.367     14.535      0.000
    H2$2               6.281      0.552     11.371      0.000
    H3$1               5.956      0.544     10.956      0.000
    H3$2               7.563      1.272      5.947      0.000
    H4$1               4.410      0.242     18.190      0.000
    H4$2               5.541      0.388     14.288      0.000
    H5$1               3.674      0.202     18.221      0.000
    H5$2               4.848      0.312     15.551      0.000
    H6$1               1.115      0.108     10.333      0.000
    H6$2               2.393      0.164     14.623      0.000
    H7$1               0.138      0.082      1.687      0.092
    H7$2               1.287      0.100     12.903      0.000
    H8$1               0.192      0.074      2.596      0.009
    H8$2               1.446      0.087     16.711      0.000
    H9$1               0.298      0.073      4.070      0.000
    H9$2               1.638      0.091     18.093      0.000
    H10$1              0.302      0.064      4.694      0.000
    H10$2              1.696      0.085     19.931      0.000
    H11$1              1.118      0.073     15.387      0.000
    H11$2              2.316      0.100     23.173      0.000
    H12$1            -15.000      0.000    999.000    999.000
    H12$2              0.683      0.058     11.828      0.000
    H13$1              0.848      0.077     11.024      0.000
    H13$2              2.127      0.090     23.589      0.000
    H14$1              0.769      0.070     11.021      0.000
    H14$2              2.067      0.093     22.127      0.000
    H15$1              0.420      0.060      7.022      0.000
    H15$2              1.726      0.082     20.950      0.000
    H16$1              0.548      0.062      8.886      0.000
    H16$2              2.023      0.086     23.450      0.000
    H17$1              0.604      0.064      9.471      0.000
    H17$2              2.253      0.096     23.571      0.000
    H18$1              0.242      0.058      4.171      0.000
    H18$2              2.100      0.082     25.463      0.000
    H19$1              0.098      0.061      1.606      0.108
    H19$2              2.161      0.090     24.081      0.000
    H20$1              0.141      0.066      2.139      0.032
    H20$2              2.169      0.086     25.170      0.000
    H21$1              0.450      0.061      7.357      0.000
    H21$2              2.251      0.094     23.882      0.000
    H22$1              0.983      0.081     12.096      0.000
    H22$2              2.575      0.113     22.709      0.000
    H23$1              2.528      0.143     17.674      0.000
    H23$2              3.825      0.201     18.994      0.000

Latent Class Pattern 2 2

 Thresholds
    H0$1               4.196      0.229     18.353      0.000
    H0$2               4.964      0.351     14.145      0.000
    H1$1               5.325      0.331     16.105      0.000
    H1$2               6.028      0.425     14.185      0.000
    H2$1               6.059      0.547     11.073      0.000
    H2$2               6.311      0.623     10.130      0.000
    H3$1               5.620      0.402     13.973      0.000
    H3$2               6.182      0.512     12.075      0.000
    H4$1               4.842      0.244     19.806      0.000
    H4$2               5.362      0.317     16.924      0.000
    H5$1               3.783      0.179     21.086      0.000
    H5$2               4.917      0.323     15.245      0.000
    H6$1               1.340      0.096     13.978      0.000
    H6$2               2.774      0.154     18.047      0.000
    H7$1               0.494      0.079      6.275      0.000
    H7$2               1.841      0.104     17.663      0.000
    H8$1               0.404      0.066      6.162      0.000
    H8$2               1.655      0.085     19.469      0.000
    H9$1               0.488      0.059      8.202      0.000
    H9$2               1.778      0.083     21.369      0.000
    H10$1              0.380      0.057      6.668      0.000
    H10$2              1.764      0.073     24.313      0.000
    H11$1              0.375      0.061      6.112      0.000
    H11$2              1.834      0.076     24.012      0.000
    H12$1              7.991      1.201      6.653      0.000
    H12$2             15.000      0.000    999.000    999.000
    H13$1             -0.801      0.064    -12.502      0.000
    H13$2              1.240      0.057     21.769      0.000
    H14$1              0.776      0.055     14.178      0.000
    H14$2              2.275      0.077     29.385      0.000
    H15$1              0.630      0.052     12.043      0.000
    H15$2              2.070      0.075     27.655      0.000
    H16$1              0.724      0.053     13.623      0.000
    H16$2              2.167      0.077     28.097      0.000
    H17$1              0.886      0.057     15.544      0.000
    H17$2              2.381      0.081     29.368      0.000
    H18$1              0.226      0.054      4.209      0.000
    H18$2              2.144      0.071     30.022      0.000
    H19$1              0.244      0.055      4.442      0.000
    H19$2              2.323      0.079     29.360      0.000
    H20$1              0.194      0.056      3.474      0.001
    H20$2              2.313      0.083     27.794      0.000
    H21$1              0.397      0.051      7.726      0.000
    H21$2              2.355      0.091     25.799      0.000
    H22$1              0.906      0.071     12.746      0.000
    H22$2              2.546      0.109     23.387      0.000
    H23$1              2.324      0.117     19.907      0.000
    H23$2              3.744      0.180     20.804      0.000

Latent Class Pattern 2 3

 Thresholds
    H0$1               0.172      0.263      0.654      0.513
    H0$2               4.109      0.960      4.281      0.000
    H1$1               0.978      0.323      3.023      0.003
    H1$2               3.963      0.649      6.101      0.000
    H2$1               1.720      0.333      5.166      0.000
    H2$2               4.900      0.908      5.397      0.000
    H3$1               2.263      0.391      5.787      0.000
    H3$2               5.698      1.087      5.240      0.000
    H4$1               2.646      0.475      5.569      0.000
    H4$2              15.000      0.000    999.000    999.000
    H5$1               3.113      0.406      7.665      0.000
    H5$2               4.989      0.955      5.227      0.000
    H6$1               2.218      0.324      6.846      0.000
    H6$2               3.663      0.527      6.951      0.000
    H7$1               1.341      0.238      5.644      0.000
    H7$2               2.074      0.318      6.521      0.000
    H8$1               0.496      0.204      2.429      0.015
    H8$2               1.772      0.289      6.125      0.000
    H9$1               0.625      0.218      2.870      0.004
    H9$2               1.610      0.292      5.512      0.000
    H10$1              0.351      0.183      1.922      0.055
    H10$2              1.935      0.261      7.403      0.000
    H11$1              0.832      0.223      3.734      0.000
    H11$2              2.124      0.311      6.828      0.000
    H12$1              0.423      0.211      2.009      0.045
    H12$2              1.952      0.269      7.266      0.000
    H13$1             -0.011      0.188     -0.060      0.953
    H13$2              1.657      0.239      6.926      0.000
    H14$1              0.694      0.201      3.447      0.001
    H14$2              1.826      0.260      7.022      0.000
    H15$1              0.739      0.199      3.710      0.000
    H15$2              2.133      0.315      6.762      0.000
    H16$1              0.366      0.191      1.917      0.055
    H16$2              2.092      0.280      7.481      0.000
    H17$1              0.322      0.190      1.696      0.090
    H17$2              1.585      0.232      6.824      0.000
    H18$1              0.101      0.189      0.532      0.595
    H18$2              2.142      0.271      7.903      0.000
    H19$1              0.164      0.195      0.844      0.399
    H19$2              2.450      0.372      6.582      0.000
    H20$1             -0.782      0.231     -3.388      0.001
    H20$2              2.509      0.402      6.242      0.000
    H21$1             -0.735      0.213     -3.456      0.001
    H21$2              3.191      0.414      7.713      0.000
    H22$1             -1.638      0.300     -5.453      0.000
    H22$2              3.884      0.682      5.698      0.000
    H23$1             -1.029      0.272     -3.790      0.000
    H23$2              4.044      0.911      4.439      0.000

Latent Class Pattern 3 1

 Thresholds
    H0$1               5.381      0.497     10.833      0.000
    H0$2               6.472      1.013      6.389      0.000
    H1$1               5.834      0.519     11.251      0.000
    H1$2               6.008      0.559     10.740      0.000
    H2$1               7.038      1.063      6.621      0.000
    H2$2               7.038      1.063      6.621      0.000
    H3$1               6.461      0.753      8.580      0.000
    H3$2               7.568      1.113      6.802      0.000
    H4$1               5.394      0.661      8.157      0.000
    H4$2               5.460      0.688      7.932      0.000
    H5$1               9.040      7.290      1.240      0.215
    H5$2               9.040      7.290      1.240      0.215
    H6$1               4.249      0.348     12.217      0.000
    H6$2               4.690      0.461     10.172      0.000
    H7$1               3.649      0.315     11.568      0.000
    H7$2               4.000      0.372     10.762      0.000
    H8$1               3.007      0.489      6.152      0.000
    H8$2               4.447      1.422      3.126      0.002
    H9$1             -15.000      0.000    999.000    999.000
    H9$2              -1.395      0.122    -11.417      0.000
    H10$1              2.527      0.154     16.417      0.000
    H10$2              3.183      0.190     16.753      0.000
    H11$1              1.364      0.097     14.003      0.000
    H11$2              2.072      0.121     17.186      0.000
    H12$1              0.704      0.098      7.200      0.000
    H12$2              1.769      0.103     17.113      0.000
    H13$1             -0.032      0.093     -0.349      0.727
    H13$2              1.280      0.093     13.723      0.000
    H14$1              0.975      0.082     11.948      0.000
    H14$2              1.969      0.100     19.780      0.000
    H15$1              1.075      0.084     12.788      0.000
    H15$2              1.857      0.107     17.364      0.000
    H16$1              1.105      0.093     11.862      0.000
    H16$2              1.942      0.117     16.555      0.000
    H17$1              0.700      0.094      7.432      0.000
    H17$2              1.985      0.106     18.703      0.000
    H18$1              0.374      0.086      4.370      0.000
    H18$2              1.878      0.104     18.149      0.000
    H19$1              0.899      0.093      9.680      0.000
    H19$2              2.072      0.107     19.429      0.000
    H20$1              0.742      0.088      8.409      0.000
    H20$2              1.693      0.104     16.314      0.000
    H21$1              0.840      0.085      9.871      0.000
    H21$2              1.736      0.102     16.982      0.000
    H22$1              1.245      0.109     11.409      0.000
    H22$2              2.057      0.131     15.696      0.000
    H23$1              2.972      0.245     12.143      0.000
    H23$2              3.485      0.289     12.044      0.000

Latent Class Pattern 3 2

 Thresholds
    H0$1               5.471      0.572      9.572      0.000
    H0$2               6.235      0.664      9.394      0.000
    H1$1               5.728      0.482     11.885      0.000
    H1$2               5.728      0.482     11.885      0.000
    H2$1              15.000      0.000    999.000    999.000
    H2$2              15.000      0.000    999.000    999.000
    H3$1              15.000      0.000    999.000    999.000
    H3$2              15.000      0.000    999.000    999.000
    H4$1               6.129      0.564     10.862      0.000
    H4$2               6.129      0.564     10.862      0.000
    H5$1              15.000      0.000    999.000    999.000
    H5$2              15.000      0.000    999.000    999.000
    H6$1               5.122      0.513      9.978      0.000
    H6$2               5.186      0.496     10.446      0.000
    H7$1               2.689      0.272      9.882      0.000
    H7$2               2.890      0.269     10.738      0.000
    H8$1              -1.634      0.192     -8.519      0.000
    H8$2              -0.721      0.118     -6.111      0.000
    H9$1               2.290      0.254      9.010      0.000
    H9$2               2.755      0.315      8.749      0.000
    H10$1              0.624      0.096      6.530      0.000
    H10$2              1.384      0.115     12.050      0.000
    H11$1              0.824      0.089      9.311      0.000
    H11$2              1.467      0.098     14.993      0.000
    H12$1              2.524      0.328      7.699      0.000
    H12$2              3.233      0.305     10.598      0.000
    H13$1            -15.000      0.000    999.000    999.000
    H13$2              0.379      0.073      5.214      0.000
    H14$1              2.395      0.133     18.032      0.000
    H14$2              2.972      0.155     19.137      0.000
    H15$1              0.829      0.086      9.600      0.000
    H15$2              1.610      0.101     15.978      0.000
    H16$1              1.076      0.101     10.697      0.000
    H16$2              1.833      0.116     15.862      0.000
    H17$1              0.754      0.088      8.530      0.000
    H17$2              2.071      0.109     19.018      0.000
    H18$1              0.167      0.086      1.944      0.052
    H18$2              1.696      0.096     17.595      0.000
    H19$1              0.970      0.098      9.860      0.000
    H19$2              2.184      0.124     17.570      0.000
    H20$1              0.583      0.079      7.366      0.000
    H20$2              1.656      0.093     17.878      0.000
    H21$1              0.664      0.082      8.111      0.000
    H21$2              1.531      0.096     15.932      0.000
    H22$1              1.294      0.100     12.885      0.000
    H22$2              1.967      0.126     15.575      0.000
    H23$1              2.921      0.188     15.530      0.000
    H23$2              3.594      0.241     14.932      0.000

Latent Class Pattern 3 3

 Thresholds
    H0$1               5.235      0.456     11.491      0.000
    H0$2               6.209      0.602     10.322      0.000
    H1$1               6.961      0.996      6.988      0.000
    H1$2              15.000      0.000    999.000    999.000
    H2$1               7.319      1.003      7.298      0.000
    H2$2               7.319      1.003      7.298      0.000
    H3$1               8.597      3.121      2.755      0.006
    H3$2               8.597      3.121      2.755      0.006
    H4$1               7.008      0.774      9.057      0.000
    H4$2               7.715      1.097      7.030      0.000
    H5$1               6.914      1.350      5.121      0.000
    H5$2               7.584      1.687      4.496      0.000
    H6$1               5.070      0.462     10.963      0.000
    H6$2               5.217      0.507     10.298      0.000
    H7$1               2.532      0.178     14.199      0.000
    H7$2               2.959      0.190     15.589      0.000
    H8$1              -1.421      0.181     -7.869      0.000
    H8$2              -0.590      0.123     -4.778      0.000
    H9$1               2.139      0.170     12.593      0.000
    H9$2               2.639      0.216     12.237      0.000
    H10$1              0.735      0.081      9.038      0.000
    H10$2              1.483      0.096     15.472      0.000
    H11$1              1.151      0.084     13.679      0.000
    H11$2              1.846      0.090     20.423      0.000
    H12$1             -0.826      0.116     -7.095      0.000
    H12$2              0.971      0.072     13.519      0.000
    H13$1              2.750      0.438      6.273      0.000
    H13$2              3.128      0.335      9.350      0.000
    H14$1              0.769      0.081      9.539      0.000
    H14$2              1.688      0.086     19.600      0.000
    H15$1              0.878      0.077     11.446      0.000
    H15$2              1.638      0.088     18.609      0.000
    H16$1              1.157      0.079     14.701      0.000
    H16$2              1.963      0.097     20.169      0.000
    H17$1              0.501      0.085      5.903      0.000
    H17$2              1.780      0.089     19.979      0.000
    H18$1              0.470      0.072      6.518      0.000
    H18$2              1.904      0.092     20.747      0.000
    H19$1              1.051      0.079     13.308      0.000
    H19$2              2.138      0.094     22.783      0.000
    H20$1              0.641      0.073      8.815      0.000
    H20$2              1.695      0.086     19.767      0.000
    H21$1              0.659      0.068      9.650      0.000
    H21$2              1.547      0.090     17.239      0.000
    H22$1              1.516      0.100     15.131      0.000
    H22$2              2.349      0.121     19.365      0.000
    H23$1              3.236      0.204     15.875      0.000
    H23$2              3.755      0.222     16.911      0.000

Latent Class Pattern 4 1

 Thresholds
    H0$1               5.577      0.815      6.844      0.000
    H0$2               7.424      3.005      2.471      0.013
    H1$1               6.628      0.920      7.202      0.000
    H1$2               6.842      0.882      7.761      0.000
    H2$1               7.129      1.050      6.788      0.000
    H2$2              15.000      0.000    999.000    999.000
    H3$1               6.476      1.280      5.057      0.000
    H3$2               6.476      1.280      5.057      0.000
    H4$1               5.253      0.416     12.629      0.000
    H4$2               5.530      0.467     11.841      0.000
    H5$1               4.839      1.237      3.912      0.000
    H5$2               4.889      1.303      3.753      0.000
    H6$1               1.380      0.168      8.218      0.000
    H6$2               1.611      0.155     10.368      0.000
    H7$1              -0.331      0.146     -2.259      0.024
    H7$2              -0.041      0.126     -0.326      0.744
    H8$1               1.563      0.130     12.055      0.000
    H8$2               1.899      0.146     12.979      0.000
    H9$1               1.255      0.176      7.114      0.000
    H9$2               1.734      0.211      8.237      0.000
    H10$1              0.425      0.103      4.140      0.000
    H10$2              1.080      0.110      9.778      0.000
    H11$1              2.397      0.149     16.041      0.000
    H11$2              2.823      0.173     16.281      0.000
    H12$1            -15.000      0.000    999.000    999.000
    H12$2              0.210      0.086      2.451      0.014
    H13$1              3.597      0.415      8.672      0.000
    H13$2              3.597      0.415      8.672      0.000
    H14$1              1.754      0.151     11.624      0.000
    H14$2              2.245      0.202     11.137      0.000
    H15$1              0.705      0.082      8.631      0.000
    H15$2              1.333      0.094     14.167      0.000
    H16$1              1.018      0.089     11.389      0.000
    H16$2              1.775      0.106     16.801      0.000
    H17$1              0.605      0.104      5.803      0.000
    H17$2              1.835      0.098     18.649      0.000
    H18$1              0.413      0.092      4.517      0.000
    H18$2              1.764      0.101     17.455      0.000
    H19$1              0.768      0.088      8.683      0.000
    H19$2              1.879      0.107     17.626      0.000
    H20$1              0.841      0.102      8.282      0.000
    H20$2              1.721      0.113     15.249      0.000
    H21$1              0.834      0.078     10.652      0.000
    H21$2              1.672      0.098     16.986      0.000
    H22$1              1.897      0.127     14.943      0.000
    H22$2              2.699      0.172     15.673      0.000
    H23$1              4.048      0.308     13.124      0.000
    H23$2              4.689      0.398     11.773      0.000

Latent Class Pattern 4 2

 Thresholds
    H0$1               5.534      0.604      9.158      0.000
    H0$2               5.994      0.605      9.902      0.000
    H1$1               7.227      1.107      6.527      0.000
    H1$2               7.227      1.107      6.527      0.000
    H2$1               5.108      0.479     10.655      0.000
    H2$2               5.176      0.503     10.280      0.000
    H3$1              15.000      0.000    999.000    999.000
    H3$2              15.000      0.000    999.000    999.000
    H4$1               5.953      0.617      9.652      0.000
    H4$2               5.953      0.617      9.652      0.000
    H5$1               5.024      0.576      8.718      0.000
    H5$2               5.024      0.576      8.718      0.000
    H6$1               1.964      0.182     10.822      0.000
    H6$2               2.207      0.177     12.502      0.000
    H7$1              -0.006      0.134     -0.048      0.962
    H7$2               0.403      0.115      3.501      0.000
    H8$1               1.272      0.138      9.222      0.000
    H8$2               1.608      0.140     11.505      0.000
    H9$1               1.278      0.131      9.763      0.000
    H9$2               1.751      0.152     11.542      0.000
    H10$1              0.203      0.082      2.483      0.013
    H10$2              0.915      0.083     11.077      0.000
    H11$1              1.273      0.110     11.600      0.000
    H11$2              1.947      0.131     14.821      0.000
    H12$1              1.769      0.153     11.560      0.000
    H12$2              2.511      0.178     14.142      0.000
    H13$1             -0.979      0.123     -7.933      0.000
    H13$2              0.677      0.073      9.301      0.000
    H14$1              1.612      0.109     14.796      0.000
    H14$2              2.282      0.124     18.442      0.000
    H15$1              0.753      0.083      9.120      0.000
    H15$2              1.441      0.107     13.423      0.000
    H16$1              1.343      0.104     12.855      0.000
    H16$2              1.952      0.130     14.963      0.000
    H17$1              2.854      0.226     12.618      0.000
    H17$2              3.541      0.196     18.108      0.000
    H18$1            -15.000      0.000    999.000    999.000
    H18$2              0.618      0.075      8.223      0.000
    H19$1              1.804      0.152     11.849      0.000
    H19$2              2.523      0.154     16.431      0.000
    H20$1              1.186      0.100     11.856      0.000
    H20$2              1.967      0.121     16.238      0.000
    H21$1              0.697      0.075      9.295      0.000
    H21$2              1.487      0.089     16.760      0.000
    H22$1              1.661      0.115     14.414      0.000
    H22$2              2.360      0.134     17.605      0.000
    H23$1              4.062      0.340     11.936      0.000
    H23$2              4.762      0.407     11.686      0.000

Latent Class Pattern 4 3

 Thresholds
    H0$1               5.661      0.699      8.100      0.000
    H0$2               7.361      2.356      3.125      0.002
    H1$1               5.434      0.538     10.093      0.000
    H1$2               6.749      1.322      5.105      0.000
    H2$1               7.586      1.339      5.664      0.000
    H2$2               7.586      1.339      5.664      0.000
    H3$1               5.468      0.570      9.586      0.000
    H3$2               5.559      0.614      9.060      0.000
    H4$1               6.613      0.908      7.281      0.000
    H4$2               6.613      0.908      7.281      0.000
    H5$1               5.747      0.890      6.456      0.000
    H5$2               5.747      0.890      6.456      0.000
    H6$1               2.030      0.185     10.974      0.000
    H6$2               2.254      0.161     13.986      0.000
    H7$1               0.138      0.131      1.050      0.294
    H7$2               0.499      0.117      4.248      0.000
    H8$1               1.397      0.125     11.140      0.000
    H8$2               1.732      0.130     13.342      0.000
    H9$1               1.182      0.101     11.654      0.000
    H9$2               1.674      0.128     13.072      0.000
    H10$1              0.414      0.067      6.196      0.000
    H10$2              1.128      0.074     15.189      0.000
    H11$1              1.191      0.086     13.833      0.000
    H11$2              1.894      0.116     16.342      0.000
    H12$1              2.027      0.143     14.168      0.000
    H12$2              2.731      0.152     18.008      0.000
    H13$1             -0.671      0.104     -6.470      0.000
    H13$2              0.842      0.073     11.570      0.000
    H14$1              1.497      0.079     18.932      0.000
    H14$2              2.271      0.104     21.776      0.000
    H15$1              1.134      0.073     15.640      0.000
    H15$2              1.787      0.102     17.496      0.000
    H16$1              0.834      0.079     10.528      0.000
    H16$2              1.729      0.097     17.901      0.000
    H17$1              0.669      0.098      6.826      0.000
    H17$2              1.844      0.093     19.917      0.000
    H18$1              4.355      1.719      2.534      0.011
    H18$2              5.179      2.125      2.438      0.015
    H19$1             -0.140      0.090     -1.557      0.120
    H19$2              1.335      0.084     15.969      0.000
    H20$1              1.017      0.082     12.464      0.000
    H20$2              1.947      0.106     18.431      0.000
    H21$1              0.764      0.066     11.638      0.000
    H21$2              1.599      0.082     19.599      0.000
    H22$1              1.809      0.105     17.150      0.000
    H22$2              2.545      0.129     19.712      0.000
    H23$1              4.087      0.328     12.460      0.000
    H23$2              4.475      0.380     11.769      0.000

Between Level

Categorical Latent Variables

Within Level

 Intercepts
    CW#1              -0.314      0.074     -4.261      0.000
    CW#2              -0.364      0.075     -4.827      0.000

Between Level

 CW#1       ON
    CB#1              -0.101      0.267     -0.377      0.706
    CB#2               2.464      0.218     11.325      0.000
    CB#3               0.034      0.106      0.317      0.752

 CW#2       ON
    CB#1               0.329      0.152      2.167      0.030
    CB#2               2.810      0.219     12.835      0.000
    CB#3               0.037      0.108      0.341      0.733

 Means
    CB#1              -0.309      0.120     -2.577      0.010
    CB#2              -0.145      0.078     -1.859      0.063
    CB#3              -0.215      0.093     -2.303      0.021


QUALITY OF NUMERICAL RESULTS

     Condition Number for the Information Matrix              0.242E-07
       (ratio of smallest to largest eigenvalue)


SAVEDATA INFORMATION


  Save file
    50NDNS_CW3CB4.txt

  Order of variables

    H0
    H1
    H2
    H3
    H4
    H5
    H6
    H7
    H8
    H9
    H10
    H11
    H12
    H13
    H14
    H15
    H16
    H17
    H18
    H19
    H20
    H21
    H22
    H23
    ID_DAY
    AGE
    SEX
    CPROB1
    CPROB2
    CPROB3
    CPROB4
    CPROB5
    CPROB6
    CPROB7
    CPROB8
    CPROB9
    CPROB10
    CPROB11
    CPROB12
    CB
    CW
    MLCJOINT
    ID

  Save file format           Free

  Save file record length    10000


DIAGRAM INFORMATION

  Mplus diagrams are currently not available for Mixture analysis.
  No diagram output was produced.


     Beginning Time:  22:21:07
        Ending Time:  01:49:43
       Elapsed Time:  03:28:36



MUTHEN & MUTHEN
3463 Stoner Ave.
Los Angeles, CA  90066

Tel: (310) 391-9971
Fax: (310) 391-8971
Web: www.StatModel.com
Support: Support@StatModel.com

Copyright (c) 1998-2015 Muthen & Muthen
