Mplus VERSION 7.4
MUTHEN & MUTHEN
07/15/2018   3:58 PM

INPUT INSTRUCTIONS

  TITLE:
  3-class at level 1, 3-classes at level 2 random effects model - non-parametric approach


  DATA:
  File is H:\summer_project\SAS\sasdata\ndns_3cat.dat;

  VARIABLE:
     Names are     id          id_day      Age         Sex         H0          H1
       H2          H3          H4          H5          H6          H7
       H8          H9          H10         H11         H12         H13
       H14         H15         H16         H17         H18         H19
       H20         H21         H22         H23  ;

  USEVARIABLES =   H0          H1
       H2          H3          H4          H5          H6          H7
       H8          H9          H10         H11         H12         H13
       H14         H15         H16         H17         H18         H19
       H20         H21         H22         H23  ;

  auxiliary = Age Sex;

  IDVARIABLE = ID_DAY;

  CATEGORICAL are H0-H23;

  CLUSTER = id;

  BETWEEN = CB;

  WITHIN = H0-H23;

  CLASSES = CB(3) CW(3);

  ANALYSIS:
  type = mixture twolevel;
  starts = 500 250;
  process = 15(starts);


  MODEL:
  %within%
  %overall%
  %between%
  %overall%
  CW ON CB;


  Savedata:
    file is 50NDNS_CW3CB3.txt ;
    save is cprob;
    format is free;



INPUT READING TERMINATED NORMALLY




3-class at level 1, 3-classes at level 2 random effects model - non-parametric approach

SUMMARY OF ANALYSIS

Number of groups                                                 1
Number of observations                                       24483

Number of dependent variables                                   24
Number of independent variables                                  0
Number of continuous latent variables                            0
Number of categorical latent variables                           2

Observed dependent variables

  Binary and ordered categorical (ordinal)
   H0          H1          H2          H3          H4          H5
   H6          H7          H8          H9          H10         H11
   H12         H13         H14         H15         H16         H17
   H18         H19         H20         H21         H22         H23

Observed auxiliary variables
   AGE         SEX

Categorical latent variables
   CB          CW

Variables with special functions

  Cluster variable      ID
  ID variable           ID_DAY

  Within variables
   H0          H1          H2          H3          H4          H5
   H6          H7          H8          H9          H10         H11
   H12         H13         H14         H15         H16         H17
   H18         H19         H20         H21         H22         H23


Estimator                                                      MLR
Information matrix                                        OBSERVED
Optimization Specifications for the Quasi-Newton Algorithm for
Continuous Outcomes
  Maximum number of iterations                                 100
  Convergence criterion                                  0.100D-05
Optimization Specifications for the EM Algorithm
  Maximum number of iterations                                 500
  Convergence criteria
    Loglikelihood change                                 0.100D-02
    Relative loglikelihood change                        0.100D-05
    Derivative                                           0.100D-02
Optimization Specifications for the M step of the EM Algorithm for
Categorical Latent variables
  Number of M step iterations                                    1
  M step convergence criterion                           0.100D-02
  Basis for M step termination                           ITERATION
Optimization Specifications for the M step of the EM Algorithm for
Censored, Binary or Ordered Categorical (Ordinal), Unordered
Categorical (Nominal) and Count Outcomes
  Number of M step iterations                                    1
  M step convergence criterion                           0.100D-02
  Basis for M step termination                           ITERATION
  Maximum value for logit thresholds                            15
  Minimum value for logit thresholds                           -15
  Minimum expected cell size for chi-square              0.100D-01
Optimization algorithm                                         EMA
Integration Specifications
  Type                                                    STANDARD
  Number of integration points                                  15
  Dimensions of numerical integration                            0
  Adaptive quadrature                                           ON
Random Starts Specifications
  Number of initial stage random starts                        500
  Number of final stage optimizations                          250
  Number of initial stage iterations                            10
  Initial stage convergence criterion                    0.100D+01
  Random starts scale                                    0.500D+01
  Random seed for generating random starts                       0
Parameterization                                             LOGIT
Link                                                         LOGIT
Cholesky                                                       OFF

Input data file(s)
  H:\summer_project\SAS\sasdata\ndns_3cat.dat
Input data format  FREE


SUMMARY OF DATA

     Number of clusters                       6155



UNIVARIATE PROPORTIONS AND COUNTS FOR CATEGORICAL VARIABLES

    H0
      Category 1    0.974        23838.000
      Category 2    0.015          364.000
      Category 3    0.011          281.000
    H1
      Category 1    0.988        24190.000
      Category 2    0.006          150.000
      Category 3    0.006          143.000
    H2
      Category 1    0.992        24295.000
      Category 2    0.004           89.000
      Category 3    0.004           99.000
    H3
      Category 1    0.993        24315.000
      Category 2    0.003           77.000
      Category 3    0.004           91.000
    H4
      Category 1    0.992        24284.000
      Category 2    0.003           73.000
      Category 3    0.005          126.000
    H5
      Category 1    0.986        24143.000
      Category 2    0.005          125.000
      Category 3    0.009          215.000
    H6
      Category 1    0.869        21265.000
      Category 2    0.051         1253.000
      Category 3    0.080         1965.000
    H7
      Category 1    0.678        16599.000
      Category 2    0.095         2315.000
      Category 3    0.227         5569.000
    H8
      Category 1    0.623        15248.000
      Category 2    0.118         2881.000
      Category 3    0.260         6354.000
    H9
      Category 1    0.660        16149.000
      Category 2    0.117         2872.000
      Category 3    0.223         5462.000
    H10
      Category 1    0.630        15428.000
      Category 2    0.154         3769.000
      Category 3    0.216         5286.000
    H11
      Category 1    0.723        17706.000
      Category 2    0.121         2952.000
      Category 3    0.156         3825.000
    H12
      Category 1    0.600        14683.000
      Category 2    0.222         5431.000
      Category 3    0.178         4369.000
    H13
      Category 1    0.501        12262.000
      Category 2    0.277         6778.000
      Category 3    0.222         5443.000
    H14
      Category 1    0.738        18061.000
      Category 2    0.129         3163.000
      Category 3    0.133         3259.000
    H15
      Category 1    0.676        16548.000
      Category 2    0.144         3527.000
      Category 3    0.180         4408.000
    H16
      Category 1    0.696        17045.000
      Category 2    0.146         3581.000
      Category 3    0.158         3857.000
    H17
      Category 1    0.685        16779.000
      Category 2    0.189         4638.000
      Category 3    0.125         3066.000
    H18
      Category 1    0.577        14134.000
      Category 2    0.276         6750.000
      Category 3    0.147         3599.000
    H19
      Category 1    0.621        15207.000
      Category 2    0.242         5913.000
      Category 3    0.137         3363.000
    H20
      Category 1    0.619        15144.000
      Category 2    0.227         5546.000
      Category 3    0.155         3793.000
    H21
      Category 1    0.641        15690.000
      Category 2    0.199         4871.000
      Category 3    0.160         3922.000
    H22
      Category 1    0.752        18403.000
      Category 2    0.132         3242.000
      Category 3    0.116         2838.000
    H23
      Category 1    0.921        22548.000
      Category 2    0.043         1062.000
      Category 3    0.036          873.000


RANDOM STARTS RESULTS RANKED FROM THE BEST TO THE WORST LOGLIKELIHOOD VALUES

Final stage loglikelihood values at local maxima, seeds, and initial stage start numbers:

         -358902.821  311214           64
         -358912.571  247224           94
         -358918.416  871851           257
         -358935.916  529496           343
         -358947.670  608460           244
         -358967.030  772131           407
         -358983.555  471040           403
         -358985.601  760878           249
         -358991.810  120506           45
         -359011.503  521575           313
         -359012.160  821011           161
         -359023.531  415502           194
         -359024.176  535804           111
         -359024.717  576220           115
         -359024.935  349360           464
         -359029.300  741888           138
         -359033.996  188640           451
         -359042.621  314757           345
         -359051.560  27071            15
         -359059.709  736574           414
         -359073.486  422103           62
         -359078.752  418686           338
         -359086.699  335485           496
         -359094.267  545140           278
         -359097.243  347515           24
         -359104.881  396795           323
         -359107.839  507154           387
         -359114.193  499150           216
         -359118.366  562716           300
         -359119.206  783110           72
         -359130.065  794236           127
         -359135.903  416250           390
         -359143.588  292884           103
         -359143.774  173191           422
         -359144.431  399380           436
         -359145.851  303634           169
         -359149.065  21132            351
         -359149.449  415931           10
         -359150.235  860102           495
         -359150.346  846194           93
         -359151.778  298275           418
         -359155.446  900268           327
         -359171.097  417035           149
         -359174.141  950604           172
         -359177.936  404510           442
         -359184.272  376411           473
         -359194.380  597614           284
         -359207.346  508482           446
         -359221.003  370466           41
         -359230.173  170954           86
         -359230.912  165853           105
         -359234.890  714455           476
         -359236.901  887580           493
         -359240.682  39136            226
         -359242.109  478421           311
         -359245.908  606576           151
         -359247.140  699554           427
         -359252.219  580405           286
         -359253.785  264935           281
         -359254.717  366533           484
         -359255.381  392418           28
         -359256.067  789985           67
         -359260.400  360419           356
         -359263.799  635245           121
         -359264.380  17359            227
         -359273.193  830570           369
         -359273.763  350608           334
         -359276.292  576596           99
         -359287.077  153942           31
         -359291.400  170118           238
         -359296.314  369602           146
         -359297.190  502532           445
         -359298.849  609185           181
         -359305.178  618000           190
         -359305.269  156536           245
         -359306.101  267983           228
         -359308.444  80438            246
         -359321.912  626087           314
         -359321.955  132336           362
         -359326.221  652266           490
         -359326.764  232226           235
         -359331.043  790452           303
         -359333.001  781190           219
         -359333.220  436460           89
         -359341.427  915642           40
         -359345.216  603842           61
         -359346.357  68850            462
         -359347.787  686482           215
         -359350.315  534483           290
         -359354.363  215353           164
         -359354.999  605358           321
         -359357.449  175199           247
         -359366.833  53621            483
         -359371.144  848890           95
         -359371.448  732596           320
         -359374.818  411615           171
         -359387.567  784664           75
         -359389.203  717754           180
         -359393.379  286735           175
         -359393.426  700349           401
         -359396.562  140442           500
         -359402.094  440841           118
         -359402.679  850840           232
         -359408.734  960438           116
         -359409.808  605161           409
         -359410.537  483369           270
         -359411.294  366706           29
         -359412.740  85462            51
         -359413.104  107446           12
         -359416.868  395754           388
         -359426.658  951709           348
         -359430.771  268896           124
         -359433.203  714997           399
         -359433.223  673496           218
         -359436.385  131856           90
         -359440.955  207896           25
         -359451.737  252949           487
         -359456.982  972430           491
         -359475.641  405079           68
         -359476.499  69413            472
         -359478.267  569131           26
         -359479.661  570782           193
         -359482.104  246261           38
         -359484.066  918558           412
         -359495.607  190339           102
         -359499.035  629320           222
         -359502.452  464179           106
         -359511.704  438144           271
         -359515.415  57226            208
         -359518.397  879338           309
         -359526.439  462228           298
         -359528.244  46437            153
         -359546.150  965994           396
         -359547.767  281462           285
         -359563.388  570908           98
         -359571.092  316165           299
         -359591.254  127215           9
         -359598.702  608496           4
         -359599.648  345726           461
         -359605.049  97158            205
         -359610.586  888905           444
         -359616.621  648555           113
         -359616.746  313407           132
         -359617.047  926797           406
         -359626.794  930872           277
         -359642.007  723775           97
         -359647.049  66276            217
         -359653.801  260601           36
         -359671.519  387701           275
         -359674.268  349263           263
         -359684.288  913639           162
         -359686.333  374219           353
         -359689.438  458181           189
         -359700.718  567165           319
         -359702.379  43523            297
         -359703.132  441191           361
         -359708.900  496881           192
         -359719.682  195873           6
         -359729.248  824126           287
         -359734.178  318230           46
         -359734.232  354624           448
         -359748.918  937885           426
         -359764.372  399671           13
         -359774.893  372176           23
         -359776.054  898745           466
         -359815.200  59674            240
         -359815.729  432148           30
         -359818.878  79945            395
         -359822.910  797594           234
         -359825.514  645664           39
         -359826.975  164305           128
         -359839.807  76451            211
         -359840.849  997222           229
         -359841.312  471398           74
         -359841.430  529455           268
         -359854.030  414284           158
         -359869.950  922042           492
         -359877.257  314084           81
         -359883.501  862607           468
         -359885.316  801717           364
         -359898.552  850545           357
         -359906.370  263268           165
         -359918.203  342019           301
         -359955.280  391179           78
         -359956.813  263049           454
         -359974.305  268217           83
         -360007.539  679832           302
         -360008.092  957392           79
         -360008.709  456213           160
         -360014.020  626891           32
         -360022.635  931874           141
         -360024.600  965639           463
         -360024.925  150531           154
         -360030.869  761633           50
         -360030.878  642909           251
         -360049.903  971853           402
         -360076.550  137305           379
         -360133.773  341041           34
         -360138.659  484406           421
         -360139.402  783165           170
         -360193.952  667250           318
         -360195.887  617243           237
         -360201.201  790059           469
         -360422.580  801065           393
         -360427.449  751054           117
         -360454.808  752769           253
         -360490.969  973369           202
         -360549.685  534864           307
         -360550.857  644297           340
         -360709.813  100874           108
         -360888.777  840078           203

39 perturbed starting value run(s) did not converge.



     WARNING:  THE BEST LOGLIKELIHOOD VALUE WAS NOT REPLICATED.  THE
     SOLUTION MAY NOT BE TRUSTWORTHY DUE TO LOCAL MAXIMA.  INCREASE THE
     NUMBER OF RANDOM STARTS.

     ONE OR MORE PARAMETERS WERE FIXED TO AVOID SINGULARITY OF THE
     INFORMATION MATRIX. THE SINGULARITY IS MOST LIKELY BECAUSE THE
     MODEL IS NOT IDENTIFIED, OR BECAUSE OF EMPTY CELLS IN THE JOINT
     DISTRIBUTION OF THE CATEGORICAL VARIABLES IN THE MODEL.
     THE FOLLOWING PARAMETERS WERE FIXED:
     Parameter 362, %WITHIN% %CB#3.CW#2%: [ H12$2 ]


THE MODEL ESTIMATION TERMINATED NORMALLY



MODEL FIT INFORMATION

Number of Free Parameters                      440

Loglikelihood

          H0 Value                     -358902.821
          H0 Scaling Correction Factor      1.5612
            for MLR

Information Criteria

          Akaike (AIC)                  718685.643
          Bayesian (BIC)                722252.166
          Sample-Size Adjusted BIC      720853.858
            (n* = (n + 2) / 24)



MODEL RESULTS USE THE LATENT CLASS VARIABLE ORDER

   CB  CW

  Latent Class Variable Patterns

         CB        CW
      Class     Class

         1         1
         1         2
         1         3
         2         1
         2         2
         2         3
         3         1
         3         2
         3         3


FINAL CLASS COUNTS AND PROPORTIONS FOR THE LATENT CLASS PATTERNS
BASED ON ESTIMATED POSTERIOR PROBABILITIES

  Latent Class
    Pattern

    1  1       2836.20394          0.11584
    1  2       4134.67122          0.16888
    1  3       3213.15050          0.13124
    2  1       2323.33004          0.09490
    2  2       2113.56895          0.08633
    2  3       2212.58831          0.09037
    3  1        417.29976          0.01704
    3  2       2545.14563          0.10396
    3  3       4687.04166          0.19144


FINAL CLASS COUNTS AND PROPORTIONS FOR EACH LATENT CLASS VARIABLE
BASED ON ESTIMATED POSTERIOR PROBABILITIES

  Latent Class
    Variable    Class

    CB             1     10184.02539          0.41596
                   2      6649.48730          0.27160
                   3      7649.48682          0.31244
    CW             1      5576.83350          0.22778
                   2      8793.38574          0.35916
                   3     10112.78027          0.41305


FINAL CLASS COUNTS AND PROPORTIONS FOR THE LATENT CLASS PATTERNS
BASED ON THEIR MOST LIKELY LATENT CLASS PATTERN

Class Counts and Proportions

  Latent Class
    Pattern

    1  1             3251          0.13279
    1  2             3725          0.15215
    1  3             3247          0.13262
    2  1             2234          0.09125
    2  2             2121          0.08663
    2  3             2317          0.09464
    3  1              361          0.01474
    3  2             2926          0.11951
    3  3             4301          0.17567


FINAL CLASS COUNTS AND PROPORTIONS FOR EACH LATENT CLASS VARIABLE
BASED ON THEIR MOST LIKELY LATENT CLASS PATTERN

  Latent Class
    Variable    Class

    CB             1           10223          0.41756
                   2            6672          0.27252
                   3            7588          0.30993
    CW             1            5846          0.23878
                   2            8772          0.35829
                   3            9865          0.40293


CLASSIFICATION QUALITY

     Entropy                         0.793


Average Latent Class Probabilities for Most Likely Latent Class Pattern (Row)
by Latent Class Pattern (Column)

  Latent Class Variable Patterns

  Latent Class         CB        CW
   Pattern No.      Class     Class

         1             1         1
         2             1         2
         3             1         3
         4             2         1
         5             2         2
         6             2         3
         7             3         1
         8             3         2
         9             3         3

           1        2        3        4        5        6        7        8        9

    1   0.752    0.090    0.077    0.012    0.014    0.019    0.001    0.014    0.022
    2   0.021    0.879    0.008    0.026    0.000    0.018    0.002    0.000    0.044
    3   0.020    0.066    0.819    0.002    0.030    0.017    0.001    0.033    0.011
    4   0.016    0.041    0.001    0.875    0.015    0.010    0.000    0.000    0.042
    5   0.021    0.003    0.045    0.039    0.836    0.009    0.000    0.034    0.012
    6   0.031    0.035    0.023    0.021    0.032    0.821    0.000    0.010    0.026
    7   0.003    0.016    0.008    0.001    0.000    0.000    0.845    0.039    0.088
    8   0.014    0.002    0.035    0.000    0.026    0.010    0.010    0.754    0.149
    9   0.013    0.038    0.004    0.021    0.003    0.012    0.015    0.018    0.876



MODEL RESULTS

                                                    Two-Tailed
                    Estimate       S.E.  Est./S.E.    P-Value

Within Level

Latent Class Pattern 1 1

 Thresholds
    H0$1               3.499      0.218     16.050      0.000
    H0$2               3.826      0.228     16.777      0.000
    H1$1               4.891      0.388     12.617      0.000
    H1$2               4.986      0.375     13.300      0.000
    H2$1               4.888      0.309     15.806      0.000
    H2$2               5.133      0.359     14.318      0.000
    H3$1               6.356      0.719      8.836      0.000
    H3$2               7.502      1.674      4.481      0.000
    H4$1               5.257      0.405     12.970      0.000
    H4$2               5.381      0.428     12.584      0.000
    H5$1               4.671      0.361     12.951      0.000
    H5$2               4.720      0.366     12.889      0.000
    H6$1               1.984      0.131     15.199      0.000
    H6$2               2.094      0.126     16.609      0.000
    H7$1               1.764      0.307      5.749      0.000
    H7$2               1.872      0.321      5.827      0.000
    H8$1               0.619      0.117      5.293      0.000
    H8$2               0.899      0.126      7.150      0.000
    H9$1               0.352      0.082      4.280      0.000
    H9$2               0.686      0.079      8.659      0.000
    H10$1              0.628      0.079      7.977      0.000
    H10$2              0.996      0.090     11.078      0.000
    H11$1              0.957      0.088     10.847      0.000
    H11$2              1.304      0.097     13.476      0.000
    H12$1              0.605      0.132      4.576      0.000
    H12$2              1.415      0.122     11.583      0.000
    H13$1             -0.177      0.132     -1.337      0.181
    H13$2              0.904      0.085     10.614      0.000
    H14$1              1.025      0.111      9.263      0.000
    H14$2              1.606      0.124     12.960      0.000
    H15$1              0.531      0.072      7.338      0.000
    H15$2              1.021      0.085     12.029      0.000
    H16$1              1.103      0.115      9.588      0.000
    H16$2              1.462      0.122     11.991      0.000
    H17$1              3.406      0.611      5.579      0.000
    H17$2              3.507      0.416      8.434      0.000
    H18$1            -15.000      0.000    999.000    999.000
    H18$2              0.587      0.073      8.044      0.000
    H19$1              2.129      0.213      9.984      0.000
    H19$2              2.309      0.164     14.120      0.000
    H20$1              0.761      0.106      7.183      0.000
    H20$2              1.400      0.130     10.750      0.000
    H21$1              0.590      0.063      9.319      0.000
    H21$2              1.267      0.080     15.924      0.000
    H22$1              1.045      0.083     12.629      0.000
    H22$2              1.569      0.097     16.094      0.000
    H23$1              2.428      0.124     19.614      0.000
    H23$2              2.731      0.125     21.770      0.000

Latent Class Pattern 1 2

 Thresholds
    H0$1               3.102      0.146     21.293      0.000
    H0$2               3.583      0.165     21.748      0.000
    H1$1               3.809      0.183     20.864      0.000
    H1$2               4.277      0.200     21.345      0.000
    H2$1               4.297      0.203     21.125      0.000
    H2$2               4.581      0.222     20.641      0.000
    H3$1               4.005      0.181     22.092      0.000
    H3$2               4.376      0.198     22.107      0.000
    H4$1               4.069      0.185     21.940      0.000
    H4$2               4.267      0.206     20.664      0.000
    H5$1               3.823      0.211     18.085      0.000
    H5$2               4.001      0.181     22.093      0.000
    H6$1               1.844      0.104     17.648      0.000
    H6$2               1.929      0.100     19.276      0.000
    H7$1               1.880      0.207      9.077      0.000
    H7$2               1.998      0.218      9.154      0.000
    H8$1               0.929      0.093      9.971      0.000
    H8$2               1.196      0.108     11.058      0.000
    H9$1               0.452      0.054      8.416      0.000
    H9$2               0.784      0.054     14.403      0.000
    H10$1              0.802      0.059     13.528      0.000
    H10$2              1.239      0.073     16.939      0.000
    H11$1              0.910      0.055     16.603      0.000
    H11$2              1.475      0.067     22.048      0.000
    H12$1             -0.036      0.072     -0.508      0.612
    H12$2              1.006      0.062     16.166      0.000
    H13$1              2.425      0.415      5.839      0.000
    H13$2              2.584      0.335      7.715      0.000
    H14$1              0.421      0.056      7.497      0.000
    H14$2              1.230      0.066     18.630      0.000
    H15$1              0.921      0.054     17.172      0.000
    H15$2              1.527      0.068     22.357      0.000
    H16$1              0.882      0.053     16.529      0.000
    H16$2              1.518      0.062     24.593      0.000
    H17$1              0.352      0.070      4.997      0.000
    H17$2              1.423      0.064     22.382      0.000
    H18$1              1.489      0.177      8.392      0.000
    H18$2              2.081      0.132     15.805      0.000
    H19$1              0.299      0.061      4.936      0.000
    H19$2              1.542      0.064     23.971      0.000
    H20$1              0.469      0.058      8.061      0.000
    H20$2              1.445      0.072     19.964      0.000
    H21$1              0.661      0.053     12.544      0.000
    H21$2              1.567      0.063     24.838      0.000
    H22$1              1.015      0.067     15.191      0.000
    H22$2              1.724      0.074     23.366      0.000
    H23$1              2.204      0.100     22.049      0.000
    H23$2              2.790      0.111     25.123      0.000

Latent Class Pattern 1 3

 Thresholds
    H0$1               3.485      0.189     18.440      0.000
    H0$2               4.136      0.257     16.103      0.000
    H1$1               4.712      0.279     16.882      0.000
    H1$2               4.942      0.313     15.773      0.000
    H2$1               5.202      0.364     14.293      0.000
    H2$2               5.512      0.442     12.475      0.000
    H3$1               5.116      0.312     16.421      0.000
    H3$2               5.116      0.312     16.421      0.000
    H4$1               5.101      0.330     15.470      0.000
    H4$2               5.101      0.330     15.470      0.000
    H5$1               4.468      0.324     13.796      0.000
    H5$2               4.517      0.332     13.619      0.000
    H6$1               2.345      0.137     17.167      0.000
    H6$2               2.495      0.132     18.908      0.000
    H7$1               1.716      0.307      5.591      0.000
    H7$2               1.854      0.321      5.767      0.000
    H8$1               0.589      0.087      6.797      0.000
    H8$2               0.911      0.093      9.837      0.000
    H9$1               0.273      0.064      4.277      0.000
    H9$2               0.541      0.062      8.723      0.000
    H10$1              0.595      0.064      9.363      0.000
    H10$2              0.968      0.069     14.085      0.000
    H11$1              0.886      0.072     12.260      0.000
    H11$2              1.246      0.085     14.603      0.000
    H12$1              1.967      0.203      9.695      0.000
    H12$2              2.401      0.186     12.934      0.000
    H13$1            -15.000      0.000    999.000    999.000
    H13$2              0.088      0.078      1.133      0.257
    H14$1              1.815      0.136     13.325      0.000
    H14$2              2.151      0.134     16.058      0.000
    H15$1              0.979      0.074     13.153      0.000
    H15$2              1.334      0.091     14.671      0.000
    H16$1              0.643      0.067      9.554      0.000
    H16$2              1.203      0.076     15.862      0.000
    H17$1              0.392      0.081      4.826      0.000
    H17$2              1.446      0.080     18.160      0.000
    H18$1              1.451      0.166      8.737      0.000
    H18$2              2.198      0.172     12.812      0.000
    H19$1             -0.085      0.070     -1.215      0.224
    H19$2              1.340      0.082     16.377      0.000
    H20$1              0.493      0.084      5.875      0.000
    H20$2              1.482      0.099     15.021      0.000
    H21$1              0.551      0.054     10.221      0.000
    H21$2              1.302      0.068     19.072      0.000
    H22$1              0.872      0.067     13.031      0.000
    H22$2              1.510      0.072     21.019      0.000
    H23$1              2.067      0.104     19.910      0.000
    H23$2              2.611      0.110     23.655      0.000

Latent Class Pattern 2 1

 Thresholds
    H0$1               6.249      0.857      7.291      0.000
    H0$2               7.849      1.756      4.470      0.000
    H1$1              15.000      0.000    999.000    999.000
    H1$2              15.000      0.000    999.000    999.000
    H2$1               6.668      0.687      9.699      0.000
    H2$2               7.558      1.157      6.534      0.000
    H3$1               6.526      0.729      8.955      0.000
    H3$2               7.498      1.323      5.667      0.000
    H4$1               5.569      0.618      9.010      0.000
    H4$2               5.880      0.519     11.322      0.000
    H5$1               5.406      0.903      5.986      0.000
    H5$2               5.513      0.778      7.084      0.000
    H6$1               2.183      0.216     10.109      0.000
    H6$2               2.461      0.227     10.855      0.000
    H7$1              -1.644      0.166     -9.901      0.000
    H7$2              -0.968      0.117     -8.252      0.000
    H8$1               2.101      0.331      6.350      0.000
    H8$2               2.582      0.482      5.352      0.000
    H9$1               1.251      0.135      9.287      0.000
    H9$2               1.724      0.181      9.502      0.000
    H10$1              0.327      0.076      4.286      0.000
    H10$2              0.997      0.098     10.130      0.000
    H11$1              1.612      0.143     11.261      0.000
    H11$2              2.140      0.180     11.895      0.000
    H12$1             -1.271      0.113    -11.213      0.000
    H12$2              0.625      0.076      8.218      0.000
    H13$1              2.589      1.098      2.358      0.018
    H13$2              2.772      0.514      5.393      0.000
    H14$1              1.141      0.155      7.351      0.000
    H14$2              1.734      0.187      9.270      0.000
    H15$1              0.629      0.070      9.000      0.000
    H15$2              1.338      0.091     14.781      0.000
    H16$1              0.976      0.083     11.748      0.000
    H16$2              1.767      0.110     16.025      0.000
    H17$1              0.548      0.084      6.513      0.000
    H17$2              1.723      0.090     19.241      0.000
    H18$1              0.419      0.081      5.158      0.000
    H18$2              1.809      0.113     15.977      0.000
    H19$1              0.703      0.076      9.234      0.000
    H19$2              1.742      0.096     18.224      0.000
    H20$1              0.676      0.115      5.903      0.000
    H20$2              1.537      0.148     10.362      0.000
    H21$1              0.787      0.072     10.930      0.000
    H21$2              1.531      0.082     18.601      0.000
    H22$1              1.712      0.121     14.169      0.000
    H22$2              2.319      0.169     13.706      0.000
    H23$1              4.520      0.303     14.932      0.000
    H23$2              5.494      0.554      9.925      0.000

Latent Class Pattern 2 2

 Thresholds
    H0$1               6.868      0.911      7.538      0.000
    H0$2               7.591      1.297      5.854      0.000
    H1$1               7.152      1.785      4.007      0.000
    H1$2               7.965      3.948      2.018      0.044
    H2$1               5.739      0.664      8.643      0.000
    H2$2               5.739      0.664      8.643      0.000
    H3$1               5.549      0.551     10.075      0.000
    H3$2               6.454      1.066      6.056      0.000
    H4$1               6.354      0.921      6.901      0.000
    H4$2               6.354      0.921      6.901      0.000
    H5$1               4.958      0.738      6.719      0.000
    H5$2               4.975      0.607      8.193      0.000
    H6$1               2.364      0.244      9.685      0.000
    H6$2               2.738      0.260     10.547      0.000
    H7$1              -1.450      0.177     -8.178      0.000
    H7$2              -0.747      0.128     -5.854      0.000
    H8$1               1.474      0.358      4.114      0.000
    H8$2               1.916      0.432      4.431      0.000
    H9$1               0.995      0.149      6.660      0.000
    H9$2               1.466      0.181      8.086      0.000
    H10$1              0.273      0.085      3.223      0.001
    H10$2              0.968      0.088     11.006      0.000
    H11$1              1.233      0.170      7.237      0.000
    H11$2              1.783      0.237      7.522      0.000
    H12$1              2.091      0.749      2.791      0.005
    H12$2              2.667      0.559      4.771      0.000
    H13$1             -8.249     12.715     -0.649      0.516
    H13$2              0.198      0.085      2.331      0.020
    H14$1              2.027      0.214      9.472      0.000
    H14$2              2.605      0.297      8.769      0.000
    H15$1              0.793      0.101      7.835      0.000
    H15$2              1.344      0.152      8.866      0.000
    H16$1              0.929      0.133      7.009      0.000
    H16$2              1.586      0.176      9.009      0.000
    H17$1              1.081      0.172      6.284      0.000
    H17$2              2.136      0.200     10.703      0.000
    H18$1              0.180      0.085      2.120      0.034
    H18$2              1.621      0.095     17.101      0.000
    H19$1              0.301      0.085      3.553      0.000
    H19$2              1.427      0.116     12.297      0.000
    H20$1              0.784      0.180      4.356      0.000
    H20$2              1.614      0.176      9.152      0.000
    H21$1              0.764      0.089      8.621      0.000
    H21$2              1.506      0.126     11.915      0.000
    H22$1              1.578      0.117     13.471      0.000
    H22$2              2.154      0.167     12.900      0.000
    H23$1              4.360      0.379     11.505      0.000
    H23$2              4.603      0.446     10.328      0.000

Latent Class Pattern 2 3

 Thresholds
    H0$1               7.886      3.485      2.263      0.024
    H0$2              15.000      0.000    999.000    999.000
    H1$1               6.645      0.867      7.665      0.000
    H1$2               6.793      0.896      7.584      0.000
    H2$1              15.000      0.000    999.000    999.000
    H2$2              15.000      0.000    999.000    999.000
    H3$1               7.768      1.058      7.344      0.000
    H3$2              15.000      0.000    999.000    999.000
    H4$1               7.618      1.049      7.261      0.000
    H4$2              15.000      0.000    999.000    999.000
    H5$1               7.387      1.655      4.464      0.000
    H5$2               7.387      1.655      4.464      0.000
    H6$1               4.139      0.449      9.221      0.000
    H6$2               4.599      0.571      8.059      0.000
    H7$1               3.323      0.546      6.087      0.000
    H7$2               4.227      0.876      4.825      0.000
    H8$1             -15.000      0.000    999.000    999.000
    H8$2              -1.816      0.201     -9.050      0.000
    H9$1               2.915      0.221     13.170      0.000
    H9$2               3.568      0.368      9.683      0.000
    H10$1              0.928      0.103      9.032      0.000
    H10$2              1.772      0.177      9.999      0.000
    H11$1              0.983      0.098      9.996      0.000
    H11$2              1.699      0.127     13.352      0.000
    H12$1             -0.163      0.149     -1.094      0.274
    H12$2              1.326      0.112     11.845      0.000
    H13$1              0.480      0.152      3.165      0.002
    H13$2              1.628      0.139     11.704      0.000
    H14$1              1.356      0.128     10.560      0.000
    H14$2              2.119      0.175     12.115      0.000
    H15$1              0.825      0.087      9.532      0.000
    H15$2              1.621      0.114     14.164      0.000
    H16$1              1.050      0.091     11.597      0.000
    H16$2              1.914      0.131     14.598      0.000
    H17$1              0.416      0.120      3.464      0.001
    H17$2              1.771      0.110     16.134      0.000
    H18$1              0.413      0.120      3.454      0.001
    H18$2              1.874      0.105     17.889      0.000
    H19$1              1.121      0.092     12.165      0.000
    H19$2              2.141      0.106     20.204      0.000
    H20$1              0.551      0.110      5.027      0.000
    H20$2              1.547      0.124     12.452      0.000
    H21$1              0.747      0.086      8.704      0.000
    H21$2              1.511      0.107     14.147      0.000
    H22$1              1.747      0.134     13.078      0.000
    H22$2              2.507      0.172     14.572      0.000
    H23$1              3.981      0.315     12.620      0.000
    H23$2              4.598      0.349     13.161      0.000

Latent Class Pattern 3 1

 Thresholds
    H0$1               0.220      0.209      1.052      0.293
    H0$2               2.972      0.391      7.600      0.000
    H1$1               0.993      0.240      4.134      0.000
    H1$2               2.972      0.347      8.566      0.000
    H2$1               1.682      0.244      6.906      0.000
    H2$2               3.692      0.518      7.122      0.000
    H3$1               2.299      0.293      7.853      0.000
    H3$2               4.648      0.744      6.245      0.000
    H4$1               2.820      0.381      7.404      0.000
    H4$2              15.000      0.000    999.000    999.000
    H5$1               3.308      0.338      9.779      0.000
    H5$2               4.562      0.547      8.340      0.000
    H6$1               2.227      0.267      8.342      0.000
    H6$2               3.304      0.394      8.389      0.000
    H7$1               1.356      0.197      6.873      0.000
    H7$2               2.002      0.250      7.994      0.000
    H8$1               0.729      0.170      4.287      0.000
    H8$2               1.889      0.235      8.035      0.000
    H9$1               0.739      0.180      4.102      0.000
    H9$2               1.685      0.229      7.361      0.000
    H10$1              0.418      0.151      2.772      0.006
    H10$2              1.623      0.198      8.197      0.000
    H11$1              0.791      0.177      4.481      0.000
    H11$2              1.969      0.206      9.571      0.000
    H12$1              0.547      0.168      3.245      0.001
    H12$2              1.913      0.220      8.681      0.000
    H13$1             -0.048      0.158     -0.303      0.762
    H13$2              1.497      0.201      7.443      0.000
    H14$1              0.623      0.166      3.743      0.000
    H14$2              1.610      0.201      7.999      0.000
    H15$1              0.608      0.159      3.830      0.000
    H15$2              1.899      0.219      8.689      0.000
    H16$1              0.379      0.155      2.441      0.015
    H16$2              1.830      0.217      8.419      0.000
    H17$1              0.367      0.156      2.356      0.018
    H17$2              1.673      0.194      8.625      0.000
    H18$1              0.083      0.149      0.554      0.579
    H18$2              1.971      0.199      9.904      0.000
    H19$1              0.186      0.158      1.178      0.239
    H19$2              2.368      0.275      8.612      0.000
    H20$1             -0.670      0.164     -4.074      0.000
    H20$2              2.516      0.334      7.541      0.000
    H21$1             -0.741      0.161     -4.597      0.000
    H21$2              2.750      0.310      8.872      0.000
    H22$1             -1.341      0.232     -5.793      0.000
    H22$2              2.966      0.457      6.496      0.000
    H23$1             -0.960      0.218     -4.413      0.000
    H23$2              2.715      0.353      7.689      0.000

Latent Class Pattern 3 2

 Thresholds
    H0$1               4.249      0.305     13.910      0.000
    H0$2               4.989      0.472     10.578      0.000
    H1$1               4.901      0.313     15.636      0.000
    H1$2               5.487      0.400     13.723      0.000
    H2$1               6.532      0.845      7.727      0.000
    H2$2               6.532      0.845      7.727      0.000
    H3$1               7.453      1.296      5.751      0.000
    H3$2               7.453      1.296      5.751      0.000
    H4$1               5.907      0.509     11.600      0.000
    H4$2               5.907      0.509     11.600      0.000
    H5$1               4.386      0.288     15.236      0.000
    H5$2               5.712      0.632      9.033      0.000
    H6$1               1.402      0.098     14.330      0.000
    H6$2               2.655      0.164     16.179      0.000
    H7$1               0.567      0.100      5.661      0.000
    H7$2               1.824      0.126     14.522      0.000
    H8$1               0.303      0.080      3.810      0.000
    H8$2               1.380      0.099     13.874      0.000
    H9$1               0.548      0.086      6.394      0.000
    H9$2               1.656      0.108     15.280      0.000
    H10$1              0.402      0.079      5.052      0.000
    H10$2              1.786      0.095     18.894      0.000
    H11$1              0.561      0.082      6.871      0.000
    H11$2              1.988      0.099     20.135      0.000
    H12$1              3.484      0.668      5.214      0.000
    H12$2              9.849      0.000    999.000    999.000
    H13$1            -15.000      0.000    999.000    999.000
    H13$2              0.748      0.062     11.965      0.000
    H14$1              1.773      0.112     15.838      0.000
    H14$2              2.945      0.149     19.817      0.000
    H15$1              0.577      0.071      8.186      0.000
    H15$2              1.965      0.094     20.912      0.000
    H16$1              0.759      0.072     10.568      0.000
    H16$2              2.140      0.099     21.520      0.000
    H17$1              0.999      0.080     12.478      0.000
    H17$2              2.461      0.108     22.799      0.000
    H18$1              0.180      0.068      2.645      0.008
    H18$2              2.084      0.089     23.325      0.000
    H19$1              0.284      0.070      4.029      0.000
    H19$2              2.265      0.097     23.279      0.000
    H20$1              0.341      0.069      4.910      0.000
    H20$2              2.409      0.112     21.460      0.000
    H21$1              0.389      0.063      6.167      0.000
    H21$2              2.210      0.106     20.843      0.000
    H22$1              0.998      0.077     12.959      0.000
    H22$2              2.511      0.120     20.910      0.000
    H23$1              2.422      0.127     19.051      0.000
    H23$2              3.785      0.224     16.871      0.000

Latent Class Pattern 3 3

 Thresholds
    H0$1               4.360      0.251     17.395      0.000
    H0$2               5.524      0.436     12.676      0.000
    H1$1               5.589      0.411     13.588      0.000
    H1$2               6.120      0.550     11.130      0.000
    H2$1               5.753      0.397     14.485      0.000
    H2$2               6.715      0.646     10.392      0.000
    H3$1               5.567      0.324     17.158      0.000
    H3$2               6.264      0.411     15.242      0.000
    H4$1               4.503      0.205     21.977      0.000
    H4$2               5.488      0.336     16.351      0.000
    H5$1               3.671      0.197     18.649      0.000
    H5$2               4.682      0.282     16.587      0.000
    H6$1               1.262      0.090     14.056      0.000
    H6$2               2.459      0.138     17.763      0.000
    H7$1               0.573      0.096      5.970      0.000
    H7$2               1.725      0.106     16.234      0.000
    H8$1               0.429      0.063      6.761      0.000
    H8$2               1.662      0.080     20.684      0.000
    H9$1               0.384      0.062      6.209      0.000
    H9$2               1.656      0.079     21.024      0.000
    H10$1              0.342      0.053      6.408      0.000
    H10$2              1.667      0.068     24.642      0.000
    H11$1              0.911      0.059     15.448      0.000
    H11$2              2.163      0.078     27.692      0.000
    H12$1             -0.419      0.078     -5.380      0.000
    H12$2              1.337      0.061     21.863      0.000
    H13$1              1.013      0.096     10.505      0.000
    H13$2              2.235      0.100     22.274      0.000
    H14$1              0.466      0.066      7.042      0.000
    H14$2              1.943      0.077     25.293      0.000
    H15$1              0.632      0.050     12.612      0.000
    H15$2              1.925      0.067     28.893      0.000
    H16$1              0.634      0.052     12.232      0.000
    H16$2              2.060      0.074     27.978      0.000
    H17$1              0.765      0.056     13.786      0.000
    H17$2              2.359      0.082     28.749      0.000
    H18$1              0.279      0.049      5.661      0.000
    H18$2              2.120      0.070     30.091      0.000
    H19$1              0.257      0.055      4.694      0.000
    H19$2              2.247      0.078     28.765      0.000
    H20$1              0.263      0.056      4.648      0.000
    H20$2              2.227      0.076     29.490      0.000
    H21$1              0.492      0.050      9.832      0.000
    H21$2              2.308      0.082     28.052      0.000
    H22$1              1.029      0.073     14.054      0.000
    H22$2              2.562      0.095     26.850      0.000
    H23$1              2.575      0.126     20.474      0.000
    H23$2              3.773      0.159     23.779      0.000

Between Level

Categorical Latent Variables

Within Level

 Intercepts
    CW#1              -2.419      0.150    -16.129      0.000
    CW#2              -0.611      0.065     -9.433      0.000

Between Level

 CW#1       ON
    CB#1               2.294      0.174     13.165      0.000
    CB#2               2.468      0.192     12.871      0.000

 CW#2       ON
    CB#1               0.863      0.119      7.222      0.000
    CB#2               0.565      0.240      2.354      0.019

 Means
    CB#1               0.287      0.068      4.214      0.000
    CB#2              -0.140      0.094     -1.496      0.135


QUALITY OF NUMERICAL RESULTS

     Condition Number for the Information Matrix              0.316E-06
       (ratio of smallest to largest eigenvalue)


SAVEDATA INFORMATION


  Save file
    50NDNS_CW3CB3.txt

  Order of variables

    H0
    H1
    H2
    H3
    H4
    H5
    H6
    H7
    H8
    H9
    H10
    H11
    H12
    H13
    H14
    H15
    H16
    H17
    H18
    H19
    H20
    H21
    H22
    H23
    ID_DAY
    AGE
    SEX
    CPROB1
    CPROB2
    CPROB3
    CPROB4
    CPROB5
    CPROB6
    CPROB7
    CPROB8
    CPROB9
    CB
    CW
    MLCJOINT
    ID

  Save file format           Free

  Save file record length    10000


DIAGRAM INFORMATION

  Mplus diagrams are currently not available for Mixture analysis.
  No diagram output was produced.


     Beginning Time:  15:58:06
        Ending Time:  17:18:36
       Elapsed Time:  01:20:30



MUTHEN & MUTHEN
3463 Stoner Ave.
Los Angeles, CA  90066

Tel: (310) 391-9971
Fax: (310) 391-8971
Web: www.StatModel.com
Support: Support@StatModel.com

Copyright (c) 1998-2015 Muthen & Muthen
