Mplus VERSION 7.4
MUTHEN & MUTHEN
07/15/2018   2:09 PM

INPUT INSTRUCTIONS

  TITLE:
  4-class at level 1, 2-classes at level 2 random effects model - non-parametric approach


  DATA:
  File is H:\summer_project\SAS\sasdata\ndns_3cat.dat;

  VARIABLE:
     Names are     id          id_day      Age         Sex         H0          H1
       H2          H3          H4          H5          H6          H7
       H8          H9          H10         H11         H12         H13
       H14         H15         H16         H17         H18         H19
       H20         H21         H22         H23  ;

  USEVARIABLES =   H0          H1
       H2          H3          H4          H5          H6          H7
       H8          H9          H10         H11         H12         H13
       H14         H15         H16         H17         H18         H19
       H20         H21         H22         H23  ;


  auxiliary = Age Sex;

  IDVARIABLE = ID_DAY;

  CATEGORICAL are H0-H23;

  CLUSTER = id;

  BETWEEN = CB;

  WITHIN = H0-H23;

  CLASSES = CB(2) CW(4);

  ANALYSIS:
  type = mixture twolevel;
  starts = 500 250;
  process = 15(starts);


  MODEL:
  %within%
  %overall%
  %between%
  %overall%
  CW ON CB;


  Savedata:
    file is 50NDNS_CW4CB2.txt ;
    save is cprob;
    format is free;



INPUT READING TERMINATED NORMALLY




4-class at level 1, 2-classes at level 2 random effects model - non-parametric approach

SUMMARY OF ANALYSIS

Number of groups                                                 1
Number of observations                                       24483

Number of dependent variables                                   24
Number of independent variables                                  0
Number of continuous latent variables                            0
Number of categorical latent variables                           2

Observed dependent variables

  Binary and ordered categorical (ordinal)
   H0          H1          H2          H3          H4          H5
   H6          H7          H8          H9          H10         H11
   H12         H13         H14         H15         H16         H17
   H18         H19         H20         H21         H22         H23

Observed auxiliary variables
   AGE         SEX

Categorical latent variables
   CB          CW

Variables with special functions

  Cluster variable      ID
  ID variable           ID_DAY

  Within variables
   H0          H1          H2          H3          H4          H5
   H6          H7          H8          H9          H10         H11
   H12         H13         H14         H15         H16         H17
   H18         H19         H20         H21         H22         H23


Estimator                                                      MLR
Information matrix                                        OBSERVED
Optimization Specifications for the Quasi-Newton Algorithm for
Continuous Outcomes
  Maximum number of iterations                                 100
  Convergence criterion                                  0.100D-05
Optimization Specifications for the EM Algorithm
  Maximum number of iterations                                 500
  Convergence criteria
    Loglikelihood change                                 0.100D-02
    Relative loglikelihood change                        0.100D-05
    Derivative                                           0.100D-02
Optimization Specifications for the M step of the EM Algorithm for
Categorical Latent variables
  Number of M step iterations                                    1
  M step convergence criterion                           0.100D-02
  Basis for M step termination                           ITERATION
Optimization Specifications for the M step of the EM Algorithm for
Censored, Binary or Ordered Categorical (Ordinal), Unordered
Categorical (Nominal) and Count Outcomes
  Number of M step iterations                                    1
  M step convergence criterion                           0.100D-02
  Basis for M step termination                           ITERATION
  Maximum value for logit thresholds                            15
  Minimum value for logit thresholds                           -15
  Minimum expected cell size for chi-square              0.100D-01
Optimization algorithm                                         EMA
Integration Specifications
  Type                                                    STANDARD
  Number of integration points                                  15
  Dimensions of numerical integration                            0
  Adaptive quadrature                                           ON
Random Starts Specifications
  Number of initial stage random starts                        500
  Number of final stage optimizations                          250
  Number of initial stage iterations                            10
  Initial stage convergence criterion                    0.100D+01
  Random starts scale                                    0.500D+01
  Random seed for generating random starts                       0
Parameterization                                             LOGIT
Link                                                         LOGIT
Cholesky                                                       OFF

Input data file(s)
  H:\summer_project\SAS\sasdata\ndns_3cat.dat
Input data format  FREE


SUMMARY OF DATA

     Number of clusters                       6155



UNIVARIATE PROPORTIONS AND COUNTS FOR CATEGORICAL VARIABLES

    H0
      Category 1    0.974        23838.000
      Category 2    0.015          364.000
      Category 3    0.011          281.000
    H1
      Category 1    0.988        24190.000
      Category 2    0.006          150.000
      Category 3    0.006          143.000
    H2
      Category 1    0.992        24295.000
      Category 2    0.004           89.000
      Category 3    0.004           99.000
    H3
      Category 1    0.993        24315.000
      Category 2    0.003           77.000
      Category 3    0.004           91.000
    H4
      Category 1    0.992        24284.000
      Category 2    0.003           73.000
      Category 3    0.005          126.000
    H5
      Category 1    0.986        24143.000
      Category 2    0.005          125.000
      Category 3    0.009          215.000
    H6
      Category 1    0.869        21265.000
      Category 2    0.051         1253.000
      Category 3    0.080         1965.000
    H7
      Category 1    0.678        16599.000
      Category 2    0.095         2315.000
      Category 3    0.227         5569.000
    H8
      Category 1    0.623        15248.000
      Category 2    0.118         2881.000
      Category 3    0.260         6354.000
    H9
      Category 1    0.660        16149.000
      Category 2    0.117         2872.000
      Category 3    0.223         5462.000
    H10
      Category 1    0.630        15428.000
      Category 2    0.154         3769.000
      Category 3    0.216         5286.000
    H11
      Category 1    0.723        17706.000
      Category 2    0.121         2952.000
      Category 3    0.156         3825.000
    H12
      Category 1    0.600        14683.000
      Category 2    0.222         5431.000
      Category 3    0.178         4369.000
    H13
      Category 1    0.501        12262.000
      Category 2    0.277         6778.000
      Category 3    0.222         5443.000
    H14
      Category 1    0.738        18061.000
      Category 2    0.129         3163.000
      Category 3    0.133         3259.000
    H15
      Category 1    0.676        16548.000
      Category 2    0.144         3527.000
      Category 3    0.180         4408.000
    H16
      Category 1    0.696        17045.000
      Category 2    0.146         3581.000
      Category 3    0.158         3857.000
    H17
      Category 1    0.685        16779.000
      Category 2    0.189         4638.000
      Category 3    0.125         3066.000
    H18
      Category 1    0.577        14134.000
      Category 2    0.276         6750.000
      Category 3    0.147         3599.000
    H19
      Category 1    0.621        15207.000
      Category 2    0.242         5913.000
      Category 3    0.137         3363.000
    H20
      Category 1    0.619        15144.000
      Category 2    0.227         5546.000
      Category 3    0.155         3793.000
    H21
      Category 1    0.641        15690.000
      Category 2    0.199         4871.000
      Category 3    0.160         3922.000
    H22
      Category 1    0.752        18403.000
      Category 2    0.132         3242.000
      Category 3    0.116         2838.000
    H23
      Category 1    0.921        22548.000
      Category 2    0.043         1062.000
      Category 3    0.036          873.000


RANDOM STARTS RESULTS RANKED FROM THE BEST TO THE WORST LOGLIKELIHOOD VALUES

Final stage loglikelihood values at local maxima, seeds, and initial stage start numbers:

         -360297.394  717754           180
         -360300.343  751054           117
         -360303.100  436460           89
         -360311.741  408713           450
         -360311.775  22089            143
         -360314.765  471040           403
         -360341.693  622860           259
         -360363.373  849670           347
         -360369.164  582296           452
         -360371.670  579995           183
         -360390.304  462228           298
         -360410.690  830570           369
         -360419.707  700349           401
         -360424.996  93468            3
         -360426.290  458181           189
         -360426.887  314084           81
         -360431.846  478421           311
         -360435.562  383986           159
         -360440.365  835767           210
         -360447.433  617243           237
         -360448.293  21132            351
         -360462.076  263268           165
         -360468.844  888905           444
         -360472.991  520177           262
         -360478.769  359578           458
         -360480.804  193569           440
         -360492.716  36714            201
         -360497.134  153053           378
         -360506.313  783102           433
         -360512.950  317640           437
         -360516.731  804660           260
         -360517.565  418686           338
         -360528.284  535804           111
         -360535.770  824126           287
         -360548.112  939709           112
         -360548.361  545140           278
         -360550.274  281462           285
         -360557.115  587946           120
         -360560.699  609185           181
         -360566.805  760878           249
         -360572.958  59674            240
         -360576.161  345070           114
         -360579.174  802779           122
         -360579.514  965994           396
         -360581.048  170954           86
         -360594.622  85734            411
         -360596.243  618000           190
         -360606.077  561664           392
         -360620.218  626087           314
         -360621.939  120506           45
         -360627.343  667250           318
         -360643.471  131856           90
         -360668.252  996231           310
         -360679.095  438144           271
         -360681.975  298275           418
         -360693.952  521575           313
         -360696.725  512836           289
         -360705.871  605358           321
         -360708.831  66276            217
         -360709.370  784664           75
         -360715.960  484501           163
         -360716.092  485256           371
         -360718.748  92689            304
         -360727.013  762461           425
         -360729.803  182524           373
         -360731.364  170118           238
         -360732.022  202790           198
         -360733.687  654136           167
         -360734.696  152496           123
         -360738.196  370466           41
         -360739.012  507154           387
         -360739.162  791285           416
         -360739.653  207896           25
         -360739.668  349263           263
         -360739.669  112586           494
         -360740.340  15715            274
         -360740.431  640833           434
         -360747.783  80438            246
         -360754.692  939021           8
         -360756.570  415502           194
         -360762.637  188640           451
         -360762.646  484687           306
         -360778.002  475420           71
         -360782.650  790452           303
         -360785.241  153942           31
         -360793.512  798839           312
         -360794.913  392407           221
         -360796.217  273992           349
         -360797.582  563002           360
         -360798.330  608496           4
         -360800.431  358488           264
         -360801.114  922042           492
         -360802.232  61587            400
         -360803.010  648555           113
         -360808.370  603842           61
         -360811.682  85462            51
         -360812.554  391179           78
         -360818.213  597614           284
         -360818.646  188498           258
         -360818.954  392418           28
         -360820.471  688839           273
         -360826.850  366533           484
         -360826.958  781190           219
         -360831.215  260601           36
         -360850.241  415931           10
         -360851.979  466971           109
         -360867.188  373505           88
         -360871.857  508482           446
         -360872.450  754100           56
         -360875.990  55115            408
         -360876.040  252949           487
         -360877.622  723775           97
         -360881.644  879338           309
         -360884.781  292884           103
         -360886.120  551639           55
         -360887.371  635245           121
         -360891.313  168762           200
         -360892.691  374219           353
         -360897.460  377504           294
         -360906.563  848331           137
         -360917.110  354208           196
         -360917.894  392766           331
         -360918.934  132336           362
         -360922.317  372176           23
         -360926.324  34346            330
         -360926.829  699554           427
         -360931.143  301180           236
         -360940.834  848163           47
         -360941.216  794236           127
         -360942.982  224950           455
         -360943.347  960438           116
         -360946.750  987090           70
         -360954.204  369602           146
         -360954.230  247224           94
         -360955.406  695155           150
         -360959.349  393232           152
         -360961.897  772131           407
         -360963.778  937588           293
         -360965.527  57226            208
         -360969.336  951709           348
         -360969.699  140442           500
         -360973.896  146900           391
         -360974.524  749635           420
         -360974.805  751153           110
         -360975.482  217130           443
         -360977.987  915642           40
         -360980.624  405079           68
         -360987.557  780698           337
         -360988.816  12477            155
         -360990.185  714455           476
         -360998.558  606576           151
         -361002.423  399380           436
         -361004.051  349360           464
         -361020.132  830529           279
         -361021.267  366706           29
         -361029.270  937885           426
         -361034.069  347515           24
         -361046.003  68985            17
         -361062.457  443442           380
         -361077.161  748692           204
         -361081.865  476498           179
         -361103.177  608460           244
         -361121.030  175199           247
         -361121.793  286735           175
         -361123.452  416463           467
         -361124.887  655497           376
         -361126.022  533738           11
         -361131.864  17359            227
         -361133.116  499150           216
         -361137.911  411615           171
         -361147.599  930323           267
         -361148.000  407108           366
         -361168.687  602797           336
         -361177.310  253358           2
         -361181.198  965639           463
         -361196.074  471398           74
         -361198.592  76337            76
         -361206.382  801717           364
         -361207.650  526324           178
         -361214.443  584397           428
         -361225.530  797594           234
         -361244.892  872743           374
         -361245.634  514326           325
         -361256.927  790059           469
         -361275.323  342019           301
         -361314.649  608849           224
         -361352.527  853195           431
         -361365.944  534864           307
         -361366.674  422103           62
         -361379.271  804561           59
         -361393.601  535063           329
         -361429.669  232226           235
         -361485.949  930872           277
         -361500.417  823392           479
         -361504.033  118421           139
         -361510.365  178475           231
         -361511.785  432148           30
         -361514.143  529455           268
         -361539.402  673496           218
         -361570.744  441191           361
         -361684.486  787985           482
         -361757.249  505879           424
         -361821.310  862607           468
         -362374.579  580405           286
         -362449.473  263049           454

45 perturbed starting value run(s) did not converge.



     WARNING:  THE BEST LOGLIKELIHOOD VALUE WAS NOT REPLICATED.  THE
     SOLUTION MAY NOT BE TRUSTWORTHY DUE TO LOCAL MAXIMA.  INCREASE THE
     NUMBER OF RANDOM STARTS.


THE MODEL ESTIMATION TERMINATED NORMALLY



MODEL FIT INFORMATION

Number of Free Parameters                      391

Loglikelihood

          H0 Value                     -360297.394
          H0 Scaling Correction Factor      1.4444
            for MLR

Information Criteria

          Akaike (AIC)                  721376.788
          Bayesian (BIC)                724546.130
          Sample-Size Adjusted BIC      723303.543
            (n* = (n + 2) / 24)



MODEL RESULTS USE THE LATENT CLASS VARIABLE ORDER

   CB  CW

  Latent Class Variable Patterns

         CB        CW
      Class     Class

         1         1
         1         2
         1         3
         1         4
         2         1
         2         2
         2         3
         2         4


FINAL CLASS COUNTS AND PROPORTIONS FOR THE LATENT CLASS PATTERNS
BASED ON ESTIMATED POSTERIOR PROBABILITIES

  Latent Class
    Pattern

    1  1       2672.64804          0.10916
    1  2       3748.07595          0.15309
    1  3       3815.12299          0.15583
    1  4       4406.40960          0.17998
    2  1        492.98435          0.02014
    2  2       3260.97526          0.13319
    2  3       1919.86216          0.07842
    2  4       4166.92166          0.17020


FINAL CLASS COUNTS AND PROPORTIONS FOR EACH LATENT CLASS VARIABLE
BASED ON ESTIMATED POSTERIOR PROBABILITIES

  Latent Class
    Variable    Class

    CB             1     14642.25586          0.59806
                   2      9840.74316          0.40194
    CW             1      3165.63232          0.12930
                   2      7009.05127          0.28628
                   3      5734.98535          0.23424
                   4      8573.33105          0.35017


FINAL CLASS COUNTS AND PROPORTIONS FOR THE LATENT CLASS PATTERNS
BASED ON THEIR MOST LIKELY LATENT CLASS PATTERN

Class Counts and Proportions

  Latent Class
    Pattern

    1  1             2684          0.10963
    1  2             4413          0.18025
    1  3             3212          0.13119
    1  4             4454          0.18192
    2  1              413          0.01687
    2  2             3359          0.13720
    2  3             2039          0.08328
    2  4             3909          0.15966


FINAL CLASS COUNTS AND PROPORTIONS FOR EACH LATENT CLASS VARIABLE
BASED ON THEIR MOST LIKELY LATENT CLASS PATTERN

  Latent Class
    Variable    Class

    CB             1           14763          0.60299
                   2            9720          0.39701
    CW             1            3097          0.12650
                   2            7772          0.31744
                   3            5251          0.21448
                   4            8363          0.34158


CLASSIFICATION QUALITY

     Entropy                         0.784


Average Latent Class Probabilities for Most Likely Latent Class Pattern (Row)
by Latent Class Pattern (Column)

  Latent Class Variable Patterns

  Latent Class         CB        CW
   Pattern No.      Class     Class

         1             1         1
         2             1         2
         3             1         3
         4             1         4
         5             2         1
         6             2         2
         7             2         3
         8             2         4

           1        2        3        4        5        6        7        8

    1   0.821    0.011    0.089    0.030    0.001    0.028    0.013    0.006
    2   0.002    0.763    0.073    0.107    0.001    0.021    0.010    0.023
    3   0.018    0.014    0.871    0.019    0.003    0.036    0.019    0.019
    4   0.061    0.029    0.055    0.798    0.001    0.003    0.005    0.048
    5   0.003    0.002    0.012    0.007    0.848    0.038    0.033    0.057
    6   0.022    0.020    0.031    0.006    0.012    0.835    0.049    0.025
    7   0.013    0.013    0.028    0.009    0.016    0.070    0.762    0.088
    8   0.006    0.021    0.011    0.050    0.013    0.000    0.006    0.892


MODEL RESULTS

                                                    Two-Tailed
                    Estimate       S.E.  Est./S.E.    P-Value

Within Level

Latent Class Pattern 1 1

 Thresholds
    H0$1               4.232      0.318     13.311      0.000
    H0$2               4.635      0.359     12.922      0.000
    H1$1               5.208      0.433     12.023      0.000
    H1$2               5.208      0.433     12.023      0.000
    H2$1               5.142      0.348     14.761      0.000
    H2$2               5.377      0.394     13.665      0.000
    H3$1               5.065      0.389     13.032      0.000
    H3$2               5.277      0.432     12.228      0.000
    H4$1               4.637      0.350     13.249      0.000
    H4$2               4.687      0.343     13.666      0.000
    H5$1               4.237      0.244     17.378      0.000
    H5$2               4.405      0.269     16.356      0.000
    H6$1               2.006      0.129     15.549      0.000
    H6$2               2.134      0.125     17.125      0.000
    H7$1               0.921      0.099      9.341      0.000
    H7$2               1.076      0.095     11.321      0.000
    H8$1               0.318      0.075      4.257      0.000
    H8$2               0.612      0.074      8.307      0.000
    H9$1               0.792      0.075     10.549      0.000
    H9$2               1.100      0.079     13.914      0.000
    H10$1              0.673      0.080      8.370      0.000
    H10$2              1.135      0.075     15.118      0.000
    H11$1              1.092      0.089     12.288      0.000
    H11$2              1.599      0.092     17.423      0.000
    H12$1             -0.650      0.175     -3.712      0.000
    H12$2              0.772      0.088      8.795      0.000
    H13$1              1.252      0.238      5.263      0.000
    H13$2              1.724      0.182      9.461      0.000
    H14$1              0.747      0.071     10.458      0.000
    H14$2              1.317      0.073     17.940      0.000
    H15$1              0.792      0.065     12.271      0.000
    H15$2              1.267      0.067     18.891      0.000
    H16$1              2.152      0.168     12.826      0.000
    H16$2              2.561      0.161     15.895      0.000
    H17$1            -15.000      0.000    999.000    999.000
    H17$2              0.424      0.072      5.906      0.000
    H18$1              1.886      0.117     16.166      0.000
    H18$2              2.355      0.116     20.283      0.000
    H19$1              1.600      0.154     10.369      0.000
    H19$2              2.141      0.123     17.424      0.000
    H20$1              0.368      0.062      5.911      0.000
    H20$2              1.113      0.072     15.498      0.000
    H21$1              0.816      0.067     12.184      0.000
    H21$2              1.431      0.073     19.593      0.000
    H22$1              1.241      0.082     15.203      0.000
    H22$2              1.819      0.089     20.510      0.000
    H23$1              2.911      0.159     18.355      0.000
    H23$2              3.419      0.190     17.956      0.000

Latent Class Pattern 1 2

 Thresholds
    H0$1               4.068      0.243     16.733      0.000
    H0$2               4.305      0.243     17.723      0.000
    H1$1               5.281      0.372     14.205      0.000
    H1$2               5.331      0.372     14.322      0.000
    H2$1               5.079      0.289     17.564      0.000
    H2$2               5.198      0.308     16.890      0.000
    H3$1               6.685      0.797      8.390      0.000
    H3$2               7.580      1.470      5.155      0.000
    H4$1               5.534      0.378     14.636      0.000
    H4$2               5.534      0.378     14.636      0.000
    H5$1               4.882      0.303     16.117      0.000
    H5$2               4.882      0.303     16.117      0.000
    H6$1               2.218      0.113     19.620      0.000
    H6$2               2.331      0.115     20.286      0.000
    H7$1               0.945      0.076     12.353      0.000
    H7$2               1.082      0.074     14.714      0.000
    H8$1               0.433      0.060      7.184      0.000
    H8$2               0.698      0.059     11.836      0.000
    H9$1               0.790      0.065     12.121      0.000
    H9$2               1.115      0.069     16.126      0.000
    H10$1              0.604      0.057     10.622      0.000
    H10$2              1.056      0.058     18.253      0.000
    H11$1              1.099      0.069     15.957      0.000
    H11$2              1.523      0.074     20.490      0.000
    H12$1              0.249      0.149      1.673      0.094
    H12$2              1.301      0.108     12.048      0.000
    H13$1              0.125      0.161      0.778      0.437
    H13$2              1.083      0.096     11.255      0.000
    H14$1              1.097      0.085     12.921      0.000
    H14$2              1.670      0.085     19.655      0.000
    H15$1              0.555      0.054     10.315      0.000
    H15$2              1.105      0.058     19.131      0.000
    H16$1              1.259      0.076     16.475      0.000
    H16$2              1.629      0.076     21.467      0.000
    H17$1              3.899      0.348     11.193      0.000
    H17$2              3.899      0.348     11.193      0.000
    H18$1            -15.000      0.000    999.000    999.000
    H18$2              0.574      0.052     11.009      0.000
    H19$1              2.590      0.276      9.383      0.000
    H19$2              2.608      0.152     17.105      0.000
    H20$1              0.777      0.057     13.682      0.000
    H20$2              1.378      0.063     21.780      0.000
    H21$1              0.666      0.052     12.931      0.000
    H21$2              1.295      0.057     22.784      0.000
    H22$1              1.286      0.071     18.209      0.000
    H22$2              1.751      0.079     22.251      0.000
    H23$1              2.909      0.134     21.698      0.000
    H23$2              3.156      0.132     23.891      0.000

Latent Class Pattern 1 3

 Thresholds
    H0$1               3.284      0.178     18.437      0.000
    H0$2               3.732      0.207     18.034      0.000
    H1$1               3.997      0.215     18.595      0.000
    H1$2               4.465      0.265     16.881      0.000
    H2$1               4.537      0.241     18.847      0.000
    H2$2               4.814      0.265     18.154      0.000
    H3$1               4.205      0.219     19.193      0.000
    H3$2               4.523      0.231     19.604      0.000
    H4$1               4.295      0.218     19.733      0.000
    H4$2               4.589      0.251     18.288      0.000
    H5$1               4.500      0.252     17.857      0.000
    H5$2               4.576      0.260     17.626      0.000
    H6$1               2.224      0.104     21.486      0.000
    H6$2               2.271      0.102     22.297      0.000
    H7$1               1.062      0.095     11.215      0.000
    H7$2               1.180      0.092     12.783      0.000
    H8$1               0.741      0.062     11.863      0.000
    H8$2               0.990      0.064     15.390      0.000
    H9$1               0.799      0.060     13.212      0.000
    H9$2               1.090      0.062     17.633      0.000
    H10$1              0.747      0.058     12.772      0.000
    H10$2              1.196      0.064     18.776      0.000
    H11$1              1.030      0.070     14.769      0.000
    H11$2              1.581      0.076     20.685      0.000
    H12$1             -0.133      0.076     -1.741      0.082
    H12$2              0.937      0.062     15.203      0.000
    H13$1              1.960      0.375      5.228      0.000
    H13$2              2.281      0.282      8.080      0.000
    H14$1              0.733      0.084      8.764      0.000
    H14$2              1.495      0.080     18.580      0.000
    H15$1              0.913      0.058     15.678      0.000
    H15$2              1.555      0.067     23.102      0.000
    H16$1              0.340      0.067      5.072      0.000
    H16$2              1.170      0.063     18.700      0.000
    H17$1              2.045      0.278      7.355      0.000
    H17$2              2.476      0.237     10.461      0.000
    H18$1              1.498      0.249      6.014      0.000
    H18$2              2.292      0.203     11.283      0.000
    H19$1             -0.290      0.090     -3.223      0.001
    H19$2              1.214      0.066     18.530      0.000
    H20$1              0.640      0.056     11.327      0.000
    H20$2              1.640      0.067     24.601      0.000
    H21$1              0.672      0.054     12.349      0.000
    H21$2              1.523      0.065     23.604      0.000
    H22$1              1.265      0.071     17.779      0.000
    H22$2              1.891      0.083     22.671      0.000
    H23$1              2.465      0.116     21.239      0.000
    H23$2              2.968      0.136     21.761      0.000

Latent Class Pattern 1 4

 Thresholds
    H0$1               3.960      0.205     19.324      0.000
    H0$2               4.628      0.288     16.066      0.000
    H1$1               5.168      0.308     16.784      0.000
    H1$2               5.463      0.363     15.041      0.000
    H2$1               6.100      0.482     12.659      0.000
    H2$2               6.100      0.482     12.659      0.000
    H3$1               5.441      0.330     16.480      0.000
    H3$2               5.736      0.364     15.763      0.000
    H4$1               5.700      0.464     12.274      0.000
    H4$2               5.700      0.464     12.274      0.000
    H5$1               4.677      0.228     20.484      0.000
    H5$2               4.741      0.238     19.933      0.000
    H6$1               2.491      0.103     24.285      0.000
    H6$2               2.634      0.102     25.721      0.000
    H7$1               0.817      0.068     11.972      0.000
    H7$2               0.983      0.065     15.022      0.000
    H8$1               0.542      0.064      8.479      0.000
    H8$2               0.819      0.061     13.329      0.000
    H9$1               0.543      0.055      9.808      0.000
    H9$2               0.806      0.056     14.428      0.000
    H10$1              0.571      0.054     10.569      0.000
    H10$2              0.981      0.054     18.134      0.000
    H11$1              0.925      0.059     15.633      0.000
    H11$2              1.277      0.059     21.625      0.000
    H12$1              2.509      0.305      8.238      0.000
    H12$2              2.832      0.240     11.820      0.000
    H13$1            -15.000      0.000    999.000    999.000
    H13$2              0.202      0.054      3.758      0.000
    H14$1              2.073      0.101     20.604      0.000
    H14$2              2.445      0.104     23.454      0.000
    H15$1              0.993      0.062     15.912      0.000
    H15$2              1.339      0.059     22.689      0.000
    H16$1              0.658      0.094      7.004      0.000
    H16$2              1.207      0.080     15.102      0.000
    H17$1              0.661      0.117      5.656      0.000
    H17$2              1.665      0.085     19.521      0.000
    H18$1              0.963      0.155      6.200      0.000
    H18$2              1.974      0.113     17.519      0.000
    H19$1             -0.040      0.139     -0.289      0.773
    H19$2              1.280      0.085     15.115      0.000
    H20$1              0.598      0.057     10.581      0.000
    H20$2              1.511      0.067     22.611      0.000
    H21$1              0.614      0.047     13.038      0.000
    H21$2              1.323      0.055     24.114      0.000
    H22$1              1.121      0.055     20.354      0.000
    H22$2              1.684      0.063     26.668      0.000
    H23$1              2.504      0.095     26.470      0.000
    H23$2              2.969      0.112     26.571      0.000

Latent Class Pattern 2 1

 Thresholds
    H0$1               0.286      0.193      1.483      0.138
    H0$2               2.755      0.379      7.277      0.000
    H1$1               1.034      0.226      4.580      0.000
    H1$2               2.845      0.319      8.913      0.000
    H2$1               1.694      0.233      7.258      0.000
    H2$2               3.410      0.407      8.382      0.000
    H3$1               2.254      0.270      8.334      0.000
    H3$2               4.488      0.477      9.417      0.000
    H4$1               2.849      0.353      8.080      0.000
    H4$2               5.995      1.067      5.620      0.000
    H5$1               3.038      0.318      9.538      0.000
    H5$2               3.986      0.525      7.594      0.000
    H6$1               2.107      0.231      9.131      0.000
    H6$2               3.026      0.311      9.730      0.000
    H7$1               1.545      0.202      7.646      0.000
    H7$2               2.274      0.255      8.933      0.000
    H8$1               0.771      0.165      4.668      0.000
    H8$2               1.927      0.217      8.865      0.000
    H9$1               0.673      0.168      4.002      0.000
    H9$2               1.616      0.212      7.635      0.000
    H10$1              0.478      0.139      3.449      0.001
    H10$2              1.633      0.178      9.197      0.000
    H11$1              0.850      0.159      5.329      0.000
    H11$2              1.984      0.210      9.471      0.000
    H12$1              0.542      0.171      3.166      0.002
    H12$2              1.905      0.206      9.266      0.000
    H13$1             -0.043      0.141     -0.303      0.762
    H13$2              1.490      0.184      8.096      0.000
    H14$1              0.805      0.162      4.970      0.000
    H14$2              1.679      0.190      8.842      0.000
    H15$1              0.635      0.154      4.129      0.000
    H15$2              1.873      0.206      9.106      0.000
    H16$1              0.339      0.140      2.420      0.016
    H16$2              1.693      0.193      8.791      0.000
    H17$1              0.340      0.145      2.340      0.019
    H17$2              1.614      0.189      8.563      0.000
    H18$1              0.173      0.144      1.204      0.228
    H18$2              1.938      0.191     10.172      0.000
    H19$1              0.156      0.144      1.084      0.278
    H19$2              2.405      0.272      8.836      0.000
    H20$1             -0.550      0.145     -3.790      0.000
    H20$2              2.477      0.323      7.676      0.000
    H21$1             -0.591      0.160     -3.685      0.000
    H21$2              2.716      0.291      9.331      0.000
    H22$1             -1.165      0.195     -5.962      0.000
    H22$2              2.599      0.393      6.620      0.000
    H23$1             -0.743      0.201     -3.697      0.000
    H23$2              2.646      0.340      7.788      0.000

Latent Class Pattern 2 2

 Thresholds
    H0$1               4.360      0.295     14.775      0.000
    H0$2               5.320      0.473     11.240      0.000
    H1$1               5.739      0.435     13.202      0.000
    H1$2               6.607      0.739      8.938      0.000
    H2$1               5.912      0.460     12.854      0.000
    H2$2               7.653      1.049      7.294      0.000
    H3$1               6.392      0.590     10.840      0.000
    H3$2               6.978      0.690     10.113      0.000
    H4$1               4.658      0.253     18.409      0.000
    H4$2               5.560      0.419     13.280      0.000
    H5$1               3.914      0.191     20.504      0.000
    H5$2               4.862      0.292     16.678      0.000
    H6$1               1.216      0.100     12.217      0.000
    H6$2               2.260      0.185     12.213      0.000
    H7$1               0.136      0.107      1.268      0.205
    H7$2               1.050      0.174      6.018      0.000
    H8$1               0.398      0.108      3.689      0.000
    H8$2               1.428      0.101     14.123      0.000
    H9$1               0.598      0.110      5.422      0.000
    H9$2               1.697      0.102     16.701      0.000
    H10$1              0.292      0.078      3.726      0.000
    H10$2              1.580      0.112     14.109      0.000
    H11$1              1.516      0.214      7.087      0.000
    H11$2              2.532      0.139     18.251      0.000
    H12$1            -15.000      0.000    999.000    999.000
    H12$2              0.622      0.062     10.016      0.000
    H13$1              1.177      0.430      2.735      0.006
    H13$2              2.263      0.270      8.387      0.000
    H14$1              1.538      0.189      8.132      0.000
    H14$2              2.400      0.136     17.658      0.000
    H15$1              0.373      0.061      6.139      0.000
    H15$2              1.597      0.084     18.972      0.000
    H16$1              0.579      0.066      8.808      0.000
    H16$2              1.871      0.083     22.455      0.000
    H17$1              0.700      0.073      9.545      0.000
    H17$2              2.138      0.092     23.195      0.000
    H18$1              0.237      0.058      4.094      0.000
    H18$2              2.034      0.079     25.812      0.000
    H19$1              0.252      0.079      3.166      0.002
    H19$2              2.035      0.085     24.078      0.000
    H20$1              0.372      0.072      5.167      0.000
    H20$2              2.205      0.087     25.482      0.000
    H21$1              0.516      0.073      7.048      0.000
    H21$2              2.115      0.082     25.729      0.000
    H22$1              1.158      0.098     11.757      0.000
    H22$2              2.583      0.102     25.417      0.000
    H23$1              2.837      0.203     13.954      0.000
    H23$2              3.940      0.227     17.388      0.000

Latent Class Pattern 2 3

 Thresholds
    H0$1               4.394      0.341     12.874      0.000
    H0$2               6.012      1.093      5.501      0.000
    H1$1               5.634      0.513     10.978      0.000
    H1$2               5.848      0.563     10.388      0.000
    H2$1               5.693      0.592      9.620      0.000
    H2$2               5.909      0.564     10.477      0.000
    H3$1               5.559      0.645      8.618      0.000
    H3$2               6.416      0.723      8.869      0.000
    H4$1               5.292      0.475     11.140      0.000
    H4$2               6.322      0.756      8.361      0.000
    H5$1               3.808      0.245     15.550      0.000
    H5$2               4.711      0.378     12.461      0.000
    H6$1               1.722      0.123     13.988      0.000
    H6$2               2.921      0.193     15.133      0.000
    H7$1               0.879      0.136      6.460      0.000
    H7$2               1.866      0.151     12.377      0.000
    H8$1               0.388      0.080      4.827      0.000
    H8$2               1.468      0.098     14.947      0.000
    H9$1               0.212      0.071      2.992      0.003
    H9$2               1.456      0.087     16.814      0.000
    H10$1              0.505      0.089      5.667      0.000
    H10$2              1.656      0.093     17.762      0.000
    H11$1              0.426      0.078      5.430      0.000
    H11$2              1.690      0.105     16.057      0.000
    H12$1              1.045      0.253      4.136      0.000
    H12$2              2.221      0.203     10.955      0.000
    H13$1              0.725      0.181      4.004      0.000
    H13$2              2.075      0.149     13.956      0.000
    H14$1             -8.084      0.500    -16.165      0.000
    H14$2              0.842      0.102      8.236      0.000
    H15$1              1.633      0.176      9.275      0.000
    H15$2              2.761      0.178     15.494      0.000
    H16$1              0.885      0.080     11.043      0.000
    H16$2              2.235      0.116     19.340      0.000
    H17$1              0.667      0.079      8.484      0.000
    H17$2              2.115      0.101     21.032      0.000
    H18$1              0.234      0.071      3.291      0.001
    H18$2              2.061      0.099     20.905      0.000
    H19$1              0.312      0.071      4.386      0.000
    H19$2              2.354      0.110     21.457      0.000
    H20$1              0.062      0.069      0.893      0.372
    H20$2              1.885      0.093     20.218      0.000
    H21$1              0.529      0.073      7.284      0.000
    H21$2              2.308      0.115     20.143      0.000
    H22$1              0.934      0.079     11.753      0.000
    H22$2              2.414      0.117     20.608      0.000
    H23$1              2.323      0.145     16.013      0.000
    H23$2              3.548      0.210     16.871      0.000

Latent Class Pattern 2 4

 Thresholds
    H0$1               4.466      0.295     15.143      0.000
    H0$2               5.172      0.461     11.227      0.000
    H1$1               5.383      0.326     16.493      0.000
    H1$2               5.899      0.408     14.448      0.000
    H2$1               6.358      0.629     10.106      0.000
    H2$2               7.223      1.167      6.189      0.000
    H3$1               5.868      0.400     14.669      0.000
    H3$2               6.168      0.422     14.631      0.000
    H4$1               5.095      0.288     17.720      0.000
    H4$2               5.522      0.347     15.933      0.000
    H5$1               4.175      0.176     23.742      0.000
    H5$2               5.055      0.291     17.399      0.000
    H6$1               1.543      0.078     19.820      0.000
    H6$2               2.675      0.123     21.816      0.000
    H7$1               0.499      0.075      6.694      0.000
    H7$2               1.609      0.099     16.321      0.000
    H8$1               0.534      0.075      7.156      0.000
    H8$2               1.543      0.089     17.402      0.000
    H9$1               0.740      0.067     11.022      0.000
    H9$2               1.786      0.085     21.027      0.000
    H10$1              0.368      0.062      5.886      0.000
    H10$2              1.714      0.072     23.955      0.000
    H11$1              0.659      0.060     11.068      0.000
    H11$2              2.005      0.073     27.358      0.000
    H12$1              3.755      3.694      1.017      0.309
    H12$2              5.873      9.783      0.600      0.548
    H13$1             -1.405      0.069    -20.453      0.000
    H13$2              0.973      0.047     20.495      0.000
    H14$1              2.769      0.472      5.863      0.000
    H14$2              3.493      0.357      9.776      0.000
    H15$1              0.436      0.053      8.278      0.000
    H15$2              1.824      0.062     29.343      0.000
    H16$1              0.787      0.061     12.975      0.000
    H16$2              2.147      0.076     28.187      0.000
    H17$1              1.048      0.065     16.004      0.000
    H17$2              2.536      0.083     30.686      0.000
    H18$1              0.252      0.051      4.955      0.000
    H18$2              2.054      0.066     30.919      0.000
    H19$1              0.401      0.057      7.038      0.000
    H19$2              2.221      0.072     30.798      0.000
    H20$1              0.462      0.054      8.494      0.000
    H20$2              2.402      0.081     29.687      0.000
    H21$1              0.456      0.049      9.221      0.000
    H21$2              2.148      0.079     27.049      0.000
    H22$1              1.089      0.062     17.613      0.000
    H22$2              2.558      0.098     26.106      0.000
    H23$1              2.611      0.116     22.431      0.000
    H23$2              3.874      0.170     22.842      0.000

Between Level

Categorical Latent Variables

Within Level

 Intercepts
    CW#1              -2.134      0.140    -15.243      0.000
    CW#2              -0.245      0.167     -1.464      0.143
    CW#3              -0.775      0.087     -8.926      0.000

Between Level

 CW#1       ON
    CB#1               1.634      0.163     10.018      0.000

 CW#2       ON
    CB#1               0.083      0.195      0.427      0.670

 CW#3       ON
    CB#1               0.631      0.122      5.152      0.000

 Means
    CB#1               0.398      0.058      6.819      0.000


QUALITY OF NUMERICAL RESULTS

     Condition Number for the Information Matrix              0.289E-08
       (ratio of smallest to largest eigenvalue)


SAVEDATA INFORMATION


  Save file
    50NDNS_CW4CB2.txt

  Order of variables

    H0
    H1
    H2
    H3
    H4
    H5
    H6
    H7
    H8
    H9
    H10
    H11
    H12
    H13
    H14
    H15
    H16
    H17
    H18
    H19
    H20
    H21
    H22
    H23
    ID_DAY
    AGE
    SEX
    CPROB1
    CPROB2
    CPROB3
    CPROB4
    CPROB5
    CPROB6
    CPROB7
    CPROB8
    CB
    CW
    MLCJOINT
    ID

  Save file format           Free

  Save file record length    10000


DIAGRAM INFORMATION

  Mplus diagrams are currently not available for Mixture analysis.
  No diagram output was produced.


     Beginning Time:  14:09:02
        Ending Time:  15:24:56
       Elapsed Time:  01:15:54



MUTHEN & MUTHEN
3463 Stoner Ave.
Los Angeles, CA  90066

Tel: (310) 391-9971
Fax: (310) 391-8971
Web: www.StatModel.com
Support: Support@StatModel.com

Copyright (c) 1998-2015 Muthen & Muthen
