\BOOKMARK [0][-]{section*.1}{\376\377\000D\000e\000c\000l\000a\000r\000a\000t\000i\000o\000n\000\040\000o\000f\000\040\000A\000u\000t\000h\000o\000r\000s\000h\000i\000p}{}% 1
\BOOKMARK [0][-]{section*.2}{\376\377\000A\000c\000k\000n\000o\000w\000l\000e\000d\000g\000e\000m\000e\000n\000t\000s}{}% 2
\BOOKMARK [0][-]{section*.3}{\376\377\000A\000b\000s\000t\000r\000a\000c\000t}{}% 3
\BOOKMARK [0][-]{chapter.9}{\376\377\000I\000n\000t\000r\000o\000d\000u\000c\000t\000i\000o\000n}{}% 4
\BOOKMARK [1][-]{section*.10}{\376\377\000B\000a\000c\000k\000g\000r\000o\000u\000n\000d}{chapter.9}% 5
\BOOKMARK [1][-]{section*.11}{\376\377\000T\000h\000e\000\040\000N\000a\000t\000i\000o\000n\000a\000l\000\040\000D\000i\000e\000t\000a\000r\000y\000\040\000a\000n\000d\000\040\000N\000u\000t\000r\000i\000t\000i\000o\000n\000\040\000S\000u\000r\000v\000e\000y\000\040\000\050\000N\000D\000N\000S\000\051}{chapter.9}% 6
\BOOKMARK [1][-]{section*.12}{\376\377\000A\000i\000m\000s\000\040\000a\000n\000d\000\040\000o\000b\000j\000e\000c\000t\000i\000v\000e\000s}{chapter.9}% 7
\BOOKMARK [0][-]{chapter.13}{\376\377\000M\000e\000t\000h\000o\000d\000s}{}% 8
\BOOKMARK [1][-]{section*.14}{\376\377\000D\000i\000e\000t\000a\000r\000y\000\040\000d\000i\000a\000r\000y\000\040\000c\000o\000l\000l\000e\000c\000t\000e\000d\000\040\000i\000n\000\040\000t\000h\000e\000\040\000N\000D\000N\000S\000\040\000R\000P}{chapter.13}% 9
\BOOKMARK [2][-]{section*.15}{\376\377\000D\000e\000f\000i\000n\000i\000t\000i\000o\000n\000\040\000o\000f\000\040\000c\000a\000r\000b\000o\000h\000y\000d\000r\000a\000t\000e\000\040\000i\000n\000t\000a\000k\000e\000\040\000d\000u\000r\000i\000n\000g\000\040\000t\000h\000e\000\040\000s\000u\000r\000v\000e\000y}{section*.14}% 10
\BOOKMARK [1][-]{section*.16}{\376\377\000L\000a\000t\000e\000n\000t\000\040\000c\000l\000a\000s\000s\000\040\000a\000n\000a\000l\000y\000s\000i\000s\000\040\000\050\000L\000C\000A\000\051}{chapter.13}% 11
\BOOKMARK [1][-]{section*.18}{\376\377\000M\000u\000l\000t\000i\000l\000e\000v\000e\000l\000\040\000l\000a\000t\000e\000n\000t\000\040\000c\000l\000a\000s\000s\000\040\000a\000n\000a\000l\000y\000s\000i\000s\000\040\000\050\000M\000L\000C\000A\000\051}{chapter.13}% 12
\BOOKMARK [2][-]{section*.19}{\376\377\000P\000a\000r\000a\000m\000e\000t\000r\000i\000c\000\040\000a\000p\000p\000r\000o\000a\000c\000h}{section*.18}% 13
\BOOKMARK [2][-]{section*.22}{\376\377\000N\000o\000n\000-\000P\000a\000r\000a\000m\000e\000t\000r\000i\000c\000\040\000a\000p\000p\000r\000o\000a\000c\000h}{section*.18}% 14
\BOOKMARK [1][-]{section*.24}{\376\377\000S\000t\000r\000a\000t\000e\000g\000y}{chapter.13}% 15
\BOOKMARK [1][-]{section*.25}{\376\377\000S\000u\000r\000v\000e\000y\000\040\000D\000a\000t\000a}{chapter.13}% 16
\BOOKMARK [2][-]{section*.26}{\376\377\000S\000u\000r\000v\000e\000y\000\040\000S\000e\000l\000e\000c\000t\000i\000o\000n\000\040\000M\000e\000t\000h\000o\000d}{section*.25}% 17
\BOOKMARK [2][-]{section*.27}{\376\377\000R\000e\000s\000p\000o\000n\000s\000e\000\040\000r\000a\000t\000e\000s}{section*.25}% 18
\BOOKMARK [0][-]{chapter.28}{\376\377\000R\000e\000s\000u\000l\000t\000s}{}% 19
\BOOKMARK [1][-]{section*.29}{\376\377\000M\000a\000i\000n\000\040\000S\000e\000c\000t\000i\000o\000n\000\040\0001}{chapter.28}% 20
\BOOKMARK [2][-]{section*.30}{\376\377\000S\000u\000b\000s\000e\000c\000t\000i\000o\000n\000\040\0001}{section*.29}% 21
\BOOKMARK [2][-]{section*.31}{\376\377\000S\000u\000b\000s\000e\000c\000t\000i\000o\000n\000\040\0002}{section*.29}% 22
\BOOKMARK [1][-]{section*.32}{\376\377\000M\000a\000i\000n\000\040\000S\000e\000c\000t\000i\000o\000n\000\040\0002}{chapter.28}% 23
\BOOKMARK [0][-]{chapter.33}{\376\377\000D\000i\000s\000c\000u\000s\000s\000i\000o\000n\000\040\000a\000n\000d\000\040\000C\000o\000n\000c\000l\000u\000s\000i\000o\000n}{}% 24
\BOOKMARK [1][-]{section*.34}{\376\377\000M\000a\000i\000n\000\040\000S\000e\000c\000t\000i\000o\000n\000\040\0001}{chapter.33}% 25
\BOOKMARK [2][-]{section*.35}{\376\377\000S\000u\000b\000s\000e\000c\000t\000i\000o\000n\000\040\0001}{section*.34}% 26
\BOOKMARK [2][-]{section*.36}{\376\377\000S\000u\000b\000s\000e\000c\000t\000i\000o\000n\000\040\0002}{section*.34}% 27
\BOOKMARK [1][-]{section*.37}{\376\377\000M\000a\000i\000n\000\040\000S\000e\000c\000t\000i\000o\000n\000\040\0002}{chapter.33}% 28
\BOOKMARK [0][-]{chapter*.38}{\376\377\000B\000i\000b\000l\000i\000o\000g\000r\000a\000p\000h\000y}{}% 29
\BOOKMARK [0][-]{appendix.39}{\376\377\000R\000\040\000c\000o\000d\000e\000\040\000f\000o\000r\000\040\000i\000m\000p\000o\000r\000t\000i\000n\000g\000\040\000a\000n\000d\000\040\000m\000a\000n\000i\000p\000u\000l\000a\000t\000i\000n\000g\000\040\000t\000h\000e\000\040\000d\000a\000t\000a}{}% 30
\BOOKMARK [0][-]{appendix.40}{\376\377\000S\000A\000S\000\040\000c\000o\000d\000e\000\040\000f\000o\000r\000\040\000m\000i\000x\000e\000d\000\040\000e\000f\000f\000e\000c\000t\000\040\000L\000C\000A\000\040\000a\000n\000a\000l\000y\000s\000i\000s}{}% 31
\BOOKMARK [0][-]{appendix.41}{\376\377\000E\000x\000a\000m\000p\000l\000e\000\040\000o\000f\000\040\000a\000\040\000f\000o\000o\000d\000\040\000d\000i\000a\000r\000y\000\040\000f\000o\000r\000\040\000o\000n\000e\000\040\000d\000a\000y}{}% 32
