mktextfm pplr8t
mktextfm pplr7t
mktextfm pplr7t
mktextfm pplr7t
mktextfm pplrc8t
mktextfm pplrc8t
mktextfm pplbc8t
mktextfm nullfont
mktextfm pplrc8t
mktextfm pplr8t
mktextfm pplb8t
mktextfm nullfont
mktextfm pplr8t
mktextfm pplri8t
mktextfm pplrc8t
mktextfm pplr8t
mktextfm pplb8t
mktextfm nullfont
mktextfm pplb8t
mktextfm nullfont
mktextfm pplro8t
mktextfm pplri8t
mktextfm pplbi8t
mktextfm nullfont
mktextfm pplri8t
mktextfm pplr8t
mktextfm pplb8t
mktextfm nullfont
mktextfm pplr8t
mktextfm pplr7t
mktextfm pplr8t
mktextfm pplr8r
mktextfm pplri8r
mktextfm pplr8r
mktextfm pplr8r
mktextfm pplr8r
mktextfm pplro8t
mktextfm pplr8t
mktextfm pplb8t
mktextfm nullfont
mktextfm pplr7t
mktextfm pplr7t
mktextfm pplb8t
mktextfm nullfont
mktextfm pplb8t
mktextfm nullfont
mktextfm pplr7t
mktextfm pplr7t
mktextfm pplr7t
mktextfm pplb8t
mktextfm nullfont
mktextfm pplr8t
mktextfm pplr8t
mktextfm pplr8t
mktextfm pplrc8t
mktextfm pplr8t
mktextfm pplr7t
mktextfm pplr7t
mktextfm pplr7t
mktextfm pplrc8t
mktextfm pplrc8t
mktextfm pplbc8t
mktextfm nullfont
mktextfm pplrc8t
mktextfm pplr8t
mktextfm pplb8t
mktextfm nullfont
mktextfm pplr8t
mktextfm pplri8t
mktextfm pplrc8t
mktextfm pplr8t
mktextfm pplb8t
mktextfm nullfont
mktextfm pplb8t
mktextfm nullfont
mktextfm pplro8t
mktextfm pplri8t
mktextfm pplbi8t
mktextfm nullfont
mktextfm pplri8t
mktextfm pplr8t
mktextfm pplb8t
mktextfm nullfont
mktextfm pplr8t
mktextfm pplr7t
mktextfm pplr8t
mktextfm pplr8r
mktextfm pplri8r
mktextfm pplr8r
mktextfm pplr8r
mktextfm pplr8r
mktextfm pplro8t
mktextfm pplr8t
mktextfm pplb8t
mktextfm nullfont
mktextfm pplr7t
mktextfm pplr7t
mktextfm pplb8t
mktextfm nullfont
mktextfm pplb8t
mktextfm nullfont
mktextfm pplr7t
mktextfm pplr7t
mktextfm pplr7t
mktextfm pplb8t
mktextfm nullfont
mktextfm pplr8t
mktextfm pplr8t
mktextfm pplr8t
mktextfm pplrc8t
mktextfm phvr8t
mktextfm phvrc8t
mktextfm phvrc8t
mktextfm phvbc8t
mktextfm nullfont
mktextfm phvrc8t
mktextfm phvr8t
mktextfm phvb8t
mktextfm nullfont
mktextfm phvr8t
mktextfm phvro8t
mktextfm nullfont
mktextfm phvrc8t
mktextfm phvr8t
mktextfm phvb8t
mktextfm nullfont
mktextfm phvb8t
mktextfm nullfont
mktextfm phvro8t
mktextfm phvro8t
mktextfm nullfont
mktextfm phvbo8t
mktextfm nullfont
mktextfm nullfont
mktextfm phvro8t
mktextfm nullfont
mktextfm phvr8t
mktextfm phvb8t
mktextfm nullfont
mktextfm phvr8t
mktextfm phvr8t
mktextfm phvro8t
mktextfm phvr8t
mktextfm phvb8t
mktextfm nullfont
mktextfm phvb8t
mktextfm nullfont
mktextfm phvb8t
mktextfm nullfont
mktextfm phvb8t
mktextfm nullfont
mktextfm phvr8t
mktextfm phvr8t
mktextfm phvr8t
mktextfm phvrc8t
mktextfm phvr8t
mktextfm phvrc8t
mktextfm phvrc8t
mktextfm phvbc8t
mktextfm nullfont
mktextfm phvrc8t
mktextfm phvr8t
mktextfm phvb8t
mktextfm nullfont
mktextfm phvr8t
mktextfm phvro8t
mktextfm nullfont
mktextfm phvrc8t
mktextfm phvr8t
mktextfm phvb8t
mktextfm nullfont
mktextfm phvb8t
mktextfm nullfont
mktextfm phvro8t
mktextfm phvro8t
mktextfm nullfont
mktextfm phvbo8t
mktextfm nullfont
mktextfm nullfont
mktextfm phvro8t
mktextfm nullfont
mktextfm phvr8t
mktextfm phvb8t
mktextfm nullfont
mktextfm phvr8t
mktextfm phvr8t
mktextfm phvro8t
mktextfm phvr8t
mktextfm phvb8t
mktextfm nullfont
mktextfm phvb8t
mktextfm nullfont
mktextfm phvb8t
mktextfm nullfont
mktextfm phvb8t
mktextfm nullfont
mktextfm phvr8t
mktextfm phvr8t
mktextfm phvr8t
mktextfm phvrc8t
mktextfm phvr8t
mktextfm phvrc8t
mktextfm phvrc8t
mktextfm phvbc8t
mktextfm nullfont
mktextfm phvrc8t
mktextfm phvr8t
mktextfm phvb8t
mktextfm nullfont
mktextfm phvr8t
mktextfm phvro8t
mktextfm nullfont
mktextfm phvrc8t
mktextfm phvr8t
mktextfm phvb8t
mktextfm nullfont
mktextfm phvb8t
mktextfm nullfont
mktextfm phvro8t
mktextfm phvro8t
mktextfm nullfont
mktextfm phvbo8t
mktextfm nullfont
mktextfm nullfont
mktextfm phvro8t
mktextfm nullfont
mktextfm phvr8t
mktextfm phvb8t
mktextfm nullfont
mktextfm phvr8t
mktextfm phvr8t
mktextfm phvro8t
mktextfm phvr8t
mktextfm phvb8t
mktextfm nullfont
mktextfm phvb8t
mktextfm nullfont
mktextfm phvb8t
mktextfm nullfont
mktextfm phvb8t
mktextfm nullfont
mktextfm phvr8t
mktextfm phvr8t
mktextfm phvr8t
mktextfm phvrc8t
mktextfm phvr8t
mktextfm phvrc8t
mktextfm phvrc8t
mktextfm phvbc8t
mktextfm nullfont
mktextfm phvrc8t
mktextfm phvr8t
mktextfm phvb8t
mktextfm nullfont
mktextfm phvr8t
mktextfm phvro8t
mktextfm nullfont
mktextfm phvrc8t
mktextfm phvr8t
mktextfm phvb8t
mktextfm nullfont
mktextfm phvb8t
mktextfm nullfont
mktextfm phvro8t
mktextfm phvro8t
mktextfm nullfont
mktextfm phvbo8t
mktextfm nullfont
mktextfm nullfont
mktextfm phvro8t
mktextfm nullfont
mktextfm phvr8t
mktextfm phvb8t
mktextfm nullfont
mktextfm phvr8t
mktextfm phvr8t
mktextfm phvro8t
mktextfm phvr8t
mktextfm phvb8t
mktextfm nullfont
mktextfm phvb8t
mktextfm nullfont
mktextfm phvb8t
mktextfm nullfont
mktextfm phvb8t
mktextfm nullfont
mktextfm phvr8t
mktextfm phvr8t
mktextfm phvr8t
mktextfm phvrc8t
mktextfm phvr8t
mktextfm phvrc8t
mktextfm phvrc8t
mktextfm phvbc8t
mktextfm nullfont
mktextfm phvrc8t
mktextfm phvr8t
mktextfm phvb8t
mktextfm nullfont
mktextfm phvr8t
mktextfm phvro8t
mktextfm nullfont
mktextfm phvrc8t
mktextfm phvr8t
mktextfm phvb8t
mktextfm nullfont
mktextfm phvb8t
mktextfm nullfont
mktextfm phvro8t
mktextfm phvro8t
mktextfm nullfont
mktextfm phvbo8t
mktextfm nullfont
mktextfm nullfont
mktextfm phvro8t
mktextfm nullfont
mktextfm phvr8t
mktextfm phvb8t
mktextfm nullfont
mktextfm phvr8t
mktextfm phvr8t
mktextfm phvro8t
mktextfm phvr8t
mktextfm phvb8t
mktextfm nullfont
mktextfm phvb8t
mktextfm nullfont
mktextfm phvb8t
mktextfm nullfont
mktextfm phvb8t
mktextfm nullfont
mktextfm phvr8t
mktextfm phvr8t
mktextfm phvr8t
mktextfm phvrc8t
mktextfm phvr8t
mktextfm phvrc8t
mktextfm phvrc8t
mktextfm phvbc8t
mktextfm nullfont
mktextfm phvrc8t
mktextfm phvr8t
mktextfm phvb8t
mktextfm nullfont
mktextfm phvr8t
mktextfm phvro8t
mktextfm nullfont
mktextfm phvrc8t
mktextfm phvr8t
mktextfm phvb8t
mktextfm nullfont
mktextfm phvb8t
mktextfm nullfont
mktextfm phvro8t
mktextfm phvro8t
mktextfm nullfont
mktextfm phvbo8t
mktextfm nullfont
mktextfm nullfont
mktextfm phvro8t
mktextfm nullfont
mktextfm phvr8t
mktextfm phvb8t
mktextfm nullfont
mktextfm phvr8t
mktextfm phvr8t
mktextfm phvro8t
mktextfm phvr8t
mktextfm phvb8t
mktextfm nullfont
mktextfm phvb8t
mktextfm nullfont
mktextfm phvb8t
mktextfm nullfont
mktextfm phvb8t
mktextfm nullfont
mktextfm phvr8t
mktextfm phvr8t
mktextfm phvr8t
mktextfm phvrc8t
mktextfm phvr8t
mktextfm phvrc8t
mktextfm phvrc8t
mktextfm phvbc8t
mktextfm nullfont
mktextfm phvrc8t
mktextfm phvr8t
mktextfm phvb8t
mktextfm nullfont
mktextfm phvr8t
mktextfm phvro8t
mktextfm nullfont
mktextfm phvrc8t
mktextfm phvr8t
mktextfm phvb8t
mktextfm nullfont
mktextfm phvb8t
mktextfm nullfont
mktextfm phvro8t
mktextfm phvro8t
mktextfm nullfont
mktextfm phvbo8t
mktextfm nullfont
mktextfm nullfont
mktextfm phvro8t
mktextfm nullfont
mktextfm phvr8t
mktextfm phvb8t
mktextfm nullfont
mktextfm phvr8t
mktextfm phvr8t
mktextfm phvro8t
mktextfm phvr8t
mktextfm phvb8t
mktextfm nullfont
mktextfm phvb8t
mktextfm nullfont
mktextfm phvb8t
mktextfm nullfont
mktextfm phvb8t
mktextfm nullfont
mktextfm phvr8t
mktextfm phvr8t
mktextfm phvr8t
mktextfm phvrc8t
mktextfm phvr8t
mktextfm phvrc8t
mktextfm phvrc8t
mktextfm phvbc8t
mktextfm nullfont
mktextfm phvrc8t
mktextfm phvr8t
mktextfm phvb8t
mktextfm nullfont
mktextfm phvr8t
mktextfm phvro8t
mktextfm nullfont
mktextfm phvrc8t
mktextfm phvr8t
mktextfm phvb8t
mktextfm nullfont
mktextfm phvb8t
mktextfm nullfont
mktextfm phvro8t
mktextfm phvro8t
mktextfm nullfont
mktextfm phvbo8t
mktextfm nullfont
mktextfm nullfont
mktextfm phvro8t
mktextfm nullfont
mktextfm phvr8t
mktextfm phvb8t
mktextfm nullfont
mktextfm phvr8t
mktextfm phvr8t
mktextfm phvro8t
mktextfm phvr8t
mktextfm phvb8t
mktextfm nullfont
mktextfm phvb8t
mktextfm nullfont
mktextfm phvb8t
mktextfm nullfont
mktextfm phvb8t
mktextfm nullfont
mktextfm phvr8t
mktextfm phvr8t
mktextfm phvr8t
mktextfm phvrc8t
mktextfm phvr8t
mktextfm phvrc8t
mktextfm phvrc8t
mktextfm phvbc8t
mktextfm nullfont
mktextfm phvrc8t
mktextfm phvr8t
mktextfm phvb8t
mktextfm nullfont
mktextfm phvro8t
mktextfm nullfont
mktextfm phvr8t
mktextfm phvro8t
mktextfm nullfont
mktextfm phvr8t
mktextfm phvb8t
mktextfm nullfont
mktextfm phvro8t
mktextfm nullfont
mktextfm phvbo8t
mktextfm nullfont
mktextfm nullfont
mktextfm phvr8t
mktextfm phvb8t
mktextfm nullfont
mktextfm phvr8t
mktextfm phvr8t
mktextfm phvro8t
mktextfm nullfont
mktextfm phvr8t
mktextfm phvb8t
mktextfm nullfont
mktextfm phvro8t
mktextfm nullfont
mktextfm phvb8t
mktextfm nullfont
mktextfm phvb8t
mktextfm nullfont
mktextfm phvb8t
mktextfm nullfont
mktextfm phvb8t
mktextfm nullfont
mktextfm phvr8t
mktextfm phvr8t
mktextfm phvro8t
mktextfm nullfont
mktextfm phvr8t
mktextfm phvrc8t
mktextfm phvr8t
mktextfm phvrc8t
mktextfm phvrc8t
mktextfm phvbc8t
mktextfm nullfont
mktextfm phvrc8t
mktextfm phvr8t
mktextfm phvb8t
mktextfm nullfont
mktextfm phvro8t
mktextfm nullfont
mktextfm phvr8t
mktextfm phvro8t
mktextfm nullfont
mktextfm phvr8t
mktextfm phvb8t
mktextfm nullfont
mktextfm phvro8t
mktextfm nullfont
mktextfm phvbo8t
mktextfm nullfont
mktextfm nullfont
mktextfm phvr8t
mktextfm phvb8t
mktextfm nullfont
mktextfm phvro8t
mktextfm nullfont
mktextfm phvr8t
mktextfm phvr8t
mktextfm phvro8t
mktextfm nullfont
mktextfm phvr8t
mktextfm phvb8t
mktextfm nullfont
mktextfm phvb8t
mktextfm nullfont
mktextfm phvb8t
mktextfm nullfont
mktextfm phvb8t
mktextfm nullfont
mktextfm phvr8t
mktextfm phvr8t
mktextfm phvb8t
mktextfm nullfont
mktextfm phvro8t
mktextfm nullfont
mktextfm phvr8t
mktextfm phvrc8t
mktextfm phvr8t
mktextfm phvrc8t
mktextfm phvrc8t
mktextfm phvbc8t
mktextfm nullfont
mktextfm phvrc8t
mktextfm phvr8t
mktextfm phvb8t
mktextfm nullfont
mktextfm phvro8t
mktextfm nullfont
mktextfm phvr8t
mktextfm phvro8t
mktextfm nullfont
mktextfm phvr8t
mktextfm phvb8t
mktextfm nullfont
mktextfm phvro8t
mktextfm nullfont
mktextfm phvbo8t
mktextfm nullfont
mktextfm nullfont
mktextfm phvr8t
mktextfm phvb8t
mktextfm nullfont
mktextfm phvr8t
mktextfm phvr8t
mktextfm phvro8t
mktextfm nullfont
mktextfm phvr8t
mktextfm phvb8t
mktextfm nullfont
mktextfm phvro8t
mktextfm nullfont
mktextfm phvb8t
mktextfm nullfont
mktextfm phvb8t
mktextfm nullfont
mktextfm phvb8t
mktextfm nullfont
mktextfm phvb8t
mktextfm nullfont
mktextfm phvr8t
mktextfm phvr8t
mktextfm phvro8t
mktextfm nullfont
mktextfm phvr8t
mktextfm phvrc8t
mktextfm phvr8t
mktextfm phvrc8t
mktextfm phvrc8t
mktextfm phvbc8t
mktextfm nullfont
mktextfm phvrc8t
mktextfm phvr8t
mktextfm phvb8t
mktextfm nullfont
mktextfm phvro8t
mktextfm nullfont
mktextfm phvr8t
mktextfm phvro8t
mktextfm nullfont
mktextfm phvr8t
mktextfm phvb8t
mktextfm nullfont
mktextfm phvro8t
mktextfm nullfont
mktextfm phvbo8t
mktextfm nullfont
mktextfm nullfont
mktextfm phvr8t
mktextfm phvb8t
mktextfm nullfont
mktextfm phvro8t
mktextfm nullfont
mktextfm phvr8t
mktextfm phvr8t
mktextfm phvro8t
mktextfm nullfont
mktextfm phvr8t
mktextfm phvb8t
mktextfm nullfont
mktextfm phvb8t
mktextfm nullfont
mktextfm phvb8t
mktextfm nullfont
mktextfm phvb8t
mktextfm nullfont
mktextfm phvr8t
mktextfm phvr8t
mktextfm phvb8t
mktextfm nullfont
mktextfm phvro8t
mktextfm nullfont
mktextfm phvr8t
mktextfm phvrc8t
mktextfm phvr8t
mktextfm phvrc8t
mktextfm phvrc8t
mktextfm phvbc8t
mktextfm nullfont
mktextfm phvrc8t
mktextfm phvr8t
mktextfm phvb8t
mktextfm nullfont
mktextfm phvro8t
mktextfm nullfont
mktextfm phvr8t
mktextfm phvro8t
mktextfm nullfont
mktextfm phvr8t
mktextfm phvb8t
mktextfm nullfont
mktextfm phvro8t
mktextfm nullfont
mktextfm phvbo8t
mktextfm nullfont
mktextfm nullfont
mktextfm phvr8t
mktextfm phvb8t
mktextfm nullfont
mktextfm phvr8t
mktextfm phvr8t
mktextfm phvro8t
mktextfm nullfont
mktextfm phvr8t
mktextfm phvb8t
mktextfm nullfont
mktextfm phvro8t
mktextfm nullfont
mktextfm phvb8t
mktextfm nullfont
mktextfm phvb8t
mktextfm nullfont
mktextfm phvb8t
mktextfm nullfont
mktextfm phvb8t
mktextfm nullfont
mktextfm phvr8t
mktextfm phvr8t
mktextfm phvro8t
mktextfm nullfont
mktextfm phvr8t
mktextfm phvrc8t
mktextfm phvr8t
mktextfm phvrc8t
mktextfm phvrc8t
mktextfm phvbc8t
mktextfm nullfont
mktextfm phvrc8t
mktextfm phvr8t
mktextfm phvb8t
mktextfm nullfont
mktextfm phvro8t
mktextfm nullfont
mktextfm phvr8t
mktextfm phvro8t
mktextfm nullfont
mktextfm phvr8t
mktextfm phvb8t
mktextfm nullfont
mktextfm phvro8t
mktextfm nullfont
mktextfm phvbo8t
mktextfm nullfont
mktextfm nullfont
mktextfm phvr8t
mktextfm phvb8t
mktextfm nullfont
mktextfm phvro8t
mktextfm nullfont
mktextfm phvr8t
mktextfm phvr8t
mktextfm phvro8t
mktextfm nullfont
mktextfm phvr8t
mktextfm phvb8t
mktextfm nullfont
mktextfm phvb8t
mktextfm nullfont
mktextfm phvb8t
mktextfm nullfont
mktextfm phvb8t
mktextfm nullfont
mktextfm phvr8t
mktextfm phvr8t
mktextfm phvb8t
mktextfm nullfont
mktextfm phvro8t
mktextfm nullfont
mktextfm phvr8t
mktextfm phvrc8t
mktextfm phvr8t
mktextfm phvrc8t
mktextfm phvrc8t
mktextfm phvbc8t
mktextfm nullfont
mktextfm phvrc8t
mktextfm phvr8t
mktextfm phvb8t
mktextfm nullfont
mktextfm phvro8t
mktextfm nullfont
mktextfm phvr8t
mktextfm phvro8t
mktextfm nullfont
mktextfm phvr8t
mktextfm phvb8t
mktextfm nullfont
mktextfm phvro8t
mktextfm nullfont
mktextfm phvbo8t
mktextfm nullfont
mktextfm nullfont
mktextfm phvr8t
mktextfm phvb8t
mktextfm nullfont
mktextfm phvr8t
mktextfm phvr8t
mktextfm phvro8t
mktextfm nullfont
mktextfm phvr8t
mktextfm phvb8t
mktextfm nullfont
mktextfm phvro8t
mktextfm nullfont
mktextfm phvb8t
mktextfm nullfont
mktextfm phvb8t
mktextfm nullfont
mktextfm phvb8t
mktextfm nullfont
mktextfm phvb8t
mktextfm nullfont
mktextfm phvr8t
mktextfm phvr8t
mktextfm phvro8t
mktextfm nullfont
mktextfm phvr8t
mktextfm phvrc8t
mktextfm phvr8t
mktextfm phvrc8t
mktextfm phvrc8t
mktextfm phvbc8t
mktextfm nullfont
mktextfm phvrc8t
mktextfm phvr8t
mktextfm phvb8t
mktextfm nullfont
mktextfm phvro8t
mktextfm nullfont
mktextfm phvr8t
mktextfm phvro8t
mktextfm nullfont
mktextfm phvr8t
mktextfm phvb8t
mktextfm nullfont
mktextfm phvro8t
mktextfm nullfont
mktextfm phvbo8t
mktextfm nullfont
mktextfm nullfont
mktextfm phvr8t
mktextfm phvb8t
mktextfm nullfont
mktextfm phvro8t
mktextfm nullfont
mktextfm phvr8t
mktextfm phvr8t
mktextfm phvro8t
mktextfm nullfont
mktextfm phvr8t
mktextfm phvb8t
mktextfm nullfont
mktextfm phvb8t
mktextfm nullfont
mktextfm phvb8t
mktextfm nullfont
mktextfm phvb8t
mktextfm nullfont
mktextfm phvr8t
mktextfm phvr8t
mktextfm phvb8t
mktextfm nullfont
mktextfm phvro8t
mktextfm nullfont
mktextfm phvr8t
mktextfm phvrc8t
